Log file open, 10/21/16 17:27:48
LogInit:Display: Running engine for game: MidtermStarter
LogPlatformFile: Not using cached read wrapper
LogInit:Display: RandInit(-1084642736) SRandInit(-1084642736).
LogTaskGraph: Started task graph with 5 named threads and 8 total threads with 1 sets of task threads.
LogStats: Stats thread started at 0.165235
LogPluginManager: Loaded Plugin Paper2D, From C:/Program Files/Epic Games/4.13/Engine/Plugins/2D/Paper2D/Paper2D.uplugin
LogPluginManager: Loaded Plugin LightPropagationVolume, From C:/Program Files/Epic Games/4.13/Engine/Plugins/Blendables/LightPropagationVolume/LightPropagationVolume.uplugin
LogPluginManager: Loaded Plugin BlankPlugin, From C:/Program Files/Epic Games/4.13/Engine/Plugins/Developer/BlankPlugin/BlankPlugin.uplugin
LogPluginManager: Loaded Plugin CodeLiteSourceCodeAccess, From C:/Program Files/Epic Games/4.13/Engine/Plugins/Developer/CodeLiteSourceCodeAccess/CodeLiteSourceCodeAccess.uplugin
LogPluginManager: Loaded Plugin GitSourceControl, From C:/Program Files/Epic Games/4.13/Engine/Plugins/Developer/GitSourceControl/GitSourceControl.uplugin
LogPluginManager: Loaded Plugin KDevelopSourceCodeAccess, From C:/Program Files/Epic Games/4.13/Engine/Plugins/Developer/KDevelopSourceCodeAccess/KDevelopSourceCodeAccess.uplugin
LogPluginManager: Loaded Plugin NullSourceCodeAccess, From C:/Program Files/Epic Games/4.13/Engine/Plugins/Developer/NullSourceCodeAccess/NullSourceCodeAccess.uplugin
LogPluginManager: Loaded Plugin OneSkyLocalizationService, From C:/Program Files/Epic Games/4.13/Engine/Plugins/Developer/OneSkyLocalizationService/OneSkyLocalizationService.uplugin
LogPluginManager: Loaded Plugin PerforceSourceControl, From C:/Program Files/Epic Games/4.13/Engine/Plugins/Developer/PerforceSourceControl/PerforceSourceControl.uplugin
LogPluginManager: Loaded Plugin SubversionSourceControl, From C:/Program Files/Epic Games/4.13/Engine/Plugins/Developer/SubversionSourceControl/SubversionSourceControl.uplugin
LogPluginManager: Loaded Plugin UObjectPlugin, From C:/Program Files/Epic Games/4.13/Engine/Plugins/Developer/UObjectPlugin/UObjectPlugin.uplugin
LogPluginManager: Loaded Plugin VisualStudioSourceCodeAccess, From C:/Program Files/Epic Games/4.13/Engine/Plugins/Developer/VisualStudioSourceCodeAccess/VisualStudioSourceCodeAccess.uplugin
LogPluginManager: Loaded Plugin XCodeSourceCodeAccess, From C:/Program Files/Epic Games/4.13/Engine/Plugins/Developer/XCodeSourceCodeAccess/XCodeSourceCodeAccess.uplugin
LogPluginManager: Loaded Plugin EpicSurvey, From C:/Program Files/Epic Games/4.13/Engine/Plugins/Editor/EpicSurvey/EpicSurvey.uplugin
LogPluginManager: Loaded Plugin MacGraphicsSwitching, From C:/Program Files/Epic Games/4.13/Engine/Plugins/Editor/MacGraphicsSwitching/MacGraphicsSwitching.uplugin
LogPluginManager: Loaded Plugin MobileLauncherProfileWizard, From C:/Program Files/Epic Games/4.13/Engine/Plugins/Editor/MobileLauncherProfileWizard/MobileLauncherProfileWizard.uplugin
LogPluginManager: Loaded Plugin PluginBrowser, From C:/Program Files/Epic Games/4.13/Engine/Plugins/Editor/PluginBrowser/PluginBrowser.uplugin
LogPluginManager: Loaded Plugin SpeedTreeImporter, From C:/Program Files/Epic Games/4.13/Engine/Plugins/Editor/SpeedTreeImporter/SpeedTreeImporter.uplugin
LogPluginManager: Loaded Plugin SuperSearchEditor, From C:/Program Files/Epic Games/4.13/Engine/Plugins/Editor/SuperSearchEditor/SuperSearchEditor.uplugin
LogPluginManager: Loaded Plugin AlembicImporter, From C:/Program Files/Epic Games/4.13/Engine/Plugins/Experimental/AlembicImporter/AlembicImporter.uplugin
LogPluginManager: Loaded Plugin BlueprintStats, From C:/Program Files/Epic Games/4.13/Engine/Plugins/Experimental/BlueprintStats/BlueprintStats.uplugin
LogPluginManager: Loaded Plugin CharacterAI, From C:/Program Files/Epic Games/4.13/Engine/Plugins/Experimental/CharacterAI/CharacterAI.uplugin
LogPluginManager: Loaded Plugin CodeEditor, From C:/Program Files/Epic Games/4.13/Engine/Plugins/Experimental/CodeEditor/CodeEditor.uplugin
LogPluginManager: Loaded Plugin CodeView, From C:/Program Files/Epic Games/4.13/Engine/Plugins/Experimental/CodeView/CodeView.uplugin
LogPluginManager: Loaded Plugin HTML5Networking, From C:/Program Files/Epic Games/4.13/Engine/Plugins/Experimental/HTML5Networking/HTML5Networking.uplugin
LogPluginManager: Loaded Plugin LiveEditor, From C:/Program Files/Epic Games/4.13/Engine/Plugins/Experimental/LiveEditor/LiveEditor.uplugin
LogPluginManager: Loaded Plugin OSVR, From C:/Program Files/Epic Games/4.13/Engine/Plugins/Experimental/OSVR/OSVR.uplugin
LogPluginManager: Loaded Plugin Phya, From C:/Program Files/Epic Games/4.13/Engine/Plugins/Experimental/Phya/Phya.uplugin
LogPluginManager: Loaded Plugin SignificanceManager, From C:/Program Files/Epic Games/4.13/Engine/Plugins/Experimental/SignificanceManager/SignificanceManager.uplugin
LogPluginManager: Loaded Plugin SimpleHMD, From C:/Program Files/Epic Games/4.13/Engine/Plugins/Experimental/SimpleHMD/SimpleHMD.uplugin
LogPluginManager: Loaded Plugin StereoPanorama, From C:/Program Files/Epic Games/4.13/Engine/Plugins/Experimental/StereoPanorama/StereoPanorama.uplugin
LogPluginManager: Loaded Plugin StructBox, From C:/Program Files/Epic Games/4.13/Engine/Plugins/Experimental/StructBox/StructBox.uplugin
LogPluginManager: Loaded Plugin Substance, From C:/Program Files/Epic Games/4.13/Engine/Plugins/Marketplace/Substance/Substance.uplugin
LogPluginManager: Loaded Plugin AndroidMedia, From C:/Program Files/Epic Games/4.13/Engine/Plugins/Media/AndroidMedia/AndroidMedia.uplugin
LogPluginManager: Loaded Plugin AvfMedia, From C:/Program Files/Epic Games/4.13/Engine/Plugins/Media/AvfMedia/AvfMedia.uplugin
LogPluginManager: Loaded Plugin MediaPlayerEditor, From C:/Program Files/Epic Games/4.13/Engine/Plugins/Media/MediaPlayerEditor/MediaPlayerEditor.uplugin
LogPluginManager: Loaded Plugin WmfMedia, From C:/Program Files/Epic Games/4.13/Engine/Plugins/Media/WmfMedia/WmfMedia.uplugin
LogPluginManager: Loaded Plugin MessagingDebugger, From C:/Program Files/Epic Games/4.13/Engine/Plugins/Messaging/MessagingDebugger/MessagingDebugger.uplugin
LogPluginManager: Loaded Plugin TcpMessaging, From C:/Program Files/Epic Games/4.13/Engine/Plugins/Messaging/TcpMessaging/TcpMessaging.uplugin
LogPluginManager: Loaded Plugin UdpMessaging, From C:/Program Files/Epic Games/4.13/Engine/Plugins/Messaging/UdpMessaging/UdpMessaging.uplugin
LogPluginManager: Loaded Plugin LevelSequenceEditor, From C:/Program Files/Epic Games/4.13/Engine/Plugins/MovieScene/LevelSequenceEditor/LevelSequenceEditor.uplugin
LogPluginManager: Loaded Plugin MatineeToLevelSequence, From C:/Program Files/Epic Games/4.13/Engine/Plugins/MovieScene/MatineeToLevelSequence/MatineeToLevelSequence.uplugin
LogPluginManager: Loaded Plugin NetcodeUnitTest, From C:/Program Files/Epic Games/4.13/Engine/Plugins/NetcodeUnitTest/NetcodeUnitTest/NetcodeUnitTest.uplugin
LogPluginManager: Loaded Plugin NUTUnrealEngine4, From C:/Program Files/Epic Games/4.13/Engine/Plugins/NetcodeUnitTest/NUTUnrealEngine4/NUTUnrealEngine4.uplugin
LogPluginManager: Loaded Plugin OnlineSubsystemGooglePlay, From C:/Program Files/Epic Games/4.13/Engine/Plugins/Online/Android/OnlineSubsystemGooglePlay/OnlineSubsystemGooglePlay.uplugin
LogPluginManager: Loaded Plugin OnlineSubsystemIOS, From C:/Program Files/Epic Games/4.13/Engine/Plugins/Online/IOS/OnlineSubsystemIOS/OnlineSubsystemIOS.uplugin
LogPluginManager: Loaded Plugin OnlineFramework, From C:/Program Files/Epic Games/4.13/Engine/Plugins/Online/OnlineFramework/OnlineFramework.uplugin
LogPluginManager: Loaded Plugin OnlineSubsystem, From C:/Program Files/Epic Games/4.13/Engine/Plugins/Online/OnlineSubsystem/OnlineSubsystem.uplugin
LogPluginManager: Loaded Plugin OnlineSubsystemAmazon, From C:/Program Files/Epic Games/4.13/Engine/Plugins/Online/OnlineSubsystemAmazon/OnlineSubsystemAmazon.uplugin
LogPluginManager: Loaded Plugin OnlineSubsystemFacebook, From C:/Program Files/Epic Games/4.13/Engine/Plugins/Online/OnlineSubsystemFacebook/OnlineSubsystemFacebook.uplugin
LogPluginManager: Loaded Plugin OnlineSubsystemNull, From C:/Program Files/Epic Games/4.13/Engine/Plugins/Online/OnlineSubsystemNull/OnlineSubsystemNull.uplugin
LogPluginManager: Loaded Plugin OnlineSubsystemOculus, From C:/Program Files/Epic Games/4.13/Engine/Plugins/Online/OnlineSubsystemOculus/OnlineSubsystemOculus.uplugin
LogPluginManager: Loaded Plugin OnlineSubsystemSteam, From C:/Program Files/Epic Games/4.13/Engine/Plugins/Online/OnlineSubsystemSteam/OnlineSubsystemSteam.uplugin
LogPluginManager: Loaded Plugin OnlineSubsystemUtils, From C:/Program Files/Epic Games/4.13/Engine/Plugins/Online/OnlineSubsystemUtils/OnlineSubsystemUtils.uplugin
LogPluginManager: Loaded Plugin IOSTapJoy, From C:/Program Files/Epic Games/4.13/Engine/Plugins/Runtime/Advertising/IOSTapJoy/IOSTapJoy.uplugin
LogPluginManager: Loaded Plugin AnalyticsBlueprintLibrary, From C:/Program Files/Epic Games/4.13/Engine/Plugins/Runtime/Analytics/AnalyticsBlueprintLibrary/AnalyticsBlueprintLibrary.uplugin
LogPluginManager: Loaded Plugin AnalyticsMulticast, From C:/Program Files/Epic Games/4.13/Engine/Plugins/Runtime/Analytics/AnalyticsMulticast/AnalyticsMulticast.uplugin
LogPluginManager: Loaded Plugin Apsalar, From C:/Program Files/Epic Games/4.13/Engine/Plugins/Runtime/Analytics/Apsalar/Apsalar.uplugin
LogPluginManager: Loaded Plugin FileLogging, From C:/Program Files/Epic Games/4.13/Engine/Plugins/Runtime/Analytics/FileLogging/FileLogging.uplugin
LogPluginManager: Loaded Plugin Flurry, From C:/Program Files/Epic Games/4.13/Engine/Plugins/Runtime/Analytics/Flurry/Flurry.uplugin
LogPluginManager: Loaded Plugin AndroidDeviceProfileSelector, From C:/Program Files/Epic Games/4.13/Engine/Plugins/Runtime/AndroidDeviceProfileSelector/AndroidDeviceProfileSelector.uplugin
LogPluginManager: Loaded Plugin AndroidMoviePlayer, From C:/Program Files/Epic Games/4.13/Engine/Plugins/Runtime/AndroidMoviePlayer/AndroidMoviePlayer.uplugin
LogPluginManager: Loaded Plugin AppleMoviePlayer, From C:/Program Files/Epic Games/4.13/Engine/Plugins/Runtime/AppleMoviePlayer/AppleMoviePlayer.uplugin
LogPluginManager: Loaded Plugin ArchVisCharacter, From C:/Program Files/Epic Games/4.13/Engine/Plugins/Runtime/ArchVisCharacter/ArchVisCharacter.uplugin
LogPluginManager: Loaded Plugin CableComponent, From C:/Program Files/Epic Games/4.13/Engine/Plugins/Runtime/CableComponent/CableComponent.uplugin
LogPluginManager: Loaded Plugin CustomMeshComponent, From C:/Program Files/Epic Games/4.13/Engine/Plugins/Runtime/CustomMeshComponent/CustomMeshComponent.uplugin
LogPluginManager: Loaded Plugin ExampleDeviceProfileSelector, From C:/Program Files/Epic Games/4.13/Engine/Plugins/Runtime/ExampleDeviceProfileSelector/ExampleDeviceProfileSelector.uplugin
LogPluginManager: Loaded Plugin GearVR, From C:/Program Files/Epic Games/4.13/Engine/Plugins/Runtime/GearVR/GearVR.uplugin
LogPluginManager: Loaded Plugin GoogleVRController, From C:/Program Files/Epic Games/4.13/Engine/Plugins/Runtime/GoogleVR/GoogleVRController/GoogleVRController.uplugin
LogPluginManager: Loaded Plugin GoogleVRHMD, From C:/Program Files/Epic Games/4.13/Engine/Plugins/Runtime/GoogleVR/GoogleVRHMD/GoogleVRHMD.uplugin
LogPluginManager: Loaded Plugin IOSDeviceProfileSelector, From C:/Program Files/Epic Games/4.13/Engine/Plugins/Runtime/IOSDeviceProfileSelector/IOSDeviceProfileSelector.uplugin
LogPluginManager: Loaded Plugin LeapMotion, From C:/Program Files/Epic Games/4.13/Engine/Plugins/Runtime/LeapMotion/LeapMotion.uplugin
LogPluginManager: Loaded Plugin LinuxDeviceProfileSelector, From C:/Program Files/Epic Games/4.13/Engine/Plugins/Runtime/LinuxDeviceProfileSelector/LinuxDeviceProfileSelector.uplugin
LogPluginManager: Loaded Plugin LiveEditorListenServer, From C:/Program Files/Epic Games/4.13/Engine/Plugins/Runtime/LiveEditorListenServer/LiveEditorListenServer.uplugin
LogPluginManager: Loaded Plugin OculusAudio, From C:/Program Files/Epic Games/4.13/Engine/Plugins/Runtime/OculusAudio/OculusAudio.uplugin
LogPluginManager: Loaded Plugin OculusInput, From C:/Program Files/Epic Games/4.13/Engine/Plugins/Runtime/OculusInput/OculusInput.uplugin
LogPluginManager: Loaded Plugin OculusLibrary, From C:/Program Files/Epic Games/4.13/Engine/Plugins/Runtime/OculusLibrary/OculusLibrary.uplugin
LogPluginManager: Loaded Plugin OculusRift, From C:/Program Files/Epic Games/4.13/Engine/Plugins/Runtime/OculusRift/OculusRift.uplugin
LogPluginManager: Loaded Plugin Oodle, From C:/Program Files/Epic Games/4.13/Engine/Plugins/Runtime/PacketHandlers/CompressionComponents/Oodle/Oodle.uplugin
LogPluginManager: Loaded Plugin ProceduralMeshComponent, From C:/Program Files/Epic Games/4.13/Engine/Plugins/Runtime/ProceduralMeshComponent/ProceduralMeshComponent.uplugin
LogPluginManager: Loaded Plugin SoundMod, From C:/Program Files/Epic Games/4.13/Engine/Plugins/Runtime/SoundMod/SoundMod.uplugin
LogPluginManager: Loaded Plugin SoundVisualizations, From C:/Program Files/Epic Games/4.13/Engine/Plugins/Runtime/SoundVisualizations/SoundVisualizations.uplugin
LogPluginManager: Loaded Plugin SteamController, From C:/Program Files/Epic Games/4.13/Engine/Plugins/Runtime/Steam/SteamController/SteamController.uplugin
LogPluginManager: Loaded Plugin SteamVR, From C:/Program Files/Epic Games/4.13/Engine/Plugins/Runtime/Steam/SteamVR/SteamVR.uplugin
LogPluginManager: Loaded Plugin WebBrowserWidget, From C:/Program Files/Epic Games/4.13/Engine/Plugins/Runtime/WebBrowserWidget/WebBrowserWidget.uplugin
LogPluginManager: Loaded Plugin WindowsDeviceProfileSelector, From C:/Program Files/Epic Games/4.13/Engine/Plugins/Runtime/WindowsDeviceProfileSelector/WindowsDeviceProfileSelector.uplugin
LogPluginManager: Loaded Plugin WindowsMoviePlayer, From C:/Program Files/Epic Games/4.13/Engine/Plugins/Runtime/WindowsMoviePlayer/WindowsMoviePlayer.uplugin
LogPluginManager: Loaded Plugin ScriptPlugin, From C:/Program Files/Epic Games/4.13/Engine/Plugins/ScriptPlugin/ScriptPlugin.uplugin
LogPluginManager: Loaded Plugin SlateRemote, From C:/Program Files/Epic Games/4.13/Engine/Plugins/Slate/SlateRemote/SlateRemote.uplugin
LogInit: Using libcurl 7.47.1
LogInit:  - built for x86_64-pc-win32
LogInit:  - supports SSL with WinSSL
LogInit:  - other features:
LogInit:      CURL_VERSION_SSL
LogInit:      CURL_VERSION_IPV6
LogInit:      CURL_VERSION_ASYNCHDNS
LogInit:      CURL_VERSION_LARGEFILE
LogInit:      CURL_VERSION_IDN
LogInit:  CurlRequestOptions (configurable via config and command line):
LogInit:  - bVerifyPeer = false  - Libcurl will NOT verify peer certificate
LogInit:  - bUseHttpProxy = false  - Libcurl will NOT use HTTP proxy
LogInit:  - bDontReuseConnections = false  - Libcurl will reuse connections
LogInit:  - CertBundlePath = nullptr  - Libcurl will use whatever was configured at build time.
LogInit: Build: ++UE4+Release-4.13-CL-3142249
LogInit: Engine Version: 4.13.1-3142249+++UE4+Release-4.13
LogInit: Compatible Engine Version: 4.13.0-3106830+++UE4+Release-4.13
LogInit: Net CL: 3142249
LogDevObjectVersion: Number of dev versions registered: 13
LogDevObjectVersion:   Dev-Blueprints (B0D832E4-1F89-4F0D-ACCF-7EB736FD4AA2): 5
LogDevObjectVersion:   Dev-Build (E1C64328-A22C-4D53-A36C-8E866417BD8C): 0
LogDevObjectVersion:   Dev-Core (375EC13C-06E4-48FB-B500-84F0262A717E): 1
LogDevObjectVersion:   Dev-Editor (E4B068ED-F494-42E9-A231-DA0B2E46BB41): 6
LogDevObjectVersion:   Dev-Framework (CFFC743F-43B0-4480-9391-14DF171D2073): 12
LogDevObjectVersion:   Dev-Mobile (B02B49B5-BB20-44E9-A304-32B752E40360): 0
LogDevObjectVersion:   Dev-Networking (A4E4105C-59A1-49B5-A7C5-40C4547EDFEE): 0
LogDevObjectVersion:   Dev-Online (39C831C9-5AE6-47DC-9A44-9C173E1C8E7C): 0
LogDevObjectVersion:   Dev-Physics (78F01B33-EBEA-4F98-B9B4-84EACCB95AA2): 0
LogDevObjectVersion:   Dev-Platform (6631380F-2D4D-43E0-8009-CF276956A95A): 0
LogDevObjectVersion:   Dev-Rendering (12F88B9F-8875-4AFC-A67C-D90C383ABD29): 4
LogDevObjectVersion:   Dev-Sequencer (7B5AE74C-D270-4C10-A958-57980B212A5A): 0
LogDevObjectVersion:   Dev-VR (D7296918-1DD6-4BDD-9DE2-64A83CC13884): 0
LogInit: Compiled (64-bit): Sep 28 2016 02:12:12
LogInit: Compiled with Visual C++: 19.00.23026.00
LogInit: Build Configuration: Development
LogInit: Branch Name: ++UE4+Release-4.13
LogInit: Command line: -EpicPortal 
LogInit: Base directory: C:/Program Files/Epic Games/4.13/Engine/Binaries/Win64/
LogInit: Installed Engine Build: 1
LogInit: Presizing for max 8388607 objects, including 0 objects not considered by GC, pre-allocating 0 bytes for permanent pool.
LogInit: Object subsystem initialized
[2016.10.21-21.27.48:486][  0]LogInit: Selected Device Profile: [Windows]
[2016.10.21-21.27.48:486][  0]LogInit: Applying CVar settings loaded from the selected device profile: [Windows]
[2016.10.21-21.27.48:508][  0]LogInit: Computer: DEREKMALONE-PC
[2016.10.21-21.27.48:508][  0]LogInit: User: DerekMalone
[2016.10.21-21.27.48:508][  0]LogInit: CPU Page size=65536, Cores=4
[2016.10.21-21.27.48:508][  0]LogInit: High frequency timer resolution =2.241014 MHz
[2016.10.21-21.27.48:509][  0]LogMemory: Memory total: Physical=16.0GB (16GB approx)
[2016.10.21-21.27.48:509][  0]LogMemory: Platform Memory Stats for Windows
[2016.10.21-21.27.48:509][  0]LogMemory: Process Physical Memory: 261.18 MB used, 261.18 MB peak
[2016.10.21-21.27.48:509][  0]LogMemory: Process Virtual Memory: 260.92 MB used, 260.92 MB peak
[2016.10.21-21.27.48:509][  0]LogMemory: Physical Memory: 6595.10 MB used, 16337.79 MB total
[2016.10.21-21.27.48:509][  0]LogMemory: Virtual Memory: 684.54 MB used, 134217728.00 MB total
[2016.10.21-21.27.48:587][  0]LogTextLocalizationManager: No specific translations for ('en-US') exist, so ('en') translations will be used.
[2016.10.21-21.27.50:472][  0]LogD3D11RHI: D3D11 adapters:
[2016.10.21-21.27.50:537][  0]LogD3D11RHI:    0. 'NVIDIA GeForce GTX 660M' (Feature Level 11_0)
[2016.10.21-21.27.50:537][  0]LogD3D11RHI:       2017/0/8168 MB DedicatedVideo/DedicatedSystem/SharedSystem, Outputs:2, VendorId:0x10de
[2016.10.21-21.27.50:542][  0]LogD3D11RHI:    1. 'Microsoft Basic Render Driver' (Feature Level 11_0)
[2016.10.21-21.27.50:542][  0]LogD3D11RHI:       0/0/8168 MB DedicatedVideo/DedicatedSystem/SharedSystem, Outputs:0, VendorId:0x1414
[2016.10.21-21.27.50:542][  0]LogD3D11RHI: Chosen D3D11 Adapter: 0
[2016.10.21-21.27.50:559][  0]LogD3D11RHI: Creating new Direct3DDevice
[2016.10.21-21.27.50:559][  0]LogD3D11RHI:     GPU DeviceId: 0xfd4 (for the marketing name, search the web for "GPU Device Id")
[2016.10.21-21.27.50:559][  0]LogWindows: EnumDisplayDevices:
[2016.10.21-21.27.50:560][  0]LogWindows:    0. 'NVIDIA GeForce GTX 660M' (P:1 D:1)
[2016.10.21-21.27.50:561][  0]LogWindows:    1. 'NVIDIA GeForce GTX 660M' (P:0 D:1)
[2016.10.21-21.27.50:561][  0]LogWindows:    2. 'NVIDIA GeForce GTX 660M' (P:0 D:0)
[2016.10.21-21.27.50:562][  0]LogWindows:    3. 'NVIDIA GeForce GTX 660M' (P:0 D:0)
[2016.10.21-21.27.50:562][  0]LogWindows: DebugString: FoundDriverCount:4 
[2016.10.21-21.27.50:562][  0]LogD3D11RHI:     Adapter Name: NVIDIA GeForce GTX 660M
[2016.10.21-21.27.50:562][  0]LogD3D11RHI:   Driver Version: 372.90 (internal:21.21.13.7290, unified:372.90)
[2016.10.21-21.27.50:562][  0]LogD3D11RHI:      Driver Date: 9-16-2016
[2016.10.21-21.27.50:562][  0]LogRHI: Texture pool is 1361 MB (70% of 1945 MB)
[2016.10.21-21.27.50:597][  0]LogD3D11RHI: Async texture creation enabled
[2016.10.21-21.27.50:619][  0]LogD3D11RHI: GPU Timing Frequency: 1000.000000 (Debug: 2 1)
[2016.10.21-21.27.50:621][  0]LogShaderCompilers: Guid format shader working directory is -14 characters bigger than the processId version (D:/Class/Level Design/Disco Tower Level Midterm/MidtermStarter/Intermediate/Shaders/WorkingDirectory/49896/).
[2016.10.21-21.27.50:621][  0]LogShaderCompilers: Cleaned the shader compiler working directory 'C:/Users/DEREKM~1/AppData/Local/Temp/UnrealShaderWorkingDir/161760A441DC95CDFE11229DBCA5B724/'.
[2016.10.21-21.27.50:621][  0]LogShaderCompilers:Display: Using Local Shader Compiler.
[2016.10.21-21.27.53:851][  0]LogTemp:Display: Loaded TP AllDesktopTargetPlatform
[2016.10.21-21.27.53:882][  0]LogTemp:Display: Loaded TP WindowsClientTargetPlatform
[2016.10.21-21.27.53:910][  0]LogTemp:Display: Loaded TP WindowsNoEditorTargetPlatform
[2016.10.21-21.27.53:939][  0]LogTemp:Display: Loaded TP WindowsServerTargetPlatform
[2016.10.21-21.27.53:967][  0]LogTemp:Display: Loaded TP WindowsTargetPlatform
[2016.10.21-21.27.53:994][  0]LogTemp:Display: Loaded TP AndroidTargetPlatform
[2016.10.21-21.27.54:018][  0]LogTemp:Display: Loaded TP Android_ASTCTargetPlatform
[2016.10.21-21.27.54:044][  0]LogTemp:Display: Loaded TP Android_ATCTargetPlatform
[2016.10.21-21.27.54:073][  0]LogTemp:Display: Loaded TP Android_DXTTargetPlatform
[2016.10.21-21.27.54:096][  0]LogTemp:Display: Loaded TP Android_ETC1TargetPlatform
[2016.10.21-21.27.54:121][  0]LogTemp:Display: Loaded TP Android_ETC2TargetPlatform
[2016.10.21-21.27.54:170][  0]LogTemp:Display: Loaded TP Android_MultiTargetPlatform
[2016.10.21-21.27.54:170][  0]LogTemp:Display: Loaded TP Android_PVRTCTargetPlatform
[2016.10.21-21.27.54:174][  0]LogTemp:Display: Loaded TP HTML5TargetPlatform
[2016.10.21-21.27.54:218][  0]LogTemp:Display: Loaded TP IOSTargetPlatform
[2016.10.21-21.27.54:241][  0]LogTemp:Display: Loaded TP TVOSTargetPlatform
[2016.10.21-21.27.54:262][  0]LogTemp:Display: Loaded TP LinuxClientTargetPlatform
[2016.10.21-21.27.54:284][  0]LogTemp:Display: Loaded TP LinuxNoEditorTargetPlatform
[2016.10.21-21.27.54:308][  0]LogTemp:Display: Loaded TP LinuxServerTargetPlatform
[2016.10.21-21.27.54:330][  0]LogTemp:Display: Loaded TP LinuxTargetPlatform
[2016.10.21-21.27.54:330][  0]LogTargetPlatformManager:Display: Building Assets For Windows
[2016.10.21-21.27.54:736][  0]LogDerivedDataCache:Display: Max Cache Size: 512 MB
[2016.10.21-21.27.57:024][  0]LogDerivedDataCache: Loaded boot cache 2.29s 63MB C:/Users/Derek Malone/AppData/Local/UnrealEngine/4.13/DerivedDataCache/Boot.ddc.
[2016.10.21-21.27.57:025][  0]LogDerivedDataCache:Display: Loaded Boot cache: C:/Users/Derek Malone/AppData/Local/UnrealEngine/4.13/DerivedDataCache/Boot.ddc
[2016.10.21-21.27.57:025][  0]LogDerivedDataCache: FDerivedDataBackendGraph:  Pak pak cache file D:/Class/Level Design/Disco Tower Level Midterm/MidtermStarter/DerivedDataCache/DDC.ddp not found, will not use a pak cache.
[2016.10.21-21.27.57:025][  0]LogDerivedDataCache: Unable to find inner node Pak for hierarchical cache Hierarchy.
[2016.10.21-21.27.57:025][  0]LogDerivedDataCache: FDerivedDataBackendGraph:  CompressedPak pak cache file D:/Class/Level Design/Disco Tower Level Midterm/MidtermStarter/DerivedDataCache/Compressed.ddp not found, will not use a pak cache.
[2016.10.21-21.27.57:025][  0]LogDerivedDataCache: Unable to find inner node CompressedPak for hierarchical cache Hierarchy.
[2016.10.21-21.27.57:084][  0]LogDerivedDataCache:Display: Pak cache opened for reading ../../../Engine/DerivedDataCache/Compressed.ddp.
[2016.10.21-21.27.57:098][  0]LogDerivedDataCache: Using Local data cache path C:/Users/Derek Malone/AppData/Local/UnrealEngine/Common/DerivedDataCache: Writable
[2016.10.21-21.27.58:918][  0]LogInit: Selected Device Profile: [Windows]
[2016.10.21-21.27.58:930][  0]LogContentStreaming: Texture pool size is 0.00 MB
[2016.10.21-21.27.59:266][  0]LogMeshUtilities: No automatic mesh reduction module available
[2016.10.21-21.27.59:266][  0]LogMeshUtilities: No automatic mesh merging module available
[2016.10.21-21.27.59:266][  0]LogMeshUtilities: No distributed automatic mesh merging module available
[2016.10.21-21.27.59:662][  0]LogMaterial: Uniform references updated for custom material expression Custom.
[2016.10.21-21.28.01:140][  0]LogNetVersion: GetLocalNetworkVersion: CL: 3106830, ProjectName: midtermstarter, ProjectVersion: , EngineNetworkVersion: 1, GameNetworkVersion: 0, NetworkChecksum: 4029104964
[2016.10.21-21.28.01:222][  0]LogAssetRegistry: FAssetRegistry took 0.0226 seconds to start up
[2016.10.21-21.28.01:292][  0]LogPackageLocalizationCache: Processed 3 localized package path(s) for 2 prioritized culture(s) in 0.059316 seconds
[2016.10.21-21.28.01:309][  0]LogUObjectArray: 29778 objects as part of root set at end of initial load.
[2016.10.21-21.28.01:309][  0]LogUObjectAllocator: 6125448 out of 0 bytes used by permanent object pool.
[2016.10.21-21.28.01:309][  0]LogUObjectArray: CloseDisregardForGC: 0/0 objects in disregard for GC pool
[2016.10.21-21.28.01:334][  0]LogInit: WinSock: version 1.1 (2.2), MaxSocks=32767, MaxUdp=65467
[2016.10.21-21.28.02:824][  0]LogSlate: SlateFontCache - WITH_FREETYPE: 1, WITH_HARFBUZZ: 1
[2016.10.21-21.28.02:824][  0]LogSlate: SlateFontCache - WITH_FREETYPE: 1, WITH_HARFBUZZ: 1
[2016.10.21-21.28.16:418][  0]LogSubstanceCoreModule: Substance CPU Engine Loaded, Max Texture Size 2048
[2016.10.21-21.28.16:471][  0]LogTcpMessaging: Initializing TcpMessaging bridge
[2016.10.21-21.28.16:515][  0]LogUdpMessaging: Initializing bridge on interface 0.0.0.0:0 to multicast group 230.0.0.1:6666.
[2016.10.21-21.28.17:496][  0]SourceControl: Info Source control is disabled
[2016.10.21-21.28.17:499][  0]SourceControl: Info Source control is disabled
[2016.10.21-21.28.17:535][  0]SourceControl: Info Source control is disabled
[2016.10.21-21.28.17:573][  0]SourceControl: Info Source control is disabled
[2016.10.21-21.28.18:686][  0]LogEngine: Initializing Engine...
[2016.10.21-21.28.18:718][  0]LogHMD: Failed to initialize OpenVR with code 108
[2016.10.21-21.28.19:154][  0]LogAIModule: Creating AISystem for world Untitled
[2016.10.21-21.28.19:205][  0]LogInit: XAudio2 using 'Headphones (2- High Definition Audio Device)' : 2 channels at 44.1 kHz using 16 bits per sample (channel mask 0x3)
[2016.10.21-21.28.19:241][  0]LogInit: FAudioDevice initialized.
[2016.10.21-21.28.19:310][  0]LogDerivedDataCache: Saved boot cache 0.07s 63MB C:/Users/Derek Malone/AppData/Local/UnrealEngine/4.13/DerivedDataCache/Boot.ddc.
[2016.10.21-21.28.19:324][  0]LogInit: Texture streaming: Enabled
[2016.10.21-21.28.19:482][  0]LogInit: Transaction tracking system initialized
[2016.10.21-21.28.19:563][  0]BlueprintLog: New page: Editor Load
[2016.10.21-21.28.19:839][  0]LocalizationService: Info Localization service is disabled
[2016.10.21-21.28.20:112][  0]LogConsoleResponse:Display: 
[2016.10.21-21.28.20:611][  0]LogCook:Display: Max memory allowance for cook 16384mb min free memory 0mb
[2016.10.21-21.28.20:611][  0]LogCook:Display: Mobile HDR setting 1
[2016.10.21-21.28.21:272][  0]LogFileCache: Scanning file cache for directory 'D:/Class/Level Design/Disco Tower Level Midterm/MidtermStarter/Content/' took 0.03s
[2016.10.21-21.28.21:272][  0]SourceControl: Info Source control is disabled
[2016.10.21-21.28.21:273][  0]Cmd: MAP LOAD FILE="D:/Class/Level Design/Disco Tower Level Midterm/MidtermStarter/Content/ProceduralTower/StreamingLevels/TowerBase.umap" TEMPLATE=0 SHOWPROGRESS=1 FEATURELEVEL=3
[2016.10.21-21.28.21:274][  0]LightingResults: New page: Lighting Build
[2016.10.21-21.28.21:281][  0]MapCheck: New page: Map Check
[2016.10.21-21.28.21:282][  0]LightingResults: New page: Lighting Build
[2016.10.21-21.28.24:155][  0]LogTexture:Display: Building textures: AnalogHat (AutoDXT)
[2016.10.21-21.28.26:265][  0]LogTexture:Display: Building textures: HDRI_Epic_Courtyard_Daylight (RGBA16F)
[2016.10.21-21.28.56:121][  0]LogTexture:Display: Building textures: T_Brick_Clay_Beveled_M (AutoDXT)
[2016.10.21-21.29.02:365][  0]LogTexture:Display: Building textures: T_Brick_Clay_Beveled_D (AutoDXT)
[2016.10.21-21.29.08:431][  0]LogTexture:Display: Building textures: T_Brick_Clay_Beveled_N (BC5)
[2016.10.21-21.29.09:658][  0]LogTexture:Display: Building textures: UE4Man_Logo_N (BC5)
[2016.10.21-21.29.09:877][  0]LogTexture:Display: Building textures: HQ_Lightmap0_2 (AutoDXT)
[2016.10.21-21.29.10:048][  0]LogTexture:Display: Building textures: LQ_Lightmap_0_2 (DXT1)
[2016.10.21-21.29.10:116][  0]LogTexture:Display: Building textures: SkyOcclusion0_2 (AutoDXT)
[2016.10.21-21.29.10:198][  0]LogTexture:Display: Building textures: ShadowMapTexture2D_4 (G8)
[2016.10.21-21.29.10:215][  0]LogAIModule: Creating AISystem for world TowerBase
[2016.10.21-21.29.10:730][  0]LogTexture:Display: Building textures: HQ_Lightmap0_3 (AutoDXT)
[2016.10.21-21.29.10:897][  0]LogTexture:Display: Building textures: LQ_Lightmap_0_3 (DXT1)
[2016.10.21-21.29.10:977][  0]LogTexture:Display: Building textures: ShadowMapTexture2D_2 (G8)
[2016.10.21-21.29.11:000][  0]LogTexture:Display: Building textures: SkyOcclusion0_3 (AutoDXT)
[2016.10.21-21.29.11:238][  0]LogTexture:Display: Building textures: HQ_Lightmap0_1 (AutoDXT)
[2016.10.21-21.29.11:395][  0]LogTexture:Display: Building textures: LQ_Lightmap_0_1 (DXT1)
[2016.10.21-21.29.11:464][  0]LogTexture:Display: Building textures: ShadowMapTexture2D_0 (G8)
[2016.10.21-21.29.11:484][  0]LogTexture:Display: Building textures: SkyOcclusion0_1 (AutoDXT)
[2016.10.21-21.29.11:571][  0]LogEditorServer: Finished looking for orphan Actors (0.000 secs)
[2016.10.21-21.29.11:693][  0]Cmd: MAP CHECKDEP NOCLEARLOG
[2016.10.21-21.29.11:861][  0]MapCheck: Info Map check complete: 0 Error(s), 0 Warning(s), took 167.589ms to complete.
[2016.10.21-21.29.11:861][  0]LogFileHelpers: Loading map 'TowerBase' took 50.588
[2016.10.21-21.29.13:578][  0]LogCollectionManager: Loaded 0 collections in 0.005913 seconds
[2016.10.21-21.29.13:875][  0]LogFileCache: Scanning file cache for directory 'D:/Class/Level Design/Disco Tower Level Midterm/MidtermStarter/Saved/Collections/' took 0.01s
[2016.10.21-21.29.13:875][  0]LogFileCache: Scanning file cache for directory 'D:/Class/Level Design/Disco Tower Level Midterm/MidtermStarter/Content/Developers/DerekMalone/Collections/' took 0.01s
[2016.10.21-21.29.13:875][  0]LogFileCache: Scanning file cache for directory 'D:/Class/Level Design/Disco Tower Level Midterm/MidtermStarter/Content/Collections/' took 0.01s
[2016.10.21-21.29.13:875][  0]LogCollectionManager: Rebuilt the GUID cache for 0 collections in 0.000007 seconds
[2016.10.21-21.29.13:923][  0]LogContentBrowser: Native class hierarchy populated in 0.0429 seconds. Added 2156 classes and 421 folders.
[2016.10.21-21.29.14:170][  0]LogStats: UGameplayTagsManager::ConstructGameplayTagTree: Construct from data asset -  0.000 s
[2016.10.21-21.29.14:172][  0]LogStats: UGameplayTagsManager::ConstructGameplayTagTree: GameplayTagTreeChangedEvent.Broadcast -  0.002 s
[2016.10.21-21.29.14:175][  0]LogContentBrowser: Native class hierarchy updated for 'GameplayTags' in 0.0015 seconds. Added 12 classes and 0 folders.
[2016.10.21-21.29.14:212][  0]LogContentBrowser: Native class hierarchy updated for 'WidgetCarousel' in 0.0014 seconds. Added 0 classes and 0 folders.
[2016.10.21-21.29.15:263][  0]LogContentBrowser: Native class hierarchy updated for 'AddContentDialog' in 0.0014 seconds. Added 0 classes and 0 folders.
[2016.10.21-21.29.15:371][  0]LogContentBrowser: Native class hierarchy updated for 'SceneOutliner' in 0.0013 seconds. Added 1 classes and 2 folders.
[2016.10.21-21.29.18:357][  0]LogCrashTracker: Crashtracker disabled due to settings.
[2016.10.21-21.29.18:688][  0]LogWindowsTextInputMethodSystem:Display: IME system now deactivated.
[2016.10.21-21.29.18:689][  0]LogWindowsTextInputMethodSystem:Display: IME system now deactivated.
[2016.10.21-21.29.19:169][  0]LogContentBrowser: Native class hierarchy updated for 'HierarchicalLODOutliner' in 0.0019 seconds. Added 1 classes and 2 folders.
[2016.10.21-21.29.19:172][  0]LogLoad: (Engine Initialization) Total time: 97.81 seconds
[2016.10.21-21.29.19:172][  0]LogLoad: (Engine Initialization) Total Blueprint compile time: 1.38 seconds
[2016.10.21-21.29.19:172][  0]LogExternalProfiler: Found external profiler: VSPerf
[2016.10.21-21.29.19:172][  0]LogExternalProfiler: Using external profiler: VSPerf
[2016.10.21-21.29.19:194][  0]LogOcInput: OculusInput pre-init called
[2016.10.21-21.29.19:431][  0]LogContentStreaming: Texture pool size now 1000 MB
[2016.10.21-21.29.21:122][  0]LogRenderer: Reallocating scene render targets to support 1208x576 (Frame:2).
[2016.10.21-21.29.21:802][  5]LogAssetRegistry: Asset discovery search completed in 80.6026 seconds
[2016.10.21-21.29.21:802][  5]LogCollectionManager: Rebuilt the object cache for 0 collections in 0.000001 seconds (found 0 objects)
[2016.10.21-21.29.21:802][  5]LogCollectionManager: Fixed up redirectors for 0 collections in 0.000096 seconds (updated 0 objects)
[2016.10.21-21.29.40:242][653]LogBlueprintUserMessages: Early PlayInEditor Detection: Level '/Game/ProceduralTower/StreamingLevels/TowerBase.TowerBase:PersistentLevel' has LevelScriptBlueprint '/Game/ProceduralTower/StreamingLevels/TowerBase.TowerBase:PersistentLevel.TowerBase' with GeneratedClass '/Game/ProceduralTower/StreamingLevels/TowerBase.TowerBase_C' with ClassGeneratedBy '/Game/ProceduralTower/StreamingLevels/TowerBase.TowerBase:PersistentLevel.TowerBase'
[2016.10.21-21.29.40:242][653]LogBlueprintUserMessages: Early PlayInEditor Detection: Level '/Game/ProceduralTower/StreamingLevels/Floor1.Floor1:PersistentLevel' has LevelScriptBlueprint '/Game/ProceduralTower/StreamingLevels/Floor1.Floor1:PersistentLevel.Floor1' with GeneratedClass '/Game/ProceduralTower/StreamingLevels/Floor1.Floor1_C' with ClassGeneratedBy '/Game/ProceduralTower/StreamingLevels/Floor1.Floor1:PersistentLevel.Floor1'
[2016.10.21-21.29.40:294][653]LogPlayLevel: PlayLevel: No blueprints needed recompiling
[2016.10.21-21.29.40:491][653]PIE: New page: PIE session: TowerBase (Oct 21, 2016, 12:29:40 PM)
[2016.10.21-21.29.40:503][653]LogPlayLevel: Creating play world package: /Game/ProceduralTower/StreamingLevels/UEDPIE_0_TowerBase
[2016.10.21-21.29.40:547][653]LogPlayLevel: PIE: StaticDuplicateObject took: (0.044293s)
[2016.10.21-21.29.40:548][653]LogAIModule: Creating AISystem for world TowerBase
[2016.10.21-21.29.40:558][653]LogPlayLevel: PIE: World Init took: (0.010181s)
[2016.10.21-21.29.40:563][653]LogPlayLevel: PIE: Created PIE world by copying editor world from /Game/ProceduralTower/StreamingLevels/TowerBase.TowerBase to /Game/ProceduralTower/StreamingLevels/UEDPIE_0_TowerBase.TowerBase (0.060065s)
[2016.10.21-21.29.40:742][653]LogInit: XAudio2 using 'Headphones (2- High Definition Audio Device)' : 2 channels at 44.1 kHz using 16 bits per sample (channel mask 0x3)
[2016.10.21-21.29.40:766][653]LogInit: FAudioDevice initialized.
[2016.10.21-21.29.41:092][653]LogWorld: Game class is 'TopDownGameMode_C'
[2016.10.21-21.29.41:221][653]LogWorld: Bringing World /Game/ProceduralTower/StreamingLevels/UEDPIE_0_TowerBase.TowerBase up for play (max tick rate 60) at 2016.10.21-17.29.41
[2016.10.21-21.29.41:282][653]LogWorld: Bringing up level for play took: 0.055355
[2016.10.21-21.29.41:521][653]LogContentBrowser: Native class hierarchy updated for 'MovieSceneCapture' in 0.0015 seconds. Added 11 classes and 0 folders.
[2016.10.21-21.29.41:521][653]LogGameMode:Display: Match State Changed from EnteringMap to WaitingToStart
[2016.10.21-21.29.41:538][653]LogGameState: Match State Changed from EnteringMap to WaitingToStart
[2016.10.21-21.29.41:538][653]LogGameMode:Display: Match State Changed from WaitingToStart to InProgress
[2016.10.21-21.29.41:976][653]LogBlueprintUserMessages: [TowerBase_C_0] TowerFloor0
[2016.10.21-21.29.42:019][653]LogGameState: Match State Changed from WaitingToStart to InProgress
[2016.10.21-21.29.42:029][653]PIE: Info Play in editor start time for /Game/ProceduralTower/StreamingLevels/UEDPIE_0_TowerBase 1.089
[2016.10.21-21.29.42:042][653]LogBlueprintUserMessages: Late PlayInEditor Detection: Level '/Game/ProceduralTower/StreamingLevels/TowerBase.TowerBase:PersistentLevel' has LevelScriptBlueprint '/Game/ProceduralTower/StreamingLevels/TowerBase.TowerBase:PersistentLevel.TowerBase' with GeneratedClass '/Game/ProceduralTower/StreamingLevels/TowerBase.TowerBase_C' with ClassGeneratedBy '/Game/ProceduralTower/StreamingLevels/TowerBase.TowerBase:PersistentLevel.TowerBase'
[2016.10.21-21.29.42:042][653]LogBlueprintUserMessages: Late PlayInEditor Detection: Level '/Game/ProceduralTower/StreamingLevels/Floor1.Floor1:PersistentLevel' has LevelScriptBlueprint '/Game/ProceduralTower/StreamingLevels/Floor1.Floor1:PersistentLevel.Floor1' with GeneratedClass '/Game/ProceduralTower/StreamingLevels/Floor1.Floor1_C' with ClassGeneratedBy '/Game/ProceduralTower/StreamingLevels/Floor1.Floor1:PersistentLevel.Floor1'
[2016.10.21-21.29.42:288][653]LogRenderer: Reallocating scene render targets to support 1292x756 (Frame:614).
[2016.10.21-21.29.43:208][661]LogBlueprintUserMessages: [Floor1_C_0] TowerFloor1
[2016.10.21-21.29.43:228][661]LogStreaming:Display: UWorld::AddToWorld: routing Initialize on actors for /Game/ProceduralTower/StreamingLevels/UEDPIE_0_TowerFloor0 took (less than) 38.66 ms
[2016.10.21-21.29.43:800][670]LogBlueprintUserMessages: [Floor1_C_0] TowerFloor2
[2016.10.21-21.29.44:264][678]LogBlueprintUserMessages: [Floor1_C_0] TowerFloor3
[2016.10.21-21.29.44:767][685]LogBlueprintUserMessages: [Floor1_C_0] TowerFloor4
[2016.10.21-21.29.45:260][693]LogBlueprintUserMessages: [Floor1_C_0] Tower Complete
[2016.10.21-21.29.45:261][693]LogBlueprintUserMessages: [Floor1_C_0] Teleport Adjust: 200.0
[2016.10.21-21.29.45:261][693]LogStreaming:Display: UWorld::AddToWorld: routing Initialize on actors for /Game/ProceduralTower/StreamingLevels/UEDPIE_0_TowerFloor4 took (less than) 58.89 ms
[2016.10.21-21.29.50:337][903]LogBlueprintUserMessages: [TowerBase_C_0] Floor1
[2016.10.21-21.29.52:857][ 11]LogBlueprintUserMessages: [Floor1_C_0] 1
[2016.10.21-21.29.54:277][ 72]LogBlueprintUserMessages: [Floor1_C_0] 2
[2016.10.21-21.29.56:748][177]LogBlueprintUserMessages: [Floor1_C_0] 3
[2016.10.21-21.29.58:208][237]LogBlueprintUserMessages: [Floor1_C_0] 4
[2016.10.21-21.29.59:662][299]LogBlueprintUserMessages: [Floor1_C_0] 5
[2016.10.21-21.30.26:359][413]LogBlueprintUserMessages: Early EndPlayMap Detection: Level '/Game/ProceduralTower/StreamingLevels/TowerBase.TowerBase:PersistentLevel' has LevelScriptBlueprint '/Game/ProceduralTower/StreamingLevels/TowerBase.TowerBase:PersistentLevel.TowerBase' with GeneratedClass '/Game/ProceduralTower/StreamingLevels/TowerBase.TowerBase_C' with ClassGeneratedBy '/Game/ProceduralTower/StreamingLevels/TowerBase.TowerBase:PersistentLevel.TowerBase'
[2016.10.21-21.30.26:359][413]LogBlueprintUserMessages: Early EndPlayMap Detection: Level '/Game/ProceduralTower/StreamingLevels/Floor1.Floor1:PersistentLevel' has LevelScriptBlueprint '/Game/ProceduralTower/StreamingLevels/Floor1.Floor1:PersistentLevel.Floor1' with GeneratedClass '/Game/ProceduralTower/StreamingLevels/Floor1.Floor1_C' with ClassGeneratedBy '/Game/ProceduralTower/StreamingLevels/Floor1.Floor1:PersistentLevel.Floor1'
[2016.10.21-21.30.26:428][413]LogBlueprintUserMessages: Late EndPlayMap Detection: Level '/Game/ProceduralTower/StreamingLevels/TowerBase.TowerBase:PersistentLevel' has LevelScriptBlueprint '/Game/ProceduralTower/StreamingLevels/TowerBase.TowerBase:PersistentLevel.TowerBase' with GeneratedClass '/Game/ProceduralTower/StreamingLevels/TowerBase.TowerBase_C' with ClassGeneratedBy '/Game/ProceduralTower/StreamingLevels/TowerBase.TowerBase:PersistentLevel.TowerBase'
[2016.10.21-21.30.26:428][413]LogBlueprintUserMessages: Late EndPlayMap Detection: Level '/Game/ProceduralTower/StreamingLevels/Floor1.Floor1:PersistentLevel' has LevelScriptBlueprint '/Game/ProceduralTower/StreamingLevels/Floor1.Floor1:PersistentLevel.Floor1' with GeneratedClass '/Game/ProceduralTower/StreamingLevels/Floor1.Floor1_C' with ClassGeneratedBy '/Game/ProceduralTower/StreamingLevels/Floor1.Floor1:PersistentLevel.Floor1'
[2016.10.21-21.32.32:953][147]LogWindowsTextInputMethodSystem:Display: IME system now deactivated.
[2016.10.21-21.32.32:953][147]LogWindowsTextInputMethodSystem:Display: IME system now deactivated.
[2016.10.21-21.32.33:403][148]Cmd: QUIT_EDITOR
[2016.10.21-21.32.34:282][148]LogExit: Preparing to exit.
[2016.10.21-21.32.34:784][148]LogExit: Editor shut down
[2016.10.21-21.32.34:785][148]LogExit: Transaction tracking system shut down
[2016.10.21-21.32.35:296][148]LogObj: Freed 0b from 0 cluster array pools.
[2016.10.21-21.32.35:296][148]LogExit: Object subsystem successfully closed.
[2016.10.21-21.32.35:319][148]LogD3D11RHI: Shutdown
[2016.10.21-21.32.35:319][148]LogD3D11RHI: CleanupD3DDevice
[2016.10.21-21.32.35:484][148]LogD3D11RHI: ~FD3D11DynamicRHI
[2016.10.21-21.32.35:595][148]LogModuleManager: Shutting down and abandoning module ExternalImagePicker (237)
[2016.10.21-21.32.35:595][148]LogModuleManager: Shutting down and abandoning module MovieSceneCapture (236)
[2016.10.21-21.32.35:595][148]LogModuleManager: Shutting down and abandoning module HierarchicalLODOutliner (235)
[2016.10.21-21.32.35:595][148]LogModuleManager: Shutting down and abandoning module CrashTracker (234)
[2016.10.21-21.32.35:595][148]LogModuleManager: Shutting down and abandoning module SceneOutliner (233)
[2016.10.21-21.32.35:595][148]LogModuleManager: Shutting down and abandoning module WidgetCarousel (232)
[2016.10.21-21.32.35:595][148]LogModuleManager: Shutting down and abandoning module AddContentDialog (231)
[2016.10.21-21.32.35:595][148]LogDirectoryWatcher: A directory notification for 'C:/Program Files/Epic Games/4.13/FeaturePacks/' was aborted.
[2016.10.21-21.32.35:624][148]LogModuleManager: Shutting down and abandoning module GameplayTags (230)
[2016.10.21-21.32.35:624][148]LogModuleManager: Shutting down and abandoning module EditorWidgets (229)
[2016.10.21-21.32.35:624][148]LogModuleManager: Shutting down and abandoning module CollectionManager (228)
[2016.10.21-21.32.35:624][148]LogDirectoryWatcher: A directory notification for 'D:/Class/Level Design/Disco Tower Level Midterm/MidtermStarter/Content/Collections/' was aborted.
[2016.10.21-21.32.35:624][148]LogDirectoryWatcher: A directory notification for 'D:/Class/Level Design/Disco Tower Level Midterm/MidtermStarter/Content/Developers/DerekMalone/Collections/' was aborted.
[2016.10.21-21.32.35:624][148]LogDirectoryWatcher: A directory notification for 'D:/Class/Level Design/Disco Tower Level Midterm/MidtermStarter/Saved/Collections/' was aborted.
[2016.10.21-21.32.35:625][148]LogModuleManager: Shutting down and abandoning module StatsViewer (227)
[2016.10.21-21.32.35:625][148]LogModuleManager: Shutting down and abandoning module FoliageEdit (226)
[2016.10.21-21.32.35:625][148]LogModuleManager: Shutting down and abandoning module LandscapeEditor (225)
[2016.10.21-21.32.35:625][148]LogModuleManager: Shutting down and abandoning module SceneDepthPickerMode (224)
[2016.10.21-21.32.35:625][148]LogModuleManager: Shutting down and abandoning module ActorPickerMode (223)
[2016.10.21-21.32.35:625][148]LogModuleManager: Shutting down and abandoning module GeometryMode (222)
[2016.10.21-21.32.35:625][148]LogModuleManager: Shutting down and abandoning module TextureAlignMode (221)
[2016.10.21-21.32.35:625][148]LogModuleManager: Shutting down and abandoning module BspMode (220)
[2016.10.21-21.32.35:626][148]LogModuleManager: Shutting down and abandoning module HardwareSurvey (219)
[2016.10.21-21.32.35:626][148]LogModuleManager: Shutting down and abandoning module SequenceRecorderSections (218)
[2016.10.21-21.32.35:626][148]LogModuleManager: Shutting down and abandoning module SequenceRecorder (217)
[2016.10.21-21.32.35:626][148]LogModuleManager: Shutting down and abandoning module AutomationWorker (216)
[2016.10.21-21.32.35:626][148]LogModuleManager: Shutting down and abandoning module MatineeToLevelSequence (215)
[2016.10.21-21.32.35:626][148]LogModuleManager: Shutting down and abandoning module PlacementMode (214)
[2016.10.21-21.32.35:626][148]LogModuleManager: Shutting down and abandoning module LevelSequenceEditor (213)
[2016.10.21-21.32.35:627][148]LogModuleManager: Shutting down and abandoning module WmfMediaFactory (212)
[2016.10.21-21.32.35:627][148]LogModuleManager: Shutting down and abandoning module WmfMediaEditor (211)
[2016.10.21-21.32.35:627][148]LogModuleManager: Shutting down and abandoning module AvfMediaFactory (210)
[2016.10.21-21.32.35:627][148]LogModuleManager: Shutting down and abandoning module AvfMediaEditor (209)
[2016.10.21-21.32.35:627][148]LogModuleManager: Shutting down and abandoning module Media (208)
[2016.10.21-21.32.35:627][148]LogModuleManager: Shutting down and abandoning module AndroidMediaFactory (207)
[2016.10.21-21.32.35:627][148]LogModuleManager: Shutting down and abandoning module AndroidMediaEditor (206)
[2016.10.21-21.32.35:627][148]LogModuleManager: Shutting down and abandoning module CharacterAI (205)
[2016.10.21-21.32.35:627][148]LogModuleManager: Shutting down and abandoning module SmartSnapping (204)
[2016.10.21-21.32.35:627][148]LogModuleManager: Shutting down and abandoning module SessionServices (203)
[2016.10.21-21.32.35:627][148]LogModuleManager: Shutting down and abandoning module ViewportSnapping (202)
[2016.10.21-21.32.35:627][148]LogModuleManager: Shutting down and abandoning module ViewportInteraction (201)
[2016.10.21-21.32.35:627][148]LogModuleManager: Shutting down and abandoning module LogVisualizer (200)
[2016.10.21-21.32.35:628][148]LogModuleManager: Shutting down and abandoning module GameProjectGeneration (199)
[2016.10.21-21.32.35:628][148]LogModuleManager: Shutting down and abandoning module IntroTutorials (198)
[2016.10.21-21.32.35:628][148]LogModuleManager: Shutting down and abandoning module EditorLiveStreaming (197)
[2016.10.21-21.32.35:628][148]LogModuleManager: Shutting down and abandoning module IOSPlatformEditor (196)
[2016.10.21-21.32.35:628][148]LogModuleManager: Shutting down and abandoning module HTML5PlatformEditor (195)
[2016.10.21-21.32.35:628][148]LogModuleManager: Shutting down and abandoning module AndroidDeviceDetection (194)
[2016.10.21-21.32.36:080][148]LogModuleManager: Shutting down and abandoning module AndroidPlatformEditor (193)
[2016.10.21-21.32.36:080][148]LogModuleManager: Shutting down and abandoning module IOSRuntimeSettings (192)
[2016.10.21-21.32.36:080][148]LogModuleManager: Shutting down and abandoning module AndroidRuntimeSettings (191)
[2016.10.21-21.32.36:080][148]LogModuleManager: Shutting down and abandoning module NiagaraEditor (190)
[2016.10.21-21.32.36:080][148]LogModuleManager: Shutting down and abandoning module MergeActors (189)
[2016.10.21-21.32.36:080][148]LogModuleManager: Shutting down and abandoning module SizeMap (188)
[2016.10.21-21.32.36:080][148]LogModuleManager: Shutting down and abandoning module TreeMap (187)
[2016.10.21-21.32.36:080][148]LogModuleManager: Shutting down and abandoning module ReferenceViewer (186)
[2016.10.21-21.32.36:080][148]LogModuleManager: Shutting down and abandoning module LocalizationService (185)
[2016.10.21-21.32.36:080][148]LogModuleManager: Shutting down and abandoning module LocalizationDashboard (184)
[2016.10.21-21.32.36:080][148]LogModuleManager: Shutting down and abandoning module HardwareTargeting (183)
[2016.10.21-21.32.36:081][148]LogModuleManager: Shutting down and abandoning module DeviceProfileEditor (182)
[2016.10.21-21.32.36:081][148]LogModuleManager: Shutting down and abandoning module UndoHistory (181)
[2016.10.21-21.32.36:081][148]LogModuleManager: Shutting down and abandoning module UserFeedback (180)
[2016.10.21-21.32.36:081][148]LogModuleManager: Shutting down and abandoning module XmlParser (179)
[2016.10.21-21.32.36:081][148]LogModuleManager: Shutting down and abandoning module Blutility (178)
[2016.10.21-21.32.36:081][148]LogModuleManager: Shutting down and abandoning module ProjectTargetPlatformEditor (177)
[2016.10.21-21.32.36:081][148]LogModuleManager: Shutting down and abandoning module ProjectSettingsViewer (176)
[2016.10.21-21.32.36:081][148]LogModuleManager: Shutting down and abandoning module InputBindingEditor (175)
[2016.10.21-21.32.36:081][148]LogModuleManager: Shutting down and abandoning module EditorSettingsViewer (174)
[2016.10.21-21.32.36:082][148]LogModuleManager: Shutting down and abandoning module SettingsEditor (173)
[2016.10.21-21.32.36:082][148]LogModuleManager: Shutting down and abandoning module ProjectLauncher (172)
[2016.10.21-21.32.36:082][148]LogModuleManager: Shutting down and abandoning module SessionFrontend (171)
[2016.10.21-21.32.36:082][148]LogModuleManager: Shutting down and abandoning module ProfilerClient (170)
[2016.10.21-21.32.36:082][148]LogModuleManager: Shutting down and abandoning module TargetDeviceServices (169)
[2016.10.21-21.32.36:082][148]LogModuleManager: Shutting down and abandoning module DeviceManager (168)
[2016.10.21-21.32.36:124][148]LogModuleManager: Shutting down and abandoning module AutomationController (167)
[2016.10.21-21.32.36:124][148]LogModuleManager: Shutting down and abandoning module AutomationWindow (166)
[2016.10.21-21.32.36:124][148]LogModuleManager: Shutting down and abandoning module Layers (165)
[2016.10.21-21.32.36:124][148]LogModuleManager: Shutting down and abandoning module ComponentVisualizers (164)
[2016.10.21-21.32.36:124][148]LogModuleManager: Shutting down and abandoning module DetailCustomizations (163)
[2016.10.21-21.32.36:124][148]LogModuleManager: Shutting down and abandoning module PackagesDialog (162)
[2016.10.21-21.32.36:124][148]LogModuleManager: Shutting down and abandoning module AnimGraph (161)
[2016.10.21-21.32.36:124][148]LogModuleManager: Shutting down and abandoning module Persona (160)
[2016.10.21-21.32.36:124][148]LogModuleManager: Shutting down and abandoning module Kismet (159)
[2016.10.21-21.32.36:125][148]LogModuleManager: Shutting down and abandoning module GraphEditor (158)
[2016.10.21-21.32.36:126][148]LogModuleManager: Shutting down and abandoning module ClassViewer (157)
[2016.10.21-21.32.36:126][148]LogModuleManager: Shutting down and abandoning module Toolbox (156)
[2016.10.21-21.32.36:126][148]LogModuleManager: Shutting down and abandoning module ModuleUI (155)
[2016.10.21-21.32.36:126][148]LogModuleManager: Shutting down and abandoning module MovieSceneTools (154)
[2016.10.21-21.32.36:126][148]LogModuleManager: Shutting down and abandoning module OutputLog (153)
[2016.10.21-21.32.36:126][148]LogModuleManager: Shutting down and abandoning module GammaUI (152)
[2016.10.21-21.32.36:126][148]LogModuleManager: Shutting down and abandoning module Documentation (151)
[2016.10.21-21.32.36:126][148]LogModuleManager: Shutting down and abandoning module Niagara (150)
[2016.10.21-21.32.36:126][148]LogModuleManager: Shutting down and abandoning module StreamingPauseRendering (149)
[2016.10.21-21.32.36:126][148]LogModuleManager: Shutting down and abandoning module AnalyticsET (148)
[2016.10.21-21.32.36:126][148]LogModuleManager: Shutting down and abandoning module PortalServices (147)
[2016.10.21-21.32.36:126][148]LogModuleManager: Shutting down and abandoning module PortalRpc (146)
[2016.10.21-21.32.36:126][148]LogModuleManager: Shutting down and abandoning module MessagingRpc (145)
[2016.10.21-21.32.36:126][148]LogModuleManager: Shutting down and abandoning module GameplayDebugger (144)
[2016.10.21-21.32.36:126][148]LogModuleManager: Shutting down and abandoning module AITestSuite (143)
[2016.10.21-21.32.36:126][148]LogModuleManager: Shutting down and abandoning module AIModule (142)
[2016.10.21-21.32.36:126][148]LogModuleManager: Shutting down and abandoning module ProfilerService (141)
[2016.10.21-21.32.36:364][148]LogModuleManager: Shutting down and abandoning module TaskGraph (140)
[2016.10.21-21.32.36:364][148]LogModuleManager: Shutting down and abandoning module SubstanceEditor (139)
[2016.10.21-21.32.36:364][148]LogModuleManager: Shutting down and abandoning module SlateRemote (138)
[2016.10.21-21.32.36:364][148]LogModuleManager: Shutting down and abandoning module SteamVRController (137)
[2016.10.21-21.32.36:364][148]LogModuleManager: Shutting down and abandoning module SteamVR (136)
[2016.10.21-21.32.36:364][148]LogModuleManager: Shutting down and abandoning module ProceduralMeshComponentEditor (135)
[2016.10.21-21.32.36:364][148]LogModuleManager: Shutting down and abandoning module ProceduralMeshComponent (134)
[2016.10.21-21.32.36:364][148]LogModuleManager: Shutting down and abandoning module OculusLibrary (133)
[2016.10.21-21.32.36:365][148]LogModuleManager: Shutting down and abandoning module OculusInput (132)
[2016.10.21-21.32.36:365][148]LogModuleManager: Shutting down and abandoning module CustomMeshComponent (131)
[2016.10.21-21.32.36:365][148]LogModuleManager: Shutting down and abandoning module CableComponent (130)
[2016.10.21-21.32.36:365][148]LogModuleManager: Shutting down and abandoning module ArchVisCharacter (129)
[2016.10.21-21.32.36:365][148]LogModuleManager: Shutting down and abandoning module MediaPlayerEditor (127)
[2016.10.21-21.32.36:365][148]LogModuleManager: Shutting down and abandoning module HTML5Networking (126)
[2016.10.21-21.32.36:365][148]LogModuleManager: Shutting down and abandoning module GeometryCacheEd (125)
[2016.10.21-21.32.36:365][148]LogModuleManager: Shutting down and abandoning module GeometryCache (124)
[2016.10.21-21.32.36:365][148]LogModuleManager: Shutting down and abandoning module AlembicLibrary (123)
[2016.10.21-21.32.36:365][148]LogModuleManager: Shutting down and abandoning module AlembicImporter (122)
[2016.10.21-21.32.36:365][148]LogModuleManager: Shutting down and abandoning module SuperSearch (121)
[2016.10.21-21.32.36:365][148]LogModuleManager: Shutting down and abandoning module SuperSearchEditor (120)
[2016.10.21-21.32.36:365][148]LogModuleManager: Shutting down and abandoning module SpeedTreeImporter (119)
[2016.10.21-21.32.36:365][148]LogModuleManager: Shutting down and abandoning module PluginBrowser (118)
[2016.10.21-21.32.36:365][148]LogModuleManager: Shutting down and abandoning module MobileLauncherProfileWizard (117)
[2016.10.21-21.32.36:365][148]LogModuleManager: Shutting down and abandoning module EpicSurvey (116)
[2016.10.21-21.32.36:365][148]LogModuleManager: Shutting down and abandoning module DesktopPlatform (115)
[2016.10.21-21.32.36:365][148]LogModuleManager: Shutting down and abandoning module VisualStudioSourceCodeAccess (114)
[2016.10.21-21.32.36:365][148]LogModuleManager: Shutting down and abandoning module UObjectPlugin (113)
[2016.10.21-21.32.36:365][148]LogModuleManager: Shutting down and abandoning module SubversionSourceControl (112)
[2016.10.21-21.32.36:365][148]LogModuleManager: Shutting down and abandoning module PerforceSourceControl (111)
[2016.10.21-21.32.36:365][148]LogModuleManager: Shutting down and abandoning module SourceControl (110)
[2016.10.21-21.32.36:366][148]LogModuleManager: Shutting down and abandoning module GitSourceControl (109)
[2016.10.21-21.32.36:366][148]LogModuleManager: Shutting down and abandoning module LightPropagationVolumeEditor (108)
[2016.10.21-21.32.36:366][148]LogModuleManager: Shutting down and abandoning module PaperTiledImporter (107)
[2016.10.21-21.32.36:366][148]LogModuleManager: Shutting down and abandoning module PaperSpriteSheetImporter (106)
[2016.10.21-21.32.36:366][148]LogModuleManager: Shutting down and abandoning module MeshPaint (105)
[2016.10.21-21.32.36:366][148]LogModuleManager: Shutting down and abandoning module FbxAutomationBuilderModule (104)
[2016.10.21-21.32.36:366][148]LogModuleManager: Shutting down and abandoning module PixelInspectorModule (103)
[2016.10.21-21.32.36:366][148]LogModuleManager: Shutting down and abandoning module HotReload (102)
[2016.10.21-21.32.36:367][148]LogModuleManager: Shutting down and abandoning module MainFrame (101)
[2016.10.21-21.32.36:367][148]LogModuleManager: Shutting down and abandoning module LevelEditor (100)
[2016.10.21-21.32.36:369][148]LogModuleManager: Shutting down and abandoning module ContentBrowser (99)
[2016.10.21-21.32.36:370][148]LogModuleManager: Shutting down and abandoning module Paper2DEditor (98)
[2016.10.21-21.32.36:371][148]LogModuleManager: Shutting down and abandoning module UdpMessaging (97)
[2016.10.21-21.32.36:471][148]LogModuleManager: Shutting down and abandoning module TcpMessaging (96)
[2016.10.21-21.32.36:572][148]LogModuleManager: Shutting down and abandoning module SubstanceCore (95)
[2016.10.21-21.32.36:572][148]LogModuleManager: Shutting down and abandoning module LightPropagationVolumeRuntime (94)
[2016.10.21-21.32.36:572][148]LogModuleManager: Shutting down and abandoning module Paper2D (93)
[2016.10.21-21.32.36:572][148]LogModuleManager: Shutting down and abandoning module WindowsMoviePlayer (92)
[2016.10.21-21.32.36:573][148]LogModuleManager: Shutting down and abandoning module WmfMedia (91)
[2016.10.21-21.32.36:573][148]LogModuleManager: Shutting down and abandoning module MediaAssets (90)
[2016.10.21-21.32.36:573][148]LogModuleManager: Shutting down and abandoning module GameLiveStreaming (89)
[2016.10.21-21.32.36:573][148]LogModuleManager: Shutting down and abandoning module GameplayTagsEditor (88)
[2016.10.21-21.32.36:573][148]LogModuleManager: Shutting down and abandoning module VREditor (87)
[2016.10.21-21.32.36:573][148]LogModuleManager: Shutting down and abandoning module GameplayTasksEditor (86)
[2016.10.21-21.32.36:573][148]LogModuleManager: Shutting down and abandoning module PropertyEditor (85)
[2016.10.21-21.32.36:573][148]LogModuleManager: Shutting down and abandoning module BehaviorTreeEditor (84)
[2016.10.21-21.32.36:573][148]LogModuleManager: Shutting down and abandoning module FunctionalTesting (83)
[2016.10.21-21.32.36:574][148]LogModuleManager: Shutting down and abandoning module CollisionAnalyzer (82)
[2016.10.21-21.32.36:574][148]LogModuleManager: Shutting down and abandoning module Sequencer (81)
[2016.10.21-21.32.36:574][148]LogModuleManager: Shutting down and abandoning module WorkspaceMenuStructure (80)
[2016.10.21-21.32.36:574][148]LogModuleManager: Shutting down and abandoning module MessageLog (79)
[2016.10.21-21.32.36:574][148]LogModuleManager: Shutting down and abandoning module AssetTools (78)
[2016.10.21-21.32.36:574][148]LogModuleManager: Shutting down and abandoning module UMGEditor (77)
[2016.10.21-21.32.36:574][148]LogModuleManager: Shutting down and abandoning module UMG (76)
[2016.10.21-21.32.36:574][148]LogModuleManager: Shutting down and abandoning module SlateReflector (75)
[2016.10.21-21.32.36:574][148]LogModuleManager: Shutting down and abandoning module Slate (74)
[2016.10.21-21.32.36:575][148]LogModuleManager: Shutting down and abandoning module EditorStyle (73)
[2016.10.21-21.32.36:581][148]LogModuleManager: Shutting down and abandoning module SourceCodeAccess (72)
[2016.10.21-21.32.36:581][148]LogModuleManager: Shutting down and abandoning module HeadMountedDisplay (71)
[2016.10.21-21.32.36:582][148]LogModuleManager: Shutting down and abandoning module XAudio2 (70)
[2016.10.21-21.32.36:582][148]LogModuleManager: Shutting down and abandoning module Networking (68)
[2016.10.21-21.32.36:582][148]LogModuleManager: Shutting down and abandoning module Core (67)
[2016.10.21-21.32.36:582][148]LogModuleManager: Shutting down and abandoning module DirectoryWatcher (66)
[2016.10.21-21.32.36:582][148]LogDirectoryWatcher: A directory notification for '../../../Engine/Content/' was aborted.
[2016.10.21-21.32.36:582][148]LogDirectoryWatcher: A directory notification for 'D:/Class/Level Design/Disco Tower Level Midterm/MidtermStarter/Content/' was aborted.
[2016.10.21-21.32.36:582][148]LogDirectoryWatcher: A directory notification for '../../../Engine/Plugins/2D/Paper2D/Content/' was aborted.
[2016.10.21-21.32.36:583][148]LogModuleManager: Shutting down and abandoning module AssetRegistry (65)
[2016.10.21-21.32.36:895][148]LogModuleManager: Shutting down and abandoning module KismetCompiler (64)
[2016.10.21-21.32.36:895][148]LogModuleManager: Shutting down and abandoning module PhysXFormats (63)
[2016.10.21-21.32.36:895][148]LogModuleManager: Shutting down and abandoning module MeshUtilities (62)
[2016.10.21-21.32.36:895][148]LogModuleManager: Shutting down and abandoning module DerivedDataCache (61)
[2016.10.21-21.32.36:932][148]LogDerivedDataCache: Shutdown
[2016.10.21-21.32.36:932][148]LogModuleManager: Shutting down and abandoning module VulkanShaderFormat (60)
[2016.10.21-21.32.36:932][148]LogModuleManager: Shutting down and abandoning module ShaderFormatOpenGL (59)
[2016.10.21-21.32.36:932][148]LogModuleManager: Shutting down and abandoning module ShaderFormatD3D (58)
[2016.10.21-21.32.36:932][148]LogModuleManager: Shutting down and abandoning module MetalShaderFormat (57)
[2016.10.21-21.32.36:932][148]LogModuleManager: Shutting down and abandoning module TextureFormatUncompressed (56)
[2016.10.21-21.32.36:932][148]LogModuleManager: Shutting down and abandoning module TextureFormatPVR (55)
[2016.10.21-21.32.36:932][148]LogModuleManager: Shutting down and abandoning module TextureFormatDXT (54)
[2016.10.21-21.32.36:932][148]LogModuleManager: Shutting down and abandoning module TextureFormatIntelISPCTexComp (53)
[2016.10.21-21.32.36:932][148]LogModuleManager: Shutting down and abandoning module ImageWrapper (52)
[2016.10.21-21.32.36:932][148]LogModuleManager: Shutting down and abandoning module TextureFormatASTC (51)
[2016.10.21-21.32.36:932][148]LogModuleManager: Shutting down and abandoning module TextureFormatAndroid (50)
[2016.10.21-21.32.36:932][148]LogModuleManager: Shutting down and abandoning module AudioFormatOpus (49)
[2016.10.21-21.32.36:932][148]LogModuleManager: Shutting down and abandoning module AudioFormatOgg (48)
[2016.10.21-21.32.36:932][148]LogModuleManager: Shutting down and abandoning module AudioFormatADPCM (47)
[2016.10.21-21.32.36:933][148]LogModuleManager: Shutting down and abandoning module LinuxTargetPlatform (46)
[2016.10.21-21.32.36:933][148]LogModuleManager: Shutting down and abandoning module LinuxServerTargetPlatform (45)
[2016.10.21-21.32.36:933][148]LogModuleManager: Shutting down and abandoning module LinuxNoEditorTargetPlatform (44)
[2016.10.21-21.32.36:933][148]LogModuleManager: Shutting down and abandoning module LinuxClientTargetPlatform (43)
[2016.10.21-21.32.36:933][148]LogModuleManager: Shutting down and abandoning module TVOSTargetPlatform (42)
[2016.10.21-21.32.36:933][148]LogModuleManager: Shutting down and abandoning module Messaging (41)
[2016.10.21-21.32.36:933][148]LogModuleManager: Shutting down and abandoning module IOSTargetPlatform (40)
[2016.10.21-21.32.36:933][148]LogModuleManager: Shutting down and abandoning module HTML5TargetPlatform (39)
[2016.10.21-21.32.36:933][148]LogModuleManager: Shutting down and abandoning module Android_PVRTCTargetPlatform (38)
[2016.10.21-21.32.36:933][148]LogModuleManager: Shutting down and abandoning module Android_MultiTargetPlatform (37)
[2016.10.21-21.32.36:933][148]LogModuleManager: Shutting down and abandoning module Android_ETC2TargetPlatform (36)
[2016.10.21-21.32.36:933][148]LogModuleManager: Shutting down and abandoning module Android_ETC1TargetPlatform (35)
[2016.10.21-21.32.36:933][148]LogModuleManager: Shutting down and abandoning module Android_DXTTargetPlatform (34)
[2016.10.21-21.32.36:933][148]LogModuleManager: Shutting down and abandoning module Android_ATCTargetPlatform (33)
[2016.10.21-21.32.36:933][148]LogModuleManager: Shutting down and abandoning module Android_ASTCTargetPlatform (32)
[2016.10.21-21.32.36:933][148]LogModuleManager: Shutting down and abandoning module AndroidTargetPlatform (31)
[2016.10.21-21.32.36:933][148]LogModuleManager: Shutting down and abandoning module WindowsTargetPlatform (30)
[2016.10.21-21.32.36:933][148]LogModuleManager: Shutting down and abandoning module WindowsServerTargetPlatform (29)
[2016.10.21-21.32.36:933][148]LogModuleManager: Shutting down and abandoning module WindowsNoEditorTargetPlatform (28)
[2016.10.21-21.32.36:933][148]LogModuleManager: Shutting down and abandoning module WindowsClientTargetPlatform (27)
[2016.10.21-21.32.36:933][148]LogModuleManager: Shutting down and abandoning module AllDesktopTargetPlatform (26)
[2016.10.21-21.32.36:933][148]LogModuleManager: Shutting down and abandoning module TargetPlatform (25)
[2016.10.21-21.32.36:933][148]LogModuleManager: Shutting down and abandoning module InputCore (24)
[2016.10.21-21.32.36:933][148]LogModuleManager: Shutting down and abandoning module Settings (23)
[2016.10.21-21.32.36:933][148]LogModuleManager: Shutting down and abandoning module OculusRift (22)
[2016.10.21-21.32.36:933][148]LogModuleManager: Shutting down and abandoning module GearVR (21)
[2016.10.21-21.32.36:933][148]LogModuleManager: Shutting down and abandoning module ExampleDeviceProfileSelector (20)
[2016.10.21-21.32.36:933][148]LogModuleManager: Shutting down and abandoning module OnlineBlueprintSupport (19)
[2016.10.21-21.32.36:934][148]LogModuleManager: Shutting down and abandoning module OnlineSubsystem (17)
[2016.10.21-21.32.36:934][148]LogOnline:Display: Unloading online subsystem: NULL
[2016.10.21-21.32.36:934][148]LogModuleManager: Shutting down and abandoning module HTTP (16)
[2016.10.21-21.32.36:934][148]LogHttp:Display: Http module shutting down, but needs to wait on 1 outstanding Http requests:
[2016.10.21-21.32.36:934][148]LogHttp:Display: 	verb=[POST] url=[https://datarouter.ol.epicgames.com/datarouter/api/v1/public/data?SessionID=%7B091F37FD-4D24-8317-DF63-8FA7A48DAD85%7D&AppID=UEEditor.Rocket.Release&AppVersion=4.13.1-3142249%2B%2B%2BUE4%2BRelease-4.13&UserID=c50df66b463b0a3d4bfe22ab555d5e03%7Ccc6e7492497b469c8692c619bc8bd6da%7C52f06db0-a439-40c8-86f5-84af41deac45&AppEnvironment=datacollector-binary&UploadType=eteventstream] status=Processing
[2016.10.21-21.32.36:950][148]LogModuleManager: Shutting down and abandoning module XMPP (15)
[2016.10.21-21.32.36:950][148]LogModuleManager: Shutting down and abandoning module TextureCompressor (14)
[2016.10.21-21.32.36:950][148]LogModuleManager: Shutting down and abandoning module ShaderCore (13)
[2016.10.21-21.32.36:950][148]LogModuleManager: Shutting down and abandoning module Landscape (12)
[2016.10.21-21.32.36:950][148]LogModuleManager: Shutting down and abandoning module SlateRHIRenderer (11)
[2016.10.21-21.32.36:952][148]LogModuleManager: Shutting down and abandoning module OpenGLDrv (10)
[2016.10.21-21.32.36:952][148]LogModuleManager: Shutting down and abandoning module D3D11RHI (9)
[2016.10.21-21.32.36:952][148]LogModuleManager: Shutting down and abandoning module AnimGraphRuntime (8)
[2016.10.21-21.32.36:952][148]LogModuleManager: Shutting down and abandoning module Renderer (7)
[2016.10.21-21.32.36:952][148]LogModuleManager: Shutting down and abandoning module Engine (6)
[2016.10.21-21.32.36:952][148]LogModuleManager: Shutting down and abandoning module CoreUObject (5)
[2016.10.21-21.32.36:952][148]LogModuleManager: Shutting down and abandoning module NetworkFile (4)
[2016.10.21-21.32.36:952][148]LogModuleManager: Shutting down and abandoning module StreamingFile (3)
[2016.10.21-21.32.36:952][148]LogModuleManager: Shutting down and abandoning module SandboxFile (2)
[2016.10.21-21.32.36:952][148]LogModuleManager: Shutting down and abandoning module PakFile (1)
[2016.10.21-21.32.36:955][148]LogExit: Exiting.
[2016.10.21-21.32.36:976][148]Log file closed, 10/21/16 17:32:36
