Log file open, 10/23/16 14:39:12
LogInit:Display: Running engine for game: MidtermStarter
LogPlatformFile: Not using cached read wrapper
LogInit:Display: RandInit(-1834221859) SRandInit(-1834221859).
LogTaskGraph: Started task graph with 5 named threads and 8 total threads with 1 sets of task threads.
LogStats: Stats thread started at 0.162704
LogPluginManager: Loaded Plugin Paper2D, From C:/Program Files/Epic Games/4.13/Engine/Plugins/2D/Paper2D/Paper2D.uplugin
LogPluginManager: Loaded Plugin LightPropagationVolume, From C:/Program Files/Epic Games/4.13/Engine/Plugins/Blendables/LightPropagationVolume/LightPropagationVolume.uplugin
LogPluginManager: Loaded Plugin BlankPlugin, From C:/Program Files/Epic Games/4.13/Engine/Plugins/Developer/BlankPlugin/BlankPlugin.uplugin
LogPluginManager: Loaded Plugin CodeLiteSourceCodeAccess, From C:/Program Files/Epic Games/4.13/Engine/Plugins/Developer/CodeLiteSourceCodeAccess/CodeLiteSourceCodeAccess.uplugin
LogPluginManager: Loaded Plugin GitSourceControl, From C:/Program Files/Epic Games/4.13/Engine/Plugins/Developer/GitSourceControl/GitSourceControl.uplugin
LogPluginManager: Loaded Plugin KDevelopSourceCodeAccess, From C:/Program Files/Epic Games/4.13/Engine/Plugins/Developer/KDevelopSourceCodeAccess/KDevelopSourceCodeAccess.uplugin
LogPluginManager: Loaded Plugin NullSourceCodeAccess, From C:/Program Files/Epic Games/4.13/Engine/Plugins/Developer/NullSourceCodeAccess/NullSourceCodeAccess.uplugin
LogPluginManager: Loaded Plugin OneSkyLocalizationService, From C:/Program Files/Epic Games/4.13/Engine/Plugins/Developer/OneSkyLocalizationService/OneSkyLocalizationService.uplugin
LogPluginManager: Loaded Plugin PerforceSourceControl, From C:/Program Files/Epic Games/4.13/Engine/Plugins/Developer/PerforceSourceControl/PerforceSourceControl.uplugin
LogPluginManager: Loaded Plugin SubversionSourceControl, From C:/Program Files/Epic Games/4.13/Engine/Plugins/Developer/SubversionSourceControl/SubversionSourceControl.uplugin
LogPluginManager: Loaded Plugin UObjectPlugin, From C:/Program Files/Epic Games/4.13/Engine/Plugins/Developer/UObjectPlugin/UObjectPlugin.uplugin
LogPluginManager: Loaded Plugin VisualStudioSourceCodeAccess, From C:/Program Files/Epic Games/4.13/Engine/Plugins/Developer/VisualStudioSourceCodeAccess/VisualStudioSourceCodeAccess.uplugin
LogPluginManager: Loaded Plugin XCodeSourceCodeAccess, From C:/Program Files/Epic Games/4.13/Engine/Plugins/Developer/XCodeSourceCodeAccess/XCodeSourceCodeAccess.uplugin
LogPluginManager: Loaded Plugin EpicSurvey, From C:/Program Files/Epic Games/4.13/Engine/Plugins/Editor/EpicSurvey/EpicSurvey.uplugin
LogPluginManager: Loaded Plugin MacGraphicsSwitching, From C:/Program Files/Epic Games/4.13/Engine/Plugins/Editor/MacGraphicsSwitching/MacGraphicsSwitching.uplugin
LogPluginManager: Loaded Plugin MobileLauncherProfileWizard, From C:/Program Files/Epic Games/4.13/Engine/Plugins/Editor/MobileLauncherProfileWizard/MobileLauncherProfileWizard.uplugin
LogPluginManager: Loaded Plugin PluginBrowser, From C:/Program Files/Epic Games/4.13/Engine/Plugins/Editor/PluginBrowser/PluginBrowser.uplugin
LogPluginManager: Loaded Plugin SpeedTreeImporter, From C:/Program Files/Epic Games/4.13/Engine/Plugins/Editor/SpeedTreeImporter/SpeedTreeImporter.uplugin
LogPluginManager: Loaded Plugin SuperSearchEditor, From C:/Program Files/Epic Games/4.13/Engine/Plugins/Editor/SuperSearchEditor/SuperSearchEditor.uplugin
LogPluginManager: Loaded Plugin AlembicImporter, From C:/Program Files/Epic Games/4.13/Engine/Plugins/Experimental/AlembicImporter/AlembicImporter.uplugin
LogPluginManager: Loaded Plugin BlueprintStats, From C:/Program Files/Epic Games/4.13/Engine/Plugins/Experimental/BlueprintStats/BlueprintStats.uplugin
LogPluginManager: Loaded Plugin CharacterAI, From C:/Program Files/Epic Games/4.13/Engine/Plugins/Experimental/CharacterAI/CharacterAI.uplugin
LogPluginManager: Loaded Plugin CodeEditor, From C:/Program Files/Epic Games/4.13/Engine/Plugins/Experimental/CodeEditor/CodeEditor.uplugin
LogPluginManager: Loaded Plugin CodeView, From C:/Program Files/Epic Games/4.13/Engine/Plugins/Experimental/CodeView/CodeView.uplugin
LogPluginManager: Loaded Plugin HTML5Networking, From C:/Program Files/Epic Games/4.13/Engine/Plugins/Experimental/HTML5Networking/HTML5Networking.uplugin
LogPluginManager: Loaded Plugin LiveEditor, From C:/Program Files/Epic Games/4.13/Engine/Plugins/Experimental/LiveEditor/LiveEditor.uplugin
LogPluginManager: Loaded Plugin OSVR, From C:/Program Files/Epic Games/4.13/Engine/Plugins/Experimental/OSVR/OSVR.uplugin
LogPluginManager: Loaded Plugin Phya, From C:/Program Files/Epic Games/4.13/Engine/Plugins/Experimental/Phya/Phya.uplugin
LogPluginManager: Loaded Plugin SignificanceManager, From C:/Program Files/Epic Games/4.13/Engine/Plugins/Experimental/SignificanceManager/SignificanceManager.uplugin
LogPluginManager: Loaded Plugin SimpleHMD, From C:/Program Files/Epic Games/4.13/Engine/Plugins/Experimental/SimpleHMD/SimpleHMD.uplugin
LogPluginManager: Loaded Plugin StereoPanorama, From C:/Program Files/Epic Games/4.13/Engine/Plugins/Experimental/StereoPanorama/StereoPanorama.uplugin
LogPluginManager: Loaded Plugin StructBox, From C:/Program Files/Epic Games/4.13/Engine/Plugins/Experimental/StructBox/StructBox.uplugin
LogPluginManager: Loaded Plugin Substance, From C:/Program Files/Epic Games/4.13/Engine/Plugins/Marketplace/Substance/Substance.uplugin
LogPluginManager: Loaded Plugin AndroidMedia, From C:/Program Files/Epic Games/4.13/Engine/Plugins/Media/AndroidMedia/AndroidMedia.uplugin
LogPluginManager: Loaded Plugin AvfMedia, From C:/Program Files/Epic Games/4.13/Engine/Plugins/Media/AvfMedia/AvfMedia.uplugin
LogPluginManager: Loaded Plugin MediaPlayerEditor, From C:/Program Files/Epic Games/4.13/Engine/Plugins/Media/MediaPlayerEditor/MediaPlayerEditor.uplugin
LogPluginManager: Loaded Plugin WmfMedia, From C:/Program Files/Epic Games/4.13/Engine/Plugins/Media/WmfMedia/WmfMedia.uplugin
LogPluginManager: Loaded Plugin MessagingDebugger, From C:/Program Files/Epic Games/4.13/Engine/Plugins/Messaging/MessagingDebugger/MessagingDebugger.uplugin
LogPluginManager: Loaded Plugin TcpMessaging, From C:/Program Files/Epic Games/4.13/Engine/Plugins/Messaging/TcpMessaging/TcpMessaging.uplugin
LogPluginManager: Loaded Plugin UdpMessaging, From C:/Program Files/Epic Games/4.13/Engine/Plugins/Messaging/UdpMessaging/UdpMessaging.uplugin
LogPluginManager: Loaded Plugin LevelSequenceEditor, From C:/Program Files/Epic Games/4.13/Engine/Plugins/MovieScene/LevelSequenceEditor/LevelSequenceEditor.uplugin
LogPluginManager: Loaded Plugin MatineeToLevelSequence, From C:/Program Files/Epic Games/4.13/Engine/Plugins/MovieScene/MatineeToLevelSequence/MatineeToLevelSequence.uplugin
LogPluginManager: Loaded Plugin NetcodeUnitTest, From C:/Program Files/Epic Games/4.13/Engine/Plugins/NetcodeUnitTest/NetcodeUnitTest/NetcodeUnitTest.uplugin
LogPluginManager: Loaded Plugin NUTUnrealEngine4, From C:/Program Files/Epic Games/4.13/Engine/Plugins/NetcodeUnitTest/NUTUnrealEngine4/NUTUnrealEngine4.uplugin
LogPluginManager: Loaded Plugin OnlineSubsystemGooglePlay, From C:/Program Files/Epic Games/4.13/Engine/Plugins/Online/Android/OnlineSubsystemGooglePlay/OnlineSubsystemGooglePlay.uplugin
LogPluginManager: Loaded Plugin OnlineSubsystemIOS, From C:/Program Files/Epic Games/4.13/Engine/Plugins/Online/IOS/OnlineSubsystemIOS/OnlineSubsystemIOS.uplugin
LogPluginManager: Loaded Plugin OnlineFramework, From C:/Program Files/Epic Games/4.13/Engine/Plugins/Online/OnlineFramework/OnlineFramework.uplugin
LogPluginManager: Loaded Plugin OnlineSubsystem, From C:/Program Files/Epic Games/4.13/Engine/Plugins/Online/OnlineSubsystem/OnlineSubsystem.uplugin
LogPluginManager: Loaded Plugin OnlineSubsystemAmazon, From C:/Program Files/Epic Games/4.13/Engine/Plugins/Online/OnlineSubsystemAmazon/OnlineSubsystemAmazon.uplugin
LogPluginManager: Loaded Plugin OnlineSubsystemFacebook, From C:/Program Files/Epic Games/4.13/Engine/Plugins/Online/OnlineSubsystemFacebook/OnlineSubsystemFacebook.uplugin
LogPluginManager: Loaded Plugin OnlineSubsystemNull, From C:/Program Files/Epic Games/4.13/Engine/Plugins/Online/OnlineSubsystemNull/OnlineSubsystemNull.uplugin
LogPluginManager: Loaded Plugin OnlineSubsystemOculus, From C:/Program Files/Epic Games/4.13/Engine/Plugins/Online/OnlineSubsystemOculus/OnlineSubsystemOculus.uplugin
LogPluginManager: Loaded Plugin OnlineSubsystemSteam, From C:/Program Files/Epic Games/4.13/Engine/Plugins/Online/OnlineSubsystemSteam/OnlineSubsystemSteam.uplugin
LogPluginManager: Loaded Plugin OnlineSubsystemUtils, From C:/Program Files/Epic Games/4.13/Engine/Plugins/Online/OnlineSubsystemUtils/OnlineSubsystemUtils.uplugin
LogPluginManager: Loaded Plugin IOSTapJoy, From C:/Program Files/Epic Games/4.13/Engine/Plugins/Runtime/Advertising/IOSTapJoy/IOSTapJoy.uplugin
LogPluginManager: Loaded Plugin AnalyticsBlueprintLibrary, From C:/Program Files/Epic Games/4.13/Engine/Plugins/Runtime/Analytics/AnalyticsBlueprintLibrary/AnalyticsBlueprintLibrary.uplugin
LogPluginManager: Loaded Plugin AnalyticsMulticast, From C:/Program Files/Epic Games/4.13/Engine/Plugins/Runtime/Analytics/AnalyticsMulticast/AnalyticsMulticast.uplugin
LogPluginManager: Loaded Plugin Apsalar, From C:/Program Files/Epic Games/4.13/Engine/Plugins/Runtime/Analytics/Apsalar/Apsalar.uplugin
LogPluginManager: Loaded Plugin FileLogging, From C:/Program Files/Epic Games/4.13/Engine/Plugins/Runtime/Analytics/FileLogging/FileLogging.uplugin
LogPluginManager: Loaded Plugin Flurry, From C:/Program Files/Epic Games/4.13/Engine/Plugins/Runtime/Analytics/Flurry/Flurry.uplugin
LogPluginManager: Loaded Plugin AndroidDeviceProfileSelector, From C:/Program Files/Epic Games/4.13/Engine/Plugins/Runtime/AndroidDeviceProfileSelector/AndroidDeviceProfileSelector.uplugin
LogPluginManager: Loaded Plugin AndroidMoviePlayer, From C:/Program Files/Epic Games/4.13/Engine/Plugins/Runtime/AndroidMoviePlayer/AndroidMoviePlayer.uplugin
LogPluginManager: Loaded Plugin AppleMoviePlayer, From C:/Program Files/Epic Games/4.13/Engine/Plugins/Runtime/AppleMoviePlayer/AppleMoviePlayer.uplugin
LogPluginManager: Loaded Plugin ArchVisCharacter, From C:/Program Files/Epic Games/4.13/Engine/Plugins/Runtime/ArchVisCharacter/ArchVisCharacter.uplugin
LogPluginManager: Loaded Plugin CableComponent, From C:/Program Files/Epic Games/4.13/Engine/Plugins/Runtime/CableComponent/CableComponent.uplugin
LogPluginManager: Loaded Plugin CustomMeshComponent, From C:/Program Files/Epic Games/4.13/Engine/Plugins/Runtime/CustomMeshComponent/CustomMeshComponent.uplugin
LogPluginManager: Loaded Plugin ExampleDeviceProfileSelector, From C:/Program Files/Epic Games/4.13/Engine/Plugins/Runtime/ExampleDeviceProfileSelector/ExampleDeviceProfileSelector.uplugin
LogPluginManager: Loaded Plugin GearVR, From C:/Program Files/Epic Games/4.13/Engine/Plugins/Runtime/GearVR/GearVR.uplugin
LogPluginManager: Loaded Plugin GoogleVRController, From C:/Program Files/Epic Games/4.13/Engine/Plugins/Runtime/GoogleVR/GoogleVRController/GoogleVRController.uplugin
LogPluginManager: Loaded Plugin GoogleVRHMD, From C:/Program Files/Epic Games/4.13/Engine/Plugins/Runtime/GoogleVR/GoogleVRHMD/GoogleVRHMD.uplugin
LogPluginManager: Loaded Plugin IOSDeviceProfileSelector, From C:/Program Files/Epic Games/4.13/Engine/Plugins/Runtime/IOSDeviceProfileSelector/IOSDeviceProfileSelector.uplugin
LogPluginManager: Loaded Plugin LeapMotion, From C:/Program Files/Epic Games/4.13/Engine/Plugins/Runtime/LeapMotion/LeapMotion.uplugin
LogPluginManager: Loaded Plugin LinuxDeviceProfileSelector, From C:/Program Files/Epic Games/4.13/Engine/Plugins/Runtime/LinuxDeviceProfileSelector/LinuxDeviceProfileSelector.uplugin
LogPluginManager: Loaded Plugin LiveEditorListenServer, From C:/Program Files/Epic Games/4.13/Engine/Plugins/Runtime/LiveEditorListenServer/LiveEditorListenServer.uplugin
LogPluginManager: Loaded Plugin OculusAudio, From C:/Program Files/Epic Games/4.13/Engine/Plugins/Runtime/OculusAudio/OculusAudio.uplugin
LogPluginManager: Loaded Plugin OculusInput, From C:/Program Files/Epic Games/4.13/Engine/Plugins/Runtime/OculusInput/OculusInput.uplugin
LogPluginManager: Loaded Plugin OculusLibrary, From C:/Program Files/Epic Games/4.13/Engine/Plugins/Runtime/OculusLibrary/OculusLibrary.uplugin
LogPluginManager: Loaded Plugin OculusRift, From C:/Program Files/Epic Games/4.13/Engine/Plugins/Runtime/OculusRift/OculusRift.uplugin
LogPluginManager: Loaded Plugin Oodle, From C:/Program Files/Epic Games/4.13/Engine/Plugins/Runtime/PacketHandlers/CompressionComponents/Oodle/Oodle.uplugin
LogPluginManager: Loaded Plugin ProceduralMeshComponent, From C:/Program Files/Epic Games/4.13/Engine/Plugins/Runtime/ProceduralMeshComponent/ProceduralMeshComponent.uplugin
LogPluginManager: Loaded Plugin SoundMod, From C:/Program Files/Epic Games/4.13/Engine/Plugins/Runtime/SoundMod/SoundMod.uplugin
LogPluginManager: Loaded Plugin SoundVisualizations, From C:/Program Files/Epic Games/4.13/Engine/Plugins/Runtime/SoundVisualizations/SoundVisualizations.uplugin
LogPluginManager: Loaded Plugin SteamController, From C:/Program Files/Epic Games/4.13/Engine/Plugins/Runtime/Steam/SteamController/SteamController.uplugin
LogPluginManager: Loaded Plugin SteamVR, From C:/Program Files/Epic Games/4.13/Engine/Plugins/Runtime/Steam/SteamVR/SteamVR.uplugin
LogPluginManager: Loaded Plugin WebBrowserWidget, From C:/Program Files/Epic Games/4.13/Engine/Plugins/Runtime/WebBrowserWidget/WebBrowserWidget.uplugin
LogPluginManager: Loaded Plugin WindowsDeviceProfileSelector, From C:/Program Files/Epic Games/4.13/Engine/Plugins/Runtime/WindowsDeviceProfileSelector/WindowsDeviceProfileSelector.uplugin
LogPluginManager: Loaded Plugin WindowsMoviePlayer, From C:/Program Files/Epic Games/4.13/Engine/Plugins/Runtime/WindowsMoviePlayer/WindowsMoviePlayer.uplugin
LogPluginManager: Loaded Plugin ScriptPlugin, From C:/Program Files/Epic Games/4.13/Engine/Plugins/ScriptPlugin/ScriptPlugin.uplugin
LogPluginManager: Loaded Plugin SlateRemote, From C:/Program Files/Epic Games/4.13/Engine/Plugins/Slate/SlateRemote/SlateRemote.uplugin
LogInit: Using libcurl 7.47.1
LogInit:  - built for x86_64-pc-win32
LogInit:  - supports SSL with WinSSL
LogInit:  - other features:
LogInit:      CURL_VERSION_SSL
LogInit:      CURL_VERSION_IPV6
LogInit:      CURL_VERSION_ASYNCHDNS
LogInit:      CURL_VERSION_LARGEFILE
LogInit:      CURL_VERSION_IDN
LogInit:  CurlRequestOptions (configurable via config and command line):
LogInit:  - bVerifyPeer = false  - Libcurl will NOT verify peer certificate
LogInit:  - bUseHttpProxy = false  - Libcurl will NOT use HTTP proxy
LogInit:  - bDontReuseConnections = false  - Libcurl will reuse connections
LogInit:  - CertBundlePath = nullptr  - Libcurl will use whatever was configured at build time.
LogInit: Build: ++UE4+Release-4.13-CL-3142249
LogInit: Engine Version: 4.13.1-3142249+++UE4+Release-4.13
LogInit: Compatible Engine Version: 4.13.0-3106830+++UE4+Release-4.13
LogInit: Net CL: 3142249
LogDevObjectVersion: Number of dev versions registered: 13
LogDevObjectVersion:   Dev-Blueprints (B0D832E4-1F89-4F0D-ACCF-7EB736FD4AA2): 5
LogDevObjectVersion:   Dev-Build (E1C64328-A22C-4D53-A36C-8E866417BD8C): 0
LogDevObjectVersion:   Dev-Core (375EC13C-06E4-48FB-B500-84F0262A717E): 1
LogDevObjectVersion:   Dev-Editor (E4B068ED-F494-42E9-A231-DA0B2E46BB41): 6
LogDevObjectVersion:   Dev-Framework (CFFC743F-43B0-4480-9391-14DF171D2073): 12
LogDevObjectVersion:   Dev-Mobile (B02B49B5-BB20-44E9-A304-32B752E40360): 0
LogDevObjectVersion:   Dev-Networking (A4E4105C-59A1-49B5-A7C5-40C4547EDFEE): 0
LogDevObjectVersion:   Dev-Online (39C831C9-5AE6-47DC-9A44-9C173E1C8E7C): 0
LogDevObjectVersion:   Dev-Physics (78F01B33-EBEA-4F98-B9B4-84EACCB95AA2): 0
LogDevObjectVersion:   Dev-Platform (6631380F-2D4D-43E0-8009-CF276956A95A): 0
LogDevObjectVersion:   Dev-Rendering (12F88B9F-8875-4AFC-A67C-D90C383ABD29): 4
LogDevObjectVersion:   Dev-Sequencer (7B5AE74C-D270-4C10-A958-57980B212A5A): 0
LogDevObjectVersion:   Dev-VR (D7296918-1DD6-4BDD-9DE2-64A83CC13884): 0
LogInit: Compiled (64-bit): Sep 28 2016 02:12:12
LogInit: Compiled with Visual C++: 19.00.23026.00
LogInit: Build Configuration: Development
LogInit: Branch Name: ++UE4+Release-4.13
LogInit: Command line:  
LogInit: Base directory: C:/Program Files/Epic Games/4.13/Engine/Binaries/Win64/
LogInit: Installed Engine Build: 1
LogInit: Presizing for max 8388607 objects, including 0 objects not considered by GC, pre-allocating 0 bytes for permanent pool.
LogInit: Object subsystem initialized
[2016.10.23-18.39.12:881][  0]LogInit: Selected Device Profile: [Windows]
[2016.10.23-18.39.12:881][  0]LogInit: Applying CVar settings loaded from the selected device profile: [Windows]
[2016.10.23-18.39.12:908][  0]LogInit: Computer: DEREKMALONE-PC
[2016.10.23-18.39.12:908][  0]LogInit: User: DerekMalone
[2016.10.23-18.39.12:908][  0]LogInit: CPU Page size=65536, Cores=4
[2016.10.23-18.39.12:908][  0]LogInit: High frequency timer resolution =2.241011 MHz
[2016.10.23-18.39.12:909][  0]LogMemory: Memory total: Physical=16.0GB (16GB approx)
[2016.10.23-18.39.12:909][  0]LogMemory: Platform Memory Stats for Windows
[2016.10.23-18.39.12:909][  0]LogMemory: Process Physical Memory: 259.36 MB used, 259.36 MB peak
[2016.10.23-18.39.12:909][  0]LogMemory: Process Virtual Memory: 260.29 MB used, 260.29 MB peak
[2016.10.23-18.39.12:909][  0]LogMemory: Physical Memory: 5518.50 MB used, 16337.79 MB total
[2016.10.23-18.39.12:909][  0]LogMemory: Virtual Memory: 643.37 MB used, 134217728.00 MB total
[2016.10.23-18.39.13:009][  0]LogTextLocalizationManager: No specific translations for ('en-US') exist, so ('en') translations will be used.
[2016.10.23-18.39.14:803][  0]LogD3D11RHI: D3D11 adapters:
[2016.10.23-18.39.14:865][  0]LogD3D11RHI:    0. 'NVIDIA GeForce GTX 660M' (Feature Level 11_0)
[2016.10.23-18.39.14:865][  0]LogD3D11RHI:       2017/0/8168 MB DedicatedVideo/DedicatedSystem/SharedSystem, Outputs:2, VendorId:0x10de
[2016.10.23-18.39.14:870][  0]LogD3D11RHI:    1. 'Microsoft Basic Render Driver' (Feature Level 11_0)
[2016.10.23-18.39.14:870][  0]LogD3D11RHI:       0/0/8168 MB DedicatedVideo/DedicatedSystem/SharedSystem, Outputs:0, VendorId:0x1414
[2016.10.23-18.39.14:870][  0]LogD3D11RHI: Chosen D3D11 Adapter: 0
[2016.10.23-18.39.14:889][  0]LogD3D11RHI: Creating new Direct3DDevice
[2016.10.23-18.39.14:889][  0]LogD3D11RHI:     GPU DeviceId: 0xfd4 (for the marketing name, search the web for "GPU Device Id")
[2016.10.23-18.39.14:889][  0]LogWindows: EnumDisplayDevices:
[2016.10.23-18.39.14:890][  0]LogWindows:    0. 'NVIDIA GeForce GTX 660M' (P:1 D:1)
[2016.10.23-18.39.14:891][  0]LogWindows:    1. 'NVIDIA GeForce GTX 660M' (P:0 D:1)
[2016.10.23-18.39.14:891][  0]LogWindows:    2. 'NVIDIA GeForce GTX 660M' (P:0 D:0)
[2016.10.23-18.39.14:892][  0]LogWindows:    3. 'NVIDIA GeForce GTX 660M' (P:0 D:0)
[2016.10.23-18.39.14:892][  0]LogWindows: DebugString: FoundDriverCount:4 
[2016.10.23-18.39.14:892][  0]LogD3D11RHI:     Adapter Name: NVIDIA GeForce GTX 660M
[2016.10.23-18.39.14:892][  0]LogD3D11RHI:   Driver Version: 372.90 (internal:21.21.13.7290, unified:372.90)
[2016.10.23-18.39.14:892][  0]LogD3D11RHI:      Driver Date: 9-16-2016
[2016.10.23-18.39.14:892][  0]LogRHI: Texture pool is 1361 MB (70% of 1945 MB)
[2016.10.23-18.39.14:926][  0]LogD3D11RHI: Async texture creation enabled
[2016.10.23-18.39.14:947][  0]LogD3D11RHI: GPU Timing Frequency: 1000.000000 (Debug: 2 1)
[2016.10.23-18.39.14:948][  0]LogShaderCompilers: Guid format shader working directory is -31 characters bigger than the processId version (../../../../../../Users/Derek Malone/Documents/GitHub/DiscoLevel/MidtermStarter/Intermediate/Shaders/WorkingDirectory/29284/).
[2016.10.23-18.39.14:949][  0]LogShaderCompilers: Cleaned the shader compiler working directory 'C:/Users/DEREKM~1/AppData/Local/Temp/UnrealShaderWorkingDir/0194C6414971AAA580C040B92F7282EC/'.
[2016.10.23-18.39.14:949][  0]LogShaderCompilers:Display: Using Local Shader Compiler.
[2016.10.23-18.39.18:095][  0]LogTemp:Display: Loaded TP AllDesktopTargetPlatform
[2016.10.23-18.39.18:128][  0]LogTemp:Display: Loaded TP WindowsClientTargetPlatform
[2016.10.23-18.39.18:155][  0]LogTemp:Display: Loaded TP WindowsNoEditorTargetPlatform
[2016.10.23-18.39.18:190][  0]LogTemp:Display: Loaded TP WindowsServerTargetPlatform
[2016.10.23-18.39.18:224][  0]LogTemp:Display: Loaded TP WindowsTargetPlatform
[2016.10.23-18.39.18:247][  0]LogTemp:Display: Loaded TP AndroidTargetPlatform
[2016.10.23-18.39.18:273][  0]LogTemp:Display: Loaded TP Android_ASTCTargetPlatform
[2016.10.23-18.39.18:296][  0]LogTemp:Display: Loaded TP Android_ATCTargetPlatform
[2016.10.23-18.39.18:321][  0]LogTemp:Display: Loaded TP Android_DXTTargetPlatform
[2016.10.23-18.39.18:344][  0]LogTemp:Display: Loaded TP Android_ETC1TargetPlatform
[2016.10.23-18.39.18:367][  0]LogTemp:Display: Loaded TP Android_ETC2TargetPlatform
[2016.10.23-18.39.18:426][  0]LogTemp:Display: Loaded TP Android_MultiTargetPlatform
[2016.10.23-18.39.18:426][  0]LogTemp:Display: Loaded TP Android_PVRTCTargetPlatform
[2016.10.23-18.39.18:430][  0]LogTemp:Display: Loaded TP HTML5TargetPlatform
[2016.10.23-18.39.18:475][  0]LogTemp:Display: Loaded TP IOSTargetPlatform
[2016.10.23-18.39.18:496][  0]LogTemp:Display: Loaded TP TVOSTargetPlatform
[2016.10.23-18.39.18:521][  0]LogTemp:Display: Loaded TP LinuxClientTargetPlatform
[2016.10.23-18.39.18:546][  0]LogTemp:Display: Loaded TP LinuxNoEditorTargetPlatform
[2016.10.23-18.39.18:571][  0]LogTemp:Display: Loaded TP LinuxServerTargetPlatform
[2016.10.23-18.39.18:596][  0]LogTemp:Display: Loaded TP LinuxTargetPlatform
[2016.10.23-18.39.18:596][  0]LogTargetPlatformManager:Display: Building Assets For Windows
[2016.10.23-18.39.18:927][  0]LogDerivedDataCache:Display: Max Cache Size: 512 MB
[2016.10.23-18.39.19:103][  0]LogDerivedDataCache: Loaded boot cache 0.18s 62MB C:/Users/Derek Malone/AppData/Local/UnrealEngine/4.13/DerivedDataCache/Boot.ddc.
[2016.10.23-18.39.19:103][  0]LogDerivedDataCache:Display: Loaded Boot cache: C:/Users/Derek Malone/AppData/Local/UnrealEngine/4.13/DerivedDataCache/Boot.ddc
[2016.10.23-18.39.19:103][  0]LogDerivedDataCache: FDerivedDataBackendGraph:  Pak pak cache file ../../../../../../Users/Derek Malone/Documents/GitHub/DiscoLevel/MidtermStarter/DerivedDataCache/DDC.ddp not found, will not use a pak cache.
[2016.10.23-18.39.19:103][  0]LogDerivedDataCache: Unable to find inner node Pak for hierarchical cache Hierarchy.
[2016.10.23-18.39.19:104][  0]LogDerivedDataCache: FDerivedDataBackendGraph:  CompressedPak pak cache file ../../../../../../Users/Derek Malone/Documents/GitHub/DiscoLevel/MidtermStarter/DerivedDataCache/Compressed.ddp not found, will not use a pak cache.
[2016.10.23-18.39.19:104][  0]LogDerivedDataCache: Unable to find inner node CompressedPak for hierarchical cache Hierarchy.
[2016.10.23-18.39.19:164][  0]LogDerivedDataCache:Display: Pak cache opened for reading ../../../Engine/DerivedDataCache/Compressed.ddp.
[2016.10.23-18.39.19:179][  0]LogDerivedDataCache: Using Local data cache path C:/Users/Derek Malone/AppData/Local/UnrealEngine/Common/DerivedDataCache: Writable
[2016.10.23-18.39.19:903][  0]LogInit: Selected Device Profile: [Windows]
[2016.10.23-18.39.19:907][  0]LogContentStreaming: Texture pool size is 0.00 MB
[2016.10.23-18.39.20:217][  0]LogMeshUtilities: No automatic mesh reduction module available
[2016.10.23-18.39.20:217][  0]LogMeshUtilities: No automatic mesh merging module available
[2016.10.23-18.39.20:217][  0]LogMeshUtilities: No distributed automatic mesh merging module available
[2016.10.23-18.39.20:459][  0]LogMaterial: Uniform references updated for custom material expression Custom.
[2016.10.23-18.39.21:324][  0]LogNetVersion: GetLocalNetworkVersion: CL: 3106830, ProjectName: midtermstarter, ProjectVersion: , EngineNetworkVersion: 1, GameNetworkVersion: 0, NetworkChecksum: 4029104964
[2016.10.23-18.39.21:405][  0]LogAssetRegistry: FAssetRegistry took 0.0236 seconds to start up
[2016.10.23-18.39.21:545][  0]LogPackageLocalizationCache: Processed 3 localized package path(s) for 2 prioritized culture(s) in 0.127142 seconds
[2016.10.23-18.39.21:560][  0]LogUObjectArray: 29778 objects as part of root set at end of initial load.
[2016.10.23-18.39.21:560][  0]LogUObjectAllocator: 6125448 out of 0 bytes used by permanent object pool.
[2016.10.23-18.39.21:560][  0]LogUObjectArray: CloseDisregardForGC: 0/0 objects in disregard for GC pool
[2016.10.23-18.39.21:584][  0]LogInit: WinSock: version 1.1 (2.2), MaxSocks=32767, MaxUdp=65467
[2016.10.23-18.39.22:329][  0]LogSlate: SlateFontCache - WITH_FREETYPE: 1, WITH_HARFBUZZ: 1
[2016.10.23-18.39.22:329][  0]LogSlate: SlateFontCache - WITH_FREETYPE: 1, WITH_HARFBUZZ: 1
[2016.10.23-18.39.24:300][  0]LogSubstanceCoreModule: Substance CPU Engine Loaded, Max Texture Size 2048
[2016.10.23-18.39.24:336][  0]LogTcpMessaging: Initializing TcpMessaging bridge
[2016.10.23-18.39.24:382][  0]LogUdpMessaging: Initializing bridge on interface 0.0.0.0:0 to multicast group 230.0.0.1:6666.
[2016.10.23-18.39.25:048][  0]SourceControl: Info Source control is disabled
[2016.10.23-18.39.26:178][  0]LogEngine: Initializing Engine...
[2016.10.23-18.39.26:214][  0]LogHMD: Failed to initialize OpenVR with code 108
[2016.10.23-18.39.26:656][  0]LogAIModule: Creating AISystem for world Untitled
[2016.10.23-18.39.26:709][  0]LogInit: XAudio2 using 'Headphones (2- High Definition Audio Device)' : 2 channels at 44.1 kHz using 16 bits per sample (channel mask 0x3)
[2016.10.23-18.39.26:747][  0]LogInit: FAudioDevice initialized.
[2016.10.23-18.39.26:820][  0]LogDerivedDataCache: Saved boot cache 0.07s 62MB C:/Users/Derek Malone/AppData/Local/UnrealEngine/4.13/DerivedDataCache/Boot.ddc.
[2016.10.23-18.39.26:838][  0]LogInit: Texture streaming: Enabled
[2016.10.23-18.39.26:918][  0]LogInit: Transaction tracking system initialized
[2016.10.23-18.39.26:994][  0]BlueprintLog: New page: Editor Load
[2016.10.23-18.39.27:260][  0]LocalizationService: Info Localization service is disabled
[2016.10.23-18.39.27:483][  0]LogConsoleResponse:Display: 
[2016.10.23-18.39.27:853][  0]LogCook:Display: Max memory allowance for cook 16384mb min free memory 0mb
[2016.10.23-18.39.27:853][  0]LogCook:Display: Mobile HDR setting 1
[2016.10.23-18.39.28:447][  0]LogFileCache: Scanning file cache for directory 'C:/Users/Derek Malone/Documents/GitHub/DiscoLevel/MidtermStarter/Content/' took 0.03s
[2016.10.23-18.39.28:448][  0]Cmd: MAP LOAD FILE="../../../../../../Users/Derek Malone/Documents/GitHub/DiscoLevel/MidtermStarter/Content/ProceduralTower/StreamingLevels/TowerBase.umap" TEMPLATE=0 SHOWPROGRESS=1 FEATURELEVEL=3
[2016.10.23-18.39.28:449][  0]LightingResults: New page: Lighting Build
[2016.10.23-18.39.28:456][  0]MapCheck: New page: Map Check
[2016.10.23-18.39.28:456][  0]LightingResults: New page: Lighting Build
[2016.10.23-18.39.30:135][  0]LogAIModule: Creating AISystem for world TowerBase
[2016.10.23-18.39.30:438][  0]LogEditorServer: Finished looking for orphan Actors (0.000 secs)
[2016.10.23-18.39.30:441][  0]Cmd: MAP CHECKDEP NOCLEARLOG
[2016.10.23-18.39.30:613][  0]MapCheck: Info Map check complete: 0 Error(s), 0 Warning(s), took 171.515ms to complete.
[2016.10.23-18.39.30:613][  0]LogFileHelpers: Loading map 'TowerBase' took 2.166
[2016.10.23-18.39.30:955][  0]LogCollectionManager: Loaded 0 collections in 0.006936 seconds
[2016.10.23-18.39.31:026][  0]LogFileCache: Scanning file cache for directory 'C:/Users/Derek Malone/Documents/GitHub/DiscoLevel/MidtermStarter/Saved/Collections/' took 0.01s
[2016.10.23-18.39.31:026][  0]LogFileCache: Scanning file cache for directory 'C:/Users/Derek Malone/Documents/GitHub/DiscoLevel/MidtermStarter/Content/Developers/DerekMalone/Collections/' took 0.01s
[2016.10.23-18.39.31:027][  0]LogFileCache: Scanning file cache for directory 'C:/Users/Derek Malone/Documents/GitHub/DiscoLevel/MidtermStarter/Content/Collections/' took 0.01s
[2016.10.23-18.39.31:027][  0]LogCollectionManager: Rebuilt the GUID cache for 0 collections in 0.000012 seconds
[2016.10.23-18.39.31:059][  0]LogContentBrowser: Native class hierarchy populated in 0.0323 seconds. Added 2156 classes and 421 folders.
[2016.10.23-18.39.31:072][  0]LogStats: UGameplayTagsManager::ConstructGameplayTagTree: Construct from data asset -  0.000 s
[2016.10.23-18.39.31:073][  0]LogStats: UGameplayTagsManager::ConstructGameplayTagTree: GameplayTagTreeChangedEvent.Broadcast -  0.000 s
[2016.10.23-18.39.31:075][  0]LogContentBrowser: Native class hierarchy updated for 'GameplayTags' in 0.0017 seconds. Added 12 classes and 0 folders.
[2016.10.23-18.39.31:095][  0]LogContentBrowser: Native class hierarchy updated for 'WidgetCarousel' in 0.0021 seconds. Added 0 classes and 0 folders.
[2016.10.23-18.39.31:257][  0]LogContentBrowser: Native class hierarchy updated for 'AddContentDialog' in 0.0019 seconds. Added 0 classes and 0 folders.
[2016.10.23-18.39.31:273][  0]LogContentBrowser: Native class hierarchy updated for 'SceneOutliner' in 0.0017 seconds. Added 1 classes and 2 folders.
[2016.10.23-18.39.31:304][  0]LogContentBrowser: Native class hierarchy updated for 'WorldBrowser' in 0.0015 seconds. Added 1 classes and 3 folders.
[2016.10.23-18.39.31:479][  0]LogCrashTracker: Crashtracker disabled due to settings.
[2016.10.23-18.39.31:495][  0]LogUObjectGlobals:Warning: Failed to find object 'Class None.'
[2016.10.23-18.39.31:534][  0]LogContentBrowser: Native class hierarchy updated for 'HierarchicalLODOutliner' in 0.0016 seconds. Added 1 classes and 2 folders.
[2016.10.23-18.39.31:535][  0]LogLoad: (Engine Initialization) Total time: 22.59 seconds
[2016.10.23-18.39.31:535][  0]LogLoad: (Engine Initialization) Total Blueprint compile time: 0.67 seconds
[2016.10.23-18.39.31:535][  0]LogExternalProfiler: Found external profiler: VSPerf
[2016.10.23-18.39.31:535][  0]LogExternalProfiler: Using external profiler: VSPerf
[2016.10.23-18.39.31:555][  0]LogWindowsTextInputMethodSystem:Display: IME system now deactivated.
[2016.10.23-18.39.31:556][  0]LogOcInput: OculusInput pre-init called
[2016.10.23-18.39.31:602][  0]LogContentStreaming: Texture pool size now 1000 MB
[2016.10.23-18.39.32:086][  0]LogRenderer: Reallocating scene render targets to support 1208x576 (Frame:2).
[2016.10.23-18.39.32:485][  4]LogAssetRegistry: Asset discovery search completed in 11.1027 seconds
[2016.10.23-18.39.32:485][  4]LogCollectionManager: Rebuilt the object cache for 0 collections in 0.000001 seconds (found 0 objects)
[2016.10.23-18.39.32:485][  4]LogCollectionManager: Fixed up redirectors for 0 collections in 0.000075 seconds (updated 0 objects)
[2016.10.23-18.45.47:430][929]LogAIModule: Creating AISystem for world TopDownExampleMap
[2016.10.23-18.45.47:520][929]Cmd: MAP LOAD FILE="../../../../../../Users/Derek Malone/Documents/GitHub/DiscoLevel/MidtermStarter/Content/TopDownBP/Maps/TopDownExampleMap.umap" TEMPLATE=0 SHOWPROGRESS=1 FEATURELEVEL=3
[2016.10.23-18.45.47:520][929]LightingResults: New page: Lighting Build
[2016.10.23-18.45.47:522][929]LoadErrors: New page: Loading map: TopDownExampleMap.umap
[2016.10.23-18.45.47:526][929]MapCheck: New page: Map Check
[2016.10.23-18.45.47:526][929]LightingResults: New page: Lighting Build
[2016.10.23-18.45.47:740][929]LogEditorServer: Finished looking for orphan Actors (0.000 secs)
[2016.10.23-18.45.47:812][929]Cmd: MAP CHECKDEP NOCLEARLOG
[2016.10.23-18.45.48:020][929]MapCheck: Info Map check complete: 0 Error(s), 0 Warning(s), took 206.53ms to complete.
[2016.10.23-18.45.48:023][929]LogFileHelpers: Loading map 'TopDownExampleMap' took 0.505
[2016.10.23-18.46.05:280][714]LogBlueprintUserMessages: Early PlayInEditor Detection: Level '/Game/TopDownBP/Maps/TopDownExampleMap.TopDownExampleMap:PersistentLevel' has LevelScriptBlueprint '/Game/TopDownBP/Maps/TopDownExampleMap.TopDownExampleMap:PersistentLevel.TopDownExampleMap' with GeneratedClass '/Game/TopDownBP/Maps/TopDownExampleMap.TopDownExampleMap_C' with ClassGeneratedBy '/Game/TopDownBP/Maps/TopDownExampleMap.TopDownExampleMap:PersistentLevel.TopDownExampleMap'
[2016.10.23-18.46.05:280][714]LogPlayLevel: PlayLevel: No blueprints needed recompiling
[2016.10.23-18.46.05:280][714]PIE: New page: PIE session: TopDownExampleMap (Oct 23, 2016, 9:46:05 AM)
[2016.10.23-18.46.05:281][714]LogPlayLevel: Creating play world package: /Game/TopDownBP/Maps/UEDPIE_0_TopDownExampleMap
[2016.10.23-18.46.05:348][714]LogPlayLevel: PIE: StaticDuplicateObject took: (0.067109s)
[2016.10.23-18.46.05:350][714]LogAIModule: Creating AISystem for world TopDownExampleMap
[2016.10.23-18.46.05:351][714]LogPlayLevel: PIE: World Init took: (0.002773s)
[2016.10.23-18.46.05:352][714]LogPlayLevel: PIE: Created PIE world by copying editor world from /Game/TopDownBP/Maps/TopDownExampleMap.TopDownExampleMap to /Game/TopDownBP/Maps/UEDPIE_0_TopDownExampleMap.TopDownExampleMap (0.070677s)
[2016.10.23-18.46.05:431][714]LogInit: XAudio2 using 'Headphones (2- High Definition Audio Device)' : 2 channels at 44.1 kHz using 16 bits per sample (channel mask 0x3)
[2016.10.23-18.46.05:460][714]LogInit: FAudioDevice initialized.
[2016.10.23-18.46.05:522][714]LogWorld: Game class is 'TopDownGameMode_C'
[2016.10.23-18.46.05:539][714]LogWorld: Bringing World /Game/TopDownBP/Maps/UEDPIE_0_TopDownExampleMap.TopDownExampleMap up for play (max tick rate 60) at 2016.10.23-14.46.05
[2016.10.23-18.46.05:541][714]LogWorld: Bringing up level for play took: 0.014448
[2016.10.23-18.46.05:554][714]LogContentBrowser: Native class hierarchy updated for 'MovieSceneCapture' in 0.0019 seconds. Added 11 classes and 0 folders.
[2016.10.23-18.46.05:555][714]LogGameMode:Display: Match State Changed from EnteringMap to WaitingToStart
[2016.10.23-18.46.05:555][714]LogGameState: Match State Changed from EnteringMap to WaitingToStart
[2016.10.23-18.46.05:555][714]LogGameMode:Display: Match State Changed from WaitingToStart to InProgress
[2016.10.23-18.46.05:557][714]LogGameState: Match State Changed from WaitingToStart to InProgress
[2016.10.23-18.46.05:557][714]PIE: Info Play in editor start time for /Game/TopDownBP/Maps/UEDPIE_0_TopDownExampleMap -0.435
[2016.10.23-18.46.05:558][714]LogBlueprintUserMessages: Late PlayInEditor Detection: Level '/Game/TopDownBP/Maps/TopDownExampleMap.TopDownExampleMap:PersistentLevel' has LevelScriptBlueprint '/Game/TopDownBP/Maps/TopDownExampleMap.TopDownExampleMap:PersistentLevel.TopDownExampleMap' with GeneratedClass '/Game/TopDownBP/Maps/TopDownExampleMap.TopDownExampleMap_C' with ClassGeneratedBy '/Game/TopDownBP/Maps/TopDownExampleMap.TopDownExampleMap:PersistentLevel.TopDownExampleMap'
[2016.10.23-18.46.20:011][435]LogBlueprintUserMessages: Early EndPlayMap Detection: Level '/Game/TopDownBP/Maps/TopDownExampleMap.TopDownExampleMap:PersistentLevel' has LevelScriptBlueprint '/Game/TopDownBP/Maps/TopDownExampleMap.TopDownExampleMap:PersistentLevel.TopDownExampleMap' with GeneratedClass '/Game/TopDownBP/Maps/TopDownExampleMap.TopDownExampleMap_C' with ClassGeneratedBy '/Game/TopDownBP/Maps/TopDownExampleMap.TopDownExampleMap:PersistentLevel.TopDownExampleMap'
[2016.10.23-18.46.20:072][435]LogBlueprintUserMessages: Late EndPlayMap Detection: Level '/Game/TopDownBP/Maps/TopDownExampleMap.TopDownExampleMap:PersistentLevel' has LevelScriptBlueprint '/Game/TopDownBP/Maps/TopDownExampleMap.TopDownExampleMap:PersistentLevel.TopDownExampleMap' with GeneratedClass '/Game/TopDownBP/Maps/TopDownExampleMap.TopDownExampleMap_C' with ClassGeneratedBy '/Game/TopDownBP/Maps/TopDownExampleMap.TopDownExampleMap:PersistentLevel.TopDownExampleMap'
[2016.10.23-18.46.26:117][667]LogContentBrowser: Native class hierarchy updated for 'Cascade' in 0.0014 seconds. Added 2 classes and 2 folders.
[2016.10.23-18.47.09:422][983]LogCascade: Quitting Cascade. FXSystem=0x000002B4DF0E4220
[2016.10.23-18.47.10:941][ 40]LogBlueprintUserMessages: Early PlayInEditor Detection: Level '/Game/TopDownBP/Maps/TopDownExampleMap.TopDownExampleMap:PersistentLevel' has LevelScriptBlueprint '/Game/TopDownBP/Maps/TopDownExampleMap.TopDownExampleMap:PersistentLevel.TopDownExampleMap' with GeneratedClass '/Game/TopDownBP/Maps/TopDownExampleMap.TopDownExampleMap_C' with ClassGeneratedBy '/Game/TopDownBP/Maps/TopDownExampleMap.TopDownExampleMap:PersistentLevel.TopDownExampleMap'
[2016.10.23-18.47.10:941][ 40]LogPlayLevel: PlayLevel: No blueprints needed recompiling
[2016.10.23-18.47.10:942][ 40]PIE: New page: PIE session: TopDownExampleMap (Oct 23, 2016, 9:47:10 AM)
[2016.10.23-18.47.10:942][ 40]LogPlayLevel: Creating play world package: /Game/TopDownBP/Maps/UEDPIE_0_TopDownExampleMap
[2016.10.23-18.47.10:998][ 40]LogPlayLevel: PIE: StaticDuplicateObject took: (0.055893s)
[2016.10.23-18.47.11:000][ 40]LogAIModule: Creating AISystem for world TopDownExampleMap
[2016.10.23-18.47.11:001][ 40]LogPlayLevel: PIE: World Init took: (0.002497s)
[2016.10.23-18.47.11:001][ 40]LogPlayLevel: PIE: Created PIE world by copying editor world from /Game/TopDownBP/Maps/TopDownExampleMap.TopDownExampleMap to /Game/TopDownBP/Maps/UEDPIE_0_TopDownExampleMap.TopDownExampleMap (0.059163s)
[2016.10.23-18.47.11:089][ 40]LogInit: XAudio2 using 'Headphones (2- High Definition Audio Device)' : 2 channels at 44.1 kHz using 16 bits per sample (channel mask 0x3)
[2016.10.23-18.47.11:113][ 40]LogInit: FAudioDevice initialized.
[2016.10.23-18.47.11:163][ 40]LogWorld: Game class is 'TopDownGameMode_C'
[2016.10.23-18.47.11:179][ 40]LogWorld: Bringing World /Game/TopDownBP/Maps/UEDPIE_0_TopDownExampleMap.TopDownExampleMap up for play (max tick rate 60) at 2016.10.23-14.47.11
[2016.10.23-18.47.11:181][ 40]LogWorld: Bringing up level for play took: 0.015231
[2016.10.23-18.47.11:186][ 40]LogGameMode:Display: Match State Changed from EnteringMap to WaitingToStart
[2016.10.23-18.47.11:186][ 40]LogGameState: Match State Changed from EnteringMap to WaitingToStart
[2016.10.23-18.47.11:186][ 40]LogGameMode:Display: Match State Changed from WaitingToStart to InProgress
[2016.10.23-18.47.11:187][ 40]LogGameState: Match State Changed from WaitingToStart to InProgress
[2016.10.23-18.47.11:187][ 40]PIE: Info Play in editor start time for /Game/TopDownBP/Maps/UEDPIE_0_TopDownExampleMap 1.195
[2016.10.23-18.47.11:188][ 40]LogBlueprintUserMessages: Late PlayInEditor Detection: Level '/Game/TopDownBP/Maps/TopDownExampleMap.TopDownExampleMap:PersistentLevel' has LevelScriptBlueprint '/Game/TopDownBP/Maps/TopDownExampleMap.TopDownExampleMap:PersistentLevel.TopDownExampleMap' with GeneratedClass '/Game/TopDownBP/Maps/TopDownExampleMap.TopDownExampleMap_C' with ClassGeneratedBy '/Game/TopDownBP/Maps/TopDownExampleMap.TopDownExampleMap:PersistentLevel.TopDownExampleMap'
[2016.10.23-18.48.00:287][352]LogBlueprintUserMessages: Early EndPlayMap Detection: Level '/Game/TopDownBP/Maps/TopDownExampleMap.TopDownExampleMap:PersistentLevel' has LevelScriptBlueprint '/Game/TopDownBP/Maps/TopDownExampleMap.TopDownExampleMap:PersistentLevel.TopDownExampleMap' with GeneratedClass '/Game/TopDownBP/Maps/TopDownExampleMap.TopDownExampleMap_C' with ClassGeneratedBy '/Game/TopDownBP/Maps/TopDownExampleMap.TopDownExampleMap:PersistentLevel.TopDownExampleMap'
[2016.10.23-18.48.00:331][352]LogBlueprintUserMessages: Late EndPlayMap Detection: Level '/Game/TopDownBP/Maps/TopDownExampleMap.TopDownExampleMap:PersistentLevel' has LevelScriptBlueprint '/Game/TopDownBP/Maps/TopDownExampleMap.TopDownExampleMap:PersistentLevel.TopDownExampleMap' with GeneratedClass '/Game/TopDownBP/Maps/TopDownExampleMap.TopDownExampleMap_C' with ClassGeneratedBy '/Game/TopDownBP/Maps/TopDownExampleMap.TopDownExampleMap:PersistentLevel.TopDownExampleMap'
[2016.10.23-18.48.01:437][400]Cmd: SELECT NONE
[2016.10.23-18.48.08:307][707]LogEditorViewport: Clicking on Actor (LMB): StaticMeshActor (Floor)
[2016.10.23-18.48.26:758][376]SourceControl: Info Source control is disabled
[2016.10.23-18.49.24:710][ 84]LogEditorViewport: Clicking on Actor (LMB): StaticMeshActor (Floor)
[2016.10.23-18.49.28:054][188]Cmd: QUIT_EDITOR
[2016.10.23-18.49.28:564][188]LogWindowsTextInputMethodSystem:Display: IME system now deactivated.
[2016.10.23-18.49.28:642][188]LogExit: Preparing to exit.
[2016.10.23-18.49.29:768][188]LogDirectoryWatcher: A directory notification for 'C:/Users/Derek Malone/Documents/GitHub/DiscoLevel/MidtermStarter/Content/' was aborted.
[2016.10.23-18.49.29:822][188]LogExit: Editor shut down
[2016.10.23-18.49.29:823][188]LogExit: Transaction tracking system shut down
[2016.10.23-18.49.30:179][188]LogObj: Freed 0b from 0 cluster array pools.
[2016.10.23-18.49.30:179][188]LogExit: Object subsystem successfully closed.
[2016.10.23-18.49.30:203][188]LogD3D11RHI: Shutdown
[2016.10.23-18.49.30:203][188]LogD3D11RHI: CleanupD3DDevice
[2016.10.23-18.49.30:431][188]LogD3D11RHI: ~FD3D11DynamicRHI
[2016.10.23-18.49.30:492][188]LogModuleManager: Shutting down and abandoning module DistCurveEditor (239)
[2016.10.23-18.49.30:492][188]LogModuleManager: Shutting down and abandoning module Cascade (238)
[2016.10.23-18.49.30:492][188]LogModuleManager: Shutting down and abandoning module MovieSceneCapture (237)
[2016.10.23-18.49.30:492][188]LogModuleManager: Shutting down and abandoning module HierarchicalLODOutliner (236)
[2016.10.23-18.49.30:492][188]LogModuleManager: Shutting down and abandoning module CrashTracker (235)
[2016.10.23-18.49.30:492][188]LogModuleManager: Shutting down and abandoning module WorldBrowser (234)
[2016.10.23-18.49.30:492][188]LogModuleManager: Shutting down and abandoning module SceneOutliner (233)
[2016.10.23-18.49.30:492][188]LogModuleManager: Shutting down and abandoning module WidgetCarousel (232)
[2016.10.23-18.49.30:492][188]LogModuleManager: Shutting down and abandoning module AddContentDialog (231)
[2016.10.23-18.49.30:493][188]LogDirectoryWatcher: A directory notification for 'C:/Program Files/Epic Games/4.13/FeaturePacks/' was aborted.
[2016.10.23-18.49.30:495][188]LogModuleManager: Shutting down and abandoning module GameplayTags (230)
[2016.10.23-18.49.30:495][188]LogModuleManager: Shutting down and abandoning module EditorWidgets (229)
[2016.10.23-18.49.30:495][188]LogModuleManager: Shutting down and abandoning module CollectionManager (228)
[2016.10.23-18.49.30:495][188]LogDirectoryWatcher: A directory notification for 'C:/Users/Derek Malone/Documents/GitHub/DiscoLevel/MidtermStarter/Content/Collections/' was aborted.
[2016.10.23-18.49.30:495][188]LogDirectoryWatcher: A directory notification for 'C:/Users/Derek Malone/Documents/GitHub/DiscoLevel/MidtermStarter/Content/Developers/DerekMalone/Collections/' was aborted.
[2016.10.23-18.49.30:496][188]LogDirectoryWatcher: A directory notification for 'C:/Users/Derek Malone/Documents/GitHub/DiscoLevel/MidtermStarter/Saved/Collections/' was aborted.
[2016.10.23-18.49.30:496][188]LogModuleManager: Shutting down and abandoning module StatsViewer (227)
[2016.10.23-18.49.30:496][188]LogModuleManager: Shutting down and abandoning module FoliageEdit (226)
[2016.10.23-18.49.30:496][188]LogModuleManager: Shutting down and abandoning module LandscapeEditor (225)
[2016.10.23-18.49.30:496][188]LogModuleManager: Shutting down and abandoning module SceneDepthPickerMode (224)
[2016.10.23-18.49.30:496][188]LogModuleManager: Shutting down and abandoning module ActorPickerMode (223)
[2016.10.23-18.49.30:496][188]LogModuleManager: Shutting down and abandoning module GeometryMode (222)
[2016.10.23-18.49.30:496][188]LogModuleManager: Shutting down and abandoning module TextureAlignMode (221)
[2016.10.23-18.49.30:496][188]LogModuleManager: Shutting down and abandoning module BspMode (220)
[2016.10.23-18.49.30:496][188]LogModuleManager: Shutting down and abandoning module HardwareSurvey (219)
[2016.10.23-18.49.30:496][188]LogModuleManager: Shutting down and abandoning module SequenceRecorderSections (218)
[2016.10.23-18.49.30:497][188]LogModuleManager: Shutting down and abandoning module SequenceRecorder (217)
[2016.10.23-18.49.30:497][188]LogModuleManager: Shutting down and abandoning module AutomationWorker (216)
[2016.10.23-18.49.30:497][188]LogModuleManager: Shutting down and abandoning module MatineeToLevelSequence (215)
[2016.10.23-18.49.30:497][188]LogModuleManager: Shutting down and abandoning module PlacementMode (214)
[2016.10.23-18.49.30:497][188]LogModuleManager: Shutting down and abandoning module LevelSequenceEditor (213)
[2016.10.23-18.49.30:497][188]LogModuleManager: Shutting down and abandoning module WmfMediaFactory (212)
[2016.10.23-18.49.30:497][188]LogModuleManager: Shutting down and abandoning module WmfMediaEditor (211)
[2016.10.23-18.49.30:497][188]LogModuleManager: Shutting down and abandoning module AvfMediaFactory (210)
[2016.10.23-18.49.30:497][188]LogModuleManager: Shutting down and abandoning module AvfMediaEditor (209)
[2016.10.23-18.49.30:497][188]LogModuleManager: Shutting down and abandoning module Media (208)
[2016.10.23-18.49.30:497][188]LogModuleManager: Shutting down and abandoning module AndroidMediaFactory (207)
[2016.10.23-18.49.30:497][188]LogModuleManager: Shutting down and abandoning module AndroidMediaEditor (206)
[2016.10.23-18.49.30:497][188]LogModuleManager: Shutting down and abandoning module CharacterAI (205)
[2016.10.23-18.49.30:498][188]LogModuleManager: Shutting down and abandoning module SmartSnapping (204)
[2016.10.23-18.49.30:498][188]LogModuleManager: Shutting down and abandoning module SessionServices (203)
[2016.10.23-18.49.30:498][188]LogModuleManager: Shutting down and abandoning module ViewportSnapping (202)
[2016.10.23-18.49.30:498][188]LogModuleManager: Shutting down and abandoning module ViewportInteraction (201)
[2016.10.23-18.49.30:498][188]LogModuleManager: Shutting down and abandoning module LogVisualizer (200)
[2016.10.23-18.49.30:498][188]LogModuleManager: Shutting down and abandoning module GameProjectGeneration (199)
[2016.10.23-18.49.30:498][188]LogModuleManager: Shutting down and abandoning module IntroTutorials (198)
[2016.10.23-18.49.30:498][188]LogModuleManager: Shutting down and abandoning module EditorLiveStreaming (197)
[2016.10.23-18.49.30:498][188]LogModuleManager: Shutting down and abandoning module IOSPlatformEditor (196)
[2016.10.23-18.49.30:498][188]LogModuleManager: Shutting down and abandoning module HTML5PlatformEditor (195)
[2016.10.23-18.49.30:499][188]LogModuleManager: Shutting down and abandoning module AndroidDeviceDetection (194)
[2016.10.23-18.49.30:643][188]LogModuleManager: Shutting down and abandoning module AndroidPlatformEditor (193)
[2016.10.23-18.49.30:643][188]LogModuleManager: Shutting down and abandoning module IOSRuntimeSettings (192)
[2016.10.23-18.49.30:643][188]LogModuleManager: Shutting down and abandoning module AndroidRuntimeSettings (191)
[2016.10.23-18.49.30:643][188]LogModuleManager: Shutting down and abandoning module NiagaraEditor (190)
[2016.10.23-18.49.30:643][188]LogModuleManager: Shutting down and abandoning module MergeActors (189)
[2016.10.23-18.49.30:643][188]LogModuleManager: Shutting down and abandoning module SizeMap (188)
[2016.10.23-18.49.30:643][188]LogModuleManager: Shutting down and abandoning module TreeMap (187)
[2016.10.23-18.49.30:643][188]LogModuleManager: Shutting down and abandoning module ReferenceViewer (186)
[2016.10.23-18.49.30:643][188]LogModuleManager: Shutting down and abandoning module LocalizationService (185)
[2016.10.23-18.49.30:643][188]LogModuleManager: Shutting down and abandoning module LocalizationDashboard (184)
[2016.10.23-18.49.30:644][188]LogModuleManager: Shutting down and abandoning module HardwareTargeting (183)
[2016.10.23-18.49.30:644][188]LogModuleManager: Shutting down and abandoning module DeviceProfileEditor (182)
[2016.10.23-18.49.30:644][188]LogModuleManager: Shutting down and abandoning module UndoHistory (181)
[2016.10.23-18.49.30:644][188]LogModuleManager: Shutting down and abandoning module UserFeedback (180)
[2016.10.23-18.49.30:644][188]LogModuleManager: Shutting down and abandoning module XmlParser (179)
[2016.10.23-18.49.30:644][188]LogModuleManager: Shutting down and abandoning module Blutility (178)
[2016.10.23-18.49.30:644][188]LogModuleManager: Shutting down and abandoning module ProjectTargetPlatformEditor (177)
[2016.10.23-18.49.30:644][188]LogModuleManager: Shutting down and abandoning module ProjectSettingsViewer (176)
[2016.10.23-18.49.30:645][188]LogModuleManager: Shutting down and abandoning module InputBindingEditor (175)
[2016.10.23-18.49.30:645][188]LogModuleManager: Shutting down and abandoning module EditorSettingsViewer (174)
[2016.10.23-18.49.30:645][188]LogModuleManager: Shutting down and abandoning module SettingsEditor (173)
[2016.10.23-18.49.30:646][188]LogModuleManager: Shutting down and abandoning module ProjectLauncher (172)
[2016.10.23-18.49.30:646][188]LogModuleManager: Shutting down and abandoning module SessionFrontend (171)
[2016.10.23-18.49.30:647][188]LogModuleManager: Shutting down and abandoning module ProfilerClient (170)
[2016.10.23-18.49.30:647][188]LogModuleManager: Shutting down and abandoning module TargetDeviceServices (169)
[2016.10.23-18.49.30:647][188]LogModuleManager: Shutting down and abandoning module DeviceManager (168)
[2016.10.23-18.49.30:689][188]LogModuleManager: Shutting down and abandoning module AutomationController (167)
[2016.10.23-18.49.30:689][188]LogModuleManager: Shutting down and abandoning module AutomationWindow (166)
[2016.10.23-18.49.30:689][188]LogModuleManager: Shutting down and abandoning module Layers (165)
[2016.10.23-18.49.30:689][188]LogModuleManager: Shutting down and abandoning module ComponentVisualizers (164)
[2016.10.23-18.49.30:689][188]LogModuleManager: Shutting down and abandoning module DetailCustomizations (163)
[2016.10.23-18.49.30:689][188]LogModuleManager: Shutting down and abandoning module PackagesDialog (162)
[2016.10.23-18.49.30:690][188]LogModuleManager: Shutting down and abandoning module AnimGraph (161)
[2016.10.23-18.49.30:690][188]LogModuleManager: Shutting down and abandoning module Persona (160)
[2016.10.23-18.49.30:690][188]LogModuleManager: Shutting down and abandoning module Kismet (159)
[2016.10.23-18.49.30:691][188]LogModuleManager: Shutting down and abandoning module GraphEditor (158)
[2016.10.23-18.49.30:691][188]LogModuleManager: Shutting down and abandoning module ClassViewer (157)
[2016.10.23-18.49.30:691][188]LogModuleManager: Shutting down and abandoning module Toolbox (156)
[2016.10.23-18.49.30:691][188]LogModuleManager: Shutting down and abandoning module ModuleUI (155)
[2016.10.23-18.49.30:691][188]LogModuleManager: Shutting down and abandoning module MovieSceneTools (154)
[2016.10.23-18.49.30:692][188]LogModuleManager: Shutting down and abandoning module OutputLog (153)
[2016.10.23-18.49.30:692][188]LogModuleManager: Shutting down and abandoning module GammaUI (152)
[2016.10.23-18.49.30:692][188]LogModuleManager: Shutting down and abandoning module Documentation (151)
[2016.10.23-18.49.30:692][188]LogModuleManager: Shutting down and abandoning module Niagara (150)
[2016.10.23-18.49.30:692][188]LogModuleManager: Shutting down and abandoning module StreamingPauseRendering (149)
[2016.10.23-18.49.30:692][188]LogModuleManager: Shutting down and abandoning module AnalyticsET (148)
[2016.10.23-18.49.30:692][188]LogModuleManager: Shutting down and abandoning module PortalServices (147)
[2016.10.23-18.49.30:692][188]LogModuleManager: Shutting down and abandoning module PortalRpc (146)
[2016.10.23-18.49.30:692][188]LogModuleManager: Shutting down and abandoning module MessagingRpc (145)
[2016.10.23-18.49.30:692][188]LogModuleManager: Shutting down and abandoning module GameplayDebugger (144)
[2016.10.23-18.49.30:692][188]LogModuleManager: Shutting down and abandoning module AITestSuite (143)
[2016.10.23-18.49.30:692][188]LogModuleManager: Shutting down and abandoning module AIModule (142)
[2016.10.23-18.49.30:692][188]LogModuleManager: Shutting down and abandoning module ProfilerService (141)
[2016.10.23-18.49.30:938][188]LogModuleManager: Shutting down and abandoning module TaskGraph (140)
[2016.10.23-18.49.30:938][188]LogModuleManager: Shutting down and abandoning module SubstanceEditor (139)
[2016.10.23-18.49.30:938][188]LogModuleManager: Shutting down and abandoning module SlateRemote (138)
[2016.10.23-18.49.30:938][188]LogModuleManager: Shutting down and abandoning module SteamVRController (137)
[2016.10.23-18.49.30:938][188]LogModuleManager: Shutting down and abandoning module SteamVR (136)
[2016.10.23-18.49.30:938][188]LogModuleManager: Shutting down and abandoning module ProceduralMeshComponentEditor (135)
[2016.10.23-18.49.30:939][188]LogModuleManager: Shutting down and abandoning module ProceduralMeshComponent (134)
[2016.10.23-18.49.30:939][188]LogModuleManager: Shutting down and abandoning module OculusLibrary (133)
[2016.10.23-18.49.30:939][188]LogModuleManager: Shutting down and abandoning module OculusInput (132)
[2016.10.23-18.49.30:939][188]LogModuleManager: Shutting down and abandoning module CustomMeshComponent (131)
[2016.10.23-18.49.30:939][188]LogModuleManager: Shutting down and abandoning module CableComponent (130)
[2016.10.23-18.49.30:939][188]LogModuleManager: Shutting down and abandoning module ArchVisCharacter (129)
[2016.10.23-18.49.30:939][188]LogModuleManager: Shutting down and abandoning module MediaPlayerEditor (127)
[2016.10.23-18.49.30:939][188]LogModuleManager: Shutting down and abandoning module HTML5Networking (126)
[2016.10.23-18.49.30:939][188]LogModuleManager: Shutting down and abandoning module GeometryCacheEd (125)
[2016.10.23-18.49.30:939][188]LogModuleManager: Shutting down and abandoning module GeometryCache (124)
[2016.10.23-18.49.30:939][188]LogModuleManager: Shutting down and abandoning module AlembicLibrary (123)
[2016.10.23-18.49.30:939][188]LogModuleManager: Shutting down and abandoning module AlembicImporter (122)
[2016.10.23-18.49.30:939][188]LogModuleManager: Shutting down and abandoning module SuperSearch (121)
[2016.10.23-18.49.30:939][188]LogModuleManager: Shutting down and abandoning module SuperSearchEditor (120)
[2016.10.23-18.49.30:939][188]LogModuleManager: Shutting down and abandoning module SpeedTreeImporter (119)
[2016.10.23-18.49.30:939][188]LogModuleManager: Shutting down and abandoning module PluginBrowser (118)
[2016.10.23-18.49.30:939][188]LogModuleManager: Shutting down and abandoning module MobileLauncherProfileWizard (117)
[2016.10.23-18.49.30:939][188]LogModuleManager: Shutting down and abandoning module EpicSurvey (116)
[2016.10.23-18.49.30:940][188]LogModuleManager: Shutting down and abandoning module DesktopPlatform (115)
[2016.10.23-18.49.30:940][188]LogModuleManager: Shutting down and abandoning module VisualStudioSourceCodeAccess (114)
[2016.10.23-18.49.30:940][188]LogModuleManager: Shutting down and abandoning module UObjectPlugin (113)
[2016.10.23-18.49.30:940][188]LogModuleManager: Shutting down and abandoning module SubversionSourceControl (112)
[2016.10.23-18.49.30:940][188]LogModuleManager: Shutting down and abandoning module PerforceSourceControl (111)
[2016.10.23-18.49.30:940][188]LogModuleManager: Shutting down and abandoning module SourceControl (110)
[2016.10.23-18.49.30:940][188]LogModuleManager: Shutting down and abandoning module GitSourceControl (109)
[2016.10.23-18.49.30:940][188]LogModuleManager: Shutting down and abandoning module LightPropagationVolumeEditor (108)
[2016.10.23-18.49.30:940][188]LogModuleManager: Shutting down and abandoning module PaperTiledImporter (107)
[2016.10.23-18.49.30:940][188]LogModuleManager: Shutting down and abandoning module PaperSpriteSheetImporter (106)
[2016.10.23-18.49.30:940][188]LogModuleManager: Shutting down and abandoning module MeshPaint (105)
[2016.10.23-18.49.30:940][188]LogModuleManager: Shutting down and abandoning module FbxAutomationBuilderModule (104)
[2016.10.23-18.49.30:940][188]LogModuleManager: Shutting down and abandoning module PixelInspectorModule (103)
[2016.10.23-18.49.30:940][188]LogModuleManager: Shutting down and abandoning module HotReload (102)
[2016.10.23-18.49.30:941][188]LogModuleManager: Shutting down and abandoning module MainFrame (101)
[2016.10.23-18.49.30:941][188]LogModuleManager: Shutting down and abandoning module LevelEditor (100)
[2016.10.23-18.49.30:943][188]LogModuleManager: Shutting down and abandoning module ContentBrowser (99)
[2016.10.23-18.49.30:945][188]LogModuleManager: Shutting down and abandoning module Paper2DEditor (98)
[2016.10.23-18.49.30:945][188]LogModuleManager: Shutting down and abandoning module UdpMessaging (97)
[2016.10.23-18.49.31:046][188]LogModuleManager: Shutting down and abandoning module TcpMessaging (96)
[2016.10.23-18.49.31:146][188]LogModuleManager: Shutting down and abandoning module SubstanceCore (95)
[2016.10.23-18.49.31:146][188]LogModuleManager: Shutting down and abandoning module LightPropagationVolumeRuntime (94)
[2016.10.23-18.49.31:146][188]LogModuleManager: Shutting down and abandoning module Paper2D (93)
[2016.10.23-18.49.31:146][188]LogModuleManager: Shutting down and abandoning module WindowsMoviePlayer (92)
[2016.10.23-18.49.31:146][188]LogModuleManager: Shutting down and abandoning module WmfMedia (91)
[2016.10.23-18.49.31:147][188]LogModuleManager: Shutting down and abandoning module MediaAssets (90)
[2016.10.23-18.49.31:147][188]LogModuleManager: Shutting down and abandoning module GameLiveStreaming (89)
[2016.10.23-18.49.31:147][188]LogModuleManager: Shutting down and abandoning module GameplayTagsEditor (88)
[2016.10.23-18.49.31:147][188]LogModuleManager: Shutting down and abandoning module VREditor (87)
[2016.10.23-18.49.31:147][188]LogModuleManager: Shutting down and abandoning module GameplayTasksEditor (86)
[2016.10.23-18.49.31:147][188]LogModuleManager: Shutting down and abandoning module PropertyEditor (85)
[2016.10.23-18.49.31:147][188]LogModuleManager: Shutting down and abandoning module BehaviorTreeEditor (84)
[2016.10.23-18.49.31:147][188]LogModuleManager: Shutting down and abandoning module FunctionalTesting (83)
[2016.10.23-18.49.31:147][188]LogModuleManager: Shutting down and abandoning module CollisionAnalyzer (82)
[2016.10.23-18.49.31:147][188]LogModuleManager: Shutting down and abandoning module Sequencer (81)
[2016.10.23-18.49.31:148][188]LogModuleManager: Shutting down and abandoning module WorkspaceMenuStructure (80)
[2016.10.23-18.49.31:148][188]LogModuleManager: Shutting down and abandoning module MessageLog (79)
[2016.10.23-18.49.31:148][188]LogModuleManager: Shutting down and abandoning module AssetTools (78)
[2016.10.23-18.49.31:148][188]LogModuleManager: Shutting down and abandoning module UMGEditor (77)
[2016.10.23-18.49.31:148][188]LogModuleManager: Shutting down and abandoning module UMG (76)
[2016.10.23-18.49.31:148][188]LogModuleManager: Shutting down and abandoning module SlateReflector (75)
[2016.10.23-18.49.31:148][188]LogModuleManager: Shutting down and abandoning module Slate (74)
[2016.10.23-18.49.31:148][188]LogModuleManager: Shutting down and abandoning module EditorStyle (73)
[2016.10.23-18.49.31:156][188]LogModuleManager: Shutting down and abandoning module SourceCodeAccess (72)
[2016.10.23-18.49.31:156][188]LogModuleManager: Shutting down and abandoning module HeadMountedDisplay (71)
[2016.10.23-18.49.31:156][188]LogModuleManager: Shutting down and abandoning module XAudio2 (70)
[2016.10.23-18.49.31:156][188]LogModuleManager: Shutting down and abandoning module Networking (68)
[2016.10.23-18.49.31:156][188]LogModuleManager: Shutting down and abandoning module Core (67)
[2016.10.23-18.49.31:156][188]LogModuleManager: Shutting down and abandoning module DirectoryWatcher (66)
[2016.10.23-18.49.31:156][188]LogDirectoryWatcher: A directory notification for '../../../Engine/Content/' was aborted.
[2016.10.23-18.49.31:156][188]LogDirectoryWatcher: A directory notification for '../../../../../../Users/Derek Malone/Documents/GitHub/DiscoLevel/MidtermStarter/Content/' was aborted.
[2016.10.23-18.49.31:157][188]LogDirectoryWatcher: A directory notification for '../../../Engine/Plugins/2D/Paper2D/Content/' was aborted.
[2016.10.23-18.49.31:157][188]LogModuleManager: Shutting down and abandoning module AssetRegistry (65)
[2016.10.23-18.49.31:372][188]LogModuleManager: Shutting down and abandoning module KismetCompiler (64)
[2016.10.23-18.49.31:372][188]LogModuleManager: Shutting down and abandoning module PhysXFormats (63)
[2016.10.23-18.49.31:373][188]LogModuleManager: Shutting down and abandoning module MeshUtilities (62)
[2016.10.23-18.49.31:373][188]LogModuleManager: Shutting down and abandoning module DerivedDataCache (61)
[2016.10.23-18.49.31:399][188]LogDerivedDataCache: Shutdown
[2016.10.23-18.49.31:399][188]LogModuleManager: Shutting down and abandoning module VulkanShaderFormat (60)
[2016.10.23-18.49.31:399][188]LogModuleManager: Shutting down and abandoning module ShaderFormatOpenGL (59)
[2016.10.23-18.49.31:399][188]LogModuleManager: Shutting down and abandoning module ShaderFormatD3D (58)
[2016.10.23-18.49.31:399][188]LogModuleManager: Shutting down and abandoning module MetalShaderFormat (57)
[2016.10.23-18.49.31:399][188]LogModuleManager: Shutting down and abandoning module TextureFormatUncompressed (56)
[2016.10.23-18.49.31:399][188]LogModuleManager: Shutting down and abandoning module TextureFormatPVR (55)
[2016.10.23-18.49.31:399][188]LogModuleManager: Shutting down and abandoning module TextureFormatDXT (54)
[2016.10.23-18.49.31:399][188]LogModuleManager: Shutting down and abandoning module TextureFormatIntelISPCTexComp (53)
[2016.10.23-18.49.31:399][188]LogModuleManager: Shutting down and abandoning module ImageWrapper (52)
[2016.10.23-18.49.31:399][188]LogModuleManager: Shutting down and abandoning module TextureFormatASTC (51)
[2016.10.23-18.49.31:399][188]LogModuleManager: Shutting down and abandoning module TextureFormatAndroid (50)
[2016.10.23-18.49.31:399][188]LogModuleManager: Shutting down and abandoning module AudioFormatOpus (49)
[2016.10.23-18.49.31:399][188]LogModuleManager: Shutting down and abandoning module AudioFormatOgg (48)
[2016.10.23-18.49.31:400][188]LogModuleManager: Shutting down and abandoning module AudioFormatADPCM (47)
[2016.10.23-18.49.31:400][188]LogModuleManager: Shutting down and abandoning module LinuxTargetPlatform (46)
[2016.10.23-18.49.31:400][188]LogModuleManager: Shutting down and abandoning module LinuxServerTargetPlatform (45)
[2016.10.23-18.49.31:400][188]LogModuleManager: Shutting down and abandoning module LinuxNoEditorTargetPlatform (44)
[2016.10.23-18.49.31:400][188]LogModuleManager: Shutting down and abandoning module LinuxClientTargetPlatform (43)
[2016.10.23-18.49.31:400][188]LogModuleManager: Shutting down and abandoning module TVOSTargetPlatform (42)
[2016.10.23-18.49.31:400][188]LogModuleManager: Shutting down and abandoning module Messaging (41)
[2016.10.23-18.49.31:400][188]LogModuleManager: Shutting down and abandoning module IOSTargetPlatform (40)
[2016.10.23-18.49.31:400][188]LogModuleManager: Shutting down and abandoning module HTML5TargetPlatform (39)
[2016.10.23-18.49.31:400][188]LogModuleManager: Shutting down and abandoning module Android_PVRTCTargetPlatform (38)
[2016.10.23-18.49.31:400][188]LogModuleManager: Shutting down and abandoning module Android_MultiTargetPlatform (37)
[2016.10.23-18.49.31:400][188]LogModuleManager: Shutting down and abandoning module Android_ETC2TargetPlatform (36)
[2016.10.23-18.49.31:400][188]LogModuleManager: Shutting down and abandoning module Android_ETC1TargetPlatform (35)
[2016.10.23-18.49.31:400][188]LogModuleManager: Shutting down and abandoning module Android_DXTTargetPlatform (34)
[2016.10.23-18.49.31:400][188]LogModuleManager: Shutting down and abandoning module Android_ATCTargetPlatform (33)
[2016.10.23-18.49.31:400][188]LogModuleManager: Shutting down and abandoning module Android_ASTCTargetPlatform (32)
[2016.10.23-18.49.31:400][188]LogModuleManager: Shutting down and abandoning module AndroidTargetPlatform (31)
[2016.10.23-18.49.31:400][188]LogModuleManager: Shutting down and abandoning module WindowsTargetPlatform (30)
[2016.10.23-18.49.31:400][188]LogModuleManager: Shutting down and abandoning module WindowsServerTargetPlatform (29)
[2016.10.23-18.49.31:400][188]LogModuleManager: Shutting down and abandoning module WindowsNoEditorTargetPlatform (28)
[2016.10.23-18.49.31:400][188]LogModuleManager: Shutting down and abandoning module WindowsClientTargetPlatform (27)
[2016.10.23-18.49.31:400][188]LogModuleManager: Shutting down and abandoning module AllDesktopTargetPlatform (26)
[2016.10.23-18.49.31:400][188]LogModuleManager: Shutting down and abandoning module TargetPlatform (25)
[2016.10.23-18.49.31:400][188]LogModuleManager: Shutting down and abandoning module InputCore (24)
[2016.10.23-18.49.31:400][188]LogModuleManager: Shutting down and abandoning module Settings (23)
[2016.10.23-18.49.31:400][188]LogModuleManager: Shutting down and abandoning module OculusRift (22)
[2016.10.23-18.49.31:400][188]LogModuleManager: Shutting down and abandoning module GearVR (21)
[2016.10.23-18.49.31:400][188]LogModuleManager: Shutting down and abandoning module ExampleDeviceProfileSelector (20)
[2016.10.23-18.49.31:400][188]LogModuleManager: Shutting down and abandoning module OnlineBlueprintSupport (19)
[2016.10.23-18.49.31:401][188]LogModuleManager: Shutting down and abandoning module OnlineSubsystem (17)
[2016.10.23-18.49.31:401][188]LogOnline:Display: Unloading online subsystem: NULL
[2016.10.23-18.49.31:401][188]LogModuleManager: Shutting down and abandoning module HTTP (16)
[2016.10.23-18.49.31:401][188]LogHttp:Display: Http module shutting down, but needs to wait on 1 outstanding Http requests:
[2016.10.23-18.49.31:401][188]LogHttp:Display: 	verb=[POST] url=[https://datarouter.ol.epicgames.com/datarouter/api/v1/public/data?SessionID=%7B1DD9666F-4469-5036-3ADD-38B460D6A754%7D&AppID=UEEditor.Rocket.Release&AppVersion=4.13.1-3142249%2B%2B%2BUE4%2BRelease-4.13&UserID=c50df66b463b0a3d4bfe22ab555d5e03%7Ccc6e7492497b469c8692c619bc8bd6da%7C52f06db0-a439-40c8-86f5-84af41deac45&AppEnvironment=datacollector-binary&UploadType=eteventstream] status=Processing
[2016.10.23-18.49.31:410][188]LogModuleManager: Shutting down and abandoning module XMPP (15)
[2016.10.23-18.49.31:410][188]LogModuleManager: Shutting down and abandoning module TextureCompressor (14)
[2016.10.23-18.49.31:411][188]LogModuleManager: Shutting down and abandoning module ShaderCore (13)
[2016.10.23-18.49.31:411][188]LogModuleManager: Shutting down and abandoning module Landscape (12)
[2016.10.23-18.49.31:411][188]LogModuleManager: Shutting down and abandoning module SlateRHIRenderer (11)
[2016.10.23-18.49.31:414][188]LogModuleManager: Shutting down and abandoning module OpenGLDrv (10)
[2016.10.23-18.49.31:414][188]LogModuleManager: Shutting down and abandoning module D3D11RHI (9)
[2016.10.23-18.49.31:414][188]LogModuleManager: Shutting down and abandoning module AnimGraphRuntime (8)
[2016.10.23-18.49.31:414][188]LogModuleManager: Shutting down and abandoning module Renderer (7)
[2016.10.23-18.49.31:414][188]LogModuleManager: Shutting down and abandoning module Engine (6)
[2016.10.23-18.49.31:414][188]LogModuleManager: Shutting down and abandoning module CoreUObject (5)
[2016.10.23-18.49.31:414][188]LogModuleManager: Shutting down and abandoning module NetworkFile (4)
[2016.10.23-18.49.31:414][188]LogModuleManager: Shutting down and abandoning module StreamingFile (3)
[2016.10.23-18.49.31:414][188]LogModuleManager: Shutting down and abandoning module SandboxFile (2)
[2016.10.23-18.49.31:414][188]LogModuleManager: Shutting down and abandoning module PakFile (1)
[2016.10.23-18.49.31:418][188]LogExit: Exiting.
[2016.10.23-18.49.31:422][188]Log file closed, 10/23/16 14:49:31
