Log file open, 10/30/16 12:55:05
LogInit:Display: Running engine for game: MidtermStarter
LogPlatformFile: Not using cached read wrapper
LogInit:Display: RandInit(-2119287107) SRandInit(-2119287107).
LogTaskGraph: Started task graph with 5 named threads and 8 total threads with 1 sets of task threads.
LogStats: Stats thread started at 0.076732
LogPluginManager: Loaded Plugin Paper2D, From C:/Program Files (x86)/Epic Games/4.13/Engine/Plugins/2D/Paper2D/Paper2D.uplugin
LogPluginManager: Loaded Plugin LightPropagationVolume, From C:/Program Files (x86)/Epic Games/4.13/Engine/Plugins/Blendables/LightPropagationVolume/LightPropagationVolume.uplugin
LogPluginManager: Loaded Plugin BlankPlugin, From C:/Program Files (x86)/Epic Games/4.13/Engine/Plugins/Developer/BlankPlugin/BlankPlugin.uplugin
LogPluginManager: Loaded Plugin CodeLiteSourceCodeAccess, From C:/Program Files (x86)/Epic Games/4.13/Engine/Plugins/Developer/CodeLiteSourceCodeAccess/CodeLiteSourceCodeAccess.uplugin
LogPluginManager: Loaded Plugin GitSourceControl, From C:/Program Files (x86)/Epic Games/4.13/Engine/Plugins/Developer/GitSourceControl/GitSourceControl.uplugin
LogPluginManager: Loaded Plugin KDevelopSourceCodeAccess, From C:/Program Files (x86)/Epic Games/4.13/Engine/Plugins/Developer/KDevelopSourceCodeAccess/KDevelopSourceCodeAccess.uplugin
LogPluginManager: Loaded Plugin NullSourceCodeAccess, From C:/Program Files (x86)/Epic Games/4.13/Engine/Plugins/Developer/NullSourceCodeAccess/NullSourceCodeAccess.uplugin
LogPluginManager: Loaded Plugin OneSkyLocalizationService, From C:/Program Files (x86)/Epic Games/4.13/Engine/Plugins/Developer/OneSkyLocalizationService/OneSkyLocalizationService.uplugin
LogPluginManager: Loaded Plugin PerforceSourceControl, From C:/Program Files (x86)/Epic Games/4.13/Engine/Plugins/Developer/PerforceSourceControl/PerforceSourceControl.uplugin
LogPluginManager: Loaded Plugin SubversionSourceControl, From C:/Program Files (x86)/Epic Games/4.13/Engine/Plugins/Developer/SubversionSourceControl/SubversionSourceControl.uplugin
LogPluginManager: Loaded Plugin UObjectPlugin, From C:/Program Files (x86)/Epic Games/4.13/Engine/Plugins/Developer/UObjectPlugin/UObjectPlugin.uplugin
LogPluginManager: Loaded Plugin VisualStudioSourceCodeAccess, From C:/Program Files (x86)/Epic Games/4.13/Engine/Plugins/Developer/VisualStudioSourceCodeAccess/VisualStudioSourceCodeAccess.uplugin
LogPluginManager: Loaded Plugin XCodeSourceCodeAccess, From C:/Program Files (x86)/Epic Games/4.13/Engine/Plugins/Developer/XCodeSourceCodeAccess/XCodeSourceCodeAccess.uplugin
LogPluginManager: Loaded Plugin EpicSurvey, From C:/Program Files (x86)/Epic Games/4.13/Engine/Plugins/Editor/EpicSurvey/EpicSurvey.uplugin
LogPluginManager: Loaded Plugin MacGraphicsSwitching, From C:/Program Files (x86)/Epic Games/4.13/Engine/Plugins/Editor/MacGraphicsSwitching/MacGraphicsSwitching.uplugin
LogPluginManager: Loaded Plugin MobileLauncherProfileWizard, From C:/Program Files (x86)/Epic Games/4.13/Engine/Plugins/Editor/MobileLauncherProfileWizard/MobileLauncherProfileWizard.uplugin
LogPluginManager: Loaded Plugin PluginBrowser, From C:/Program Files (x86)/Epic Games/4.13/Engine/Plugins/Editor/PluginBrowser/PluginBrowser.uplugin
LogPluginManager: Loaded Plugin SpeedTreeImporter, From C:/Program Files (x86)/Epic Games/4.13/Engine/Plugins/Editor/SpeedTreeImporter/SpeedTreeImporter.uplugin
LogPluginManager: Loaded Plugin SuperSearchEditor, From C:/Program Files (x86)/Epic Games/4.13/Engine/Plugins/Editor/SuperSearchEditor/SuperSearchEditor.uplugin
LogPluginManager: Loaded Plugin AlembicImporter, From C:/Program Files (x86)/Epic Games/4.13/Engine/Plugins/Experimental/AlembicImporter/AlembicImporter.uplugin
LogPluginManager: Loaded Plugin BlueprintStats, From C:/Program Files (x86)/Epic Games/4.13/Engine/Plugins/Experimental/BlueprintStats/BlueprintStats.uplugin
LogPluginManager: Loaded Plugin CharacterAI, From C:/Program Files (x86)/Epic Games/4.13/Engine/Plugins/Experimental/CharacterAI/CharacterAI.uplugin
LogPluginManager: Loaded Plugin CodeEditor, From C:/Program Files (x86)/Epic Games/4.13/Engine/Plugins/Experimental/CodeEditor/CodeEditor.uplugin
LogPluginManager: Loaded Plugin CodeView, From C:/Program Files (x86)/Epic Games/4.13/Engine/Plugins/Experimental/CodeView/CodeView.uplugin
LogPluginManager: Loaded Plugin HTML5Networking, From C:/Program Files (x86)/Epic Games/4.13/Engine/Plugins/Experimental/HTML5Networking/HTML5Networking.uplugin
LogPluginManager: Loaded Plugin LiveEditor, From C:/Program Files (x86)/Epic Games/4.13/Engine/Plugins/Experimental/LiveEditor/LiveEditor.uplugin
LogPluginManager: Loaded Plugin OSVR, From C:/Program Files (x86)/Epic Games/4.13/Engine/Plugins/Experimental/OSVR/OSVR.uplugin
LogPluginManager: Loaded Plugin Phya, From C:/Program Files (x86)/Epic Games/4.13/Engine/Plugins/Experimental/Phya/Phya.uplugin
LogPluginManager: Loaded Plugin SignificanceManager, From C:/Program Files (x86)/Epic Games/4.13/Engine/Plugins/Experimental/SignificanceManager/SignificanceManager.uplugin
LogPluginManager: Loaded Plugin SimpleHMD, From C:/Program Files (x86)/Epic Games/4.13/Engine/Plugins/Experimental/SimpleHMD/SimpleHMD.uplugin
LogPluginManager: Loaded Plugin StereoPanorama, From C:/Program Files (x86)/Epic Games/4.13/Engine/Plugins/Experimental/StereoPanorama/StereoPanorama.uplugin
LogPluginManager: Loaded Plugin StructBox, From C:/Program Files (x86)/Epic Games/4.13/Engine/Plugins/Experimental/StructBox/StructBox.uplugin
LogPluginManager: Loaded Plugin Substance, From C:/Program Files (x86)/Epic Games/4.13/Engine/Plugins/Marketplace/Substance/Substance.uplugin
LogPluginManager: Loaded Plugin AndroidMedia, From C:/Program Files (x86)/Epic Games/4.13/Engine/Plugins/Media/AndroidMedia/AndroidMedia.uplugin
LogPluginManager: Loaded Plugin AvfMedia, From C:/Program Files (x86)/Epic Games/4.13/Engine/Plugins/Media/AvfMedia/AvfMedia.uplugin
LogPluginManager: Loaded Plugin MediaPlayerEditor, From C:/Program Files (x86)/Epic Games/4.13/Engine/Plugins/Media/MediaPlayerEditor/MediaPlayerEditor.uplugin
LogPluginManager: Loaded Plugin WmfMedia, From C:/Program Files (x86)/Epic Games/4.13/Engine/Plugins/Media/WmfMedia/WmfMedia.uplugin
LogPluginManager: Loaded Plugin MessagingDebugger, From C:/Program Files (x86)/Epic Games/4.13/Engine/Plugins/Messaging/MessagingDebugger/MessagingDebugger.uplugin
LogPluginManager: Loaded Plugin TcpMessaging, From C:/Program Files (x86)/Epic Games/4.13/Engine/Plugins/Messaging/TcpMessaging/TcpMessaging.uplugin
LogPluginManager: Loaded Plugin UdpMessaging, From C:/Program Files (x86)/Epic Games/4.13/Engine/Plugins/Messaging/UdpMessaging/UdpMessaging.uplugin
LogPluginManager: Loaded Plugin LevelSequenceEditor, From C:/Program Files (x86)/Epic Games/4.13/Engine/Plugins/MovieScene/LevelSequenceEditor/LevelSequenceEditor.uplugin
LogPluginManager: Loaded Plugin MatineeToLevelSequence, From C:/Program Files (x86)/Epic Games/4.13/Engine/Plugins/MovieScene/MatineeToLevelSequence/MatineeToLevelSequence.uplugin
LogPluginManager: Loaded Plugin NetcodeUnitTest, From C:/Program Files (x86)/Epic Games/4.13/Engine/Plugins/NetcodeUnitTest/NetcodeUnitTest/NetcodeUnitTest.uplugin
LogPluginManager: Loaded Plugin NUTUnrealEngine4, From C:/Program Files (x86)/Epic Games/4.13/Engine/Plugins/NetcodeUnitTest/NUTUnrealEngine4/NUTUnrealEngine4.uplugin
LogPluginManager: Loaded Plugin OnlineSubsystemGooglePlay, From C:/Program Files (x86)/Epic Games/4.13/Engine/Plugins/Online/Android/OnlineSubsystemGooglePlay/OnlineSubsystemGooglePlay.uplugin
LogPluginManager: Loaded Plugin OnlineSubsystemIOS, From C:/Program Files (x86)/Epic Games/4.13/Engine/Plugins/Online/IOS/OnlineSubsystemIOS/OnlineSubsystemIOS.uplugin
LogPluginManager: Loaded Plugin OnlineFramework, From C:/Program Files (x86)/Epic Games/4.13/Engine/Plugins/Online/OnlineFramework/OnlineFramework.uplugin
LogPluginManager: Loaded Plugin OnlineSubsystem, From C:/Program Files (x86)/Epic Games/4.13/Engine/Plugins/Online/OnlineSubsystem/OnlineSubsystem.uplugin
LogPluginManager: Loaded Plugin OnlineSubsystemAmazon, From C:/Program Files (x86)/Epic Games/4.13/Engine/Plugins/Online/OnlineSubsystemAmazon/OnlineSubsystemAmazon.uplugin
LogPluginManager: Loaded Plugin OnlineSubsystemFacebook, From C:/Program Files (x86)/Epic Games/4.13/Engine/Plugins/Online/OnlineSubsystemFacebook/OnlineSubsystemFacebook.uplugin
LogPluginManager: Loaded Plugin OnlineSubsystemNull, From C:/Program Files (x86)/Epic Games/4.13/Engine/Plugins/Online/OnlineSubsystemNull/OnlineSubsystemNull.uplugin
LogPluginManager: Loaded Plugin OnlineSubsystemOculus, From C:/Program Files (x86)/Epic Games/4.13/Engine/Plugins/Online/OnlineSubsystemOculus/OnlineSubsystemOculus.uplugin
LogPluginManager: Loaded Plugin OnlineSubsystemSteam, From C:/Program Files (x86)/Epic Games/4.13/Engine/Plugins/Online/OnlineSubsystemSteam/OnlineSubsystemSteam.uplugin
LogPluginManager: Loaded Plugin OnlineSubsystemUtils, From C:/Program Files (x86)/Epic Games/4.13/Engine/Plugins/Online/OnlineSubsystemUtils/OnlineSubsystemUtils.uplugin
LogPluginManager: Loaded Plugin IOSTapJoy, From C:/Program Files (x86)/Epic Games/4.13/Engine/Plugins/Runtime/Advertising/IOSTapJoy/IOSTapJoy.uplugin
LogPluginManager: Loaded Plugin AnalyticsBlueprintLibrary, From C:/Program Files (x86)/Epic Games/4.13/Engine/Plugins/Runtime/Analytics/AnalyticsBlueprintLibrary/AnalyticsBlueprintLibrary.uplugin
LogPluginManager: Loaded Plugin AnalyticsMulticast, From C:/Program Files (x86)/Epic Games/4.13/Engine/Plugins/Runtime/Analytics/AnalyticsMulticast/AnalyticsMulticast.uplugin
LogPluginManager: Loaded Plugin Apsalar, From C:/Program Files (x86)/Epic Games/4.13/Engine/Plugins/Runtime/Analytics/Apsalar/Apsalar.uplugin
LogPluginManager: Loaded Plugin FileLogging, From C:/Program Files (x86)/Epic Games/4.13/Engine/Plugins/Runtime/Analytics/FileLogging/FileLogging.uplugin
LogPluginManager: Loaded Plugin Flurry, From C:/Program Files (x86)/Epic Games/4.13/Engine/Plugins/Runtime/Analytics/Flurry/Flurry.uplugin
LogPluginManager: Loaded Plugin AndroidDeviceProfileSelector, From C:/Program Files (x86)/Epic Games/4.13/Engine/Plugins/Runtime/AndroidDeviceProfileSelector/AndroidDeviceProfileSelector.uplugin
LogPluginManager: Loaded Plugin AndroidMoviePlayer, From C:/Program Files (x86)/Epic Games/4.13/Engine/Plugins/Runtime/AndroidMoviePlayer/AndroidMoviePlayer.uplugin
LogPluginManager: Loaded Plugin AppleMoviePlayer, From C:/Program Files (x86)/Epic Games/4.13/Engine/Plugins/Runtime/AppleMoviePlayer/AppleMoviePlayer.uplugin
LogPluginManager: Loaded Plugin ArchVisCharacter, From C:/Program Files (x86)/Epic Games/4.13/Engine/Plugins/Runtime/ArchVisCharacter/ArchVisCharacter.uplugin
LogPluginManager: Loaded Plugin CableComponent, From C:/Program Files (x86)/Epic Games/4.13/Engine/Plugins/Runtime/CableComponent/CableComponent.uplugin
LogPluginManager: Loaded Plugin CustomMeshComponent, From C:/Program Files (x86)/Epic Games/4.13/Engine/Plugins/Runtime/CustomMeshComponent/CustomMeshComponent.uplugin
LogPluginManager: Loaded Plugin ExampleDeviceProfileSelector, From C:/Program Files (x86)/Epic Games/4.13/Engine/Plugins/Runtime/ExampleDeviceProfileSelector/ExampleDeviceProfileSelector.uplugin
LogPluginManager: Loaded Plugin GearVR, From C:/Program Files (x86)/Epic Games/4.13/Engine/Plugins/Runtime/GearVR/GearVR.uplugin
LogPluginManager: Loaded Plugin GoogleVRController, From C:/Program Files (x86)/Epic Games/4.13/Engine/Plugins/Runtime/GoogleVR/GoogleVRController/GoogleVRController.uplugin
LogPluginManager: Loaded Plugin GoogleVRHMD, From C:/Program Files (x86)/Epic Games/4.13/Engine/Plugins/Runtime/GoogleVR/GoogleVRHMD/GoogleVRHMD.uplugin
LogPluginManager: Loaded Plugin IOSDeviceProfileSelector, From C:/Program Files (x86)/Epic Games/4.13/Engine/Plugins/Runtime/IOSDeviceProfileSelector/IOSDeviceProfileSelector.uplugin
LogPluginManager: Loaded Plugin LeapMotion, From C:/Program Files (x86)/Epic Games/4.13/Engine/Plugins/Runtime/LeapMotion/LeapMotion.uplugin
LogPluginManager: Loaded Plugin LinuxDeviceProfileSelector, From C:/Program Files (x86)/Epic Games/4.13/Engine/Plugins/Runtime/LinuxDeviceProfileSelector/LinuxDeviceProfileSelector.uplugin
LogPluginManager: Loaded Plugin LiveEditorListenServer, From C:/Program Files (x86)/Epic Games/4.13/Engine/Plugins/Runtime/LiveEditorListenServer/LiveEditorListenServer.uplugin
LogPluginManager: Loaded Plugin OculusAudio, From C:/Program Files (x86)/Epic Games/4.13/Engine/Plugins/Runtime/OculusAudio/OculusAudio.uplugin
LogPluginManager: Loaded Plugin OculusInput, From C:/Program Files (x86)/Epic Games/4.13/Engine/Plugins/Runtime/OculusInput/OculusInput.uplugin
LogPluginManager: Loaded Plugin OculusLibrary, From C:/Program Files (x86)/Epic Games/4.13/Engine/Plugins/Runtime/OculusLibrary/OculusLibrary.uplugin
LogPluginManager: Loaded Plugin OculusRift, From C:/Program Files (x86)/Epic Games/4.13/Engine/Plugins/Runtime/OculusRift/OculusRift.uplugin
LogPluginManager: Loaded Plugin Oodle, From C:/Program Files (x86)/Epic Games/4.13/Engine/Plugins/Runtime/PacketHandlers/CompressionComponents/Oodle/Oodle.uplugin
LogPluginManager: Loaded Plugin ProceduralMeshComponent, From C:/Program Files (x86)/Epic Games/4.13/Engine/Plugins/Runtime/ProceduralMeshComponent/ProceduralMeshComponent.uplugin
LogPluginManager: Loaded Plugin SoundMod, From C:/Program Files (x86)/Epic Games/4.13/Engine/Plugins/Runtime/SoundMod/SoundMod.uplugin
LogPluginManager: Loaded Plugin SoundVisualizations, From C:/Program Files (x86)/Epic Games/4.13/Engine/Plugins/Runtime/SoundVisualizations/SoundVisualizations.uplugin
LogPluginManager: Loaded Plugin SteamController, From C:/Program Files (x86)/Epic Games/4.13/Engine/Plugins/Runtime/Steam/SteamController/SteamController.uplugin
LogPluginManager: Loaded Plugin SteamVR, From C:/Program Files (x86)/Epic Games/4.13/Engine/Plugins/Runtime/Steam/SteamVR/SteamVR.uplugin
LogPluginManager: Loaded Plugin WebBrowserWidget, From C:/Program Files (x86)/Epic Games/4.13/Engine/Plugins/Runtime/WebBrowserWidget/WebBrowserWidget.uplugin
LogPluginManager: Loaded Plugin WindowsDeviceProfileSelector, From C:/Program Files (x86)/Epic Games/4.13/Engine/Plugins/Runtime/WindowsDeviceProfileSelector/WindowsDeviceProfileSelector.uplugin
LogPluginManager: Loaded Plugin WindowsMoviePlayer, From C:/Program Files (x86)/Epic Games/4.13/Engine/Plugins/Runtime/WindowsMoviePlayer/WindowsMoviePlayer.uplugin
LogPluginManager: Loaded Plugin ScriptPlugin, From C:/Program Files (x86)/Epic Games/4.13/Engine/Plugins/ScriptPlugin/ScriptPlugin.uplugin
LogPluginManager: Loaded Plugin SlateRemote, From C:/Program Files (x86)/Epic Games/4.13/Engine/Plugins/Slate/SlateRemote/SlateRemote.uplugin
LogInit: Using libcurl 7.47.1
LogInit:  - built for x86_64-pc-win32
LogInit:  - supports SSL with WinSSL
LogInit:  - other features:
LogInit:      CURL_VERSION_SSL
LogInit:      CURL_VERSION_IPV6
LogInit:      CURL_VERSION_ASYNCHDNS
LogInit:      CURL_VERSION_LARGEFILE
LogInit:      CURL_VERSION_IDN
LogInit:  CurlRequestOptions (configurable via config and command line):
LogInit:  - bVerifyPeer = false  - Libcurl will NOT verify peer certificate
LogInit:  - bUseHttpProxy = false  - Libcurl will NOT use HTTP proxy
LogInit:  - bDontReuseConnections = false  - Libcurl will reuse connections
LogInit:  - CertBundlePath = nullptr  - Libcurl will use whatever was configured at build time.
LogInit: Build: ++UE4+Release-4.13-CL-3172292
LogInit: Engine Version: 4.13.2-3172292+++UE4+Release-4.13
LogInit: Compatible Engine Version: 4.13.0-3106830+++UE4+Release-4.13
LogInit: Net CL: 3172292
LogDevObjectVersion: Number of dev versions registered: 13
LogDevObjectVersion:   Dev-Blueprints (B0D832E4-1F89-4F0D-ACCF-7EB736FD4AA2): 5
LogDevObjectVersion:   Dev-Build (E1C64328-A22C-4D53-A36C-8E866417BD8C): 0
LogDevObjectVersion:   Dev-Core (375EC13C-06E4-48FB-B500-84F0262A717E): 1
LogDevObjectVersion:   Dev-Editor (E4B068ED-F494-42E9-A231-DA0B2E46BB41): 6
LogDevObjectVersion:   Dev-Framework (CFFC743F-43B0-4480-9391-14DF171D2073): 12
LogDevObjectVersion:   Dev-Mobile (B02B49B5-BB20-44E9-A304-32B752E40360): 0
LogDevObjectVersion:   Dev-Networking (A4E4105C-59A1-49B5-A7C5-40C4547EDFEE): 0
LogDevObjectVersion:   Dev-Online (39C831C9-5AE6-47DC-9A44-9C173E1C8E7C): 0
LogDevObjectVersion:   Dev-Physics (78F01B33-EBEA-4F98-B9B4-84EACCB95AA2): 0
LogDevObjectVersion:   Dev-Platform (6631380F-2D4D-43E0-8009-CF276956A95A): 0
LogDevObjectVersion:   Dev-Rendering (12F88B9F-8875-4AFC-A67C-D90C383ABD29): 4
LogDevObjectVersion:   Dev-Sequencer (7B5AE74C-D270-4C10-A958-57980B212A5A): 0
LogDevObjectVersion:   Dev-VR (D7296918-1DD6-4BDD-9DE2-64A83CC13884): 0
LogInit: Compiled (64-bit): Oct 24 2016 14:29:06
LogInit: Compiled with Visual C++: 19.00.23026.00
LogInit: Build Configuration: Development
LogInit: Branch Name: ++UE4+Release-4.13
LogInit: Command line: -EpicPortal 
LogInit: Base directory: C:/Program Files (x86)/Epic Games/4.13/Engine/Binaries/Win64/
LogInit: Installed Engine Build: 1
LogInit: Presizing for max 8388607 objects, including 0 objects not considered by GC, pre-allocating 0 bytes for permanent pool.
LogInit: Object subsystem initialized
[2016.10.30-16.55.06:168][  0]LogInit: Selected Device Profile: [Windows]
[2016.10.30-16.55.06:168][  0]LogInit: Applying CVar settings loaded from the selected device profile: [Windows]
[2016.10.30-16.55.06:187][  0]LogInit: Computer: NEO-HAL9000
[2016.10.30-16.55.06:187][  0]LogInit: User: PaulChamberlain
[2016.10.30-16.55.06:187][  0]LogInit: CPU Page size=65536, Cores=4
[2016.10.30-16.55.06:187][  0]LogInit: High frequency timer resolution =2.249998 MHz
[2016.10.30-16.55.06:187][  0]LogMemory: Memory total: Physical=11.9GB (12GB approx)
[2016.10.30-16.55.06:187][  0]LogMemory: Platform Memory Stats for Windows
[2016.10.30-16.55.06:187][  0]LogMemory: Process Physical Memory: 259.98 MB used, 259.98 MB peak
[2016.10.30-16.55.06:187][  0]LogMemory: Process Virtual Memory: 260.45 MB used, 260.45 MB peak
[2016.10.30-16.55.06:187][  0]LogMemory: Physical Memory: 5426.30 MB used, 12166.95 MB total
[2016.10.30-16.55.06:187][  0]LogMemory: Virtual Memory: 641.09 MB used, 134217728.00 MB total
[2016.10.30-16.55.06:235][  0]LogTextLocalizationManager: No specific translations for ('en-US') exist, so ('en') translations will be used.
[2016.10.30-16.55.07:247][  0]LogD3D11RHI: D3D11 adapters:
[2016.10.30-16.55.07:277][  0]LogD3D11RHI:    0. 'NVIDIA GeForce GTX 960M' (Feature Level 11_0)
[2016.10.30-16.55.07:277][  0]LogD3D11RHI:       2018/0/6083 MB DedicatedVideo/DedicatedSystem/SharedSystem, Outputs:1, VendorId:0x10de
[2016.10.30-16.55.07:284][  0]LogD3D11RHI:    1. 'Intel(R) HD Graphics 530' (Feature Level 11_0)
[2016.10.30-16.55.07:284][  0]LogD3D11RHI:       128/0/6083 MB DedicatedVideo/DedicatedSystem/SharedSystem, Outputs:0, VendorId:0x8086
[2016.10.30-16.55.07:285][  0]LogD3D11RHI:    2. 'Microsoft Basic Render Driver' (Feature Level 11_0)
[2016.10.30-16.55.07:285][  0]LogD3D11RHI:       0/0/6083 MB DedicatedVideo/DedicatedSystem/SharedSystem, Outputs:0, VendorId:0x1414
[2016.10.30-16.55.07:285][  0]LogD3D11RHI: Chosen D3D11 Adapter: 0
[2016.10.30-16.55.07:290][  0]LogD3D11RHI: Creating new Direct3DDevice
[2016.10.30-16.55.07:290][  0]LogD3D11RHI:     GPU DeviceId: 0x139b (for the marketing name, search the web for "GPU Device Id")
[2016.10.30-16.55.07:290][  0]LogWindows: EnumDisplayDevices:
[2016.10.30-16.55.07:290][  0]LogWindows:    0. 'Intel(R) HD Graphics 530' (P:1 D:1)
[2016.10.30-16.55.07:291][  0]LogWindows:    1. 'Intel(R) HD Graphics 530' (P:0 D:0)
[2016.10.30-16.55.07:291][  0]LogWindows:    2. 'Intel(R) HD Graphics 530' (P:0 D:0)
[2016.10.30-16.55.07:291][  0]LogWindows: DebugString: PrimaryIsNotTheChoosenAdapter PrimaryIsNotTheChoosenAdapter PrimaryIsNotTheChoosenAdapter FoundDriverCount:0 
[2016.10.30-16.55.07:291][  0]LogD3D11RHI:     Adapter Name: NVIDIA GeForce GTX 960M
[2016.10.30-16.55.07:291][  0]LogD3D11RHI:   Driver Version: Unknown (internal:Unknown, unified:Unknown)
[2016.10.30-16.55.07:291][  0]LogD3D11RHI:      Driver Date: Unknown
[2016.10.30-16.55.07:291][  0]LogRHI: Texture pool is 1361 MB (70% of 1945 MB)
[2016.10.30-16.55.07:307][  0]LogD3D11RHI: Async texture creation enabled
[2016.10.30-16.55.07:319][  0]LogD3D11RHI: GPU Timing Frequency: 1000.000000 (Debug: 2 1)
[2016.10.30-16.55.07:320][  0]LogShaderCompilers: Guid format shader working directory is -35 characters bigger than the processId version (../../../../../../Users/Paul Chamberlain/Documents/GitHub/DiscoLevel/MidtermStarter/Intermediate/Shaders/WorkingDirectory/12200/).
[2016.10.30-16.55.07:320][  0]LogShaderCompilers: Cleaned the shader compiler working directory 'C:/Users/PAULCH~1/AppData/Local/Temp/UnrealShaderWorkingDir/90E0293240C24B4A98ED25AF935578B5/'.
[2016.10.30-16.55.07:320][  0]LogShaderCompilers:Display: Using Local Shader Compiler.
[2016.10.30-16.55.08:317][  0]LogTemp:Display: Loaded TP AllDesktopTargetPlatform
[2016.10.30-16.55.08:326][  0]LogTemp:Display: Loaded TP WindowsClientTargetPlatform
[2016.10.30-16.55.08:334][  0]LogTemp:Display: Loaded TP WindowsNoEditorTargetPlatform
[2016.10.30-16.55.08:344][  0]LogTemp:Display: Loaded TP WindowsServerTargetPlatform
[2016.10.30-16.55.08:352][  0]LogTemp:Display: Loaded TP WindowsTargetPlatform
[2016.10.30-16.55.08:360][  0]LogTemp:Display: Loaded TP AndroidTargetPlatform
[2016.10.30-16.55.08:367][  0]LogTemp:Display: Loaded TP Android_ASTCTargetPlatform
[2016.10.30-16.55.08:374][  0]LogTemp:Display: Loaded TP Android_ATCTargetPlatform
[2016.10.30-16.55.08:381][  0]LogTemp:Display: Loaded TP Android_DXTTargetPlatform
[2016.10.30-16.55.08:388][  0]LogTemp:Display: Loaded TP Android_ETC1TargetPlatform
[2016.10.30-16.55.08:395][  0]LogTemp:Display: Loaded TP Android_ETC2TargetPlatform
[2016.10.30-16.55.08:410][  0]LogTemp:Display: Loaded TP Android_MultiTargetPlatform
[2016.10.30-16.55.08:410][  0]LogTemp:Display: Loaded TP Android_PVRTCTargetPlatform
[2016.10.30-16.55.08:411][  0]LogTemp:Display: Loaded TP HTML5TargetPlatform
[2016.10.30-16.55.08:433][  0]LogTemp:Display: Loaded TP IOSTargetPlatform
[2016.10.30-16.55.08:440][  0]LogTemp:Display: Loaded TP TVOSTargetPlatform
[2016.10.30-16.55.08:447][  0]LogTemp:Display: Loaded TP LinuxClientTargetPlatform
[2016.10.30-16.55.08:454][  0]LogTemp:Display: Loaded TP LinuxNoEditorTargetPlatform
[2016.10.30-16.55.08:461][  0]LogTemp:Display: Loaded TP LinuxServerTargetPlatform
[2016.10.30-16.55.08:468][  0]LogTemp:Display: Loaded TP LinuxTargetPlatform
[2016.10.30-16.55.08:468][  0]LogTargetPlatformManager:Display: Building Assets For Windows
[2016.10.30-16.55.08:540][  0]LogDerivedDataCache:Display: Max Cache Size: 512 MB
[2016.10.30-16.55.08:610][  0]LogDerivedDataCache: Loaded boot cache 0.07s 62MB C:/Users/Paul Chamberlain/AppData/Local/UnrealEngine/4.13/DerivedDataCache/Boot.ddc.
[2016.10.30-16.55.08:610][  0]LogDerivedDataCache:Display: Loaded Boot cache: C:/Users/Paul Chamberlain/AppData/Local/UnrealEngine/4.13/DerivedDataCache/Boot.ddc
[2016.10.30-16.55.08:610][  0]LogDerivedDataCache: FDerivedDataBackendGraph:  Pak pak cache file ../../../../../../Users/Paul Chamberlain/Documents/GitHub/DiscoLevel/MidtermStarter/DerivedDataCache/DDC.ddp not found, will not use a pak cache.
[2016.10.30-16.55.08:610][  0]LogDerivedDataCache: Unable to find inner node Pak for hierarchical cache Hierarchy.
[2016.10.30-16.55.08:610][  0]LogDerivedDataCache: FDerivedDataBackendGraph:  CompressedPak pak cache file ../../../../../../Users/Paul Chamberlain/Documents/GitHub/DiscoLevel/MidtermStarter/DerivedDataCache/Compressed.ddp not found, will not use a pak cache.
[2016.10.30-16.55.08:610][  0]LogDerivedDataCache: Unable to find inner node CompressedPak for hierarchical cache Hierarchy.
[2016.10.30-16.55.08:628][  0]LogDerivedDataCache:Display: Pak cache opened for reading ../../../Engine/DerivedDataCache/Compressed.ddp.
[2016.10.30-16.55.08:641][  0]LogDerivedDataCache: Using Local data cache path C:/Users/Paul Chamberlain/AppData/Local/UnrealEngine/Common/DerivedDataCache: Writable
[2016.10.30-16.55.08:836][  0]LogInit: Selected Device Profile: [Windows]
[2016.10.30-16.55.08:838][  0]LogContentStreaming: Texture pool size is 0.00 MB
[2016.10.30-16.55.08:935][  0]LogMeshUtilities: No automatic mesh reduction module available
[2016.10.30-16.55.08:935][  0]LogMeshUtilities: No automatic mesh merging module available
[2016.10.30-16.55.08:935][  0]LogMeshUtilities: No distributed automatic mesh merging module available
[2016.10.30-16.55.09:007][  0]LogMaterial: Uniform references updated for custom material expression Custom.
[2016.10.30-16.55.09:307][  0]LogNetVersion: GetLocalNetworkVersion: CL: 3106830, ProjectName: midtermstarter, ProjectVersion: , EngineNetworkVersion: 1, GameNetworkVersion: 0, NetworkChecksum: 1678172917
[2016.10.30-16.55.09:344][  0]LogAssetRegistry: FAssetRegistry took 0.0223 seconds to start up
[2016.10.30-16.55.09:380][  0]LogPackageLocalizationCache: Processed 3 localized package path(s) for 2 prioritized culture(s) in 0.033191 seconds
[2016.10.30-16.55.09:386][  0]LogUObjectArray: 29778 objects as part of root set at end of initial load.
[2016.10.30-16.55.09:386][  0]LogUObjectAllocator: 6125456 out of 0 bytes used by permanent object pool.
[2016.10.30-16.55.09:386][  0]LogUObjectArray: CloseDisregardForGC: 0/0 objects in disregard for GC pool
[2016.10.30-16.55.09:394][  0]LogInit: WinSock: version 1.1 (2.2), MaxSocks=32767, MaxUdp=65467
[2016.10.30-16.55.09:619][  0]LogSlate: SlateFontCache - WITH_FREETYPE: 1, WITH_HARFBUZZ: 1
[2016.10.30-16.55.09:620][  0]LogSlate: SlateFontCache - WITH_FREETYPE: 1, WITH_HARFBUZZ: 1
[2016.10.30-16.55.10:330][  0]LogSubstanceCoreModule: Substance CPU Engine Loaded, Max Texture Size 2048
[2016.10.30-16.55.10:341][  0]LogTcpMessaging: Initializing TcpMessaging bridge
[2016.10.30-16.55.10:362][  0]LogUdpMessaging: Initializing bridge on interface 0.0.0.0:0 to multicast group 230.0.0.1:6666.
[2016.10.30-16.55.10:686][  0]SourceControl: Info Source control is disabled
[2016.10.30-16.55.11:030][  0]LogEngine: Initializing Engine...
[2016.10.30-16.55.11:031][  0]LogHMD: Failed to initialize OpenVR with code 110
[2016.10.30-16.55.11:185][  0]LogAIModule: Creating AISystem for world Untitled
[2016.10.30-16.55.11:225][  0]LogInit: XAudio2 using 'Speakers (High Definition Audio Device)' : 8 channels at 44.1 kHz using 16 bits per sample (channel mask 0x63f)
[2016.10.30-16.55.11:249][  0]LogInit: FAudioDevice initialized.
[2016.10.30-16.55.11:280][  0]LogDerivedDataCache: Saved boot cache 0.03s 62MB C:/Users/Paul Chamberlain/AppData/Local/UnrealEngine/4.13/DerivedDataCache/Boot.ddc.
[2016.10.30-16.55.11:286][  0]LogInit: Texture streaming: Enabled
[2016.10.30-16.55.11:311][  0]LogInit: Transaction tracking system initialized
[2016.10.30-16.55.11:331][  0]BlueprintLog: New page: Editor Load
[2016.10.30-16.55.11:405][  0]LocalizationService: Info Localization service is disabled
[2016.10.30-16.55.11:478][  0]LogConsoleResponse:Display: 
[2016.10.30-16.55.11:592][  0]LogCook:Display: Max memory allowance for cook 16384mb min free memory 0mb
[2016.10.30-16.55.11:592][  0]LogCook:Display: Mobile HDR setting 1
[2016.10.30-16.55.11:716][  0]LogFileCache: Scanning file cache for directory 'C:/Users/Paul Chamberlain/Documents/GitHub/DiscoLevel/MidtermStarter/Content/' took 0.02s
[2016.10.30-16.55.11:759][  0]Cmd: MAP LOAD FILE="../../../../../../Users/Paul Chamberlain/Documents/GitHub/DiscoLevel/MidtermStarter/Content/ProceduralTower/StreamingLevels/TowerBase.umap" TEMPLATE=0 SHOWPROGRESS=1 FEATURELEVEL=3
[2016.10.30-16.55.11:759][  0]LightingResults: New page: Lighting Build
[2016.10.30-16.55.11:762][  0]MapCheck: New page: Map Check
[2016.10.30-16.55.11:762][  0]LightingResults: New page: Lighting Build
[2016.10.30-16.55.12:297][  0]LogAIModule: Creating AISystem for world TowerBase
[2016.10.30-16.55.12:567][  0]LogEditorServer: Finished looking for orphan Actors (0.000 secs)
[2016.10.30-16.55.12:574][  0]Cmd: MAP CHECKDEP NOCLEARLOG
[2016.10.30-16.55.12:639][  0]MapCheck: Info Map check complete: 0 Error(s), 0 Warning(s), took 64.039ms to complete.
[2016.10.30-16.55.12:639][  0]LogFileHelpers: Loading map 'TowerBase' took 0.880
[2016.10.30-16.55.12:824][  0]LogCollectionManager: Loaded 0 collections in 0.003602 seconds
[2016.10.30-16.55.12:878][  0]LogFileCache: Scanning file cache for directory 'C:/Users/Paul Chamberlain/Documents/GitHub/DiscoLevel/MidtermStarter/Saved/Collections/' took 0.01s
[2016.10.30-16.55.12:878][  0]LogFileCache: Scanning file cache for directory 'C:/Users/Paul Chamberlain/Documents/GitHub/DiscoLevel/MidtermStarter/Content/Developers/PaulChamberlain/Collections/' took 0.01s
[2016.10.30-16.55.12:878][  0]LogFileCache: Scanning file cache for directory 'C:/Users/Paul Chamberlain/Documents/GitHub/DiscoLevel/MidtermStarter/Content/Collections/' took 0.01s
[2016.10.30-16.55.12:878][  0]LogCollectionManager: Rebuilt the GUID cache for 0 collections in 0.000005 seconds
[2016.10.30-16.55.12:897][  0]LogContentBrowser: Native class hierarchy populated in 0.0180 seconds. Added 2156 classes and 421 folders.
[2016.10.30-16.55.12:904][  0]LogStats: UGameplayTagsManager::ConstructGameplayTagTree: Construct from data asset -  0.000 s
[2016.10.30-16.55.12:904][  0]LogStats: UGameplayTagsManager::ConstructGameplayTagTree: GameplayTagTreeChangedEvent.Broadcast -  0.000 s
[2016.10.30-16.55.12:905][  0]LogContentBrowser: Native class hierarchy updated for 'GameplayTags' in 0.0010 seconds. Added 12 classes and 0 folders.
[2016.10.30-16.55.12:915][  0]LogContentBrowser: Native class hierarchy updated for 'WidgetCarousel' in 0.0009 seconds. Added 0 classes and 0 folders.
[2016.10.30-16.55.13:122][  0]LogContentBrowser: Native class hierarchy updated for 'AddContentDialog' in 0.0009 seconds. Added 0 classes and 0 folders.
[2016.10.30-16.55.13:131][  0]LogContentBrowser: Native class hierarchy updated for 'SceneOutliner' in 0.0009 seconds. Added 1 classes and 2 folders.
[2016.10.30-16.55.13:154][  0]LogContentBrowser: Native class hierarchy updated for 'WorldBrowser' in 0.0010 seconds. Added 1 classes and 3 folders.
[2016.10.30-16.55.13:178][  0]LogCrashTracker: Crashtracker disabled due to settings.
[2016.10.30-16.55.13:185][  0]LogUObjectGlobals:Warning: Failed to find object 'Class None.'
[2016.10.30-16.55.13:214][  0]LogContentBrowser: Native class hierarchy updated for 'HierarchicalLODOutliner' in 0.0006 seconds. Added 1 classes and 2 folders.
[2016.10.30-16.55.13:214][  0]LogLoad: (Engine Initialization) Total time: 32.70 seconds
[2016.10.30-16.55.13:214][  0]LogLoad: (Engine Initialization) Total Blueprint compile time: 0.19 seconds
[2016.10.30-16.55.13:214][  0]LogExternalProfiler: No external profilers were discovered.  External profiling features will not be available.
[2016.10.30-16.55.13:232][  0]LogWindowsTextInputMethodSystem:Display: IME system now deactivated.
[2016.10.30-16.55.13:233][  0]LogOcInput: OculusInput pre-init called
[2016.10.30-16.55.13:270][  0]LogContentStreaming: Texture pool size now 800 MB
[2016.10.30-16.55.13:446][  0]LogRenderer: Reallocating scene render targets to support 964x460 (Frame:2).
[2016.10.30-16.55.13:598][  2]LogAssetRegistry: Asset discovery search completed in 4.2763 seconds
[2016.10.30-16.55.13:598][  2]LogCollectionManager: Rebuilt the object cache for 0 collections in 0.000000 seconds (found 0 objects)
[2016.10.30-16.55.13:598][  2]LogCollectionManager: Fixed up redirectors for 0 collections in 0.000023 seconds (updated 0 objects)
[2016.10.30-16.55.34:005][553]LogEditorViewport: Clicking on Actor (LMB): StaticMeshActor (Cube)
[2016.10.30-16.55.57:271][186]LogEditorViewport: Clicking on Actor (LMB): NavMeshBoundsVolume (NavMeshBoundsVolume)
[2016.10.30-16.56.00:186][274]Cmd: TRANSACTION UNDO
[2016.10.30-16.56.00:186][274]LogEditorTransaction: Undo Move Actors
[2016.10.30-16.56.01:162][287]LogEditorViewport: Clicking on Actor (LMB): StaticMeshActor (Wall_500x500)
[2016.10.30-16.56.02:520][324]LogEditorViewport: Clicking on Actor (CTRL LMB): StaticMeshActor (Wall_500x501)
[2016.10.30-16.56.09:714][542]LogEditorViewport: Clicking on Actor (LMB): NavMeshBoundsVolume (NavMeshBoundsVolume)
[2016.10.30-16.56.10:629][569]LogEditorViewport: Clicking on Actor (LMB): StaticMeshActor (Wall_500x501)
[2016.10.30-16.56.14:314][680]Cmd: TRANSACTION UNDO
[2016.10.30-16.56.14:314][680]LogEditorTransaction: Undo Move Actors
[2016.10.30-16.56.14:765][688]Cmd: TRANSACTION UNDO
[2016.10.30-16.56.14:765][688]LogEditorTransaction: Undo Clicking on Actors
[2016.10.30-16.56.15:060][691]Cmd: TRANSACTION UNDO
[2016.10.30-16.56.15:060][691]LogEditorTransaction: Undo Clicking on Actors
[2016.10.30-16.56.15:389][700]Cmd: TRANSACTION UNDO
[2016.10.30-16.56.15:389][700]LogEditorTransaction: Undo Clicking on Actors
[2016.10.30-16.56.15:939][715]Cmd: TRANSACTION UNDO
[2016.10.30-16.56.15:939][715]LogEditorTransaction: Undo Move Actors
[2016.10.30-16.56.29:261][ 53]Cmd: TRANSACTION UNDO
[2016.10.30-16.56.29:261][ 53]LogEditorTransaction: Undo Toggle Level Visibility
[2016.10.30-16.56.29:304][ 53]LogActorComponent: ~FComponentReregisterContext: (/Game/ProceduralTower/StreamingLevels/TowerBase.TowerBase:PersistentLevel.Wall_500x501.StaticMeshComponent0) Component already registered.
[2016.10.30-16.56.29:314][ 53]LogActorComponent: ~FComponentReregisterContext: (/Game/ProceduralTower/StreamingLevels/TowerBase.TowerBase:PersistentLevel.SkyLight_1.SkyLightComponent0) Component already registered.
[2016.10.30-16.56.29:416][ 56]Cmd: TRANSACTION UNDO
[2016.10.30-16.56.29:416][ 56]LogEditorTransaction: Undo Toggle Level Visibility
[2016.10.30-16.56.29:588][ 58]Cmd: TRANSACTION UNDO
[2016.10.30-16.56.29:588][ 58]LogEditorTransaction: Undo Toggle Level Visibility
[2016.10.30-16.56.29:644][ 58]LogActorComponent: ~FComponentReregisterContext: (/Game/ProceduralTower/StreamingLevels/TowerTop.TowerTop:PersistentLevel.Wall_500x504.StaticMeshComponent0) Component already registered.
[2016.10.30-16.56.29:773][ 59]Cmd: TRANSACTION UNDO
[2016.10.30-16.56.29:774][ 59]LogEditorTransaction: Undo Toggle Level Visibility
[2016.10.30-16.56.29:786][ 59]LogActorComponent: ~FComponentReregisterContext: (/Game/ProceduralTower/StreamingLevels/TowerBase.TowerBase:PersistentLevel.Wall_500x505.StaticMeshComponent0) Component already registered.
[2016.10.30-16.56.29:787][ 59]LogActorComponent: ~FComponentReregisterContext: (/Game/ProceduralTower/StreamingLevels/TowerBase.TowerBase:PersistentLevel.TriggerSphere_1.CollisionComp) Component already registered.
[2016.10.30-16.56.29:935][ 60]Cmd: TRANSACTION UNDO
[2016.10.30-16.56.29:935][ 60]LogEditorTransaction: Undo Clicking on Actors
[2016.10.30-16.56.30:094][ 63]Cmd: TRANSACTION UNDO
[2016.10.30-16.56.30:094][ 63]LogEditorTransaction: Undo Clicking on Actors
[2016.10.30-16.56.30:242][ 66]Cmd: TRANSACTION UNDO
[2016.10.30-16.56.30:242][ 66]LogEditorTransaction: Undo Clicking on Actors
[2016.10.30-16.56.30:445][ 67]Cmd: TRANSACTION UNDO
[2016.10.30-16.56.30:445][ 67]LogEditorTransaction: Undo Move Actors
[2016.10.30-16.56.30:576][ 68]Cmd: TRANSACTION UNDO
[2016.10.30-16.56.30:576][ 68]LogEditorTransaction: Undo Move Actors
[2016.10.30-16.56.30:822][ 71]Cmd: TRANSACTION UNDO
[2016.10.30-16.56.30:822][ 71]LogEditorTransaction: Undo Clicking on Actors
[2016.10.30-16.56.31:037][ 72]Cmd: TRANSACTION UNDO
[2016.10.30-16.56.31:037][ 72]LogEditorTransaction: Undo Toggle Level Visibility
[2016.10.30-16.56.31:169][ 73]Cmd: TRANSACTION UNDO
[2016.10.30-16.56.31:170][ 73]LogEditorTransaction: Undo Toggle Level Visibility
[2016.10.30-16.56.31:214][ 73]LogActorComponent: UnregisterComponent: (/Game/ProceduralTower/StreamingLevels/Ballet.Ballet:PersistentLevel.ModelComponent_10) Not registered. Aborting.
[2016.10.30-16.56.31:214][ 73]LogActorComponent: UnregisterComponent: (/Game/ProceduralTower/StreamingLevels/Ballet.Ballet:PersistentLevel.ModelComponent_11) Not registered. Aborting.
[2016.10.30-16.56.31:214][ 73]LogActorComponent: UnregisterComponent: (/Game/ProceduralTower/StreamingLevels/Ballet.Ballet:PersistentLevel.ModelComponent_12) Not registered. Aborting.
[2016.10.30-16.56.31:214][ 73]LogActorComponent: UnregisterComponent: (/Game/ProceduralTower/StreamingLevels/Ballet.Ballet:PersistentLevel.ModelComponent_13) Not registered. Aborting.
[2016.10.30-16.56.31:214][ 73]LogActorComponent: UnregisterComponent: (/Game/ProceduralTower/StreamingLevels/Ballet.Ballet:PersistentLevel.ModelComponent_14) Not registered. Aborting.
[2016.10.30-16.56.31:333][ 73]Cmd: TRANSACTION UNDO
[2016.10.30-16.56.31:333][ 73]LogEditorTransaction: Undo Toggle Level Visibility
[2016.10.30-16.56.31:384][ 73]LogActorComponent: UnregisterComponent: (/Game/ProceduralTower/StreamingLevels/Moshing.Moshing:PersistentLevel.ModelComponent_120) Not registered. Aborting.
[2016.10.30-16.56.31:384][ 73]LogActorComponent: UnregisterComponent: (/Game/ProceduralTower/StreamingLevels/Moshing.Moshing:PersistentLevel.ModelComponent_121) Not registered. Aborting.
[2016.10.30-16.56.31:384][ 73]LogActorComponent: UnregisterComponent: (/Game/ProceduralTower/StreamingLevels/Moshing.Moshing:PersistentLevel.ModelComponent_122) Not registered. Aborting.
[2016.10.30-16.56.31:384][ 73]LogActorComponent: UnregisterComponent: (/Game/ProceduralTower/StreamingLevels/Moshing.Moshing:PersistentLevel.ModelComponent_123) Not registered. Aborting.
[2016.10.30-16.56.31:384][ 73]LogActorComponent: UnregisterComponent: (/Game/ProceduralTower/StreamingLevels/Moshing.Moshing:PersistentLevel.ModelComponent_124) Not registered. Aborting.
[2016.10.30-16.57.26:104][560]LogEditorViewport: Clicking on Actor (LMB): StaticMeshActor (Cube)
[2016.10.30-16.57.45:396][232]LogEditorViewport: Clicking on Actor (LMB): StaticMeshActor (Cube)
[2016.10.30-16.58.00:306][ 63]LogBlueprintUserMessages: Early PlayInEditor Detection: Level '/Game/ProceduralTower/StreamingLevels/TowerBase.TowerBase:PersistentLevel' has LevelScriptBlueprint '/Game/ProceduralTower/StreamingLevels/TowerBase.TowerBase:PersistentLevel.TowerBase' with GeneratedClass '/Game/ProceduralTower/StreamingLevels/TowerBase.TowerBase_C' with ClassGeneratedBy '/Game/ProceduralTower/StreamingLevels/TowerBase.TowerBase:PersistentLevel.TowerBase'
[2016.10.30-16.58.00:306][ 63]LogBlueprintUserMessages: Early PlayInEditor Detection: Level '/Game/ProceduralTower/StreamingLevels/Floor1.Floor1:PersistentLevel' has LevelScriptBlueprint '/Game/ProceduralTower/StreamingLevels/Floor1.Floor1:PersistentLevel.Floor1' with GeneratedClass '/Game/ProceduralTower/StreamingLevels/Floor1.Floor1_C' with ClassGeneratedBy '/Game/ProceduralTower/StreamingLevels/Floor1.Floor1:PersistentLevel.Floor1'
[2016.10.30-16.58.00:306][ 63]LogBlueprintUserMessages: Early PlayInEditor Detection: Level '/Game/ProceduralTower/StreamingLevels/Ballet.Ballet:PersistentLevel' has LevelScriptBlueprint '/Game/ProceduralTower/StreamingLevels/Ballet.Ballet:PersistentLevel.Ballet' with GeneratedClass '/Game/ProceduralTower/StreamingLevels/Ballet.Ballet_C' with ClassGeneratedBy '/Game/ProceduralTower/StreamingLevels/Ballet.Ballet:PersistentLevel.Ballet'
[2016.10.30-16.58.00:307][ 63]LogPlayLevel: PlayLevel: No blueprints needed recompiling
[2016.10.30-16.58.00:313][ 63]PIE: New page: PIE session: TowerBase (Oct 30, 2016, 7:58:00 AM)
[2016.10.30-16.58.00:313][ 63]LogPlayLevel: Creating play world package: /Game/ProceduralTower/StreamingLevels/UEDPIE_0_TowerBase
[2016.10.30-16.58.00:331][ 63]LogPlayLevel: PIE: StaticDuplicateObject took: (0.017620s)
[2016.10.30-16.58.00:332][ 63]LogAIModule: Creating AISystem for world TowerBase
[2016.10.30-16.58.00:332][ 63]LogPlayLevel: PIE: World Init took: (0.001162s)
[2016.10.30-16.58.00:333][ 63]LogPlayLevel: PIE: Created PIE world by copying editor world from /Game/ProceduralTower/StreamingLevels/TowerBase.TowerBase to /Game/ProceduralTower/StreamingLevels/UEDPIE_0_TowerBase.TowerBase (0.019241s)
[2016.10.30-16.58.00:385][ 63]LogInit: XAudio2 using 'Speakers (High Definition Audio Device)' : 8 channels at 44.1 kHz using 16 bits per sample (channel mask 0x63f)
[2016.10.30-16.58.00:396][ 63]LogInit: FAudioDevice initialized.
[2016.10.30-16.58.00:446][ 63]LogWorld: Game class is 'TopDownGameMode_C'
[2016.10.30-16.58.00:451][ 63]LogWorld: Bringing World /Game/ProceduralTower/StreamingLevels/UEDPIE_0_TowerBase.TowerBase up for play (max tick rate 60) at 2016.10.30-12.58.00
[2016.10.30-16.58.00:454][ 63]LogWorld: Bringing up level for play took: 0.004685
[2016.10.30-16.58.00:468][ 63]LogContentBrowser: Native class hierarchy updated for 'MovieSceneCapture' in 0.0013 seconds. Added 11 classes and 0 folders.
[2016.10.30-16.58.00:468][ 63]LogGameMode:Display: Match State Changed from EnteringMap to WaitingToStart
[2016.10.30-16.58.00:469][ 63]LogGameState: Match State Changed from EnteringMap to WaitingToStart
[2016.10.30-16.58.00:469][ 63]LogGameMode:Display: Match State Changed from WaitingToStart to InProgress
[2016.10.30-16.58.00:480][ 63]LogBlueprintUserMessages: [TowerBase_C_1] TowerFloor0
[2016.10.30-16.58.00:481][ 63]LogGameState: Match State Changed from WaitingToStart to InProgress
[2016.10.30-16.58.00:481][ 63]PIE: Info Play in editor start time for /Game/ProceduralTower/StreamingLevels/UEDPIE_0_TowerBase -0.082
[2016.10.30-16.58.00:481][ 63]LogBlueprintUserMessages: Late PlayInEditor Detection: Level '/Game/ProceduralTower/StreamingLevels/TowerBase.TowerBase:PersistentLevel' has LevelScriptBlueprint '/Game/ProceduralTower/StreamingLevels/TowerBase.TowerBase:PersistentLevel.TowerBase' with GeneratedClass '/Game/ProceduralTower/StreamingLevels/TowerBase.TowerBase_C' with ClassGeneratedBy '/Game/ProceduralTower/StreamingLevels/TowerBase.TowerBase:PersistentLevel.TowerBase'
[2016.10.30-16.58.00:481][ 63]LogBlueprintUserMessages: Late PlayInEditor Detection: Level '/Game/ProceduralTower/StreamingLevels/Floor1.Floor1:PersistentLevel' has LevelScriptBlueprint '/Game/ProceduralTower/StreamingLevels/Floor1.Floor1:PersistentLevel.Floor1' with GeneratedClass '/Game/ProceduralTower/StreamingLevels/Floor1.Floor1_C' with ClassGeneratedBy '/Game/ProceduralTower/StreamingLevels/Floor1.Floor1:PersistentLevel.Floor1'
[2016.10.30-16.58.00:481][ 63]LogBlueprintUserMessages: Late PlayInEditor Detection: Level '/Game/ProceduralTower/StreamingLevels/Ballet.Ballet:PersistentLevel' has LevelScriptBlueprint '/Game/ProceduralTower/StreamingLevels/Ballet.Ballet:PersistentLevel.Ballet' with GeneratedClass '/Game/ProceduralTower/StreamingLevels/Ballet.Ballet_C' with ClassGeneratedBy '/Game/ProceduralTower/StreamingLevels/Ballet.Ballet:PersistentLevel.Ballet'
[2016.10.30-16.58.00:680][ 68]LogBlueprintUserMessages: [Floor1_C_2] TowerFloor1
[2016.10.30-16.58.00:856][ 73]LogBlueprintUserMessages: [Floor1_C_2] TowerFloor2
[2016.10.30-16.58.01:006][ 78]LogBlueprintUserMessages: [Floor1_C_2] TowerFloor3
[2016.10.30-16.58.01:173][ 83]LogBlueprintUserMessages: [Floor1_C_2] TowerFloor4
[2016.10.30-16.58.01:340][ 88]LogBlueprintUserMessages: [Floor1_C_2] Tower Complete
[2016.10.30-16.58.01:340][ 88]LogBlueprintUserMessages: [Floor1_C_2] Teleport Adjust: 200.0
[2016.10.30-16.58.01:504][ 92]LogStreaming:Display: UWorld::AddToWorld: updating components for /Game/ProceduralTower/StreamingLevels/UEDPIE_0_TwoerTop took (less than) 32.51 ms
[2016.10.30-16.58.04:393][149]LogBlueprintUserMessages: Early EndPlayMap Detection: Level '/Game/ProceduralTower/StreamingLevels/TowerBase.TowerBase:PersistentLevel' has LevelScriptBlueprint '/Game/ProceduralTower/StreamingLevels/TowerBase.TowerBase:PersistentLevel.TowerBase' with GeneratedClass '/Game/ProceduralTower/StreamingLevels/TowerBase.TowerBase_C' with ClassGeneratedBy '/Game/ProceduralTower/StreamingLevels/TowerBase.TowerBase:PersistentLevel.TowerBase'
[2016.10.30-16.58.04:393][149]LogBlueprintUserMessages: Early EndPlayMap Detection: Level '/Game/ProceduralTower/StreamingLevels/Floor1.Floor1:PersistentLevel' has LevelScriptBlueprint '/Game/ProceduralTower/StreamingLevels/Floor1.Floor1:PersistentLevel.Floor1' with GeneratedClass '/Game/ProceduralTower/StreamingLevels/Floor1.Floor1_C' with ClassGeneratedBy '/Game/ProceduralTower/StreamingLevels/Floor1.Floor1:PersistentLevel.Floor1'
[2016.10.30-16.58.04:393][149]LogBlueprintUserMessages: Early EndPlayMap Detection: Level '/Game/ProceduralTower/StreamingLevels/Ballet.Ballet:PersistentLevel' has LevelScriptBlueprint '/Game/ProceduralTower/StreamingLevels/Ballet.Ballet:PersistentLevel.Ballet' with GeneratedClass '/Game/ProceduralTower/StreamingLevels/Ballet.Ballet_C' with ClassGeneratedBy '/Game/ProceduralTower/StreamingLevels/Ballet.Ballet:PersistentLevel.Ballet'
[2016.10.30-16.58.04:477][149]LogBlueprintUserMessages: Late EndPlayMap Detection: Level '/Game/ProceduralTower/StreamingLevels/TowerBase.TowerBase:PersistentLevel' has LevelScriptBlueprint '/Game/ProceduralTower/StreamingLevels/TowerBase.TowerBase:PersistentLevel.TowerBase' with GeneratedClass '/Game/ProceduralTower/StreamingLevels/TowerBase.TowerBase_C' with ClassGeneratedBy '/Game/ProceduralTower/StreamingLevels/TowerBase.TowerBase:PersistentLevel.TowerBase'
[2016.10.30-16.58.04:477][149]LogBlueprintUserMessages: Late EndPlayMap Detection: Level '/Game/ProceduralTower/StreamingLevels/Floor1.Floor1:PersistentLevel' has LevelScriptBlueprint '/Game/ProceduralTower/StreamingLevels/Floor1.Floor1:PersistentLevel.Floor1' with GeneratedClass '/Game/ProceduralTower/StreamingLevels/Floor1.Floor1_C' with ClassGeneratedBy '/Game/ProceduralTower/StreamingLevels/Floor1.Floor1:PersistentLevel.Floor1'
[2016.10.30-16.58.04:477][149]LogBlueprintUserMessages: Late EndPlayMap Detection: Level '/Game/ProceduralTower/StreamingLevels/Ballet.Ballet:PersistentLevel' has LevelScriptBlueprint '/Game/ProceduralTower/StreamingLevels/Ballet.Ballet:PersistentLevel.Ballet' with GeneratedClass '/Game/ProceduralTower/StreamingLevels/Ballet.Ballet_C' with ClassGeneratedBy '/Game/ProceduralTower/StreamingLevels/Ballet.Ballet:PersistentLevel.Ballet'
[2016.10.30-16.59.01:845][ 90]LogEditorViewport: Clicking on Actor (LMB): StaticMeshActor (Cube)
[2016.10.30-16.59.02:589][112]LogEditorViewport: Clicking on Actor (CTRL LMB): StaticMeshActor (Cube3)
[2016.10.30-16.59.09:284][310]LogEditorViewport: Clicking on Actor (CTRL LMB): StaticMeshActor (Cube3)
[2016.10.30-16.59.09:859][326]LogEditorViewport: Clicking on Actor (CTRL LMB): StaticMeshActor (Cube)
[2016.10.30-16.59.17:690][560]LogEditorViewport: Clicking on Actor (LMB): StaticMeshActor (Wall_500x505)
[2016.10.30-16.59.19:324][608]LogEditorViewport: Clicking on Actor (LMB): StaticMeshActor (Wall_500x500)
[2016.10.30-16.59.20:805][653]LogEditorViewport: Clicking on Actor (CTRL LMB): StaticMeshActor (Wall_500x501)
[2016.10.30-16.59.57:011][188]SourceControl: Info On branch master
[2016.10.30-16.59.57:011][188]SourceControl: Info Your branch is up-to-date with 'origin/master'.
[2016.10.30-16.59.57:011][188]SourceControl: Info Changes not staged for commit:
[2016.10.30-16.59.57:011][188]SourceControl: Info   (use "git add/rm <file>..." to update what will be committed)
[2016.10.30-16.59.57:011][188]SourceControl: Info   (use "git checkout -- <file>..." to discard changes in working directory)
[2016.10.30-16.59.57:011][188]SourceControl: Info 	modified:   MidtermStarter/Intermediate/CachedAssetRegistry.bin
[2016.10.30-16.59.57:011][188]SourceControl: Info 	modified:   MidtermStarter/Saved/Autosaves/PackageRestoreData.json
[2016.10.30-16.59.57:011][188]SourceControl: Info 	modified:   MidtermStarter/Saved/Config/Windows/EditorPerProjectUserSettings.ini
[2016.10.30-16.59.57:011][188]SourceControl: Info 	modified:   MidtermStarter/Saved/Config/Windows/Engine.ini
[2016.10.30-16.59.57:011][188]SourceControl: Info 	deleted:    MidtermStarter/Saved/Logs/MidtermStarter-backup-2016.10.21-17.27.48.log
[2016.10.30-16.59.57:011][188]SourceControl: Info 	modified:   MidtermStarter/Saved/Logs/MidtermStarter.log
[2016.10.30-16.59.57:011][188]SourceControl: Info Untracked files:
[2016.10.30-16.59.57:011][188]SourceControl: Info   (use "git add <file>..." to include in what will be committed)
[2016.10.30-16.59.57:011][188]SourceControl: Info 	MidtermStarter/Saved/Logs/MidtermStarter-backup-2016.10.30-12.55.05.log
[2016.10.30-16.59.57:011][188]SourceControl: Info 	MidtermStarter/Saved/Logs/UE4CC-Windows-A7322C3C4AA5B0C042A1539D684BC673/
[2016.10.30-16.59.57:011][188]SourceControl: Info no changes added to commit (use "git add" and/or "git commit -a")
[2016.10.30-17.00.01:163][252]LogSavePackage: Save=144.90ms
[2016.10.30-17.00.01:163][252]LogSavePackage: Moving '../../../../../../Users/Paul Chamberlain/Documents/GitHub/DiscoLevel/MidtermStarter/Saved/TowerBaseDE5561594A06E1E06130A8B86CF9F681.tmp' to '../../../../../../Users/Paul Chamberlain/Documents/GitHub/DiscoLevel/MidtermStarter/Content/ProceduralTower/StreamingLevels/TowerBase.umap'
[2016.10.30-17.00.01:168][252]LogSavePackage:Display: Finished SavePackage ../../../../../../Users/Paul Chamberlain/Documents/GitHub/DiscoLevel/MidtermStarter/Content/ProceduralTower/StreamingLevels/TowerBase.umap
[2016.10.30-17.00.01:204][252]LogFileHelpers: Saving map 'TowerBase' took 0.259
[2016.10.30-17.00.01:316][252]LogSavePackage: Save=41.01ms
[2016.10.30-17.00.01:316][252]LogSavePackage: Moving '../../../../../../Users/Paul Chamberlain/Documents/GitHub/DiscoLevel/MidtermStarter/Saved/TowerTopB0FD48A94844BBCB4DBE52B4FAA9C92A.tmp' to '../../../../../../Users/Paul Chamberlain/Documents/GitHub/DiscoLevel/MidtermStarter/Content/ProceduralTower/StreamingLevels/TowerTop.umap'
[2016.10.30-17.00.01:320][252]LogSavePackage:Display: Finished SavePackage ../../../../../../Users/Paul Chamberlain/Documents/GitHub/DiscoLevel/MidtermStarter/Content/ProceduralTower/StreamingLevels/TowerTop.umap
[2016.10.30-17.00.01:321][252]LogFileHelpers: Saving map 'TowerTop' took 0.113
[2016.10.30-17.00.01:535][252]LogSpawn:Warning: UWorld::DestroyActor: World has no context! World: Ballet, Actor: /Game/ProceduralTower/StreamingLevels/Ballet.Ballet:PersistentLevel.Ballet_C_3
[2016.10.30-17.00.01:988][252]LogSavePackage: Save=563.35ms
[2016.10.30-17.00.01:988][252]LogSavePackage: Moving '../../../../../../Users/Paul Chamberlain/Documents/GitHub/DiscoLevel/MidtermStarter/Saved/BalletA1A7D51847BF43342D8CDBA1004A3EF6.tmp' to '../../../../../../Users/Paul Chamberlain/Documents/GitHub/DiscoLevel/MidtermStarter/Content/ProceduralTower/StreamingLevels/Ballet.umap'
[2016.10.30-17.00.01:993][252]LogSavePackage:Display: Finished SavePackage ../../../../../../Users/Paul Chamberlain/Documents/GitHub/DiscoLevel/MidtermStarter/Content/ProceduralTower/StreamingLevels/Ballet.umap
[2016.10.30-17.00.01:993][252]LogFileHelpers: Saving map 'Ballet' took 0.671
[2016.10.30-17.00.02:297][252]LogSavePackage: Save=230.94ms
[2016.10.30-17.00.02:297][252]LogSavePackage: Moving '../../../../../../Users/Paul Chamberlain/Documents/GitHub/DiscoLevel/MidtermStarter/Saved/Moshing4531DD224418BFBD5CDD938D44468908.tmp' to '../../../../../../Users/Paul Chamberlain/Documents/GitHub/DiscoLevel/MidtermStarter/Content/ProceduralTower/StreamingLevels/Moshing.umap'
[2016.10.30-17.00.02:302][252]LogSavePackage:Display: Finished SavePackage ../../../../../../Users/Paul Chamberlain/Documents/GitHub/DiscoLevel/MidtermStarter/Content/ProceduralTower/StreamingLevels/Moshing.umap
[2016.10.30-17.00.02:303][252]LogFileHelpers: Saving map 'Moshing' took 0.307
[2016.10.30-17.00.31:070][ 94]LogEditorViewport: Clicking on Actor (LMB): StaticMeshActor (Cube3)
[2016.10.30-17.00.35:106][210]LogEditorViewport: Clicking on Actor (LMB): StaticMeshActor (Wall_500x503)
[2016.10.30-17.00.35:684][228]LogEditorViewport: Clicking on Actor (CTRL LMB): StaticMeshActor (Wall_500x502)
[2016.10.30-17.00.45:514][521]LogEditorViewport: Clicking on Actor (LMB): StaticMeshActor (Wall_500x505)
[2016.10.30-17.00.55:662][825]LogEditorViewport: Clicking on Actor (CTRL LMB): StaticMeshActor (Wall_500x504)
[2016.10.30-17.01.07:563][179]LogEditorViewport: Clicking on Actor (LMB): StaticMeshActor (Wall_500x505)
[2016.10.30-17.01.14:580][388]LogEditorViewport: Clicking on Actor (LMB): StaticMeshActor (Wall_500x504)
[2016.10.30-17.02.16:813][252]LogEditorViewport: Clicking on Actor (LMB): StaticMeshActor (Wall_500x500)
[2016.10.30-17.02.39:058][915]LogEditorViewport: Clicking on Actor (LMB): StaticMeshActor (Cube2)
[2016.10.30-17.02.40:437][957]Cmd: DELETE
[2016.10.30-17.02.40:438][957]Cmd: ACTOR DELETE
[2016.10.30-17.02.40:440][957]LogEditorActor: Deleted Actor: StaticMeshActor
[2016.10.30-17.02.40:494][957]LogEditorActor: Deleted 1 Actors (0.055 secs)
[2016.10.30-17.02.41:183][979]LogEditorViewport: Clicking on Actor (LMB): StaticMeshActor (Cube5)
[2016.10.30-17.02.41:805][998]LogEditorViewport: Clicking on Actor (CTRL LMB): StaticMeshActor (Cube4)
[2016.10.30-17.02.42:453][ 16]LogEditorViewport: Clicking on Actor (CTRL LMB): StaticMeshActor (Cube)
[2016.10.30-17.02.42:804][ 26]LogEditorViewport: Clicking on Actor (CTRL LMB): StaticMeshActor (Cube3)
[2016.10.30-17.02.44:919][ 90]Cmd: TRANSACTION UNDO
[2016.10.30-17.02.44:919][ 90]LogEditorTransaction: Undo Move Actors
[2016.10.30-17.02.47:337][126]Cmd: TRANSACTION UNDO
[2016.10.30-17.02.47:337][126]LogEditorTransaction: Undo Move Actors
[2016.10.30-17.03.03:685][560]LogEditorViewport: Clicking on Actor (LMB): NavMeshBoundsVolume (NavMeshBoundsVolume)
[2016.10.30-17.03.09:478][696]MapCheck: New page: Map Check
[2016.10.30-17.03.25:759][696]Cmd: MAP CHECK DONTDISPLAYDIALOG
[2016.10.30-17.03.25:759][696]MapCheck: New page: TowerBase - Oct 30, 2016, 8:03:25 AM
[2016.10.30-17.03.25:825][696]MapCheck: Info Map check complete: 0 Error(s), 0 Warning(s), took 65.392ms to complete.
[2016.10.30-17.03.25:847][696]LogEditorBuildUtils: Build time 0:16
[2016.10.30-17.03.37:928][965]LogEditorViewport: Clicking on Actor (LMB): NavMeshBoundsVolume (NavMeshBoundsVolume)
[2016.10.30-17.03.51:504][360]LogEditorViewport: Clicking on Actor (LMB): StaticMeshActor (Cube3)
[2016.10.30-17.03.52:436][387]LogEditorViewport: Clicking on Actor (LMB): NavMeshBoundsVolume (NavMeshBoundsVolume)
[2016.10.30-17.04.22:129][276]LogEditorViewport: Clicking on Actor (LMB): StaticMeshActor (Cube)
[2016.10.30-17.06.17:668][781]LogEditorViewport: Clicking on Actor (LMB): NavMeshBoundsVolume (NavMeshBoundsVolume)
[2016.10.30-17.06.33:199][117]MapCheck: New page: Map Check
[2016.10.30-17.06.39:020][117]Cmd: MAP REBUILD ALLVISIBLE
[2016.10.30-17.06.39:024][117]LogEditorServer: Rebuildmap Clear paths rebuilt
[2016.10.30-17.06.39:150][117]LogMaterial: Missing cached shader map for material FDebugViewModeMaterialProxy WorldGridMaterial, compiling. Is special engine material.
[2016.10.30-17.06.39:159][117]LogMaterial: Missing cached shader map for material FDebugViewModeMaterialProxy M_Wood_Oak, compiling. 
[2016.10.30-17.06.39:167][117]LogMaterial: Missing cached shader map for material FDebugViewModeMaterialProxy M_Brick_Clay_Beveled, compiling. 
[2016.10.30-17.06.39:179][117]LogMaterial: Missing cached shader map for material FDebugViewModeMaterialProxy DefaultTextMaterialOpaque, compiling. 
[2016.10.30-17.06.39:188][117]LogMaterial: Missing cached shader map for material FDebugViewModeMaterialProxy CubeMaterial, compiling. 
[2016.10.30-17.06.39:196][117]LogMaterial: Missing cached shader map for material FDebugViewModeMaterialProxy BasicShapeMaterial, compiling. 
[2016.10.30-17.06.39:210][117]LogMaterial: Missing cached shader map for material FDebugViewModeMaterialProxy M_Basic_Wall, compiling. 
[2016.10.30-17.06.39:882][117]LogLevel:Display: Export Material TexCoord Scales took 0.022 seconds.
[2016.10.30-17.06.39:946][117]TextureStreamingBuild:Display: Build Texture Streaming took 0.063 seconds.
[2016.10.30-17.06.39:956][117]LightingResults: New page: Lighting Build - Oct 30, 2016, 8:06:39 AM
[2016.10.30-17.06.39:997][117]LogSwarmInterface: [OpenConnection] Registering TCP channel ...
[2016.10.30-17.06.40:094][117]LogSwarmInterface: [OpenConnection] Connecting to agent ...
[2016.10.30-17.06.40:108][117]LogSwarmInterface: [TryOpenConnection] Testing the Agent
[2016.10.30-17.06.41:637][117]LogSwarmInterface: [TryOpenConnection] Opening Connection to Agent
[2016.10.30-17.06.41:637][117]LogSwarmInterface: [TryOpenConnection] Local Process ID is 12200
[2016.10.30-17.06.49:054][117]LogStaticLightingSystem:Warning: No importance volume found, so the scene bounding box was used.  You can optimize your scene's quality and lighting build times by adding importance volumes.
[2016.10.30-17.06.49:055][117]LogStaticLightingSystem: Running Lightmass w/ ImmediateImport mode ENABLED
[2016.10.30-17.06.49:055][117]LogStaticLightingSystem: Running Lightmass w/ ImmediateProcess mode ENABLED
[2016.10.30-17.06.49:055][117]LogStaticLightingSystem: Running Lightmass w/ Sorting mode ENABLED
[2016.10.30-17.06.49:055][117]LogStaticLightingSystem: Running Lightmass w/ Mapping paddings ENABLED
[2016.10.30-17.06.49:055][117]LogStaticLightingSystem: Running Lightmass w/ Mapping debug paddings DISABLED
[2016.10.30-17.06.49:354][117]Cmd: MAP CHECK DONTDISPLAYDIALOG
[2016.10.30-17.06.49:354][117]MapCheck: New page: TowerBase - Oct 30, 2016, 8:06:49 AM
[2016.10.30-17.06.49:355][117]MapCheck:Warning: Warning Cube_2 Cube_2 is in the same location as Cube2 
[2016.10.30-17.06.49:355][117]MapCheck:Warning: Warning Cube_2 Cube_2 is in the same location as Cube3_5 
[2016.10.30-17.06.49:355][117]MapCheck:Warning: Warning Wall_500x500_5 Wall_500x500_5 is in the same location as Wall_500x506 
[2016.10.30-17.06.49:355][117]MapCheck:Warning: Warning Wall_500x501 Wall_500x501 is in the same location as Wall_500x507 
[2016.10.30-17.06.49:356][117]MapCheck:Warning: Warning Wall_500x502 Wall_500x502 is in the same location as Wall_500x508 
[2016.10.30-17.06.49:356][117]MapCheck:Warning: Warning Wall_500x503 Wall_500x503 is in the same location as Wall_500x509 
[2016.10.30-17.06.49:356][117]MapCheck:Warning: Warning Wall_500x504 Wall_500x504 is in the same location as Wall_500x510 
[2016.10.30-17.06.49:356][117]MapCheck:Warning: Warning Wall_500x504 Wall_500x504 is in the same location as Wall_500x514 
[2016.10.30-17.06.49:356][117]MapCheck:Warning: Warning Wall_500x505 Wall_500x505 is in the same location as Wall_500x515 
[2016.10.30-17.06.49:356][117]MapCheck:Warning: Warning Wall_500x505 Wall_500x505 is in the same location as Wall_500x511 
[2016.10.30-17.06.49:356][117]MapCheck:Warning: Warning Cube2 Cube2 is in the same location as Cube_2 
[2016.10.30-17.06.49:356][117]MapCheck:Warning: Warning Cube2 Cube2 is in the same location as Cube3_5 
[2016.10.30-17.06.49:356][117]MapCheck:Warning: Warning Wall_500x506 Wall_500x506 is in the same location as Wall_500x500_5 
[2016.10.30-17.06.49:356][117]MapCheck:Warning: Warning Wall_500x507 Wall_500x507 is in the same location as Wall_500x501 
[2016.10.30-17.06.49:356][117]MapCheck:Warning: Warning Wall_500x508 Wall_500x508 is in the same location as Wall_500x502 
[2016.10.30-17.06.49:356][117]MapCheck:Warning: Warning Wall_500x509 Wall_500x509 is in the same location as Wall_500x503 
[2016.10.30-17.06.49:356][117]MapCheck:Warning: Warning Wall_500x510 Wall_500x510 is in the same location as Wall_500x504 
[2016.10.30-17.06.49:356][117]MapCheck:Warning: Warning Wall_500x510 Wall_500x510 is in the same location as Wall_500x514 
[2016.10.30-17.06.49:356][117]MapCheck:Warning: Warning Wall_500x511 Wall_500x511 is in the same location as Wall_500x505 
[2016.10.30-17.06.49:356][117]MapCheck:Warning: Warning Wall_500x511 Wall_500x511 is in the same location as Wall_500x515 
[2016.10.30-17.06.49:357][117]MapCheck:Warning: Warning Cube3_5 Cube3_5 is in the same location as Cube_2 
[2016.10.30-17.06.49:357][117]MapCheck:Warning: Warning Cube3_5 Cube3_5 is in the same location as Cube2 
[2016.10.30-17.06.49:357][117]MapCheck:Warning: Warning Wall_500x514 Wall_500x514 is in the same location as Wall_500x504 
[2016.10.30-17.06.49:357][117]MapCheck:Warning: Warning Wall_500x514 Wall_500x514 is in the same location as Wall_500x510 
[2016.10.30-17.06.49:357][117]MapCheck:Warning: Warning Wall_500x515 Wall_500x515 is in the same location as Wall_500x505 
[2016.10.30-17.06.49:358][117]MapCheck:Warning: Warning Wall_500x515 Wall_500x515 is in the same location as Wall_500x511 
[2016.10.30-17.06.49:409][117]MapCheck: Info Map check complete: 0 Error(s), 26 Warning(s), took 54.173ms to complete.
[2016.10.30-17.06.49:431][117]LogEditorBuildUtils: Build time 0:16
[2016.10.30-17.06.49:515][117]LogMaterial: Missing cached shader map for material FLightmassMaterialRenderer M_Wood_Oak, compiling. 
[2016.10.30-17.06.49:538][117]LogMaterial: Missing cached shader map for material FLightmassMaterialRenderer M_Wood_Oak, compiling. 
[2016.10.30-17.06.49:641][118]LogMaterial: Missing cached shader map for material FLightmassMaterialRenderer M_Brick_Clay_Beveled, compiling. 
[2016.10.30-17.06.49:647][118]LogMaterial: Missing cached shader map for material FLightmassMaterialRenderer M_Brick_Clay_Beveled, compiling. 
[2016.10.30-17.06.49:722][119]LogMaterial: Missing cached shader map for material FLightmassMaterialRenderer CubeMaterial, compiling. 
[2016.10.30-17.06.49:729][119]LogMaterial: Missing cached shader map for material FLightmassMaterialRenderer CubeMaterial, compiling. 
[2016.10.30-17.06.49:807][120]LogMaterial: Missing cached shader map for material FLightmassMaterialRenderer M_Basic_Wall, compiling. 
[2016.10.30-17.06.49:813][120]LogMaterial: Missing cached shader map for material FLightmassMaterialRenderer M_Basic_Wall, compiling. 
[2016.10.30-17.07.26:732][863]Job is a success!
[2016.10.30-17.07.26:967][864]SourceControl: Info On branch master
[2016.10.30-17.07.26:967][864]SourceControl: Info Your branch is up-to-date with 'origin/master'.
[2016.10.30-17.07.26:967][864]SourceControl: Info Changes not staged for commit:
[2016.10.30-17.07.26:967][864]SourceControl: Info   (use "git add/rm <file>..." to update what will be committed)
[2016.10.30-17.07.26:967][864]SourceControl: Info   (use "git checkout -- <file>..." to discard changes in working directory)
[2016.10.30-17.07.26:967][864]SourceControl: Info 	modified:   MidtermStarter/Content/ProceduralTower/StreamingLevels/Ballet.umap
[2016.10.30-17.07.26:967][864]SourceControl: Info 	modified:   MidtermStarter/Content/ProceduralTower/StreamingLevels/Moshing.umap
[2016.10.30-17.07.26:967][864]SourceControl: Info 	modified:   MidtermStarter/Content/ProceduralTower/StreamingLevels/TowerBase.umap
[2016.10.30-17.07.26:967][864]SourceControl: Info 	modified:   MidtermStarter/Content/ProceduralTower/StreamingLevels/TowerTop.umap
[2016.10.30-17.07.26:967][864]SourceControl: Info 	modified:   MidtermStarter/Intermediate/CachedAssetRegistry.bin
[2016.10.30-17.07.26:967][864]SourceControl: Info 	modified:   MidtermStarter/Saved/Autosaves/PackageRestoreData.json
[2016.10.30-17.07.26:967][864]SourceControl: Info 	modified:   MidtermStarter/Saved/Config/Windows/EditorPerProjectUserSettings.ini
[2016.10.30-17.07.26:967][864]SourceControl: Info 	modified:   MidtermStarter/Saved/Config/Windows/Engine.ini
[2016.10.30-17.07.26:967][864]SourceControl: Info 	modified:   MidtermStarter/Saved/Config/Windows/SourceControlSettings.ini
[2016.10.30-17.07.26:967][864]SourceControl: Info 	deleted:    MidtermStarter/Saved/Logs/MidtermStarter-backup-2016.10.21-17.27.48.log
[2016.10.30-17.07.26:967][864]SourceControl: Info 	modified:   MidtermStarter/Saved/Logs/MidtermStarter.log
[2016.10.30-17.07.26:967][864]SourceControl: Info Untracked files:
[2016.10.30-17.07.26:967][864]SourceControl: Info   (use "git add <file>..." to include in what will be committed)
[2016.10.30-17.07.26:967][864]SourceControl: Info 	MidtermStarter/Saved/Backup/Ballet_2016-10-30-13-00-01.umap
[2016.10.30-17.07.26:967][864]SourceControl: Info 	MidtermStarter/Saved/Backup/Moshing_2016-10-30-13-00-02.umap
[2016.10.30-17.07.26:967][864]SourceControl: Info 	MidtermStarter/Saved/Backup/TowerBase_2016-10-30-13-00-01.umap
[2016.10.30-17.07.26:967][864]SourceControl: Info 	MidtermStarter/Saved/Backup/TowerTop_2016-10-30-13-00-01.umap
[2016.10.30-17.07.26:967][864]SourceControl: Info 	MidtermStarter/Saved/Logs/MidtermStarter-backup-2016.10.30-12.55.05.log
[2016.10.30-17.07.26:967][864]SourceControl: Info 	MidtermStarter/Saved/Logs/UE4CC-Windows-A7322C3C4AA5B0C042A1539D684BC673/
[2016.10.30-17.07.26:967][864]SourceControl: Info no changes added to commit (use "git add" and/or "git commit -a")
[2016.10.30-17.07.27:739][864]LogSavePackage: Save=22.74ms
[2016.10.30-17.07.27:739][864]LogSavePackage: Moving '../../../../../../Users/Paul Chamberlain/Documents/GitHub/DiscoLevel/MidtermStarter/Saved/DiscoTop09A27A55495A563C306FC89929A2D147.tmp' to '../../../../../../Users/Paul Chamberlain/Documents/GitHub/DiscoLevel/MidtermStarter/Content/ProceduralTower/StreamingLevels/DiscoTop.umap'
[2016.10.30-17.07.27:745][864]LogSavePackage:Display: Finished SavePackage ../../../../../../Users/Paul Chamberlain/Documents/GitHub/DiscoLevel/MidtermStarter/Content/ProceduralTower/StreamingLevels/DiscoTop.umap
[2016.10.30-17.07.28:043][864]LogFileHelpers: Saving map 'DiscoTop' took 0.383
[2016.10.30-17.07.28:120][864]LogSavePackage: Save=1.93ms
[2016.10.30-17.07.28:120][864]LogSavePackage: Moving '../../../../../../Users/Paul Chamberlain/Documents/GitHub/DiscoLevel/MidtermStarter/Saved/TowerTop7D377D6D4990D61ADD82D4B814C15206.tmp' to '../../../../../../Users/Paul Chamberlain/Documents/GitHub/DiscoLevel/MidtermStarter/Content/ProceduralTower/StreamingLevels/TowerTop.umap'
[2016.10.30-17.07.28:124][864]LogSavePackage:Display: Finished SavePackage ../../../../../../Users/Paul Chamberlain/Documents/GitHub/DiscoLevel/MidtermStarter/Content/ProceduralTower/StreamingLevels/TowerTop.umap
[2016.10.30-17.07.28:827][864]LightingResults:Error: Error SpotLight3_7 Severe performance loss: Failed to allocate shadowmap channel for stationary light due to overlap - light will fall back to dynamic shadows!
[2016.10.30-17.07.28:827][864]LightingResults:Error: Error SpotLight4 Severe performance loss: Failed to allocate shadowmap channel for stationary light due to overlap - light will fall back to dynamic shadows!
[2016.10.30-17.07.28:827][864]LightingResults:Error: Error SpotLight5 Severe performance loss: Failed to allocate shadowmap channel for stationary light due to overlap - light will fall back to dynamic shadows!
[2016.10.30-17.07.33:145][864]LogTexture:Display: Building textures: SkyOcclusion0_1 (AutoDXT)
[2016.10.30-17.07.33:145][864]LogTexture:Display: Building textures: HQ_Lightmap0_1 (AutoDXT)
[2016.10.30-17.07.33:145][864]LogTexture:Display: Building textures: LQ_Lightmap_0_1 (DXT1)
[2016.10.30-17.07.33:145][864]LogTexture:Display: Building textures: SkyOcclusion0_2 (AutoDXT)
[2016.10.30-17.07.33:145][864]LogTexture:Display: Building textures: HQ_Lightmap0_2 (AutoDXT)
[2016.10.30-17.07.33:145][864]LogTexture:Display: Building textures: LQ_Lightmap_0_2 (DXT1)
[2016.10.30-17.07.33:145][864]LogTexture:Display: Building textures: SkyOcclusion0_3 (AutoDXT)
[2016.10.30-17.07.33:145][864]LogTexture:Display: Building textures: HQ_Lightmap0_3 (AutoDXT)
[2016.10.30-17.07.33:145][864]LogTexture:Display: Building textures: LQ_Lightmap_0_3 (DXT1)
[2016.10.30-17.07.33:145][864]LogTexture:Display: Building textures: SkyOcclusion0_4 (AutoDXT)
[2016.10.30-17.07.33:145][864]LogTexture:Display: Building textures: HQ_Lightmap0_4 (AutoDXT)
[2016.10.30-17.07.33:145][864]LogTexture:Display: Building textures: LQ_Lightmap_0_4 (DXT1)
[2016.10.30-17.07.33:145][864]LogTexture:Display: Building textures: SkyOcclusion0_5 (AutoDXT)
[2016.10.30-17.07.33:145][864]LogTexture:Display: Building textures: HQ_Lightmap0_5 (AutoDXT)
[2016.10.30-17.07.33:145][864]LogTexture:Display: Building textures: LQ_Lightmap_0_5 (DXT1)
[2016.10.30-17.07.33:145][864]LogTexture:Display: Building textures: SkyOcclusion0_6 (AutoDXT)
[2016.10.30-17.07.33:145][864]LogTexture:Display: Building textures: HQ_Lightmap0_6 (AutoDXT)
[2016.10.30-17.07.33:145][864]LogTexture:Display: Building textures: LQ_Lightmap_0_6 (DXT1)
[2016.10.30-17.07.33:145][864]LogTexture:Display: Building textures: SkyOcclusion0_7 (AutoDXT)
[2016.10.30-17.07.33:145][864]LogTexture:Display: Building textures: HQ_Lightmap0_7 (AutoDXT)
[2016.10.30-17.07.33:145][864]LogTexture:Display: Building textures: LQ_Lightmap_0_7 (DXT1)
[2016.10.30-17.07.33:145][864]LogTexture:Display: Building textures: SkyOcclusion0_8 (AutoDXT)
[2016.10.30-17.07.33:145][864]LogTexture:Display: Building textures: HQ_Lightmap0_8 (AutoDXT)
[2016.10.30-17.07.33:145][864]LogTexture:Display: Building textures: LQ_Lightmap_0_8 (DXT1)
[2016.10.30-17.07.33:433][864]LogTexture:Display: Building textures: ShadowMapTexture2D_0 (BGRA8)
[2016.10.30-17.07.33:433][864]LogTexture:Display: Building textures: ShadowMapTexture2D_0 (BGRA8)
[2016.10.30-17.07.33:433][864]LogTexture:Display: Building textures: ShadowMapTexture2D_0 (BGRA8)
[2016.10.30-17.07.33:433][864]LogTexture:Display: Building textures: ShadowMapTexture2D_0 (BGRA8)
[2016.10.30-17.07.33:433][864]LogTexture:Display: Building textures: ShadowMapTexture2D_0 (BGRA8)
[2016.10.30-17.07.33:433][864]LogTexture:Display: Building textures: ShadowMapTexture2D_1 (BGRA8)
[2016.10.30-17.07.33:433][864]LogTexture:Display: Building textures: ShadowMapTexture2D_1 (BGRA8)
[2016.10.30-17.07.33:541][864]Lightmass on NEO-HAL9000: 41.0 sec total, 123 ms importing, 107 ms setup, 3.51 sec photons, 37.3 sec processing, 0 ms extra exporting [634/634 mappings]. Threads: 2:29 min total, 1:30 min processing.
[2016.10.30-17.07.33:641][864]LogStaticLightingSystem: Illumination: 51.9 sec (4.30 sec encoding lightmaps, 254 ms encoding shadowmaps)
[2016.10.30-17.07.33:641][864]LogStaticLightingSystem: Lightmap texture memory:  12.3 MB (12.0 MB streaming, 0.3 MB non-streaming), 16 textures
[2016.10.30-17.07.33:641][864]LogStaticLightingSystem: Shadowmap texture memory: 5.7 MB (5.3 MB streaming, 0.3 MB non-streaming), 7 textures
[2016.10.30-17.07.34:096][865]Cmd: MAP CHECK NOTIFYRESULTS
[2016.10.30-17.07.34:096][865]MapCheck: New page: TowerBase - Oct 30, 2016, 8:07:34 AM
[2016.10.30-17.07.34:185][865]MapCheck: Info Map check complete: 0 Error(s), 0 Warning(s), took 88.457ms to complete.
[2016.10.30-17.08.16:177][711]LogBlueprintUserMessages: Early PlayInEditor Detection: Level '/Game/ProceduralTower/StreamingLevels/TowerBase.TowerBase:PersistentLevel' has LevelScriptBlueprint '/Game/ProceduralTower/StreamingLevels/TowerBase.TowerBase:PersistentLevel.TowerBase' with GeneratedClass '/Game/ProceduralTower/StreamingLevels/TowerBase.TowerBase_C' with ClassGeneratedBy '/Game/ProceduralTower/StreamingLevels/TowerBase.TowerBase:PersistentLevel.TowerBase'
[2016.10.30-17.08.16:177][711]LogBlueprintUserMessages: Early PlayInEditor Detection: Level '/Game/ProceduralTower/StreamingLevels/Floor1.Floor1:PersistentLevel' has LevelScriptBlueprint '/Game/ProceduralTower/StreamingLevels/Floor1.Floor1:PersistentLevel.Floor1' with GeneratedClass '/Game/ProceduralTower/StreamingLevels/Floor1.Floor1_C' with ClassGeneratedBy '/Game/ProceduralTower/StreamingLevels/Floor1.Floor1:PersistentLevel.Floor1'
[2016.10.30-17.08.16:177][711]LogBlueprintUserMessages: Early PlayInEditor Detection: Level '/Game/ProceduralTower/StreamingLevels/Ballet.Ballet:PersistentLevel' has LevelScriptBlueprint '/Game/ProceduralTower/StreamingLevels/Ballet.Ballet:PersistentLevel.Ballet' with GeneratedClass '/Game/ProceduralTower/StreamingLevels/Ballet.Ballet_C' with ClassGeneratedBy '/Game/ProceduralTower/StreamingLevels/Ballet.Ballet:PersistentLevel.Ballet'
[2016.10.30-17.08.16:177][711]LogPlayLevel: PlayLevel: No blueprints needed recompiling
[2016.10.30-17.08.16:177][711]PIE: New page: PIE session: TowerBase (Oct 30, 2016, 8:08:16 AM)
[2016.10.30-17.08.16:177][711]LogPlayLevel: Creating play world package: /Game/ProceduralTower/StreamingLevels/UEDPIE_0_TowerBase
[2016.10.30-17.08.16:204][711]LogPlayLevel: PIE: StaticDuplicateObject took: (0.025957s)
[2016.10.30-17.08.16:204][711]LogAIModule: Creating AISystem for world TowerBase
[2016.10.30-17.08.16:205][711]LogPlayLevel: PIE: World Init took: (0.000852s)
[2016.10.30-17.08.16:205][711]LogPlayLevel: PIE: Created PIE world by copying editor world from /Game/ProceduralTower/StreamingLevels/TowerBase.TowerBase to /Game/ProceduralTower/StreamingLevels/UEDPIE_0_TowerBase.TowerBase (0.027082s)
[2016.10.30-17.08.16:258][711]LogInit: XAudio2 using 'Speakers (High Definition Audio Device)' : 8 channels at 44.1 kHz using 16 bits per sample (channel mask 0x63f)
[2016.10.30-17.08.16:268][711]LogInit: FAudioDevice initialized.
[2016.10.30-17.08.16:300][711]LogWorld: Game class is 'TopDownGameMode_C'
[2016.10.30-17.08.16:304][711]LogWorld: Bringing World /Game/ProceduralTower/StreamingLevels/UEDPIE_0_TowerBase.TowerBase up for play (max tick rate 60) at 2016.10.30-13.08.16
[2016.10.30-17.08.16:304][711]LogWorld: Bringing up level for play took: 0.002590
[2016.10.30-17.08.16:305][711]LogGameMode:Display: Match State Changed from EnteringMap to WaitingToStart
[2016.10.30-17.08.16:305][711]LogGameState: Match State Changed from EnteringMap to WaitingToStart
[2016.10.30-17.08.16:305][711]LogGameMode:Display: Match State Changed from WaitingToStart to InProgress
[2016.10.30-17.08.16:307][711]LogBlueprintUserMessages: [TowerBase_C_0] TowerFloor0
[2016.10.30-17.08.16:307][711]LogGameState: Match State Changed from WaitingToStart to InProgress
[2016.10.30-17.08.16:307][711]PIE: Info Play in editor start time for /Game/ProceduralTower/StreamingLevels/UEDPIE_0_TowerBase -0.256
[2016.10.30-17.08.16:307][711]LogBlueprintUserMessages: Late PlayInEditor Detection: Level '/Game/ProceduralTower/StreamingLevels/TowerBase.TowerBase:PersistentLevel' has LevelScriptBlueprint '/Game/ProceduralTower/StreamingLevels/TowerBase.TowerBase:PersistentLevel.TowerBase' with GeneratedClass '/Game/ProceduralTower/StreamingLevels/TowerBase.TowerBase_C' with ClassGeneratedBy '/Game/ProceduralTower/StreamingLevels/TowerBase.TowerBase:PersistentLevel.TowerBase'
[2016.10.30-17.08.16:307][711]LogBlueprintUserMessages: Late PlayInEditor Detection: Level '/Game/ProceduralTower/StreamingLevels/Floor1.Floor1:PersistentLevel' has LevelScriptBlueprint '/Game/ProceduralTower/StreamingLevels/Floor1.Floor1:PersistentLevel.Floor1' with GeneratedClass '/Game/ProceduralTower/StreamingLevels/Floor1.Floor1_C' with ClassGeneratedBy '/Game/ProceduralTower/StreamingLevels/Floor1.Floor1:PersistentLevel.Floor1'
[2016.10.30-17.08.16:307][711]LogBlueprintUserMessages: Late PlayInEditor Detection: Level '/Game/ProceduralTower/StreamingLevels/Ballet.Ballet:PersistentLevel' has LevelScriptBlueprint '/Game/ProceduralTower/StreamingLevels/Ballet.Ballet:PersistentLevel.Ballet' with GeneratedClass '/Game/ProceduralTower/StreamingLevels/Ballet.Ballet_C' with ClassGeneratedBy '/Game/ProceduralTower/StreamingLevels/Ballet.Ballet:PersistentLevel.Ballet'
[2016.10.30-17.08.16:524][715]LogTexture:Display: Building textures: HQ_Lightmap1_4 (AutoDXT)
[2016.10.30-17.08.16:640][716]LogTexture:Display: Building textures: LQ_Lightmap_1_4 (DXT1)
[2016.10.30-17.08.16:694][717]LogTexture:Display: Building textures: SkyOcclusion1_4 (AutoDXT)
[2016.10.30-17.08.16:753][719]LogBlueprintUserMessages: [Floor1_C_2] TowerFloor1
[2016.10.30-17.08.16:877][724]LogBlueprintUserMessages: [Floor1_C_2] TowerFloor2
[2016.10.30-17.08.17:039][729]LogBlueprintUserMessages: [Floor1_C_2] TowerFloor3
[2016.10.30-17.08.17:206][734]LogBlueprintUserMessages: [Floor1_C_2] TowerFloor4
[2016.10.30-17.08.17:402][739]LogStreaming:Display: UWorld::AddToWorld: updating components for /Game/ProceduralTower/StreamingLevels/UEDPIE_0_TowerFloor4 took (less than) 32.19 ms
[2016.10.30-17.08.17:410][740]LogScript:Warning: Accessed None trying to read property CallFunc_GetStreamingLevel_ReturnValue2
	Floor1_C /Game/ProceduralTower/StreamingLevels/UEDPIE_0_TowerFloor4.Floor1:PersistentLevel.Floor1_C_2
	Function /Game/ProceduralTower/StreamingLevels/UEDPIE_0_TowerFloor4.Floor1_C:ExecuteUbergraph_Floor1:0B4E
[2016.10.30-17.08.17:410][740]PIE:Error: Error Blueprint Runtime Error: Accessed None trying to read property CallFunc_GetStreamingLevel_ReturnValue2 from function: 'ExecuteUbergraph_Floor1' from node: Create Instance in graph: EventGraph in object: Floor1 with description: Accessed None trying to read property CallFunc_GetStreamingLevel_ReturnValue2
[2016.10.30-17.08.17:410][740]LogScript:Warning: Accessed None trying to read property CallFunc_CreateInstance_ReturnValue2
	Floor1_C /Game/ProceduralTower/StreamingLevels/UEDPIE_0_TowerFloor4.Floor1:PersistentLevel.Floor1_C_2
	Function /Game/ProceduralTower/StreamingLevels/UEDPIE_0_TowerFloor4.Floor1_C:ExecuteUbergraph_Floor1:0A3A
[2016.10.30-17.08.17:410][740]PIE:Error: Error Blueprint Runtime Error: Accessed None trying to read property CallFunc_CreateInstance_ReturnValue2 from function: 'ExecuteUbergraph_Floor1' from node: Set LevelTransform in graph: EventGraph in object: Floor1 with description: Accessed None trying to read property CallFunc_CreateInstance_ReturnValue2
[2016.10.30-17.08.17:410][740]LogScript:Warning: Attempted to assign to None
	Floor1_C /Game/ProceduralTower/StreamingLevels/UEDPIE_0_TowerFloor4.Floor1:PersistentLevel.Floor1_C_2
	Function /Game/ProceduralTower/StreamingLevels/UEDPIE_0_TowerFloor4.Floor1_C:ExecuteUbergraph_Floor1:0A4F
[2016.10.30-17.08.17:410][740]PIE:Error: Error Blueprint Runtime Error: Attempted to assign to None from function: 'ExecuteUbergraph_Floor1' from node: Set LevelTransform in graph: EventGraph in object: Floor1 with description: Attempted to assign to None
[2016.10.30-17.08.17:410][740]LogScript:Warning: Accessed None trying to read property CallFunc_CreateInstance_ReturnValue2
	Floor1_C /Game/ProceduralTower/StreamingLevels/UEDPIE_0_TowerFloor4.Floor1:PersistentLevel.Floor1_C_2
	Function /Game/ProceduralTower/StreamingLevels/UEDPIE_0_TowerFloor4.Floor1_C:ExecuteUbergraph_Floor1:0A65
[2016.10.30-17.08.17:410][740]PIE:Error: Error Blueprint Runtime Error: Accessed None trying to read property CallFunc_CreateInstance_ReturnValue2 from function: 'ExecuteUbergraph_Floor1' from node: Set bShouldBeLoaded in graph: EventGraph in object: Floor1 with description: Accessed None trying to read property CallFunc_CreateInstance_ReturnValue2
[2016.10.30-17.08.17:410][740]LogScript:Warning: Accessed None trying to read property CallFunc_CreateInstance_ReturnValue2
	Floor1_C /Game/ProceduralTower/StreamingLevels/UEDPIE_0_TowerFloor4.Floor1:PersistentLevel.Floor1_C_2
	Function /Game/ProceduralTower/StreamingLevels/UEDPIE_0_TowerFloor4.Floor1_C:ExecuteUbergraph_Floor1:0A88
[2016.10.30-17.08.17:410][740]PIE:Error: Error Blueprint Runtime Error: Accessed None trying to read property CallFunc_CreateInstance_ReturnValue2 from function: 'ExecuteUbergraph_Floor1' from node: Set bShouldBeVisible in graph: EventGraph in object: Floor1 with description: Accessed None trying to read property CallFunc_CreateInstance_ReturnValue2
[2016.10.30-17.08.17:410][740]LogBlueprintUserMessages: [Floor1_C_2] Tower Complete
[2016.10.30-17.08.17:410][740]LogBlueprintUserMessages: [Floor1_C_2] Teleport Adjust: 200.0
[2016.10.30-17.08.18:306][767]LogBlueprintUserMessages: Early EndPlayMap Detection: Level '/Game/ProceduralTower/StreamingLevels/TowerBase.TowerBase:PersistentLevel' has LevelScriptBlueprint '/Game/ProceduralTower/StreamingLevels/TowerBase.TowerBase:PersistentLevel.TowerBase' with GeneratedClass '/Game/ProceduralTower/StreamingLevels/TowerBase.TowerBase_C' with ClassGeneratedBy '/Game/ProceduralTower/StreamingLevels/TowerBase.TowerBase:PersistentLevel.TowerBase'
[2016.10.30-17.08.18:306][767]LogBlueprintUserMessages: Early EndPlayMap Detection: Level '/Game/ProceduralTower/StreamingLevels/Floor1.Floor1:PersistentLevel' has LevelScriptBlueprint '/Game/ProceduralTower/StreamingLevels/Floor1.Floor1:PersistentLevel.Floor1' with GeneratedClass '/Game/ProceduralTower/StreamingLevels/Floor1.Floor1_C' with ClassGeneratedBy '/Game/ProceduralTower/StreamingLevels/Floor1.Floor1:PersistentLevel.Floor1'
[2016.10.30-17.08.18:306][767]LogBlueprintUserMessages: Early EndPlayMap Detection: Level '/Game/ProceduralTower/StreamingLevels/Ballet.Ballet:PersistentLevel' has LevelScriptBlueprint '/Game/ProceduralTower/StreamingLevels/Ballet.Ballet:PersistentLevel.Ballet' with GeneratedClass '/Game/ProceduralTower/StreamingLevels/Ballet.Ballet_C' with ClassGeneratedBy '/Game/ProceduralTower/StreamingLevels/Ballet.Ballet:PersistentLevel.Ballet'
[2016.10.30-17.08.18:374][767]LogBlueprintUserMessages: Late EndPlayMap Detection: Level '/Game/ProceduralTower/StreamingLevels/TowerBase.TowerBase:PersistentLevel' has LevelScriptBlueprint '/Game/ProceduralTower/StreamingLevels/TowerBase.TowerBase:PersistentLevel.TowerBase' with GeneratedClass '/Game/ProceduralTower/StreamingLevels/TowerBase.TowerBase_C' with ClassGeneratedBy '/Game/ProceduralTower/StreamingLevels/TowerBase.TowerBase:PersistentLevel.TowerBase'
[2016.10.30-17.08.18:374][767]LogBlueprintUserMessages: Late EndPlayMap Detection: Level '/Game/ProceduralTower/StreamingLevels/Floor1.Floor1:PersistentLevel' has LevelScriptBlueprint '/Game/ProceduralTower/StreamingLevels/Floor1.Floor1:PersistentLevel.Floor1' with GeneratedClass '/Game/ProceduralTower/StreamingLevels/Floor1.Floor1_C' with ClassGeneratedBy '/Game/ProceduralTower/StreamingLevels/Floor1.Floor1:PersistentLevel.Floor1'
[2016.10.30-17.08.18:374][767]LogBlueprintUserMessages: Late EndPlayMap Detection: Level '/Game/ProceduralTower/StreamingLevels/Ballet.Ballet:PersistentLevel' has LevelScriptBlueprint '/Game/ProceduralTower/StreamingLevels/Ballet.Ballet:PersistentLevel.Ballet' with GeneratedClass '/Game/ProceduralTower/StreamingLevels/Ballet.Ballet_C' with ClassGeneratedBy '/Game/ProceduralTower/StreamingLevels/Ballet.Ballet:PersistentLevel.Ballet'
[2016.10.30-17.08.29:707][990]LogBlueprintUserMessages: Early PlayInEditor Detection: Level '/Game/ProceduralTower/StreamingLevels/TowerBase.TowerBase:PersistentLevel' has LevelScriptBlueprint '/Game/ProceduralTower/StreamingLevels/TowerBase.TowerBase:PersistentLevel.TowerBase' with GeneratedClass '/Game/ProceduralTower/StreamingLevels/TowerBase.TowerBase_C' with ClassGeneratedBy '/Game/ProceduralTower/StreamingLevels/TowerBase.TowerBase:PersistentLevel.TowerBase'
[2016.10.30-17.08.29:708][990]LogBlueprintUserMessages: Early PlayInEditor Detection: Level '/Game/ProceduralTower/StreamingLevels/Floor1.Floor1:PersistentLevel' has LevelScriptBlueprint '/Game/ProceduralTower/StreamingLevels/Floor1.Floor1:PersistentLevel.Floor1' with GeneratedClass '/Game/ProceduralTower/StreamingLevels/Floor1.Floor1_C' with ClassGeneratedBy '/Game/ProceduralTower/StreamingLevels/Floor1.Floor1:PersistentLevel.Floor1'
[2016.10.30-17.08.29:708][990]LogBlueprintUserMessages: Early PlayInEditor Detection: Level '/Game/ProceduralTower/StreamingLevels/Ballet.Ballet:PersistentLevel' has LevelScriptBlueprint '/Game/ProceduralTower/StreamingLevels/Ballet.Ballet:PersistentLevel.Ballet' with GeneratedClass '/Game/ProceduralTower/StreamingLevels/Ballet.Ballet_C' with ClassGeneratedBy '/Game/ProceduralTower/StreamingLevels/Ballet.Ballet:PersistentLevel.Ballet'
[2016.10.30-17.08.29:708][990]LogPlayLevel: PlayLevel: No blueprints needed recompiling
[2016.10.30-17.08.29:708][990]PIE: New page: PIE session: TowerBase (Oct 30, 2016, 8:08:29 AM)
[2016.10.30-17.08.29:708][990]LogPlayLevel: Creating play world package: /Game/ProceduralTower/StreamingLevels/UEDPIE_0_TowerBase
[2016.10.30-17.08.29:735][990]LogPlayLevel: PIE: StaticDuplicateObject took: (0.026840s)
[2016.10.30-17.08.29:735][990]LogAIModule: Creating AISystem for world TowerBase
[2016.10.30-17.08.29:736][990]LogPlayLevel: PIE: World Init took: (0.001005s)
[2016.10.30-17.08.29:736][990]LogPlayLevel: PIE: Created PIE world by copying editor world from /Game/ProceduralTower/StreamingLevels/TowerBase.TowerBase to /Game/ProceduralTower/StreamingLevels/UEDPIE_0_TowerBase.TowerBase (0.028094s)
[2016.10.30-17.08.29:786][990]LogInit: XAudio2 using 'Speakers (High Definition Audio Device)' : 8 channels at 44.1 kHz using 16 bits per sample (channel mask 0x63f)
[2016.10.30-17.08.29:795][990]LogInit: FAudioDevice initialized.
[2016.10.30-17.08.29:850][990]LogWorld: Game class is 'TopDownGameMode_C'
[2016.10.30-17.08.29:857][990]LogWorld: Bringing World /Game/ProceduralTower/StreamingLevels/UEDPIE_0_TowerBase.TowerBase up for play (max tick rate 60) at 2016.10.30-13.08.29
[2016.10.30-17.08.29:858][990]LogWorld: Bringing up level for play took: 0.005554
[2016.10.30-17.08.29:860][990]LogGameMode:Display: Match State Changed from EnteringMap to WaitingToStart
[2016.10.30-17.08.29:860][990]LogGameState: Match State Changed from EnteringMap to WaitingToStart
[2016.10.30-17.08.29:860][990]LogGameMode:Display: Match State Changed from WaitingToStart to InProgress
[2016.10.30-17.08.29:864][990]LogBlueprintUserMessages: [TowerBase_C_0] TowerFloor0
[2016.10.30-17.08.29:864][990]LogGameState: Match State Changed from WaitingToStart to InProgress
[2016.10.30-17.08.29:865][990]PIE: Info Play in editor start time for /Game/ProceduralTower/StreamingLevels/UEDPIE_0_TowerBase -0.699
[2016.10.30-17.08.29:865][990]LogBlueprintUserMessages: Late PlayInEditor Detection: Level '/Game/ProceduralTower/StreamingLevels/TowerBase.TowerBase:PersistentLevel' has LevelScriptBlueprint '/Game/ProceduralTower/StreamingLevels/TowerBase.TowerBase:PersistentLevel.TowerBase' with GeneratedClass '/Game/ProceduralTower/StreamingLevels/TowerBase.TowerBase_C' with ClassGeneratedBy '/Game/ProceduralTower/StreamingLevels/TowerBase.TowerBase:PersistentLevel.TowerBase'
[2016.10.30-17.08.29:865][990]LogBlueprintUserMessages: Late PlayInEditor Detection: Level '/Game/ProceduralTower/StreamingLevels/Floor1.Floor1:PersistentLevel' has LevelScriptBlueprint '/Game/ProceduralTower/StreamingLevels/Floor1.Floor1:PersistentLevel.Floor1' with GeneratedClass '/Game/ProceduralTower/StreamingLevels/Floor1.Floor1_C' with ClassGeneratedBy '/Game/ProceduralTower/StreamingLevels/Floor1.Floor1:PersistentLevel.Floor1'
[2016.10.30-17.08.29:865][990]LogBlueprintUserMessages: Late PlayInEditor Detection: Level '/Game/ProceduralTower/StreamingLevels/Ballet.Ballet:PersistentLevel' has LevelScriptBlueprint '/Game/ProceduralTower/StreamingLevels/Ballet.Ballet:PersistentLevel.Ballet' with GeneratedClass '/Game/ProceduralTower/StreamingLevels/Ballet.Ballet_C' with ClassGeneratedBy '/Game/ProceduralTower/StreamingLevels/Ballet.Ballet:PersistentLevel.Ballet'
[2016.10.30-17.08.30:065][995]LogBlueprintUserMessages: [Floor1_C_2] TowerFloor1
[2016.10.30-17.08.30:200][  0]LogBlueprintUserMessages: [Floor1_C_2] TowerFloor2
[2016.10.30-17.08.30:340][  5]LogBlueprintUserMessages: [Floor1_C_2] TowerFloor3
[2016.10.30-17.08.30:495][ 10]LogBlueprintUserMessages: [Floor1_C_2] TowerFloor4
[2016.10.30-17.08.30:664][ 15]LogScript:Warning: Accessed None trying to read property CallFunc_GetStreamingLevel_ReturnValue2
	Floor1_C /Game/ProceduralTower/StreamingLevels/UEDPIE_0_TowerFloor4.Floor1:PersistentLevel.Floor1_C_2
	Function /Game/ProceduralTower/StreamingLevels/UEDPIE_0_TowerFloor4.Floor1_C:ExecuteUbergraph_Floor1:0B4E
[2016.10.30-17.08.30:664][ 15]PIE:Error: Error Blueprint Runtime Error: Accessed None trying to read property CallFunc_GetStreamingLevel_ReturnValue2 from function: 'ExecuteUbergraph_Floor1' from node: Create Instance in graph: EventGraph in object: Floor1 with description: Accessed None trying to read property CallFunc_GetStreamingLevel_ReturnValue2
[2016.10.30-17.08.30:664][ 15]LogScript:Warning: Accessed None trying to read property CallFunc_CreateInstance_ReturnValue2
	Floor1_C /Game/ProceduralTower/StreamingLevels/UEDPIE_0_TowerFloor4.Floor1:PersistentLevel.Floor1_C_2
	Function /Game/ProceduralTower/StreamingLevels/UEDPIE_0_TowerFloor4.Floor1_C:ExecuteUbergraph_Floor1:0A3A
[2016.10.30-17.08.30:664][ 15]PIE:Error: Error Blueprint Runtime Error: Accessed None trying to read property CallFunc_CreateInstance_ReturnValue2 from function: 'ExecuteUbergraph_Floor1' from node: Set LevelTransform in graph: EventGraph in object: Floor1 with description: Accessed None trying to read property CallFunc_CreateInstance_ReturnValue2
[2016.10.30-17.08.30:665][ 15]LogScript:Warning: Attempted to assign to None
	Floor1_C /Game/ProceduralTower/StreamingLevels/UEDPIE_0_TowerFloor4.Floor1:PersistentLevel.Floor1_C_2
	Function /Game/ProceduralTower/StreamingLevels/UEDPIE_0_TowerFloor4.Floor1_C:ExecuteUbergraph_Floor1:0A4F
[2016.10.30-17.08.30:665][ 15]PIE:Error: Error Blueprint Runtime Error: Attempted to assign to None from function: 'ExecuteUbergraph_Floor1' from node: Set LevelTransform in graph: EventGraph in object: Floor1 with description: Attempted to assign to None
[2016.10.30-17.08.30:665][ 15]LogScript:Warning: Accessed None trying to read property CallFunc_CreateInstance_ReturnValue2
	Floor1_C /Game/ProceduralTower/StreamingLevels/UEDPIE_0_TowerFloor4.Floor1:PersistentLevel.Floor1_C_2
	Function /Game/ProceduralTower/StreamingLevels/UEDPIE_0_TowerFloor4.Floor1_C:ExecuteUbergraph_Floor1:0A65
[2016.10.30-17.08.30:665][ 15]PIE:Error: Error Blueprint Runtime Error: Accessed None trying to read property CallFunc_CreateInstance_ReturnValue2 from function: 'ExecuteUbergraph_Floor1' from node: Set bShouldBeLoaded in graph: EventGraph in object: Floor1 with description: Accessed None trying to read property CallFunc_CreateInstance_ReturnValue2
[2016.10.30-17.08.30:665][ 15]LogScript:Warning: Accessed None trying to read property CallFunc_CreateInstance_ReturnValue2
	Floor1_C /Game/ProceduralTower/StreamingLevels/UEDPIE_0_TowerFloor4.Floor1:PersistentLevel.Floor1_C_2
	Function /Game/ProceduralTower/StreamingLevels/UEDPIE_0_TowerFloor4.Floor1_C:ExecuteUbergraph_Floor1:0A88
[2016.10.30-17.08.30:665][ 15]PIE:Error: Error Blueprint Runtime Error: Accessed None trying to read property CallFunc_CreateInstance_ReturnValue2 from function: 'ExecuteUbergraph_Floor1' from node: Set bShouldBeVisible in graph: EventGraph in object: Floor1 with description: Accessed None trying to read property CallFunc_Cr