Log file open, 10/10/16 15:59:34
LogInit:Display: Running engine for game: MidtermStarter
LogPlatformFile: Not using cached read wrapper
LogInit:Display: RandInit(-1853187451) SRandInit(-1853187451).
LogTaskGraph: Started task graph with 5 named threads and 8 total threads with 1 sets of task threads.
LogStats: Stats thread started at 0.191079
LogPluginManager: Loaded Plugin Paper2D, From C:/Program Files (x86)/Unreal Engine/4.13/Engine/Plugins/2D/Paper2D/Paper2D.uplugin
LogPluginManager: Loaded Plugin LightPropagationVolume, From C:/Program Files (x86)/Unreal Engine/4.13/Engine/Plugins/Blendables/LightPropagationVolume/LightPropagationVolume.uplugin
LogPluginManager: Loaded Plugin BlankPlugin, From C:/Program Files (x86)/Unreal Engine/4.13/Engine/Plugins/Developer/BlankPlugin/BlankPlugin.uplugin
LogPluginManager: Loaded Plugin CodeLiteSourceCodeAccess, From C:/Program Files (x86)/Unreal Engine/4.13/Engine/Plugins/Developer/CodeLiteSourceCodeAccess/CodeLiteSourceCodeAccess.uplugin
LogPluginManager: Loaded Plugin GitSourceControl, From C:/Program Files (x86)/Unreal Engine/4.13/Engine/Plugins/Developer/GitSourceControl/GitSourceControl.uplugin
LogPluginManager: Loaded Plugin KDevelopSourceCodeAccess, From C:/Program Files (x86)/Unreal Engine/4.13/Engine/Plugins/Developer/KDevelopSourceCodeAccess/KDevelopSourceCodeAccess.uplugin
LogPluginManager: Loaded Plugin NullSourceCodeAccess, From C:/Program Files (x86)/Unreal Engine/4.13/Engine/Plugins/Developer/NullSourceCodeAccess/NullSourceCodeAccess.uplugin
LogPluginManager: Loaded Plugin OneSkyLocalizationService, From C:/Program Files (x86)/Unreal Engine/4.13/Engine/Plugins/Developer/OneSkyLocalizationService/OneSkyLocalizationService.uplugin
LogPluginManager: Loaded Plugin PerforceSourceControl, From C:/Program Files (x86)/Unreal Engine/4.13/Engine/Plugins/Developer/PerforceSourceControl/PerforceSourceControl.uplugin
LogPluginManager: Loaded Plugin SubversionSourceControl, From C:/Program Files (x86)/Unreal Engine/4.13/Engine/Plugins/Developer/SubversionSourceControl/SubversionSourceControl.uplugin
LogPluginManager: Loaded Plugin UObjectPlugin, From C:/Program Files (x86)/Unreal Engine/4.13/Engine/Plugins/Developer/UObjectPlugin/UObjectPlugin.uplugin
LogPluginManager: Loaded Plugin VisualStudioSourceCodeAccess, From C:/Program Files (x86)/Unreal Engine/4.13/Engine/Plugins/Developer/VisualStudioSourceCodeAccess/VisualStudioSourceCodeAccess.uplugin
LogPluginManager: Loaded Plugin XCodeSourceCodeAccess, From C:/Program Files (x86)/Unreal Engine/4.13/Engine/Plugins/Developer/XCodeSourceCodeAccess/XCodeSourceCodeAccess.uplugin
LogPluginManager: Loaded Plugin EpicSurvey, From C:/Program Files (x86)/Unreal Engine/4.13/Engine/Plugins/Editor/EpicSurvey/EpicSurvey.uplugin
LogPluginManager: Loaded Plugin MacGraphicsSwitching, From C:/Program Files (x86)/Unreal Engine/4.13/Engine/Plugins/Editor/MacGraphicsSwitching/MacGraphicsSwitching.uplugin
LogPluginManager: Loaded Plugin MobileLauncherProfileWizard, From C:/Program Files (x86)/Unreal Engine/4.13/Engine/Plugins/Editor/MobileLauncherProfileWizard/MobileLauncherProfileWizard.uplugin
LogPluginManager: Loaded Plugin PluginBrowser, From C:/Program Files (x86)/Unreal Engine/4.13/Engine/Plugins/Editor/PluginBrowser/PluginBrowser.uplugin
LogPluginManager: Loaded Plugin SpeedTreeImporter, From C:/Program Files (x86)/Unreal Engine/4.13/Engine/Plugins/Editor/SpeedTreeImporter/SpeedTreeImporter.uplugin
LogPluginManager: Loaded Plugin SuperSearchEditor, From C:/Program Files (x86)/Unreal Engine/4.13/Engine/Plugins/Editor/SuperSearchEditor/SuperSearchEditor.uplugin
LogPluginManager: Loaded Plugin AlembicImporter, From C:/Program Files (x86)/Unreal Engine/4.13/Engine/Plugins/Experimental/AlembicImporter/AlembicImporter.uplugin
LogPluginManager: Loaded Plugin BlueprintStats, From C:/Program Files (x86)/Unreal Engine/4.13/Engine/Plugins/Experimental/BlueprintStats/BlueprintStats.uplugin
LogPluginManager: Loaded Plugin CharacterAI, From C:/Program Files (x86)/Unreal Engine/4.13/Engine/Plugins/Experimental/CharacterAI/CharacterAI.uplugin
LogPluginManager: Loaded Plugin CodeEditor, From C:/Program Files (x86)/Unreal Engine/4.13/Engine/Plugins/Experimental/CodeEditor/CodeEditor.uplugin
LogPluginManager: Loaded Plugin CodeView, From C:/Program Files (x86)/Unreal Engine/4.13/Engine/Plugins/Experimental/CodeView/CodeView.uplugin
LogPluginManager: Loaded Plugin HTML5Networking, From C:/Program Files (x86)/Unreal Engine/4.13/Engine/Plugins/Experimental/HTML5Networking/HTML5Networking.uplugin
LogPluginManager: Loaded Plugin LiveEditor, From C:/Program Files (x86)/Unreal Engine/4.13/Engine/Plugins/Experimental/LiveEditor/LiveEditor.uplugin
LogPluginManager: Loaded Plugin OSVR, From C:/Program Files (x86)/Unreal Engine/4.13/Engine/Plugins/Experimental/OSVR/OSVR.uplugin
LogPluginManager: Loaded Plugin Phya, From C:/Program Files (x86)/Unreal Engine/4.13/Engine/Plugins/Experimental/Phya/Phya.uplugin
LogPluginManager: Loaded Plugin SignificanceManager, From C:/Program Files (x86)/Unreal Engine/4.13/Engine/Plugins/Experimental/SignificanceManager/SignificanceManager.uplugin
LogPluginManager: Loaded Plugin SimpleHMD, From C:/Program Files (x86)/Unreal Engine/4.13/Engine/Plugins/Experimental/SimpleHMD/SimpleHMD.uplugin
LogPluginManager: Loaded Plugin StereoPanorama, From C:/Program Files (x86)/Unreal Engine/4.13/Engine/Plugins/Experimental/StereoPanorama/StereoPanorama.uplugin
LogPluginManager: Loaded Plugin StructBox, From C:/Program Files (x86)/Unreal Engine/4.13/Engine/Plugins/Experimental/StructBox/StructBox.uplugin
LogPluginManager: Loaded Plugin Substance, From C:/Program Files (x86)/Unreal Engine/4.13/Engine/Plugins/Marketplace/Substance/Substance.uplugin
LogPluginManager: Loaded Plugin AndroidMedia, From C:/Program Files (x86)/Unreal Engine/4.13/Engine/Plugins/Media/AndroidMedia/AndroidMedia.uplugin
LogPluginManager: Loaded Plugin AvfMedia, From C:/Program Files (x86)/Unreal Engine/4.13/Engine/Plugins/Media/AvfMedia/AvfMedia.uplugin
LogPluginManager: Loaded Plugin MediaPlayerEditor, From C:/Program Files (x86)/Unreal Engine/4.13/Engine/Plugins/Media/MediaPlayerEditor/MediaPlayerEditor.uplugin
LogPluginManager: Loaded Plugin WmfMedia, From C:/Program Files (x86)/Unreal Engine/4.13/Engine/Plugins/Media/WmfMedia/WmfMedia.uplugin
LogPluginManager: Loaded Plugin MessagingDebugger, From C:/Program Files (x86)/Unreal Engine/4.13/Engine/Plugins/Messaging/MessagingDebugger/MessagingDebugger.uplugin
LogPluginManager: Loaded Plugin TcpMessaging, From C:/Program Files (x86)/Unreal Engine/4.13/Engine/Plugins/Messaging/TcpMessaging/TcpMessaging.uplugin
LogPluginManager: Loaded Plugin UdpMessaging, From C:/Program Files (x86)/Unreal Engine/4.13/Engine/Plugins/Messaging/UdpMessaging/UdpMessaging.uplugin
LogPluginManager: Loaded Plugin LevelSequenceEditor, From C:/Program Files (x86)/Unreal Engine/4.13/Engine/Plugins/MovieScene/LevelSequenceEditor/LevelSequenceEditor.uplugin
LogPluginManager: Loaded Plugin MatineeToLevelSequence, From C:/Program Files (x86)/Unreal Engine/4.13/Engine/Plugins/MovieScene/MatineeToLevelSequence/MatineeToLevelSequence.uplugin
LogPluginManager: Loaded Plugin NetcodeUnitTest, From C:/Program Files (x86)/Unreal Engine/4.13/Engine/Plugins/NetcodeUnitTest/NetcodeUnitTest/NetcodeUnitTest.uplugin
LogPluginManager: Loaded Plugin NUTUnrealEngine4, From C:/Program Files (x86)/Unreal Engine/4.13/Engine/Plugins/NetcodeUnitTest/NUTUnrealEngine4/NUTUnrealEngine4.uplugin
LogPluginManager: Loaded Plugin OnlineSubsystemGooglePlay, From C:/Program Files (x86)/Unreal Engine/4.13/Engine/Plugins/Online/Android/OnlineSubsystemGooglePlay/OnlineSubsystemGooglePlay.uplugin
LogPluginManager: Loaded Plugin OnlineSubsystemIOS, From C:/Program Files (x86)/Unreal Engine/4.13/Engine/Plugins/Online/IOS/OnlineSubsystemIOS/OnlineSubsystemIOS.uplugin
LogPluginManager: Loaded Plugin OnlineFramework, From C:/Program Files (x86)/Unreal Engine/4.13/Engine/Plugins/Online/OnlineFramework/OnlineFramework.uplugin
LogPluginManager: Loaded Plugin OnlineSubsystem, From C:/Program Files (x86)/Unreal Engine/4.13/Engine/Plugins/Online/OnlineSubsystem/OnlineSubsystem.uplugin
LogPluginManager: Loaded Plugin OnlineSubsystemAmazon, From C:/Program Files (x86)/Unreal Engine/4.13/Engine/Plugins/Online/OnlineSubsystemAmazon/OnlineSubsystemAmazon.uplugin
LogPluginManager: Loaded Plugin OnlineSubsystemFacebook, From C:/Program Files (x86)/Unreal Engine/4.13/Engine/Plugins/Online/OnlineSubsystemFacebook/OnlineSubsystemFacebook.uplugin
LogPluginManager: Loaded Plugin OnlineSubsystemNull, From C:/Program Files (x86)/Unreal Engine/4.13/Engine/Plugins/Online/OnlineSubsystemNull/OnlineSubsystemNull.uplugin
LogPluginManager: Loaded Plugin OnlineSubsystemOculus, From C:/Program Files (x86)/Unreal Engine/4.13/Engine/Plugins/Online/OnlineSubsystemOculus/OnlineSubsystemOculus.uplugin
LogPluginManager: Loaded Plugin OnlineSubsystemSteam, From C:/Program Files (x86)/Unreal Engine/4.13/Engine/Plugins/Online/OnlineSubsystemSteam/OnlineSubsystemSteam.uplugin
LogPluginManager: Loaded Plugin OnlineSubsystemUtils, From C:/Program Files (x86)/Unreal Engine/4.13/Engine/Plugins/Online/OnlineSubsystemUtils/OnlineSubsystemUtils.uplugin
LogPluginManager: Loaded Plugin IOSTapJoy, From C:/Program Files (x86)/Unreal Engine/4.13/Engine/Plugins/Runtime/Advertising/IOSTapJoy/IOSTapJoy.uplugin
LogPluginManager: Loaded Plugin AnalyticsBlueprintLibrary, From C:/Program Files (x86)/Unreal Engine/4.13/Engine/Plugins/Runtime/Analytics/AnalyticsBlueprintLibrary/AnalyticsBlueprintLibrary.uplugin
LogPluginManager: Loaded Plugin AnalyticsMulticast, From C:/Program Files (x86)/Unreal Engine/4.13/Engine/Plugins/Runtime/Analytics/AnalyticsMulticast/AnalyticsMulticast.uplugin
LogPluginManager: Loaded Plugin Apsalar, From C:/Program Files (x86)/Unreal Engine/4.13/Engine/Plugins/Runtime/Analytics/Apsalar/Apsalar.uplugin
LogPluginManager: Loaded Plugin FileLogging, From C:/Program Files (x86)/Unreal Engine/4.13/Engine/Plugins/Runtime/Analytics/FileLogging/FileLogging.uplugin
LogPluginManager: Loaded Plugin Flurry, From C:/Program Files (x86)/Unreal Engine/4.13/Engine/Plugins/Runtime/Analytics/Flurry/Flurry.uplugin
LogPluginManager: Loaded Plugin AndroidDeviceProfileSelector, From C:/Program Files (x86)/Unreal Engine/4.13/Engine/Plugins/Runtime/AndroidDeviceProfileSelector/AndroidDeviceProfileSelector.uplugin
LogPluginManager: Loaded Plugin AndroidMoviePlayer, From C:/Program Files (x86)/Unreal Engine/4.13/Engine/Plugins/Runtime/AndroidMoviePlayer/AndroidMoviePlayer.uplugin
LogPluginManager: Loaded Plugin AppleMoviePlayer, From C:/Program Files (x86)/Unreal Engine/4.13/Engine/Plugins/Runtime/AppleMoviePlayer/AppleMoviePlayer.uplugin
LogPluginManager: Loaded Plugin ArchVisCharacter, From C:/Program Files (x86)/Unreal Engine/4.13/Engine/Plugins/Runtime/ArchVisCharacter/ArchVisCharacter.uplugin
LogPluginManager: Loaded Plugin CableComponent, From C:/Program Files (x86)/Unreal Engine/4.13/Engine/Plugins/Runtime/CableComponent/CableComponent.uplugin
LogPluginManager: Loaded Plugin CustomMeshComponent, From C:/Program Files (x86)/Unreal Engine/4.13/Engine/Plugins/Runtime/CustomMeshComponent/CustomMeshComponent.uplugin
LogPluginManager: Loaded Plugin ExampleDeviceProfileSelector, From C:/Program Files (x86)/Unreal Engine/4.13/Engine/Plugins/Runtime/ExampleDeviceProfileSelector/ExampleDeviceProfileSelector.uplugin
LogPluginManager: Loaded Plugin GearVR, From C:/Program Files (x86)/Unreal Engine/4.13/Engine/Plugins/Runtime/GearVR/GearVR.uplugin
LogPluginManager: Loaded Plugin GoogleVRController, From C:/Program Files (x86)/Unreal Engine/4.13/Engine/Plugins/Runtime/GoogleVR/GoogleVRController/GoogleVRController.uplugin
LogPluginManager: Loaded Plugin GoogleVRHMD, From C:/Program Files (x86)/Unreal Engine/4.13/Engine/Plugins/Runtime/GoogleVR/GoogleVRHMD/GoogleVRHMD.uplugin
LogPluginManager: Loaded Plugin IOSDeviceProfileSelector, From C:/Program Files (x86)/Unreal Engine/4.13/Engine/Plugins/Runtime/IOSDeviceProfileSelector/IOSDeviceProfileSelector.uplugin
LogPluginManager: Loaded Plugin LeapMotion, From C:/Program Files (x86)/Unreal Engine/4.13/Engine/Plugins/Runtime/LeapMotion/LeapMotion.uplugin
LogPluginManager: Loaded Plugin LinuxDeviceProfileSelector, From C:/Program Files (x86)/Unreal Engine/4.13/Engine/Plugins/Runtime/LinuxDeviceProfileSelector/LinuxDeviceProfileSelector.uplugin
LogPluginManager: Loaded Plugin LiveEditorListenServer, From C:/Program Files (x86)/Unreal Engine/4.13/Engine/Plugins/Runtime/LiveEditorListenServer/LiveEditorListenServer.uplugin
LogPluginManager: Loaded Plugin OculusAudio, From C:/Program Files (x86)/Unreal Engine/4.13/Engine/Plugins/Runtime/OculusAudio/OculusAudio.uplugin
LogPluginManager: Loaded Plugin OculusInput, From C:/Program Files (x86)/Unreal Engine/4.13/Engine/Plugins/Runtime/OculusInput/OculusInput.uplugin
LogPluginManager: Loaded Plugin OculusLibrary, From C:/Program Files (x86)/Unreal Engine/4.13/Engine/Plugins/Runtime/OculusLibrary/OculusLibrary.uplugin
LogPluginManager: Loaded Plugin OculusRift, From C:/Program Files (x86)/Unreal Engine/4.13/Engine/Plugins/Runtime/OculusRift/OculusRift.uplugin
LogPluginManager: Loaded Plugin Oodle, From C:/Program Files (x86)/Unreal Engine/4.13/Engine/Plugins/Runtime/PacketHandlers/CompressionComponents/Oodle/Oodle.uplugin
LogPluginManager: Loaded Plugin ProceduralMeshComponent, From C:/Program Files (x86)/Unreal Engine/4.13/Engine/Plugins/Runtime/ProceduralMeshComponent/ProceduralMeshComponent.uplugin
LogPluginManager: Loaded Plugin SoundMod, From C:/Program Files (x86)/Unreal Engine/4.13/Engine/Plugins/Runtime/SoundMod/SoundMod.uplugin
LogPluginManager: Loaded Plugin SoundVisualizations, From C:/Program Files (x86)/Unreal Engine/4.13/Engine/Plugins/Runtime/SoundVisualizations/SoundVisualizations.uplugin
LogPluginManager: Loaded Plugin SteamController, From C:/Program Files (x86)/Unreal Engine/4.13/Engine/Plugins/Runtime/Steam/SteamController/SteamController.uplugin
LogPluginManager: Loaded Plugin SteamVR, From C:/Program Files (x86)/Unreal Engine/4.13/Engine/Plugins/Runtime/Steam/SteamVR/SteamVR.uplugin
LogPluginManager: Loaded Plugin VictoryBPLibrary, From C:/Program Files (x86)/Unreal Engine/4.13/Engine/Plugins/Runtime/VictoryPlugin/VictoryBPLibrary.uplugin
LogPluginManager: Loaded Plugin WebBrowserWidget, From C:/Program Files (x86)/Unreal Engine/4.13/Engine/Plugins/Runtime/WebBrowserWidget/WebBrowserWidget.uplugin
LogPluginManager: Loaded Plugin WindowsDeviceProfileSelector, From C:/Program Files (x86)/Unreal Engine/4.13/Engine/Plugins/Runtime/WindowsDeviceProfileSelector/WindowsDeviceProfileSelector.uplugin
LogPluginManager: Loaded Plugin WindowsMoviePlayer, From C:/Program Files (x86)/Unreal Engine/4.13/Engine/Plugins/Runtime/WindowsMoviePlayer/WindowsMoviePlayer.uplugin
LogPluginManager: Loaded Plugin ScriptPlugin, From C:/Program Files (x86)/Unreal Engine/4.13/Engine/Plugins/ScriptPlugin/ScriptPlugin.uplugin
LogPluginManager: Loaded Plugin SlateRemote, From C:/Program Files (x86)/Unreal Engine/4.13/Engine/Plugins/Slate/SlateRemote/SlateRemote.uplugin
LogInit: Using libcurl 7.47.1
LogInit:  - built for x86_64-pc-win32
LogInit:  - supports SSL with WinSSL
LogInit:  - other features:
LogInit:      CURL_VERSION_SSL
LogInit:      CURL_VERSION_IPV6
LogInit:      CURL_VERSION_ASYNCHDNS
LogInit:      CURL_VERSION_LARGEFILE
LogInit:      CURL_VERSION_IDN
LogInit:  CurlRequestOptions (configurable via config and command line):
LogInit:  - bVerifyPeer = false  - Libcurl will NOT verify peer certificate
LogInit:  - bUseHttpProxy = false  - Libcurl will NOT use HTTP proxy
LogInit:  - bDontReuseConnections = false  - Libcurl will reuse connections
LogInit:  - CertBundlePath = nullptr  - Libcurl will use whatever was configured at build time.
LogInit: Build: ++UE4+Release-4.13-CL-3142249
LogInit: Engine Version: 4.13.1-3142249+++UE4+Release-4.13
LogInit: Compatible Engine Version: 4.13.0-3106830+++UE4+Release-4.13
LogInit: Net CL: 3142249
LogDevObjectVersion: Number of dev versions registered: 13
LogDevObjectVersion:   Dev-Blueprints (B0D832E4-1F89-4F0D-ACCF-7EB736FD4AA2): 5
LogDevObjectVersion:   Dev-Build (E1C64328-A22C-4D53-A36C-8E866417BD8C): 0
LogDevObjectVersion:   Dev-Core (375EC13C-06E4-48FB-B500-84F0262A717E): 1
LogDevObjectVersion:   Dev-Editor (E4B068ED-F494-42E9-A231-DA0B2E46BB41): 6
LogDevObjectVersion:   Dev-Framework (CFFC743F-43B0-4480-9391-14DF171D2073): 12
LogDevObjectVersion:   Dev-Mobile (B02B49B5-BB20-44E9-A304-32B752E40360): 0
LogDevObjectVersion:   Dev-Networking (A4E4105C-59A1-49B5-A7C5-40C4547EDFEE): 0
LogDevObjectVersion:   Dev-Online (39C831C9-5AE6-47DC-9A44-9C173E1C8E7C): 0
LogDevObjectVersion:   Dev-Physics (78F01B33-EBEA-4F98-B9B4-84EACCB95AA2): 0
LogDevObjectVersion:   Dev-Platform (6631380F-2D4D-43E0-8009-CF276956A95A): 0
LogDevObjectVersion:   Dev-Rendering (12F88B9F-8875-4AFC-A67C-D90C383ABD29): 4
LogDevObjectVersion:   Dev-Sequencer (7B5AE74C-D270-4C10-A958-57980B212A5A): 0
LogDevObjectVersion:   Dev-VR (D7296918-1DD6-4BDD-9DE2-64A83CC13884): 0
LogInit: Compiled (64-bit): Sep 28 2016 02:12:12
LogInit: Compiled with Visual C++: 19.00.23026.00
LogInit: Build Configuration: Development
LogInit: Branch Name: ++UE4+Release-4.13
LogInit: Command line:  
LogInit: Base directory: C:/Program Files (x86)/Unreal Engine/4.13/Engine/Binaries/Win64/
LogInit: Installed Engine Build: 1
LogInit: Presizing for max 8388607 objects, including 0 objects not considered by GC, pre-allocating 0 bytes for permanent pool.
LogInit: Object subsystem initialized
[2016.10.10-19.59.34:895][  0]LogInit: Selected Device Profile: [Windows]
[2016.10.10-19.59.34:895][  0]LogInit: Applying CVar settings loaded from the selected device profile: [Windows]
[2016.10.10-19.59.34:951][  0]LogInit: Computer: BLACKICEBOX
[2016.10.10-19.59.34:951][  0]LogInit: User: BlackIce
[2016.10.10-19.59.34:951][  0]LogInit: CPU Page size=65536, Cores=4
[2016.10.10-19.59.34:951][  0]LogInit: High frequency timer resolution =2.338346 MHz
[2016.10.10-19.59.34:952][  0]LogMemory: Memory total: Physical=11.8GB (12GB approx)
[2016.10.10-19.59.34:952][  0]LogMemory: Platform Memory Stats for Windows
[2016.10.10-19.59.34:952][  0]LogMemory: Process Physical Memory: 256.60 MB used, 256.60 MB peak
[2016.10.10-19.59.34:952][  0]LogMemory: Process Virtual Memory: 260.07 MB used, 260.07 MB peak
[2016.10.10-19.59.34:952][  0]LogMemory: Physical Memory: 4692.27 MB used, 12082.27 MB total
[2016.10.10-19.59.34:952][  0]LogMemory: Virtual Memory: 608.78 MB used, 134217728.00 MB total
[2016.10.10-19.59.35:441][  0]LogTextLocalizationManager: No specific translations for ('en-US') exist, so ('en') translations will be used.
[2016.10.10-19.59.37:909][  0]LogD3D11RHI: D3D11 adapters:
[2016.10.10-19.59.37:942][  0]LogD3D11RHI:    0. 'NVIDIA GeForce GT 750M' (Feature Level 11_0)
[2016.10.10-19.59.37:942][  0]LogD3D11RHI:       2017/0/6041 MB DedicatedVideo/DedicatedSystem/SharedSystem, Outputs:1, VendorId:0x10de
[2016.10.10-19.59.37:977][  0]LogD3D11RHI:    1. 'NVIDIA GeForce GT 750M' (Feature Level 11_0)
[2016.10.10-19.59.37:977][  0]LogD3D11RHI:       2017/0/6041 MB DedicatedVideo/DedicatedSystem/SharedSystem, Outputs:0, VendorId:0x10de
[2016.10.10-19.59.37:979][  0]LogD3D11RHI:    2. 'Microsoft Basic Render Driver' (Feature Level 11_0)
[2016.10.10-19.59.37:979][  0]LogD3D11RHI:       0/0/6041 MB DedicatedVideo/DedicatedSystem/SharedSystem, Outputs:0, VendorId:0x1414
[2016.10.10-19.59.37:979][  0]LogD3D11RHI: Chosen D3D11 Adapter: 0
[2016.10.10-19.59.37:985][  0]LogD3D11RHI: Creating new Direct3DDevice
[2016.10.10-19.59.37:985][  0]LogD3D11RHI:     GPU DeviceId: 0xfe4 (for the marketing name, search the web for "GPU Device Id")
[2016.10.10-19.59.37:985][  0]LogWindows: EnumDisplayDevices:
[2016.10.10-19.59.37:985][  0]LogWindows:    0. 'NVIDIA GeForce GT 750M' (P:0 D:0)
[2016.10.10-19.59.37:986][  0]LogWindows:    1. 'NVIDIA GeForce GT 750M' (P:1 D:1)
[2016.10.10-19.59.37:986][  0]LogWindows:    2. 'NVIDIA GeForce GT 750M' (P:0 D:0)
[2016.10.10-19.59.37:986][  0]LogWindows:    3. 'NVIDIA GeForce GT 750M' (P:0 D:0)
[2016.10.10-19.59.37:987][  0]LogWindows:    4. 'NVIDIA GeForce GT 750M' (P:0 D:0)
[2016.10.10-19.59.37:987][  0]LogWindows:    5. 'NVIDIA GeForce GT 750M' (P:0 D:0)
[2016.10.10-19.59.37:987][  0]LogWindows: DebugString: FoundDriverCount:6 
[2016.10.10-19.59.37:987][  0]LogD3D11RHI:     Adapter Name: NVIDIA GeForce GT 750M
[2016.10.10-19.59.37:987][  0]LogD3D11RHI:   Driver Version: 369.09 (internal:21.21.13.6909, unified:369.09)
[2016.10.10-19.59.37:987][  0]LogD3D11RHI:      Driver Date: 8-1-2016
[2016.10.10-19.59.37:987][  0]LogRHI: Texture pool is 1361 MB (70% of 1945 MB)
[2016.10.10-19.59.38:009][  0]LogD3D11RHI: Async texture creation enabled
[2016.10.10-19.59.38:027][  0]LogD3D11RHI: GPU Timing Frequency: 1000.000000 (Debug: 2 2)
[2016.10.10-19.59.38:027][  0]LogShaderCompilers: Guid format shader working directory is -24 characters bigger than the processId version (../../../../../../Users/BlackIce/Documents/Unreal Projects/MidtermStarter/Intermediate/Shaders/WorkingDirectory/9972/).
[2016.10.10-19.59.38:027][  0]LogShaderCompilers: Cleaned the shader compiler working directory 'C:/Users/BlackIce/AppData/Local/Temp/UnrealShaderWorkingDir/74C539D74F8AD006BBF6A9B30F46D0EF/'.
[2016.10.10-19.59.38:027][  0]LogShaderCompilers:Display: Using Local Shader Compiler.
[2016.10.10-19.59.41:770][  0]LogTemp:Display: Loaded TP AllDesktopTargetPlatform
[2016.10.10-19.59.41:780][  0]LogTemp:Display: Loaded TP WindowsClientTargetPlatform
[2016.10.10-19.59.41:791][  0]LogTemp:Display: Loaded TP WindowsNoEditorTargetPlatform
[2016.10.10-19.59.41:802][  0]LogTemp:Display: Loaded TP WindowsServerTargetPlatform
[2016.10.10-19.59.41:812][  0]LogTemp:Display: Loaded TP WindowsTargetPlatform
[2016.10.10-19.59.41:834][  0]LogTemp:Display: Loaded TP AndroidTargetPlatform
[2016.10.10-19.59.41:842][  0]LogTemp:Display: Loaded TP Android_ASTCTargetPlatform
[2016.10.10-19.59.41:851][  0]LogTemp:Display: Loaded TP Android_ATCTargetPlatform
[2016.10.10-19.59.41:860][  0]LogTemp:Display: Loaded TP Android_DXTTargetPlatform
[2016.10.10-19.59.41:869][  0]LogTemp:Display: Loaded TP Android_ETC1TargetPlatform
[2016.10.10-19.59.41:878][  0]LogTemp:Display: Loaded TP Android_ETC2TargetPlatform
[2016.10.10-19.59.41:896][  0]LogTemp:Display: Loaded TP Android_MultiTargetPlatform
[2016.10.10-19.59.41:896][  0]LogTemp:Display: Loaded TP Android_PVRTCTargetPlatform
[2016.10.10-19.59.41:897][  0]LogTemp:Display: Loaded TP HTML5TargetPlatform
[2016.10.10-19.59.42:012][  0]LogTemp:Display: Loaded TP IOSTargetPlatform
[2016.10.10-19.59.42:021][  0]LogTemp:Display: Loaded TP TVOSTargetPlatform
[2016.10.10-19.59.42:030][  0]LogTemp:Display: Loaded TP LinuxClientTargetPlatform
[2016.10.10-19.59.42:039][  0]LogTemp:Display: Loaded TP LinuxNoEditorTargetPlatform
[2016.10.10-19.59.42:047][  0]LogTemp:Display: Loaded TP LinuxServerTargetPlatform
[2016.10.10-19.59.42:069][  0]LogTemp:Display: Loaded TP LinuxTargetPlatform
[2016.10.10-19.59.42:069][  0]LogTargetPlatformManager:Display: Building Assets For Windows
[2016.10.10-19.59.42:883][  0]LogDerivedDataCache:Display: Max Cache Size: 512 MB
[2016.10.10-19.59.43:753][  0]LogDerivedDataCache: Loaded boot cache 0.87s 62MB C:/Users/BlackIce/AppData/Local/UnrealEngine/4.13/DerivedDataCache/Boot.ddc.
[2016.10.10-19.59.43:753][  0]LogDerivedDataCache:Display: Loaded Boot cache: C:/Users/BlackIce/AppData/Local/UnrealEngine/4.13/DerivedDataCache/Boot.ddc
[2016.10.10-19.59.43:753][  0]LogDerivedDataCache: FDerivedDataBackendGraph:  Pak pak cache file ../../../../../../Users/BlackIce/Documents/Unreal Projects/MidtermStarter/DerivedDataCache/DDC.ddp not found, will not use a pak cache.
[2016.10.10-19.59.43:753][  0]LogDerivedDataCache: Unable to find inner node Pak for hierarchical cache Hierarchy.
[2016.10.10-19.59.43:753][  0]LogDerivedDataCache: FDerivedDataBackendGraph:  CompressedPak pak cache file ../../../../../../Users/BlackIce/Documents/Unreal Projects/MidtermStarter/DerivedDataCache/Compressed.ddp not found, will not use a pak cache.
[2016.10.10-19.59.43:753][  0]LogDerivedDataCache: Unable to find inner node CompressedPak for hierarchical cache Hierarchy.
[2016.10.10-19.59.43:817][  0]LogDerivedDataCache:Display: Pak cache opened for reading ../../../Engine/DerivedDataCache/Compressed.ddp.
[2016.10.10-19.59.43:829][  0]LogDerivedDataCache: Using Local data cache path C:/Users/BlackIce/AppData/Local/UnrealEngine/Common/DerivedDataCache: Writable
[2016.10.10-19.59.52:401][  0]LogInit: Selected Device Profile: [Windows]
[2016.10.10-19.59.52:503][  0]LogContentStreaming: Texture pool size is 0.00 MB
[2016.10.10-19.59.52:623][  0]LogMeshUtilities: No automatic mesh reduction module available
[2016.10.10-19.59.52:623][  0]LogMeshUtilities: No automatic mesh merging module available
[2016.10.10-19.59.52:623][  0]LogMeshUtilities: No distributed automatic mesh merging module available
[2016.10.10-19.59.52:792][  0]LogMaterial: Uniform references updated for custom material expression Custom.
[2016.10.10-19.59.54:315][  0]LogNetVersion: GetLocalNetworkVersion: CL: 3106830, ProjectName: midtermstarter, ProjectVersion: , EngineNetworkVersion: 1, GameNetworkVersion: 0, NetworkChecksum: 4029104964
[2016.10.10-19.59.54:443][  0]LogAssetRegistry: FAssetRegistry took 0.0224 seconds to start up
[2016.10.10-19.59.54:589][  0]LogPackageLocalizationCache: Processed 3 localized package path(s) for 2 prioritized culture(s) in 0.142409 seconds
[2016.10.10-19.59.54:594][  0]LogUObjectArray: 29778 objects as part of root set at end of initial load.
[2016.10.10-19.59.54:594][  0]LogUObjectAllocator: 6125456 out of 0 bytes used by permanent object pool.
[2016.10.10-19.59.54:594][  0]LogUObjectArray: CloseDisregardForGC: 0/0 objects in disregard for GC pool
[2016.10.10-19.59.54:602][  0]LogInit: WinSock: version 1.1 (2.2), MaxSocks=32767, MaxUdp=65467
[2016.10.10-19.59.58:806][  0]LogSlate: SlateFontCache - WITH_FREETYPE: 1, WITH_HARFBUZZ: 1
[2016.10.10-19.59.58:806][  0]LogSlate: SlateFontCache - WITH_FREETYPE: 1, WITH_HARFBUZZ: 1
[2016.10.10-20.00.21:101][  0]LogSubstanceCoreModule: Substance CPU Engine Loaded, Max Texture Size 2048
[2016.10.10-20.00.21:165][  0]LogTcpMessaging: Initializing TcpMessaging bridge
[2016.10.10-20.00.21:211][  0]LogUdpMessaging: Initializing bridge on interface 0.0.0.0:0 to multicast group 230.0.0.1:6666.
[2016.10.10-20.00.22:373][  0]SourceControl: Info Source control is disabled
[2016.10.10-20.00.22:375][  0]SourceControl: Info Source control is disabled
[2016.10.10-20.00.22:475][  0]SourceControl: Info Source control is disabled
[2016.10.10-20.00.22:531][  0]SourceControl: Info Source control is disabled
[2016.10.10-20.00.23:663][  0]LogEngine: Initializing Engine...
[2016.10.10-20.00.23:666][  0]LogHMD: Failed to initialize OpenVR with code 110
[2016.10.10-20.00.24:082][  0]LogAIModule: Creating AISystem for world Untitled
[2016.10.10-20.00.24:127][  0]LogInit: XAudio2 using 'PROJECTOR-C (NVIDIA High Definition Audio)' : 2 channels at 48 kHz using 16 bits per sample (channel mask 0x3)
[2016.10.10-20.00.24:174][  0]LogInit: FAudioDevice initialized.
[2016.10.10-20.00.24:214][  0]LogDerivedDataCache: Saved boot cache 0.04s 62MB C:/Users/BlackIce/AppData/Local/UnrealEngine/4.13/DerivedDataCache/Boot.ddc.
[2016.10.10-20.00.24:219][  0]LogInit: Texture streaming: Enabled
[2016.10.10-20.00.24:298][  0]LogInit: Transaction tracking system initialized
[2016.10.10-20.00.24:431][  0]BlueprintLog: New page: Editor Load
[2016.10.10-20.00.25:017][  0]LocalizationService: Info Localization service is disabled
[2016.10.10-20.00.25:693][  0]LogConsoleResponse:Display: 
[2016.10.10-20.00.27:642][  0]LogCook:Display: Max memory allowance for cook 16384mb min free memory 0mb
[2016.10.10-20.00.27:642][  0]LogCook:Display: Mobile HDR setting 1
[2016.10.10-20.00.28:623][  0]LogFileCache: Scanning file cache for directory 'C:/Users/BlackIce/Documents/Unreal Projects/MidtermStarter/Content/' took 0.02s
[2016.10.10-20.00.29:887][  0]SourceControl: Info Source control is disabled
[2016.10.10-20.00.29:887][  0]Cmd: MAP LOAD FILE="../../../../../../Users/BlackIce/Documents/Unreal Projects/MidtermStarter/Content/TopDownBP/Maps/TopDownExampleMap.umap" TEMPLATE=0 SHOWPROGRESS=1 FEATURELEVEL=3
[2016.10.10-20.00.29:930][  0]LightingResults: New page: Lighting Build
[2016.10.10-20.00.29:933][  0]MapCheck: New page: Map Check
[2016.10.10-20.00.29:933][  0]LightingResults: New page: Lighting Build
[2016.10.10-20.00.33:022][  0]LogAIModule: Creating AISystem for world TopDownExampleMap
[2016.10.10-20.00.33:263][  0]LogEditorServer: Finished looking for orphan Actors (0.000 secs)
[2016.10.10-20.00.33:314][  0]Cmd: MAP CHECKDEP NOCLEARLOG
[2016.10.10-20.00.33:378][  0]MapCheck: Info Map check complete: 0 Error(s), 0 Warning(s), took 63.389ms to complete.
[2016.10.10-20.00.33:378][  0]LogFileHelpers: Loading map 'TopDownExampleMap' took 3.491
[2016.10.10-20.00.33:933][  0]LogCollectionManager: Loaded 0 collections in 0.002409 seconds
[2016.10.10-20.00.34:031][  0]LogFileCache: Scanning file cache for directory 'C:/Users/BlackIce/Documents/Unreal Projects/MidtermStarter/Saved/Collections/' took 0.01s
[2016.10.10-20.00.34:031][  0]LogFileCache: Scanning file cache for directory 'C:/Users/BlackIce/Documents/Unreal Projects/MidtermStarter/Content/Developers/BlackIce/Collections/' took 0.01s
[2016.10.10-20.00.34:031][  0]LogFileCache: Scanning file cache for directory 'C:/Users/BlackIce/Documents/Unreal Projects/MidtermStarter/Content/Collections/' took 0.01s
[2016.10.10-20.00.34:031][  0]LogCollectionManager: Rebuilt the GUID cache for 0 collections in 0.000022 seconds
[2016.10.10-20.00.34:053][  0]LogContentBrowser: Native class hierarchy populated in 0.0192 seconds. Added 2162 classes and 424 folders.
[2016.10.10-20.00.34:112][  0]LogStats: UGameplayTagsManager::ConstructGameplayTagTree: Construct from data asset -  0.000 s
[2016.10.10-20.00.34:112][  0]LogStats: UGameplayTagsManager::ConstructGameplayTagTree: GameplayTagTreeChangedEvent.Broadcast -  0.000 s
[2016.10.10-20.00.34:114][  0]LogContentBrowser: Native class hierarchy updated for 'GameplayTags' in 0.0010 seconds. Added 12 classes and 0 folders.
[2016.10.10-20.00.34:137][  0]LogContentBrowser: Native class hierarchy updated for 'WidgetCarousel' in 0.0005 seconds. Added 0 classes and 0 folders.
[2016.10.10-20.00.35:391][  0]LogContentBrowser: Native class hierarchy updated for 'AddContentDialog' in 0.0006 seconds. Added 0 classes and 0 folders.
[2016.10.10-20.00.35:434][  0]LogContentBrowser: Native class hierarchy updated for 'SceneOutliner' in 0.0006 seconds. Added 1 classes and 2 folders.
[2016.10.10-20.00.35:521][  0]LogContentBrowser: Native class hierarchy updated for 'WorldBrowser' in 0.0006 seconds. Added 1 classes and 3 folders.
[2016.10.10-20.00.35:777][  0]LogCrashTracker: Crashtracker disabled due to settings.
[2016.10.10-20.00.35:802][  0]LogUObjectGlobals:Warning: Failed to find object 'Class None.'
[2016.10.10-20.00.35:849][  0]LogContentBrowser: Native class hierarchy updated for 'HierarchicalLODOutliner' in 0.0006 seconds. Added 1 classes and 2 folders.
[2016.10.10-20.00.35:850][  0]LogLoad: (Engine Initialization) Total time: 65.49 seconds
[2016.10.10-20.00.35:850][  0]LogLoad: (Engine Initialization) Total Blueprint compile time: 0.31 seconds
[2016.10.10-20.00.35:850][  0]LogExternalProfiler: No external profilers were discovered.  External profiling features will not be available.
[2016.10.10-20.00.35:867][  0]LogWindowsTextInputMethodSystem:Display: IME system now deactivated.
[2016.10.10-20.00.35:867][  0]LogOcInput: OculusInput pre-init called
[2016.10.10-20.00.35:929][  0]LogContentStreaming: Texture pool size now 600 MB
[2016.10.10-20.00.36:344][  0]LogRenderer: Reallocating scene render targets to support 1208x608 (Frame:2).
[2016.10.10-20.00.36:428][  1]LogAssetRegistry: Asset discovery search completed in 42.0071 seconds
[2016.10.10-20.00.36:439][  1]LogCollectionManager: Rebuilt the object cache for 0 collections in 0.000000 seconds (found 0 objects)
[2016.10.10-20.00.36:439][  1]LogCollectionManager: Fixed up redirectors for 0 collections in 0.011188 seconds (updated 0 objects)
[2016.10.10-20.01.07:562][749]LogAIModule: Creating AISystem for world TowerBase
[2016.10.10-20.01.07:630][749]Cmd: MAP LOAD FILE="../../../../../../Users/BlackIce/Documents/Unreal Projects/MidtermStarter/Content/ProceduralTower/StreamingLevels/TowerBase.umap" TEMPLATE=0 SHOWPROGRESS=1 FEATURELEVEL=3
[2016.10.10-20.01.07:630][749]LightingResults: New page: Lighting Build
[2016.10.10-20.01.07:630][749]LoadErrors: New page: Loading map: TowerBase.umap
[2016.10.10-20.01.07:632][749]MapCheck: New page: Map Check
[2016.10.10-20.01.07:632][749]LightingResults: New page: Lighting Build
[2016.10.10-20.01.07:914][749]LogEditorServer: Finished looking for orphan Actors (0.000 secs)
[2016.10.10-20.01.07:935][749]Cmd: MAP CHECKDEP NOCLEARLOG
[2016.10.10-20.01.08:002][749]MapCheck: Info Map check complete: 0 Error(s), 0 Warning(s), took 67.038ms to complete.
[2016.10.10-20.01.08:002][749]LogFileHelpers: Loading map 'TowerBase' took 0.374
[2016.10.10-20.05.01:588][755]LogBlueprintUserMessages: Early PlayInEditor Detection: Level '/Game/ProceduralTower/StreamingLevels/TowerBase.TowerBase:PersistentLevel' has LevelScriptBlueprint '/Game/ProceduralTower/StreamingLevels/TowerBase.TowerBase:PersistentLevel.TowerBase' with GeneratedClass '/Game/ProceduralTower/StreamingLevels/TowerBase.TowerBase_C' with ClassGeneratedBy '/Game/ProceduralTower/StreamingLevels/TowerBase.TowerBase:PersistentLevel.TowerBase'
[2016.10.10-20.05.01:589][755]LogBlueprintUserMessages: Early PlayInEditor Detection: Level '/Game/ProceduralTower/StreamingLevels/Floor1.Floor1:PersistentLevel' has LevelScriptBlueprint '/Game/ProceduralTower/StreamingLevels/Floor1.Floor1:PersistentLevel.Floor1' with GeneratedClass '/Game/ProceduralTower/StreamingLevels/Floor1.Floor1_C' with ClassGeneratedBy '/Game/ProceduralTower/StreamingLevels/Floor1.Floor1:PersistentLevel.Floor1'
[2016.10.10-20.05.01:589][755]LogPlayLevel: PlayLevel: No blueprints needed recompiling
[2016.10.10-20.05.01:685][755]PIE: New page: SIE session: TowerBase (Oct 10, 2016, 11:05:01 AM)
[2016.10.10-20.05.01:685][755]LogPlayLevel: Creating play world package: /Game/ProceduralTower/StreamingLevels/UEDPIE_0_TowerBase
[2016.10.10-20.05.01:689][755]LogPlayLevel: PIE: StaticDuplicateObject took: (0.003873s)
[2016.10.10-20.05.01:690][755]LogAIModule: Creating AISystem for world TowerBase
[2016.10.10-20.05.01:690][755]LogPlayLevel: PIE: World Init took: (0.000964s)
[2016.10.10-20.05.01:690][755]LogPlayLevel: PIE: Created PIE world by copying editor world from /Game/ProceduralTower/StreamingLevels/TowerBase.TowerBase to /Game/ProceduralTower/StreamingLevels/UEDPIE_0_TowerBase.TowerBase (0.005060s)
[2016.10.10-20.05.01:715][755]LogInit: XAudio2 using 'PROJECTOR-C (NVIDIA High Definition Audio)' : 2 channels at 48 kHz using 16 bits per sample (channel mask 0x3)
[2016.10.10-20.05.01:722][755]LogInit: FAudioDevice initialized.
[2016.10.10-20.05.01:856][755]LogWorld: Game class is 'TopDownGameMode_C'
[2016.10.10-20.05.01:860][755]LogWorld: Bringing World /Game/ProceduralTower/StreamingLevels/UEDPIE_0_TowerBase.TowerBase up for play (max tick rate 60) at 2016.10.10-16.05.01
[2016.10.10-20.05.01:860][755]LogWorld: Bringing up level for play took: 0.002905
[2016.10.10-20.05.01:911][755]LogContentBrowser: Native class hierarchy updated for 'MovieSceneCapture' in 0.0008 seconds. Added 11 classes and 0 folders.
[2016.10.10-20.05.01:911][755]LogGameMode:Display: Match State Changed from EnteringMap to WaitingToStart
[2016.10.10-20.05.01:911][755]LogBlueprintUserMessages: [TowerBase_C_1] TowerFloor0
[2016.10.10-20.05.01:912][755]LogGameState: Match State Changed from EnteringMap to WaitingToStart
[2016.10.10-20.05.01:912][755]PIE: Info Play in editor start time for /Game/ProceduralTower/StreamingLevels/UEDPIE_0_TowerBase -0.099
[2016.10.10-20.05.01:955][755]LogBlueprintUserMessages: Late PlayInEditor Detection: Level '/Game/ProceduralTower/StreamingLevels/TowerBase.TowerBase:PersistentLevel' has LevelScriptBlueprint '/Game/ProceduralTower/StreamingLevels/TowerBase.TowerBase:PersistentLevel.TowerBase' with GeneratedClass '/Game/ProceduralTower/StreamingLevels/TowerBase.TowerBase_C' with ClassGeneratedBy '/Game/ProceduralTower/StreamingLevels/TowerBase.TowerBase:PersistentLevel.TowerBase'
[2016.10.10-20.05.01:955][755]LogBlueprintUserMessages: Late PlayInEditor Detection: Level '/Game/ProceduralTower/StreamingLevels/Floor1.Floor1:PersistentLevel' has LevelScriptBlueprint '/Game/ProceduralTower/StreamingLevels/Floor1.Floor1:PersistentLevel.Floor1' with GeneratedClass '/Game/ProceduralTower/StreamingLevels/Floor1.Floor1_C' with ClassGeneratedBy '/Game/ProceduralTower/StreamingLevels/Floor1.Floor1:PersistentLevel.Floor1'
[2016.10.10-20.05.02:201][761]LogBlueprintUserMessages: [Floor1_C_1] TowerFloor1
[2016.10.10-20.05.02:366][766]LogBlueprintUserMessages: [Floor1_C_1] TowerFloor2
[2016.10.10-20.05.02:515][771]LogBlueprintUserMessages: [Floor1_C_1] TowerFloor3
[2016.10.10-20.05.02:677][776]LogBlueprintUserMessages: [Floor1_C_1] TowerFloor4
[2016.10.10-20.05.02:835][781]LogBlueprintUserMessages: [Floor1_C_1] Tower Complete
[2016.10.10-20.05.02:835][781]LogBlueprintUserMessages: [Floor1_C_1] Teleport Adjust: 200.0
[2016.10.10-20.05.35:781][728]LogContentBrowser: Native class hierarchy updated for 'BlueprintGraph' in 0.0011 seconds. Added 112 classes and 0 folders.
[2016.10.10-20.05.39:371][843]LogBlueprintUserMessages: Early EndPlayMap Detection: Level '/Game/ProceduralTower/StreamingLevels/TowerBase.TowerBase:PersistentLevel' has LevelScriptBlueprint '/Game/ProceduralTower/StreamingLevels/TowerBase.TowerBase:PersistentLevel.TowerBase' with GeneratedClass '/Game/ProceduralTower/StreamingLevels/TowerBase.TowerBase_C' with ClassGeneratedBy '/Game/ProceduralTower/StreamingLevels/TowerBase.TowerBase:PersistentLevel.TowerBase'
[2016.10.10-20.05.39:371][843]LogBlueprintUserMessages: Early EndPlayMap Detection: Level '/Game/ProceduralTower/StreamingLevels/Floor1.Floor1:PersistentLevel' has LevelScriptBlueprint '/Game/ProceduralTower/StreamingLevels/Floor1.Floor1:PersistentLevel.Floor1' with GeneratedClass '/Game/ProceduralTower/StreamingLevels/Floor1.Floor1_C' with ClassGeneratedBy '/Game/ProceduralTower/StreamingLevels/Floor1.Floor1:PersistentLevel.Floor1'
[2016.10.10-20.05.39:536][843]LogBlueprintUserMessages: Late EndPlayMap Detection: Level '/Game/ProceduralTower/StreamingLevels/TowerBase.TowerBase:PersistentLevel' has LevelScriptBlueprint '/Game/ProceduralTower/StreamingLevels/TowerBase.TowerBase:PersistentLevel.TowerBase' with GeneratedClass '/Game/ProceduralTower/StreamingLevels/TowerBase.TowerBase_C' with ClassGeneratedBy '/Game/ProceduralTower/StreamingLevels/TowerBase.TowerBase:PersistentLevel.TowerBase'
[2016.10.10-20.05.39:536][843]LogBlueprintUserMessages: Late EndPlayMap Detection: Level '/Game/ProceduralTower/StreamingLevels/Floor1.Floor1:PersistentLevel' has LevelScriptBlueprint '/Game/ProceduralTower/StreamingLevels/Floor1.Floor1:PersistentLevel.Floor1' with GeneratedClass '/Game/ProceduralTower/StreamingLevels/Floor1.Floor1_C' with ClassGeneratedBy '/Game/ProceduralTower/StreamingLevels/Floor1.Floor1:PersistentLevel.Floor1'
[2016.10.10-20.05.57:994][917]LogSavePackage: Save=11.75ms
[2016.10.10-20.05.57:994][917]LogSavePackage: Moving '../../../../../../Users/BlackIce/Documents/Unreal Projects/MidtermStarter/Saved/TowerGameState75DD9E2E4CA4FC1572EB47A5943FA13A.tmp' to '../../../../../../Users/BlackIce/Documents/Unreal Projects/MidtermStarter/Content/ProceduralTower/Blueprints/TowerGameState.uasset'
[2016.10.10-20.05.58:000][917]LogSavePackage:Display: Finished SavePackage ../../../../../../Users/BlackIce/Documents/Unreal Projects/MidtermStarter/Content/ProceduralTower/Blueprints/TowerGameState.uasset
[2016.10.10-20.05.58:644][956]BlueprintLog: New page: Compile TowerGameState
[2016.10.10-20.06.10:959][646]LogSavePackage: Save=219.49ms
[2016.10.10-20.06.10:959][646]LogSavePackage: Moving '../../../../../../Users/BlackIce/Documents/Unreal Projects/MidtermStarter/Saved/TowerBaseDF4344B647A8DF87C249D3B52D66FCE8.tmp' to '../../../../../../Users/BlackIce/Documents/Unreal Projects/MidtermStarter/Content/ProceduralTower/StreamingLevels/TowerBase.umap'
[2016.10.10-20.06.10:965][646]LogSavePackage:Display: Finished SavePackage ../../../../../../Users/BlackIce/Documents/Unreal Projects/MidtermStarter/Content/ProceduralTower/StreamingLevels/TowerBase.umap
[2016.10.10-20.06.14:943][882]LogBlueprintUserMessages: Early PlayInEditor Detection: Level '/Game/ProceduralTower/StreamingLevels/TowerBase.TowerBase:PersistentLevel' has LevelScriptBlueprint '/Game/ProceduralTower/StreamingLevels/TowerBase.TowerBase:PersistentLevel.TowerBase' with GeneratedClass '/Game/ProceduralTower/StreamingLevels/TowerBase.TowerBase_C' with ClassGeneratedBy '/Game/ProceduralTower/StreamingLevels/TowerBase.TowerBase:PersistentLevel.TowerBase'
[2016.10.10-20.06.14:943][882]LogBlueprintUserMessages: Early PlayInEditor Detection: Level '/Game/ProceduralTower/StreamingLevels/Floor1.Floor1:PersistentLevel' has LevelScriptBlueprint '/Game/ProceduralTower/StreamingLevels/Floor1.Floor1:PersistentLevel.Floor1' with GeneratedClass '/Game/ProceduralTower/StreamingLevels/Floor1.Floor1_C' with ClassGeneratedBy '/Game/ProceduralTower/StreamingLevels/Floor1.Floor1:PersistentLevel.Floor1'
[2016.10.10-20.06.14:943][882]LogPlayLevel: PlayLevel: No blueprints needed recompiling
[2016.10.10-20.06.14:943][882]PIE: New page: SIE session: TowerBase (Oct 10, 2016, 11:06:14 AM)
[2016.10.10-20.06.14:943][882]LogPlayLevel: Creating play world package: /Game/ProceduralTower/StreamingLevels/UEDPIE_0_TowerBase
[2016.10.10-20.06.14:947][882]LogPlayLevel: PIE: StaticDuplicateObject took: (0.003702s)
[2016.10.10-20.06.14:947][882]LogAIModule: Creating AISystem for world TowerBase
[2016.10.10-20.06.14:948][882]LogPlayLevel: PIE: World Init took: (0.001111s)
[2016.10.10-20.06.14:948][882]LogPlayLevel: PIE: Created PIE world by copying editor world from /Game/ProceduralTower/StreamingLevels/TowerBase.TowerBase to /Game/ProceduralTower/StreamingLevels/UEDPIE_0_TowerBase.TowerBase (0.005125s)
[2016.10.10-20.06.14:987][882]LogInit: XAudio2 using 'PROJECTOR-C (NVIDIA High Definition Audio)' : 2 channels at 48 kHz using 16 bits per sample (channel mask 0x3)
[2016.10.10-20.06.14:993][882]LogInit: FAudioDevice initialized.
[2016.10.10-20.06.15:023][882]LogWorld: Game class is 'TopDownGameMode_C'
[2016.10.10-20.06.15:026][882]LogWorld: Bringing World /Game/ProceduralTower/StreamingLevels/UEDPIE_0_TowerBase.TowerBase up for play (max tick rate 60) at 2016.10.10-16.06.15
[2016.10.10-20.06.15:027][882]LogWorld: Bringing up level for play took: 0.002914
[2016.10.10-20.06.15:028][882]LogGameMode:Display: Match State Changed from EnteringMap to WaitingToStart
[2016.10.10-20.06.15:028][882]LogBlueprintUserMessages: [TowerBase_C_0] TowerFloor0
[2016.10.10-20.06.15:029][882]LogGameState: Match State Changed from EnteringMap to WaitingToStart
[2016.10.10-20.06.15:029][882]PIE: Info Play in editor start time for /Game/ProceduralTower/StreamingLevels/UEDPIE_0_TowerBase 1.017
[2016.10.10-20.06.15:031][882]LogBlueprintUserMessages: Late PlayInEditor Detection: Level '/Game/ProceduralTower/StreamingLevels/TowerBase.TowerBase:PersistentLevel' has LevelScriptBlueprint '/Game/ProceduralTower/StreamingLevels/TowerBase.TowerBase:PersistentLevel.TowerBase' with GeneratedClass '/Game/ProceduralTower/StreamingLevels/TowerBase.TowerBase_C' with ClassGeneratedBy '/Game/ProceduralTower/StreamingLevels/TowerBase.TowerBase:PersistentLevel.TowerBase'
[2016.10.10-20.06.15:031][882]LogBlueprintUserMessages: Late PlayInEditor Detection: Level '/Game/ProceduralTower/StreamingLevels/Floor1.Floor1:PersistentLevel' has LevelScriptBlueprint '/Game/ProceduralTower/StreamingLevels/Floor1.Floor1:PersistentLevel.Floor1' with GeneratedClass '/Game/ProceduralTower/StreamingLevels/Floor1.Floor1_C' with ClassGeneratedBy '/Game/ProceduralTower/StreamingLevels/Floor1.Floor1:PersistentLevel.Floor1'
[2016.10.10-20.06.15:175][887]LogBlueprintUserMessages: [Floor1_C_1] TowerFloor1
[2016.10.10-20.06.15:334][893]LogBlueprintUserMessages: [Floor1_C_1] TowerFloor2
[2016.10.10-20.06.15:474][898]LogBlueprintUserMessages: [Floor1_C_1] TowerFloor3
[2016.10.10-20.06.15:617][903]LogBlueprintUserMessages: [Floor1_C_1] TowerFloor4
[2016.10.10-20.06.15:777][908]LogBlueprintUserMessages: [Floor1_C_1] TowerFloor5
[2016.10.10-20.06.15:947][913]LogBlueprintUserMessages: [Floor1_C_1] TowerFloor6
[2016.10.10-20.06.16:095][918]LogBlueprintUserMessages: [Floor1_C_1] TowerFloor7
[2016.10.10-20.06.16:263][923]LogBlueprintUserMessages: [Floor1_C_1] TowerFloor8
[2016.10.10-20.06.16:457][928]LogBlueprintUserMessages: [Floor1_C_1] TowerFloor9
[2016.10.10-20.06.16:641][933]LogBlueprintUserMessages: [Floor1_C_1] TowerFloor10
[2016.10.10-20.06.16:780][938]LogBlueprintUserMessages: [Floor1_C_1] TowerFloor11
[2016.10.10-20.06.16:933][943]LogBlueprintUserMessages: [Floor1_C_1] TowerFloor12
[2016.10.10-20.06.17:091][948]LogBlueprintUserMessages: [Floor1_C_1] TowerFloor13
[2016.10.10-20.06.17:239][953]LogBlueprintUserMessages: [Floor1_C_1] TowerFloor14
[2016.10.10-20.06.17:389][958]LogBlueprintUserMessages: [Floor1_C_1] TowerFloor15
[2016.10.10-20.06.17:540][963]LogBlueprintUserMessages: [Floor1_C_1] TowerFloor16
[2016.10.10-20.06.17:696][968]LogBlueprintUserMessages: [Floor1_C_1] TowerFloor17
[2016.10.10-20.06.17:856][973]LogBlueprintUserMessages: [Floor1_C_1] TowerFloor18
[2016.10.10-20.06.18:013][978]LogBlueprintUserMessages: [Floor1_C_1] TowerFloor19
[2016.10.10-20.06.18:158][983]LogBlueprintUserMessages: [Floor1_C_1] TowerFloor20
[2016.10.10-20.06.18:305][988]LogBlueprintUserMessages: [Floor1_C_1] Tower Complete
[2016.10.10-20.06.18:305][988]LogBlueprintUserMessages: [Floor1_C_1] Teleport Adjust: 200.0
[2016.10.10-20.06.39:169][237]LogBlueprintUserMessages: Early EndPlayMap Detection: Level '/Game/ProceduralTower/StreamingLevels/TowerBase.TowerBase:PersistentLevel' has LevelScriptBlueprint '/Game/ProceduralTower/StreamingLevels/TowerBase.TowerBase:PersistentLevel.TowerBase' with GeneratedClass '/Game/ProceduralTower/StreamingLevels/TowerBase.TowerBase_C' with ClassGeneratedBy '/Game/ProceduralTower/StreamingLevels/TowerBase.TowerBase:PersistentLevel.TowerBase'
[2016.10.10-20.06.39:169][237]LogBlueprintUserMessages: Early EndPlayMap Detection: Level '/Game/ProceduralTower/StreamingLevels/Floor1.Floor1:PersistentLevel' has LevelScriptBlueprint '/Game/ProceduralTower/StreamingLevels/Floor1.Floor1:PersistentLevel.Floor1' with GeneratedClass '/Game/ProceduralTower/StreamingLevels/Floor1.Floor1_C' with ClassGeneratedBy '/Game/ProceduralTower/StreamingLevels/Floor1.Floor1:PersistentLevel.Floor1'
[2016.10.10-20.06.39:205][237]LogBlueprintUserMessages: Late EndPlayMap Detection: Level '/Game/ProceduralTower/StreamingLevels/TowerBase.TowerBase:PersistentLevel' has LevelScriptBlueprint '/Game/ProceduralTower/StreamingLevels/TowerBase.TowerBase:PersistentLevel.TowerBase' with GeneratedClass '/Game/ProceduralTower/StreamingLevels/TowerBase.TowerBase_C' with ClassGeneratedBy '/Game/ProceduralTower/StreamingLevels/TowerBase.TowerBase:PersistentLevel.TowerBase'
[2016.10.10-20.06.39:205][237]LogBlueprintUserMessages: Late EndPlayMap Detection: Level '/Game/ProceduralTower/StreamingLevels/Floor1.Floor1:PersistentLevel' has LevelScriptBlueprint '/Game/ProceduralTower/StreamingLevels/Floor1.Floor1:PersistentLevel.Floor1' with GeneratedClass '/Game/ProceduralTower/StreamingLevels/Floor1.Floor1_C' with ClassGeneratedBy '/Game/ProceduralTower/StreamingLevels/Floor1.Floor1:PersistentLevel.Floor1'
[2016.10.10-20.06.51:155][935]LogSavePackage: Save=11.53ms
[2016.10.10-20.06.51:155][935]LogSavePackage: Moving '../../../../../../Users/BlackIce/Documents/Unreal Projects/MidtermStarter/Saved/TowerGameStateB2CEC83146A2FB3D034095AE2CC44994.tmp' to '../../../../../../Users/BlackIce/Documents/Unreal Projects/MidtermStarter/Content/ProceduralTower/Blueprints/TowerGameState.uasset'
[2016.10.10-20.06.51:161][935]LogSavePackage:Display: Finished SavePackage ../../../../../../Users/BlackIce/Documents/Unreal Projects/MidtermStarter/Content/ProceduralTower/Blueprints/TowerGameState.uasset
[2016.10.10-20.06.52:765][ 30]BlueprintLog: New page: Compile TowerGameState
[2016.10.10-20.06.54:843][133]LogBlueprintUserMessages: Early PlayInEditor Detection: Level '/Game/ProceduralTower/StreamingLevels/TowerBase.TowerBase:PersistentLevel' has LevelScriptBlueprint '/Game/ProceduralTower/StreamingLevels/TowerBase.TowerBase:PersistentLevel.TowerBase' with GeneratedClass '/Game/ProceduralTower/StreamingLevels/TowerBase.TowerBase_C' with ClassGeneratedBy '/Game/ProceduralTower/StreamingLevels/TowerBase.TowerBase:PersistentLevel.TowerBase'
[2016.10.10-20.06.54:843][133]LogBlueprintUserMessages: Early PlayInEditor Detection: Level '/Game/ProceduralTower/StreamingLevels/Floor1.Floor1:PersistentLevel' has LevelScriptBlueprint '/Game/ProceduralTower/StreamingLevels/Floor1.Floor1:PersistentLevel.Floor1' with GeneratedClass '/Game/ProceduralTower/StreamingLevels/Floor1.Floor1_C' with ClassGeneratedBy '/Game/ProceduralTower/StreamingLevels/Floor1.Floor1:PersistentLevel.Floor1'
[2016.10.10-20.06.54:843][133]LogPlayLevel: PlayLevel: No blueprints needed recompiling
[2016.10.10-20.06.54:844][133]PIE: New page: SIE session: TowerBase (Oct 10, 2016, 11:06:54 AM)
[2016.10.10-20.06.54:844][133]LogPlayLevel: Creating play world package: /Game/ProceduralTower/StreamingLevels/UEDPIE_0_TowerBase
[2016.10.10-20.06.54:847][133]LogPlayLevel: PIE: StaticDuplicateObject took: (0.003633s)
[2016.10.10-20.06.54:848][133]LogAIModule: Creating AISystem for world TowerBase
[2016.10.10-20.06.54:848][133]LogPlayLevel: PIE: World Init took: (0.000925s)
[2016.10.10-20.06.54:849][133]LogPlayLevel: PIE: Created PIE world by copying editor world from /Game/ProceduralTower/StreamingLevels/TowerBase.TowerBase to /Game/ProceduralTower/StreamingLevels/UEDPIE_0_TowerBase.TowerBase (0.004831s)
[2016.10.10-20.06.54:877][133]LogInit: XAudio2 using 'PROJECTOR-C (NVIDIA High Definition Audio)' : 2 channels at 48 kHz using 16 bits per sample (channel mask 0x3)
[2016.10.10-20.06.54:882][133]LogInit: FAudioDevice initialized.
[2016.10.10-20.06.54:914][133]LogWorld: Game class is 'TopDownGameMode_C'
[2016.10.10-20.06.54:919][133]LogWorld: Bringing World /Game/ProceduralTower/StreamingLevels/UEDPIE_0_TowerBase.TowerBase up for play (max tick rate 60) at 2016.10.10-16.06.54
[2016.10.10-20.06.54:919][133]LogWorld: Bringing up level for play took: 0.003145
[2016.10.10-20.06.54:921][133]LogGameMode:Display: Match State Changed from EnteringMap to WaitingToStart
[2016.10.10-20.06.54:921][133]LogBlueprintUserMessages: [TowerBase_C_0] TowerFloor0
[2016.10.10-20.06.54:921][133]LogGameState: Match State Changed from EnteringMap to WaitingToStart
[2016.10.10-20.06.54:921][133]PIE: Info Play in editor start time for /Game/ProceduralTower/StreamingLevels/UEDPIE_0_TowerBase 0.91
[2016.10.10-20.06.54:923][133]LogBlueprintUserMessages: Late PlayInEditor Detection: Level '/Game/ProceduralTower/StreamingLevels/TowerBase.TowerBase:PersistentLevel' has LevelScriptBlueprint '/Game/ProceduralTower/StreamingLevels/TowerBase.TowerBase:PersistentLevel.TowerBase' with GeneratedClass '/Game/ProceduralTower/StreamingLevels/TowerBase.TowerBase_C' with ClassGeneratedBy '/Game/ProceduralTower/StreamingLevels/TowerBase.TowerBase:PersistentLevel.TowerBase'
[2016.10.10-20.06.54:923][133]LogBlueprintUserMessages: Late PlayInEditor Detection: Level '/Game/ProceduralTower/StreamingLevels/Floor1.Floor1:PersistentLevel' has LevelScriptBlueprint '/Game/ProceduralTower/StreamingLevels/Floor1.Floor1:PersistentLevel.Floor1' with GeneratedClass '/Game/ProceduralTower/StreamingLevels/Floor1.Floor1_C' with ClassGeneratedBy '/Game/ProceduralTower/StreamingLevels/Floor1.Floor1:PersistentLevel.Floor1'
[2016.10.10-20.06.55:083][138]LogBlueprintUserMessages: [Floor1_C_1] TowerFloor1
[2016.10.10-20.06.55:259][143]LogBlueprintUserMessages: [Floor1_C_1] TowerFloor2
[2016.10.10-20.06.55:426][148]LogBlueprintUserMessages: [Floor1_C_1] TowerFloor3
[2016.10.10-20.06.55:610][153]LogBlueprintUserMessages: [Floor1_C_1] TowerFloor4
[2016.10.10-20.06.55:783][158]LogBlueprintUserMessages: [Floor1_C_1] TowerFloor5
[2016.10.10-20.06.55:937][163]LogBlueprintUserMessages: [Floor1_C_1] TowerFloor6
[2016.10.10-20.06.56:097][168]LogBlueprintUserMessages: [Floor1_C_1] TowerFloor7
[2016.10.10-20.06.56:262][173]LogBlueprintUserMessages: [Floor1_C_1] TowerFloor8
[2016.10.10-20.06.56:428][178]LogBlueprintUserMessages: [Floor1_C_1] TowerFloor9
[2016.10.10-20.06.56:594][183]LogBlueprintUserMessages: [Floor1_C_1] TowerFloor10
[2016.10.10-20.06.56:754][188]LogBlueprintUserMessages: [Floor1_C_1] TowerFloor11
[2016.10.10-20.06.56:920][193]LogBlueprintUserMessages: [Floor1_C_1] TowerFloor12
[2016.10.10-20.06.57:086][198]LogBlueprintUserMessages: [Floor1_C_1] TowerFloor13
[2016.10.10-20.06.57:252][203]LogBlueprintUserMessages: [Floor1_C_1] TowerFloor14
[2016.10.10-20.06.57:417][208]LogBlueprintUserMessages: [Floor1_C_1] TowerFloor15
[2016.10.10-20.06.57:584][213]LogBlueprintUserMessages: [Floor1_C_1] TowerFloor16
[2016.10.10-20.06.57:758][218]LogBlueprintUserMessages: [Floor1_C_1] Tower Complete
[2016.10.10-20.06.57:758][218]LogBlueprintUserMessages: [Floor1_C_1] Teleport Adjust: 200.0
[2016.10.10-20.07.02:142][476]LogGameMode: GameMode returned ReadyToStartMatch
[2016.10.10-20.07.02:142][476]LogGameMode:Display: Match State Changed from WaitingToStart to InProgress
[2016.10.10-20.07.02:142][476]LogGameState: Match State Changed from WaitingToStart to InProgress
[2016.10.10-20.07.05:751][689]LogBlueprintUserMessages: [TowerBase_C_0] Floor1
[2016.10.10-20.07.07:001][764]LogBlueprintUserMessages: [Floor1_C_1] 1
[2016.10.10-20.07.08:284][841]LogBlueprintUserMessages: [Floor1_C_1] 2
[2016.10.10-20.07.09:385][907]LogBlueprintUserMessages: [Floor1_C_1] 3
[2016.10.10-20.07.10:384][967]LogBlueprintUserMessages: [Floor1_C_1] 4
[2016.10.10-20.07.11:251][ 19]LogBlueprintUserMessages: [Floor1_C_1] 5
[2016.10.10-20.07.11:818][ 53]LogBlueprintUserMessages: [Floor1_C_1] 5
[2016.10.10-20.07.12:217][ 77]LogBlueprintUserMessages: [Floor1_C_1] 5
[2016.10.10-20.07.13:968][182]LogBlueprintUserMessages: [Floor1_C_1] 5
[2016.10.10-20.07.14:601][220]LogBlueprintUserMessages: [Floor1_C_1] 5
[2016.10.10-20.07.16:502][334]LogBlueprintUserMessages: Early EndPlayMap Detection: Level '/Game/ProceduralTower/StreamingLevels/TowerBase.TowerBase:PersistentLevel' has LevelScriptBlueprint '/Game/ProceduralTower/StreamingLevels/TowerBase.TowerBase:PersistentLevel.TowerBase' with GeneratedClass '/Game/ProceduralTower/StreamingLevels/TowerBase.TowerBase_C' with ClassGeneratedBy '/Game/ProceduralTower/StreamingLevels/TowerBase.TowerBase:PersistentLevel.TowerBase'
[2016.10.10-20.07.16:502][334]LogBlueprintUserMessages: Early EndPlayMap Detection: Level '/Game/ProceduralTower/StreamingLevels/Floor1.Floor1:PersistentLevel' has LevelScriptBlueprint '/Game/ProceduralTower/StreamingLevels/Floor1.Floor1:PersistentLevel.Floor1' with GeneratedClass '/Game/ProceduralTower/StreamingLevels/Floor1.Floor1_C' with ClassGeneratedBy '/Game/ProceduralTower/StreamingLevels/Floor1.Floor1:PersistentLevel.Floor1'
[2016.10.10-20.07.16:539][334]LogBlueprintUserMessages: Late EndPlayMap Detection: Level '/Game/ProceduralTower/StreamingLevels/TowerBase.TowerBase:PersistentLevel' has LevelScriptBlueprint '/Game/ProceduralTower/StreamingLevels/TowerBase.TowerBase:PersistentLevel.TowerBase' with GeneratedClass '/Game/ProceduralTower/StreamingLevels/TowerBase.TowerBase_C' with ClassGeneratedBy '/Game/ProceduralTower/StreamingLevels/TowerBase.TowerBase:PersistentLevel.TowerBase'
[2016.10.10-20.07.16:539][334]LogBlueprintUserMessages: Late EndPlayMap Detection: Level '/Game/ProceduralTower/StreamingLevels/Floor1.Floor1:PersistentLevel' has LevelScriptBlueprint '/Game/ProceduralTower/StreamingLevels/Floor1.Floor1:PersistentLevel.Floor1' with GeneratedClass '/Game/ProceduralTower/StreamingLevels/Floor1.Floor1_C' with ClassGeneratedBy '/Game/ProceduralTower/StreamingLevels/Floor1.Floor1:PersistentLevel.Floor1'
[2016.10.10-20.08.11:927][598]BlueprintLog: New page: Compile Floor1
[2016.10.10-20.08.13:856][699]LogBlueprintUserMessages: Early PlayInEditor Detection: Level '/Game/ProceduralTower/StreamingLevels/TowerBase.TowerBase:PersistentLevel' has LevelScriptBlueprint '/Game/ProceduralTower/StreamingLevels/TowerBase.TowerBase:PersistentLevel.TowerBase' with GeneratedClass '/Game/ProceduralTower/StreamingLevels/TowerBase.TowerBase_C' with ClassGeneratedBy '/Game/ProceduralTower/StreamingLevels/TowerBase.TowerBase:PersistentLevel.TowerBase'
[2016.10.10-20.08.13:856][699]LogBlueprintUserMessages: Early PlayInEditor Detection: Level '/Game/ProceduralTower/StreamingLevels/Floor1.Floor1:PersistentLevel' has LevelScriptBlueprint '/Game/ProceduralTower/StreamingLevels/Floor1.Floor1:PersistentLevel.Floor1' with GeneratedClass '/Game/ProceduralTower/StreamingLevels/Floor1.Floor1_C' with ClassGeneratedBy '/Game/ProceduralTower/StreamingLevels/Floor1.Floor1:PersistentLevel.Floor1'
[2016.10.10-20.08.13:856][699]LogPlayLevel: PlayLevel: No blueprints needed recompiling
[2016.10.10-20.08.13:856][699]PIE: New page: SIE session: TowerBase (Oct 10, 2016, 11:08:13 AM)
[2016.10.10-20.08.13:856][699]LogPlayLevel: Creating play world package: /Game/ProceduralTower/StreamingLevels/UEDPIE_0_TowerBase
[2016.10.10-20.08.13:860][699]LogPlayLevel: PIE: StaticDuplicateObject took: (0.003535s)
[2016.10.10-20.08.13:860][699]LogAIModule: Creating AISystem for world TowerBase
[2016.10.10-20.08.13:861][699]LogPlayLevel: PIE: World Init took: (0.000810s)
[2016.10.10-20.08.13:861][699]LogPlayLevel: PIE: Created PIE world by copying editor world from /Game/ProceduralTower/StreamingLevels/TowerBase.TowerBase to /Game/ProceduralTower/StreamingLevels/UEDPIE_0_TowerBase.TowerBase (0.004566s)
[2016.10.10-20.08.13:890][699]LogInit: XAudio2 using 'PROJECTOR-C (NVIDIA High Definition Audio)' : 2 channels at 48 kHz using 16 bits per sample (channel mask 0x3)
[2016.10.10-20.08.13:896][699]LogInit: FAudioDevice initialized.
[2016.10.10-20.08.13:930][699]LogWorld: Game class is 'TopDownGameMode_C'
[2016.10.10-20.08.13:934][699]LogWorld: Bringing World /Game/ProceduralTower/StreamingLevels/UEDPIE_0_TowerBase.TowerBase up for play (max tick rate 60) at 2016.10.10-16.08.13
[2016.10.10-20.08.13:934][699]LogWorld: Bringing up level for play took: 0.002944
[2016.10.10-20.08.13:936][699]LogGameMode:Display: Match State Changed from EnteringMap to WaitingToStart
[2016.10.10-20.08.13:936][699]LogBlueprintUserMessages: [TowerBase_C_0] TowerFloor0
[2016.10.10-20.08.13:936][699]LogGameState: Match State Changed from EnteringMap to WaitingToStart
[2016.10.10-20.08.13:936][699]PIE: Info Play in editor start time for /Game/ProceduralTower/StreamingLevels/UEDPIE_0_TowerBase -0.075
[2016.10.10-20.08.13:938][699]LogBlueprintUserMessages: Late PlayInEditor Detection: Level '/Game/ProceduralTower/StreamingLevels/TowerBase.TowerBase:PersistentLevel' has LevelScriptBlueprint '/Game/ProceduralTower/StreamingLevels/TowerBase.TowerBase:PersistentLevel.TowerBase' with GeneratedClass '/Game/ProceduralTower/StreamingLevels/TowerBase.TowerBase_C' with ClassGeneratedBy '/Game/ProceduralTower/StreamingLevels/TowerBase.TowerBase:PersistentLevel.TowerBase'
[2016.10.10-20.08.13:938][699]LogBlueprintUserMessages: Late PlayInEditor Detection: Level '/Game/ProceduralTower/StreamingLevels/Floor1.Floor1:PersistentLevel' has LevelScriptBlueprint '/Game/ProceduralTower/StreamingLevels/Floor1.Floor1:PersistentLevel.Floor1' with GeneratedClass '/Game/ProceduralTower/StreamingLevels/Floor1.Floor1_C' with ClassGeneratedBy '/Game/ProceduralTower/StreamingLevels/Floor1.Floor1:PersistentLevel.Floor1'
[2016.10.10-20.08.14:075][704]LogBlueprintUserMessages: [Floor1_C_1] TowerFloor1
[2016.10.10-20.08.14:218][709]LogBlueprintUserMessages: [Floor1_C_1] TowerFloor2
[2016.10.10-20.08.14:359][714]LogBlueprintUserMessages: [Floor1_C_1] TowerFloor3
[2016.10.10-20.08.14:504][719]LogBlueprintUserMessages: [Floor1_C_1] TowerFloor4
[2016.10.10-20.08.14:646][724]LogBlueprintUserMessages: [Floor1_C_1] TowerFloor5
[2016.10.10-20.08.14:789][729]LogBlueprintUserMessages: [Floor1_C_1] TowerFloor6
[2016.10.10-20.08.14:932][734]LogBlueprintUserMessages: [Floor1_C_1] TowerFloor7
[2016.10.10-20.08.15:081][739]LogBlueprintUserMessages: [Floor1_C_1] TowerFloor8
[2016.10.10-20.08.15:228][744]LogBlueprintUserMessages: [Floor1_C_1] TowerFloor9
[2016.10.10-20.08.15:375][749]LogBlueprintUserMessages: [Floor1_C_1] TowerFloor10
[2016.10.10-20.08.15:523][754]LogBlueprintUserMessages: [Floor1_C_1] TowerFloor11
[2016.10.10-20.08.15:669][759]LogBlueprintUserMessages: [Floor1_C_1] TowerFloor12
[2016.10.10-20.08.15:826][764]LogBlueprintUserMessages: [Floor1_C_1] TowerFloor13
[2016.10.10-20.08.15:969][769]LogBlueprintUserMessages: [Floor1_C_1] TowerFloor14
[2016.10.10-20.08.16:122][774]LogBlueprintUserMessages: [Floor1_C_1] TowerFloor15
[2016.10.10-20.08.16:288][779]LogBlueprintUserMessages: [Floor1_C_1] TowerFloor16
[2016.10.10-20.08.16:433][784]LogBlueprintUserMessages: [Floor1_C_1] Tower Complete
[2016.10.10-20.08.16:433][784]LogBlueprintUserMessages: [Floor1_C_1] Teleport Adjust: 200.0
[2016.10.10-20.08.21:571][ 91]LogGameMode: GameMode returned ReadyToStartMatch
[2016.10.10-20.08.21:571][ 91]LogGameMode:Display: Match State Changed from WaitingToStart to InProgress
[2016.10.10-20.08.21:571][ 91]LogGameState: Match State Changed from WaitingToStart to InProgress
[2016.10.10-20.08.23:748][222]LogBlueprintUserMessages: [TowerBase_C_0] Floor1
[2016.10.10-20.08.24:964][295]LogBlueprintUserMessages: [Floor1_C_1] 1
[2016.10.10-20.08.25:947][354]LogBlueprintUserMessages: [Floor1_C_1] 2
[2016.10.10-20.08.26:947][414]LogBlueprintUserMessages: [Floor1_C_1] 3
[2016.10.10-20.08.27:847][468]LogBlueprintUserMessages: [Floor1_C_1] 4
[2016.10.10-20.08.28:748][522]LogBlueprintUserMessages: [Floor1_C_1] 5
[2016.10.10-20.08.29:314][556]LogBlueprintUserMessages: [Floor1_C_1] 5
[2016.10.10-20.08.29:714][580]LogBlueprintUserMessages: [Floor1_C_1] 5
[2016.10.10-20.08.32:531][749]LogBlueprintUserMessages: [Floor1_C_1] 5
[2016.10.10-20.08.33:148][786]LogBlueprintUserMessages: [Floor1_C_1] 5
[2016.10.10-20.08.44:301][423]LogBlueprintUserMessages: Early EndPlayMap Detection: Level '/Game/ProceduralTower/StreamingLevels/TowerBase.TowerBase:PersistentLevel' has LevelScriptBlueprint '/Game/ProceduralTower/StreamingLevels/TowerBase.TowerBase:PersistentLevel.TowerBase' with GeneratedClass '/Game/ProceduralTower/StreamingLevels/TowerBase.TowerBase_C' with ClassGeneratedBy '/Game/ProceduralTower/StreamingLevels/TowerBase.TowerBase:PersistentLevel.TowerBase'
[2016.10.10-20.08.44:301][423]LogBlueprintUserMessages: Early EndPlayMap Detection: Level '/Game/ProceduralTower/StreamingLevels/Floor1.Floor1:PersistentLevel' has LevelScriptBlueprint '/Game/ProceduralTower/StreamingLevels/Floor1.Floor1:PersistentLevel.Floor1' with GeneratedClass '/Game/ProceduralTower/StreamingLevels/Floor1.Floor1_C' with ClassGeneratedBy '/Game/ProceduralTower/StreamingLevels/Floor1.Floor1:PersistentLevel.Floor1'
[2016.10.10-20.08.44:341][423]LogBlueprintUserMessages: Late EndPlayMap Detection: Level '/Game/ProceduralTower/StreamingLevels/TowerBase.TowerBase:PersistentLevel' has LevelScriptBlueprint '/Game/ProceduralTower/StreamingLevels/TowerBase.TowerBase:PersistentLevel.TowerBase' with GeneratedClass '/Game/ProceduralTower/StreamingLevels/TowerBase.TowerBase_C' with ClassGeneratedBy '/Game/ProceduralTower/StreamingLevels/TowerBase.TowerBase:PersistentLevel.TowerBase'
[2016.10.10-20.08.44:341][423]LogBlueprintUserMessages: Late EndPlayMap Detection: Level '/Game/ProceduralTower/StreamingLevels/Floor1.Floor1:PersistentLevel' has LevelScriptBlueprint '/Game/ProceduralTower/StreamingLevels/Floor1.Floor1:PersistentLevel.Floor1' with GeneratedClass '/Game/ProceduralTower/StreamingLevels/Floor1.Floor1_C' with ClassGeneratedBy '/Game/ProceduralTower/StreamingLevels/Floor1.Floor1:PersistentLevel.Floor1'
[2016.10.10-20.09.05:131][422]Cmd: QUIT_EDITOR
[2016.10.10-20.09.05:600][422]LogWindowsTextInputMethodSystem:Display: IME system now deactivated.
[2016.10.10-20.09.05:629][422]LogExit: Preparing to exit.
[2016.10.10-20.09.06:578][422]LogDirectoryWatcher: A directory notification for 'C:/Users/BlackIce/Documents/Unreal Projects/MidtermStarter/Content/' was aborted.
[2016.10.10-20.09.06:617][422]LogExit: Editor shut down
[2016.10.10-20.09.06:617][422]LogExit: Transaction tracking system shut down
[2016.10.10-20.09.06:886][422]LogObj: Freed 0b from 0 cluster array pools.
[2016.10.10-20.09.06:886][422]LogExit: Object subsystem successfully closed.
[2016.10.10-20.09.06:900][422]LogD3D11RHI: Shutdown
[2016.10.10-20.09.06:900][422]LogD3D11RHI: CleanupD3DDevice
[2016.10.10-20.09.06:965][422]LogD3D11RHI: ~FD3D11DynamicRHI
[2016.10.10-20.09.07:086][422]LogModuleManager: Shutting down and abandoning module BlueprintGraph (240)
[2016.10.10-20.09.07:086][422]LogModuleManager: Shutting down and abandoning module BlueprintProfiler (239)
[2016.10.10-20.09.07:106][422]LogModuleManager: Shutting down and abandoning module MovieSceneCapture (238)
[2016.10.10-20.09.07:106][422]LogModuleManager: Shutting down and abandoning module HierarchicalLODOutliner (237)
[2016.10.10-20.09.07:106][422]LogModuleManager: Shutting down and abandoning module CrashTracker (236)
[2016.10.10-20.09.07:106][422]LogModuleManager: Shutting down and abandoning module WorldBrowser (235)
[2016.10.10-20.09.07:106][422]LogModuleManager: Shutting down and abandoning module SceneOutliner (234)
[2016.10.10-20.09.07:106][422]LogModuleManager: Shutting down and abandoning module WidgetCarousel (233)
[2016.10.10-20.09.07:106][422]LogModuleManager: Shutting down and abandoning module AddContentDialog (232)
[2016.10.10-20.09.07:106][422]LogDirectoryWatcher: A directory notification for 'C:/Program Files (x86)/Unreal Engine/4.13/FeaturePacks/' was aborted.
[2016.10.10-20.09.07:108][422]LogModuleManager: Shutting down and abandoning module GameplayTags (231)
[2016.10.10-20.09.07:108][422]LogModuleManager: Shutting down and abandoning module EditorWidgets (230)
[2016.10.10-20.09.07:108][422]LogModuleManager: Shutting down and abandoning module CollectionManager (229)
[2016.10.10-20.09.07:108][422]LogDirectoryWatcher: A directory notification for 'C:/Users/BlackIce/Documents/Unreal Projects/MidtermStarter/Content/Collections/' was aborted.
[2016.10.10-20.09.07:108][422]LogDirectoryWatcher: A directory notification for 'C:/Users/BlackIce/Documents/Unreal Projects/MidtermStarter/Content/Developers/BlackIce/Collections/' was aborted.
[2016.10.10-20.09.07:108][422]LogDirectoryWatcher: A directory notification for 'C:/Users/BlackIce/Documents/Unreal Projects/MidtermStarter/Saved/Collections/' was aborted.
[2016.10.10-20.09.07:108][422]LogModuleManager: Shutting down and abandoning module StatsViewer (228)
[2016.10.10-20.09.07:108][422]LogModuleManager: Shutting down and abandoning module FoliageEdit (227)
[2016.10.10-20.09.07:108][422]LogModuleManager: Shutting down and abandoning module LandscapeEditor (226)
[2016.10.10-20.09.07:109][422]LogModuleManager: Shutting down and abandoning module SceneDepthPickerMode (225)
[2016.10.10-20.09.07:109][422]LogModuleManager: Shutting down and abandoning module ActorPickerMode (224)
[2016.10.10-20.09.07:109][422]LogModuleManager: Shutting down and abandoning module GeometryMode (223)
[2016.10.10-20.09.07:109][422]LogModuleManager: Shutting down and abandoning module TextureAlignMode (222)
[2016.10.10-20.09.07:109][422]LogModuleManager: Shutting down and abandoning module BspMode (221)
[2016.10.10-20.09.07:109][422]LogModuleManager: Shutting down and abandoning module HardwareSurvey (220)
[2016.10.10-20.09.07:109][422]LogModuleManager: Shutting down and abandoning module SequenceRecorderSections (219)
[2016.10.10-20.09.07:109][422]LogModuleManager: Shutting down and abandoning module SequenceRecorder (218)
[2016.10.10-20.09.07:109][422]LogModuleManager: Shutting down and abandoning module AutomationWorker (217)
[2016.10.10-20.09.07:109][422]LogModuleManager: Shutting down and abandoning module MatineeToLevelSequence (216)
[2016.10.10-20.09.07:109][422]LogModuleManager: Shutting down and abandoning module PlacementMode (215)
[2016.10.10-20.09.07:109][422]LogModuleManager: Shutting down and abandoning module LevelSequenceEditor (214)
[2016.10.10-20.09.07:109][422]LogModuleManager: Shutting down and abandoning module WmfMediaFactory (213)
[2016.10.10-20.09.07:109][422]LogModuleManager: Shutting down and abandoning module WmfMediaEditor (212)
[2016.10.10-20.09.07:109][422]LogModuleManager: Shutting down and abandoning module AvfMediaFactory (211)
[2016.10.10-20.09.07:109][422]LogModuleManager: Shutting down and abandoning module AvfMediaEditor (210)
[2016.10.10-20.09.07:109][422]LogModuleManager: Shutting down and abandoning module Media (209)
[2016.10.10-20.09.07:109][422]LogModuleManager: Shutting down and abandoning module AndroidMediaFactory (208)
[2016.10.10-20.09.07:109][422]LogModuleManager: Shutting down and abandoning module AndroidMediaEditor (207)
[2016.10.10-20.09.07:109][422]LogModuleManager: Shutting down and abandoning module CharacterAI (206)
[2016.10.10-20.09.07:109][422]LogModuleManager: Shutting down and abandoning module SmartSnapping (205)
[2016.10.10-20.09.07:109][422]LogModuleManager: Shutting down and abandoning module SessionServices (204)
[2016.10.10-20.09.07:109][422]LogModuleManager: Shutting down and abandoning module ViewportSnapping (203)
[2016.10.10-20.09.07:109][422]LogModuleManager: Shutting down and abandoning module ViewportInteraction (202)
[2016.10.10-20.09.07:109][422]LogModuleManager: Shutting down and abandoning module LogVisualizer (201)
[2016.10.10-20.09.07:109][422]LogModuleManager: Shutting down and abandoning module GameProjectGeneration (200)
[2016.10.10-20.09.07:109][422]LogModuleManager: Shutting down and abandoning module IntroTutorials (199)
[2016.10.10-20.09.07:109][422]LogModuleManager: Shutting down and abandoning module EditorLiveStreaming (198)
[2016.10.10-20.09.07:109][422]LogModuleManager: Shutting down and abandoning module IOSPlatformEditor (197)
[2016.10.10-20.09.07:109][422]LogModuleManager: Shutting down and abandoning module HTML5PlatformEditor (196)
[2016.10.10-20.09.07:109][422]LogModuleManager: Shutting down and abandoning module AndroidDeviceDetection (195)
[2016.10.10-20.09.07:408][422]LogModuleManager: Shutting down and abandoning module AndroidPlatformEditor (194)
[2016.10.10-20.09.07:408][422]LogModuleManager: Shutting down and abandoning module IOSRuntimeSettings (193)
[2016.10.10-20.09.07:408][422]LogModuleManager: Shutting down and abandoning module AndroidRuntimeSettings (192)
[2016.10.10-20.09.07:408][422]LogModuleManager: Shutting down and abandoning module NiagaraEditor (191)
[2016.10.10-20.09.07:409][422]LogModuleManager: Shutting down and abandoning module MergeActors (190)
[2016.10.10-20.09.07:409][422]LogModuleManager: Shutting down and abandoning module SizeMap (189)
[2016.10.10-20.09.07:409][422]LogModuleManager: Shutting down and abandoning module TreeMap (188)
[2016.10.10-20.09.07:409][422]LogModuleManager: Shutting down and abandoning module ReferenceViewer (187)
[2016.10.10-20.09.07:409][422]LogModuleManager: Shutting down and abandoning module LocalizationService (186)
[2016.10.10-20.09.07:409][422]LogModuleManager: Shutting down and abandoning module LocalizationDashboard (185)
[2016.10.10-20.09.07:410][422]LogModuleManager: Shutting down and abandoning module HardwareTargeting (184)
[2016.10.10-20.09.07:410][422]LogModuleManager: Shutting down and abandoning module DeviceProfileEditor (183)
[2016.10.10-20.09.07:410][422]LogModuleManager: Shutting down and abandoning module UndoHistory (182)
[2016.10.10-20.09.07:410][422]LogModuleManager: Shutting down and abandoning module UserFeedback (181)
[2016.10.10-20.09.07:410][422]LogModuleManager: Shutting down and abandoning module XmlParser (180)
[2016.10.10-20.09.07:410][422]LogModuleManager: Shutting down and abandoning module Blutility (179)
[2016.10.10-20.09.07:410][422]LogModuleManager: Shutting down and abandoning module ProjectTargetPlatformEditor (178)
[2016.10.10-20.09.07:410][422]LogModuleManager: Shutting down and abandoning module ProjectSettingsViewer (177)
[2016.10.10-20.09.07:410][422]LogModuleManager: Shutting down and abandoning module InputBindingEditor (176)
[2016.10.10-20.09.07:410][422]LogModuleManager: Shutting down and abandoning module EditorSettingsViewer (175)
[2016.10.10-20.09.07:410][422]LogModuleManager: Shutting down and abandoning module SettingsEditor (174)
[2016.10.10-20.09.07:425][422]LogModuleManager: Shutting down and abandoning module ProjectLauncher (173)
[2016.10.10-20.09.07:425][422]LogModuleManager: Shutting down and abandoning module SessionFrontend (172)
[2016.10.10-20.09.07:425][422]LogModuleManager: Shutting down and abandoning module ProfilerClient (171)
[2016.10.10-20.09.07:425][422]LogModuleManager: Shutting down and abandoning module TargetDeviceServices (170)
[2016.10.10-20.09.07:425][422]LogModuleManager: Shutting down and abandoning module DeviceManager (169)
[2016.10.10-20.09.07:468][422]LogModuleManager: Shutting down and abandoning module AutomationController (168)
[2016.10.10-20.09.07:468][422]LogModuleManager: Shutting down and abandoning module AutomationWindow (167)
[2016.10.10-20.09.07:468][422]LogModuleManager: Shutting down and abandoning module Layers (166)
[2016.10.10-20.09.07:468][422]LogModuleManager: Shutting down and abandoning module ComponentVisualizers (165)
[2016.10.10-20.09.07:468][422]LogModuleManager: Shutting down and abandoning module DetailCustomizations (164)
[2016.10.10-20.09.07:468][422]LogModuleManager: Shutting down and abandoning module PackagesDialog (163)
[2016.10.10-20.09.07:468][422]LogModuleManager: Shutting down and abandoning module AnimGraph (162)
[2016.10.10-20.09.07:468][422]LogModuleManager: Shutting down and abandoning module Persona (161)
[2016.10.10-20.09.07:488][422]LogModuleManager: Shutting down and abandoning module Kismet (160)
[2016.10.10-20.09.07:494][422]LogModuleManager: Shutting down and abandoning module GraphEditor (159)
[2016.10.10-20.09.07:494][422]LogModuleManager: Shutting down and abandoning module ClassViewer (158)
[2016.10.10-20.09.07:494][422]LogModuleManager: Shutting down and abandoning module Toolbox (157)
[2016.10.10-20.09.07:494][422]LogModuleManager: Shutting down and abandoning module ModuleUI (156)
[2016.10.10-20.09.07:494][422]LogModuleManager: Shutting down and abandoning module MovieSceneTools (155)
[2016.10.10-20.09.07:494][422]LogModuleManager: Shutting down and abandoning module OutputLog (154)
[2016.10.10-20.09.07:494][422]LogModuleManager: Shutting down and abandoning module GammaUI (153)
[2016.10.10-20.09.07:494][422]LogModuleManager: Shutting down and abandoning module Documentation (152)
[2016.10.10-20.09.07:494][422]LogModuleManager: Shutting down and abandoning module Niagara (151)
[2016.10.10-20.09.07:494][422]LogModuleManager: Shutting down and abandoning module StreamingPauseRendering (150)
[2016.10.10-20.09.07:494][422]LogModuleManager: Shutting down and abandoning module AnalyticsET (149)
[2016.10.10-20.09.07:494][422]LogModuleManager: Shutting down and abandoning module PortalServices (148)
[2016.10.10-20.09.07:494][422]LogModuleManager: Shutting down and abandoning module PortalRpc (147)
[2016.10.10-20.09.07:494][422]LogModuleManager: Shutting down and abandoning module MessagingRpc (146)
[2016.10.10-20.09.07:494][422]LogModuleManager: Shutting down and abandoning module GameplayDebugger (145)
[2016.10.10-20.09.07:494][422]LogModuleManager: Shutting down and abandoning module AITestSuite (144)
[2016.10.10-20.09.07:494][422]LogModuleManager: Shutting down and abandoning module AIModule (143)
[2016.10.10-20.09.07:494][422]LogModuleManager: Shutting down and abandoning module ProfilerService (142)
[2016.10.10-20.09.07:567][422]LogModuleManager: Shutting down and abandoning module TaskGraph (141)
[2016.10.10-20.09.07:584][422]LogModuleManager: Shutting down and abandoning module SubstanceEditor (140)
[2016.10.10-20.09.07:584][422]LogModuleManager: Shutting down and abandoning module SlateRemote (139)
[2016.10.10-20.09.07:584][422]LogModuleManager: Shutting down and abandoning module SteamVRController (138)
[2016.10.10-20.09.07:584][422]LogModuleManager: Shutting down and abandoning module SteamVR (137)
[2016.10.10-20.09.07:584][422]LogModuleManager: Shutting down and abandoning module ProceduralMeshComponentEditor (136)
[2016.10.10-20.09.07:584][422]LogModuleManager: Shutting down and abandoning module ProceduralMeshComponent (135)
[2016.10.10-20.09.07:584][422]LogModuleManager: Shutting down and abandoning module OculusLibrary (134)
[2016.10.10-20.09.07:584][422]LogModuleManager: Shutting down and abandoning module OculusInput (133)
[2016.10.10-20.09.07:584][422]LogModuleManager: Shutting down and abandoning module CustomMeshComponent (132)
[2016.10.10-20.09.07:584][422]LogModuleManager: Shutting down and abandoning module CableComponent (131)
[2016.10.10-20.09.07:584][422]LogModuleManager: Shutting down and abandoning module ArchVisCharacter (130)
[2016.10.10-20.09.07:584][422]LogModuleManager: Shutting down and abandoning module MediaPlayerEditor (128)
[2016.10.10-20.09.07:585][422]LogModuleManager: Shutting down and abandoning module HTML5Networking (127)
[2016.10.10-20.09.07:585][422]LogModuleManager: Shutting down and abandoning module GeometryCacheEd (126)
[2016.10.10-20.09.07:585][422]LogModuleManager: Shutting down and abandoning module GeometryCache (125)
[2016.10.10-20.09.07:585][422]LogModuleManager: Shutting down and abandoning module AlembicLibrary (124)
[2016.10.10-20.09.07:585][422]LogModuleManager: Shutting down and abandoning module AlembicImporter (123)
[2016.10.10-20.09.07:585][422]LogModuleManager: Shutting down and abandoning module SuperSearch (122)
[2016.10.10-20.09.07:585][422]LogModuleManager: Shutting down and abandoning module SuperSearchEditor (121)
[2016.10.10-20.09.07:585][422]LogModuleManager: Shutting down and abandoning module SpeedTreeImporter (120)
[2016.10.10-20.09.07:585][422]LogModuleManager: Shutting down and abandoning module PluginBrowser (119)
[2016.10.10-20.09.07:585][422]LogModuleManager: Shutting down and abandoning module MobileLauncherProfileWizard (118)
[2016.10.10-20.09.07:585][422]LogModuleManager: Shutting down and abandoning module EpicSurvey (117)
[2016.10.10-20.09.07:585][422]LogModuleManager: Shutting down and abandoning module DesktopPlatform (116)
[2016.10.10-20.09.07:585][422]LogModuleManager: Shutting down and abandoning module VisualStudioSourceCodeAccess (115)
[2016.10.10-20.09.07:585][422]LogModuleManager: Shutting down and abandoning module UObjectPlugin (114)
[2016.10.10-20.09.07:585][422]LogModuleManager: Shutting down and abandoning module SubversionSourceControl (113)
[2016.10.10-20.09.07:585][422]LogModuleManager: Shutting down and abandoning module PerforceSourceControl (112)
[2016.10.10-20.09.07:585][422]LogModuleManager: Shutting down and abandoning module SourceControl (111)
[2016.10.10-20.09.07:585][422]LogModuleManager: Shutting down and abandoning module GitSourceControl (110)
[2016.10.10-20.09.07:585][422]LogModuleManager: Shutting down and abandoning module LightPropagationVolumeEditor (109)
[2016.10.10-20.09.07:585][422]LogModuleManager: Shutting down and abandoning module PaperTiledImporter (108)
[2016.10.10-20.09.07:585][422]LogModuleManager: Shutting down and abandoning module PaperSpriteSheetImporter (107)
[2016.10.10-20.09.07:585][422]LogModuleManager: Shutting down and abandoning module MeshPaint (106)
[2016.10.10-20.09.07:585][422]LogModuleManager: Shutting down and abandoning module FbxAutomationBuilderModule (105)
[2016.10.10-20.09.07:585][422]LogModuleManager: Shutting down and abandoning module PixelInspectorModule (104)
[2016.10.10-20.09.07:585][422]LogModuleManager: Shutting down and abandoning module HotReload (103)
[2016.10.10-20.09.07:585][422]LogModuleManager: Shutting down and abandoning module MainFrame (102)
[2016.10.10-20.09.07:585][422]LogModuleManager: Shutting down and abandoning module LevelEditor (101)
[2016.10.10-20.09.07:586][422]LogModuleManager: Shutting down and abandoning module ContentBrowser (100)
[2016.10.10-20.09.07:587][422]LogModuleManager: Shutting down and abandoning module Paper2DEditor (99)
[2016.10.10-20.09.07:587][422]LogModuleManager: Shutting down and abandoning module VictoryBPLibrary (98)
[2016.10.10-20.09.07:587][422]LogModuleManager: Shutting down and abandoning module UdpMessaging (97)
[2016.10.10-20.09.07:689][422]LogModuleManager: Shutting down and abandoning module TcpMessaging (96)
[2016.10.10-20.09.07:789][422]LogModuleManager: Shutting down and abandoning module SubstanceCore (95)
[2016.10.10-20.09.07:789][422]LogModuleManager: Shutting down and abandoning module LightPropagationVolumeRuntime (94)
[2016.10.10-20.09.07:789][422]LogModuleManager: Shutting down and abandoning module Paper2D (93)
[2016.10.10-20.09.07:789][422]LogModuleManager: Shutting down and abandoning module WindowsMoviePlayer (92)
[2016.10.10-20.09.07:789][422]LogModuleManager: Shutting down and abandoning module WmfMedia (91)
[2016.10.10-20.09.07:790][422]LogModuleManager: Shutting down and abandoning module MediaAssets (90)
[2016.10.10-20.09.07:790][422]LogModuleManager: Shutting down and abandoning module GameLiveStreaming (89)
[2016.10.10-20.09.07:790][422]LogModuleManager: Shutting down and abandoning module GameplayTagsEditor (88)
[2016.10.10-20.09.07:790][422]LogModuleManager: Shutting down and abandoning module VREditor (87)
[2016.10.10-20.09.07:790][422]LogModuleManager: Shutting down and abandoning module GameplayTasksEditor (86)
[2016.10.10-20.09.07:790][422]LogModuleManager: Shutting down and abandoning module PropertyEditor (85)
[2016.10.10-20.09.07:790][422]LogModuleManager: Shutting down and abandoning module BehaviorTreeEditor (84)
[2016.10.10-20.09.07:814][422]LogModuleManager: Shutting down and abandoning module FunctionalTesting (83)
[2016.10.10-20.09.07:814][422]LogModuleManager: Shutting down and abandoning module CollisionAnalyzer (82)
[2016.10.10-20.09.07:816][422]LogModuleManager: Shutting down and abandoning module Sequencer (81)
[2016.10.10-20.09.07:817][422]LogModuleManager: Shutting down and abandoning module WorkspaceMenuStructure (80)
[2016.10.10-20.09.07:817][422]LogModuleManager: Shutting down and abandoning module MessageLog (79)
[2016.10.10-20.09.07:817][422]LogModuleManager: Shutting down and abandoning module AssetTools (78)
[2016.10.10-20.09.07:833][422]LogModuleManager: Shutting down and abandoning module UMGEditor (77)
[2016.10.10-20.09.07:834][422]LogModuleManager: Shutting down and abandoning module UMG (76)
[2016.10.10-20.09.07:834][422]LogModuleManager: Shutting down and abandoning module SlateReflector (75)
[2016.10.10-20.09.07:836][422]LogModuleManager: Shutting down and abandoning module Slate (74)
[2016.10.10-20.09.07:836][422]LogModuleManager: Shutting down and abandoning module EditorStyle (73)
[2016.10.10-20.09.07:839][422]LogModuleManager: Shutting down and abandoning module SourceCodeAccess (72)
[2016.10.10-20.09.07:839][422]LogModuleManager: Shutting down and abandoning module HeadMountedDisplay (71)
[2016.10.10-20.09.07:839][422]LogModuleManager: Shutting down and abandoning module XAudio2 (70)
[2016.10.10-20.09.07:839][422]LogModuleManager: Shutting down and abandoning module Networking (68)
[2016.10.10-20.09.07:839][422]LogModuleManager: Shutting down and abandoning module Core (67)
[2016.10.10-20.09.07:839][422]LogModuleManager: Shutting down and abandoning module DirectoryWatcher (66)
[2016.10.10-20.09.07:839][422]LogDirectoryWatcher: A directory notification for '../../../Engine/Content/' was aborted.
[2016.10.10-20.09.07:839][422]LogDirectoryWatcher: A directory notification for '../../../../../../Users/BlackIce/Documents/Unreal Projects/MidtermStarter/Content/' was aborted.
[2016.10.10-20.09.07:839][422]LogDirectoryWatcher: A directory notification for '../../../Engine/Plugins/2D/Paper2D/Content/' was aborted.
[2016.10.10-20.09.07:839][422]LogModuleManager: Shutting down and abandoning module AssetRegistry (65)
[2016.10.10-20.09.07:898][422]LogModuleManager: Shutting down and abandoning module KismetCompiler (64)
[2016.10.10-20.09.07:898][422]LogModuleManager: Shutting down and abandoning module PhysXFormats (63)
[2016.10.10-20.09.07:898][422]LogModuleManager: Shutting down and abandoning module MeshUtilities (62)
[2016.10.10-20.09.07:898][422]LogModuleManager: Shutting down and abandoning module DerivedDataCache (61)
[2016.10.10-20.09.07:946][422]LogDerivedDataCache: Shutdown
[2016.10.10-20.09.07:946][422]LogModuleManager: Shutting down and abandoning module VulkanShaderFormat (60)
[2016.10.10-20.09.07:946][422]LogModuleManager: Shutting down and abandoning module ShaderFormatOpenGL (59)
[2016.10.10-20.09.07:946][422]LogModuleManager: Shutting down and abandoning module ShaderFormatD3D (58)
[2016.10.10-20.09.07:946][422]LogModuleManager: Shutting down and abandoning module MetalShaderFormat (57)
[2016.10.10-20.09.07:946][422]LogModuleManager: Shutting down and abandoning module TextureFormatUncompressed (56)
[2016.10.10-20.09.07:946][422]LogModuleManager: Shutting down and abandoning module TextureFormatPVR (55)
[2016.10.10-20.09.07:946][422]LogModuleManager: Shutting down and abandoning module TextureFormatDXT (54)
[2016.10.10-20.09.07:946][422]LogModuleManager: Shutting down and abandoning module TextureFormatIntelISPCTexComp (53)
[2016.10.10-20.09.07:946][422]LogModuleManager: Shutting down and abandoning module ImageWrapper (52)
[2016.10.10-20.09.07:946][422]LogModuleManager: Shutting down and abandoning module TextureFormatASTC (51)
[2016.10.10-20.09.07:946][422]LogModuleManager: Shutting down and abandoning module TextureFormatAndroid (50)
[2016.10.10-20.09.07:946][422]LogModuleManager: Shutting down and abandoning module AudioFormatOpus (49)
[2016.10.10-20.09.07:946][422]LogModuleManager: Shutting down and abandoning module AudioFormatOgg (48)
[2016.10.10-20.09.07:946][422]LogModuleManager: Shutting down and abandoning module AudioFormatADPCM (47)
[2016.10.10-20.09.07:946][422]LogModuleManager: Shutting down and abandoning module LinuxTargetPlatform (46)
[2016.10.10-20.09.07:946][422]LogModuleManager: Shutting down and abandoning module LinuxServerTargetPlatform (45)
[2016.10.10-20.09.07:947][422]LogModuleManager: Shutting down and abandoning module LinuxNoEditorTargetPlatform (44)
[2016.10.10-20.09.07:947][422]LogModuleManager: Shutting down and abandoning module LinuxClientTargetPlatform (43)
[2016.10.10-20.09.07:947][422]LogModuleManager: Shutting down and abandoning module TVOSTargetPlatform (42)
[2016.10.10-20.09.07:947][422]LogModuleManager: Shutting down and abandoning module Messaging (41)
[2016.10.10-20.09.07:947][422]LogModuleManager: Shutting down and abandoning module IOSTargetPlatform (40)
[2016.10.10-20.09.07:947][422]LogModuleManager: Shutting down and abandoning module HTML5TargetPlatform (39)
[2016.10.10-20.09.07:947][422]LogModuleManager: Shutting down and abandoning module Android_PVRTCTargetPlatform (38)
[2016.10.10-20.09.07:947][422]LogModuleManager: Shutting down and abandoning module Android_MultiTargetPlatform (37)
[2016.10.10-20.09.07:947][422]LogModuleManager: Shutting down and abandoning module Android_ETC2TargetPlatform (36)
[2016.10.10-20.09.07:947][422]LogModuleManager: Shutting down and abandoning module Android_ETC1TargetPlatform (35)
[2016.10.10-20.09.07:947][422]LogModuleManager: Shutting down and abandoning module Android_DXTTargetPlatform (34)
[2016.10.10-20.09.07:947][422]LogModuleManager: Shutting down and abandoning module Android_ATCTargetPlatform (33)
[2016.10.10-20.09.07:947][422]LogModuleManager: Shutting down and abandoning module Android_ASTCTargetPlatform (32)
[2016.10.10-20.09.07:947][422]LogModuleManager: Shutting down and abandoning module AndroidTargetPlatform (31)
[2016.10.10-20.09.07:947][422]LogModuleManager: Shutting down and abandoning module WindowsTargetPlatform (30)
[2016.10.10-20.09.07:947][422]LogModuleManager: Shutting down and abandoning module WindowsServerTargetPlatform (29)
[2016.10.10-20.09.07:947][422]LogModuleManager: Shutting down and abandoning module WindowsNoEditorTargetPlatform (28)
[2016.10.10-20.09.07:947][422]LogModuleManager: Shutting down and abandoning module WindowsClientTargetPlatform (27)
[2016.10.10-20.09.07:947][422]LogModuleManager: Shutting down and abandoning module AllDesktopTargetPlatform (26)
[2016.10.10-20.09.07:947][422]LogModuleManager: Shutting down and abandoning module TargetPlatform (25)
[2016.10.10-20.09.07:947][422]LogModuleManager: Shutting down and abandoning module InputCore (24)
[2016.10.10-20.09.07:947][422]LogModuleManager: Shutting down and abandoning module Settings (23)
[2016.10.10-20.09.07:947][422]LogModuleManager: Shutting down and abandoning module OculusRift (22)
[2016.10.10-20.09.07:947][422]LogModuleManager: Shutting down and abandoning module GearVR (21)
[2016.10.10-20.09.07:947][422]LogModuleManager: Shutting down and abandoning module ExampleDeviceProfileSelector (20)
[2016.10.10-20.09.07:947][422]LogModuleManager: Shutting down and abandoning module OnlineBlueprintSupport (19)
[2016.10.10-20.09.07:947][422]LogModuleManager: Shutting down and abandoning module OnlineSubsystem (17)
[2016.10.10-20.09.07:947][422]LogOnline:Display: Unloading online subsystem: NULL
[2016.10.10-20.09.07:983][422]LogModuleManager: Shutting down and abandoning module HTTP (16)
[2016.10.10-20.09.07:983][422]LogHttp:Display: Http module shutting down, but needs to wait on 1 outstanding Http requests:
[2016.10.10-20.09.07:983][422]LogHttp:Display: 	verb=[POST] url=[https://datarouter.ol.epicgames.com/datarouter/api/v1/public/data?SessionID=%7B554B5741-41AF-DC40-C84F-58B6DFF43EAF%7D&AppID=UEEditor.Rocket.Release&AppVersion=4.13.1-3142249%2B%2B%2BUE4%2BRelease-4.13&UserID=df714fab4be553c75a68de9cc3808802%7C17f21abb438a4c19b81711ce84a4f9ff%7C39047fea-8499-49c2-ade5-5e01ffb6b583&AppEnvironment=datacollector-binary&UploadType=eteventstream] status=Processing
[2016.10.10-20.09.07:993][422]LogModuleManager: Shutting down and abandoning module XMPP (15)
[2016.10.10-20.09.07:993][422]LogModuleManager: Shutting down and abandoning module TextureCompressor (14)
[2016.10.10-20.09.07:993][422]LogModuleManager: Shutting down and abandoning module ShaderCore (13)
[2016.10.10-20.09.07:993][422]LogModuleManager: Shutting down and abandoning module Landscape (12)
[2016.10.10-20.09.07:993][422]LogModuleManager: Shutting down and abandoning module SlateRHIRenderer (11)
[2016.10.10-20.09.07:995][422]LogModuleManager: Shutting down and abandoning module OpenGLDrv (10)
[2016.10.10-20.09.07:995][422]LogModuleManager: Shutting down and abandoning module D3D11RHI (9)
[2016.10.10-20.09.07:995][422]LogModuleManager: Shutting down and abandoning module AnimGraphRuntime (8)
[2016.10.10-20.09.07:995][422]LogModuleManager: Shutting down and abandoning module Renderer (7)
[2016.10.10-20.09.07:995][422]LogModuleManager: Shutting down and abandoning module Engine (6)
[2016.10.10-20.09.07:995][422]LogModuleManager: Shutting down and abandoning module CoreUObject (5)
[2016.10.10-20.09.07:995][422]LogModuleManager: Shutting down and abandoning module NetworkFile (4)
[2016.10.10-20.09.07:995][422]LogModuleManager: Shutting down and abandoning module StreamingFile (3)
[2016.10.10-20.09.07:995][422]LogModuleManager: Shutting down and abandoning module SandboxFile (2)
[2016.10.10-20.09.07:995][422]LogModuleManager: Shutting down and abandoning module PakFile (1)
[2016.10.10-20.09.07:997][422]LogExit: Exiting.
[2016.10.10-20.09.07:998][422]Log file closed, 10/10/16 16:09:07
