Log file open, 10/20/16 09:09:50
LogInit:Display: Running engine for game: MidtermStarter
LogPlatformFile: Not using cached read wrapper
LogInit:Display: RandInit(1535598019) SRandInit(1535598019).
LogTaskGraph: Started task graph with 5 named threads and 8 total threads with 1 sets of task threads.
LogStats: Stats thread started at 0.569812
LogPluginManager: Loaded Plugin Paper2D, From C:/Program Files (x86)/Unreal Engine/4.13/Engine/Plugins/2D/Paper2D/Paper2D.uplugin
LogPluginManager: Loaded Plugin LightPropagationVolume, From C:/Program Files (x86)/Unreal Engine/4.13/Engine/Plugins/Blendables/LightPropagationVolume/LightPropagationVolume.uplugin
LogPluginManager: Loaded Plugin BlankPlugin, From C:/Program Files (x86)/Unreal Engine/4.13/Engine/Plugins/Developer/BlankPlugin/BlankPlugin.uplugin
LogPluginManager: Loaded Plugin CodeLiteSourceCodeAccess, From C:/Program Files (x86)/Unreal Engine/4.13/Engine/Plugins/Developer/CodeLiteSourceCodeAccess/CodeLiteSourceCodeAccess.uplugin
LogPluginManager: Loaded Plugin GitSourceControl, From C:/Program Files (x86)/Unreal Engine/4.13/Engine/Plugins/Developer/GitSourceControl/GitSourceControl.uplugin
LogPluginManager: Loaded Plugin KDevelopSourceCodeAccess, From C:/Program Files (x86)/Unreal Engine/4.13/Engine/Plugins/Developer/KDevelopSourceCodeAccess/KDevelopSourceCodeAccess.uplugin
LogPluginManager: Loaded Plugin NullSourceCodeAccess, From C:/Program Files (x86)/Unreal Engine/4.13/Engine/Plugins/Developer/NullSourceCodeAccess/NullSourceCodeAccess.uplugin
LogPluginManager: Loaded Plugin OneSkyLocalizationService, From C:/Program Files (x86)/Unreal Engine/4.13/Engine/Plugins/Developer/OneSkyLocalizationService/OneSkyLocalizationService.uplugin
LogPluginManager: Loaded Plugin PerforceSourceControl, From C:/Program Files (x86)/Unreal Engine/4.13/Engine/Plugins/Developer/PerforceSourceControl/PerforceSourceControl.uplugin
LogPluginManager: Loaded Plugin SubversionSourceControl, From C:/Program Files (x86)/Unreal Engine/4.13/Engine/Plugins/Developer/SubversionSourceControl/SubversionSourceControl.uplugin
LogPluginManager: Loaded Plugin UObjectPlugin, From C:/Program Files (x86)/Unreal Engine/4.13/Engine/Plugins/Developer/UObjectPlugin/UObjectPlugin.uplugin
LogPluginManager: Loaded Plugin VisualStudioSourceCodeAccess, From C:/Program Files (x86)/Unreal Engine/4.13/Engine/Plugins/Developer/VisualStudioSourceCodeAccess/VisualStudioSourceCodeAccess.uplugin
LogPluginManager: Loaded Plugin XCodeSourceCodeAccess, From C:/Program Files (x86)/Unreal Engine/4.13/Engine/Plugins/Developer/XCodeSourceCodeAccess/XCodeSourceCodeAccess.uplugin
LogPluginManager: Loaded Plugin EpicSurvey, From C:/Program Files (x86)/Unreal Engine/4.13/Engine/Plugins/Editor/EpicSurvey/EpicSurvey.uplugin
LogPluginManager: Loaded Plugin MacGraphicsSwitching, From C:/Program Files (x86)/Unreal Engine/4.13/Engine/Plugins/Editor/MacGraphicsSwitching/MacGraphicsSwitching.uplugin
LogPluginManager: Loaded Plugin MobileLauncherProfileWizard, From C:/Program Files (x86)/Unreal Engine/4.13/Engine/Plugins/Editor/MobileLauncherProfileWizard/MobileLauncherProfileWizard.uplugin
LogPluginManager: Loaded Plugin PluginBrowser, From C:/Program Files (x86)/Unreal Engine/4.13/Engine/Plugins/Editor/PluginBrowser/PluginBrowser.uplugin
LogPluginManager: Loaded Plugin SpeedTreeImporter, From C:/Program Files (x86)/Unreal Engine/4.13/Engine/Plugins/Editor/SpeedTreeImporter/SpeedTreeImporter.uplugin
LogPluginManager: Loaded Plugin SuperSearchEditor, From C:/Program Files (x86)/Unreal Engine/4.13/Engine/Plugins/Editor/SuperSearchEditor/SuperSearchEditor.uplugin
LogPluginManager: Loaded Plugin AlembicImporter, From C:/Program Files (x86)/Unreal Engine/4.13/Engine/Plugins/Experimental/AlembicImporter/AlembicImporter.uplugin
LogPluginManager: Loaded Plugin BlueprintStats, From C:/Program Files (x86)/Unreal Engine/4.13/Engine/Plugins/Experimental/BlueprintStats/BlueprintStats.uplugin
LogPluginManager: Loaded Plugin CharacterAI, From C:/Program Files (x86)/Unreal Engine/4.13/Engine/Plugins/Experimental/CharacterAI/CharacterAI.uplugin
LogPluginManager: Loaded Plugin CodeEditor, From C:/Program Files (x86)/Unreal Engine/4.13/Engine/Plugins/Experimental/CodeEditor/CodeEditor.uplugin
LogPluginManager: Loaded Plugin CodeView, From C:/Program Files (x86)/Unreal Engine/4.13/Engine/Plugins/Experimental/CodeView/CodeView.uplugin
LogPluginManager: Loaded Plugin HTML5Networking, From C:/Program Files (x86)/Unreal Engine/4.13/Engine/Plugins/Experimental/HTML5Networking/HTML5Networking.uplugin
LogPluginManager: Loaded Plugin LiveEditor, From C:/Program Files (x86)/Unreal Engine/4.13/Engine/Plugins/Experimental/LiveEditor/LiveEditor.uplugin
LogPluginManager: Loaded Plugin OSVR, From C:/Program Files (x86)/Unreal Engine/4.13/Engine/Plugins/Experimental/OSVR/OSVR.uplugin
LogPluginManager: Loaded Plugin Phya, From C:/Program Files (x86)/Unreal Engine/4.13/Engine/Plugins/Experimental/Phya/Phya.uplugin
LogPluginManager: Loaded Plugin SignificanceManager, From C:/Program Files (x86)/Unreal Engine/4.13/Engine/Plugins/Experimental/SignificanceManager/SignificanceManager.uplugin
LogPluginManager: Loaded Plugin SimpleHMD, From C:/Program Files (x86)/Unreal Engine/4.13/Engine/Plugins/Experimental/SimpleHMD/SimpleHMD.uplugin
LogPluginManager: Loaded Plugin StereoPanorama, From C:/Program Files (x86)/Unreal Engine/4.13/Engine/Plugins/Experimental/StereoPanorama/StereoPanorama.uplugin
LogPluginManager: Loaded Plugin StructBox, From C:/Program Files (x86)/Unreal Engine/4.13/Engine/Plugins/Experimental/StructBox/StructBox.uplugin
LogPluginManager: Loaded Plugin Substance, From C:/Program Files (x86)/Unreal Engine/4.13/Engine/Plugins/Marketplace/Substance/Substance.uplugin
LogPluginManager: Loaded Plugin AndroidMedia, From C:/Program Files (x86)/Unreal Engine/4.13/Engine/Plugins/Media/AndroidMedia/AndroidMedia.uplugin
LogPluginManager: Loaded Plugin AvfMedia, From C:/Program Files (x86)/Unreal Engine/4.13/Engine/Plugins/Media/AvfMedia/AvfMedia.uplugin
LogPluginManager: Loaded Plugin MediaPlayerEditor, From C:/Program Files (x86)/Unreal Engine/4.13/Engine/Plugins/Media/MediaPlayerEditor/MediaPlayerEditor.uplugin
LogPluginManager: Loaded Plugin WmfMedia, From C:/Program Files (x86)/Unreal Engine/4.13/Engine/Plugins/Media/WmfMedia/WmfMedia.uplugin
LogPluginManager: Loaded Plugin MessagingDebugger, From C:/Program Files (x86)/Unreal Engine/4.13/Engine/Plugins/Messaging/MessagingDebugger/MessagingDebugger.uplugin
LogPluginManager: Loaded Plugin TcpMessaging, From C:/Program Files (x86)/Unreal Engine/4.13/Engine/Plugins/Messaging/TcpMessaging/TcpMessaging.uplugin
LogPluginManager: Loaded Plugin UdpMessaging, From C:/Program Files (x86)/Unreal Engine/4.13/Engine/Plugins/Messaging/UdpMessaging/UdpMessaging.uplugin
LogPluginManager: Loaded Plugin LevelSequenceEditor, From C:/Program Files (x86)/Unreal Engine/4.13/Engine/Plugins/MovieScene/LevelSequenceEditor/LevelSequenceEditor.uplugin
LogPluginManager: Loaded Plugin MatineeToLevelSequence, From C:/Program Files (x86)/Unreal Engine/4.13/Engine/Plugins/MovieScene/MatineeToLevelSequence/MatineeToLevelSequence.uplugin
LogPluginManager: Loaded Plugin NetcodeUnitTest, From C:/Program Files (x86)/Unreal Engine/4.13/Engine/Plugins/NetcodeUnitTest/NetcodeUnitTest/NetcodeUnitTest.uplugin
LogPluginManager: Loaded Plugin NUTUnrealEngine4, From C:/Program Files (x86)/Unreal Engine/4.13/Engine/Plugins/NetcodeUnitTest/NUTUnrealEngine4/NUTUnrealEngine4.uplugin
LogPluginManager: Loaded Plugin OnlineSubsystemGooglePlay, From C:/Program Files (x86)/Unreal Engine/4.13/Engine/Plugins/Online/Android/OnlineSubsystemGooglePlay/OnlineSubsystemGooglePlay.uplugin
LogPluginManager: Loaded Plugin OnlineSubsystemIOS, From C:/Program Files (x86)/Unreal Engine/4.13/Engine/Plugins/Online/IOS/OnlineSubsystemIOS/OnlineSubsystemIOS.uplugin
LogPluginManager: Loaded Plugin OnlineFramework, From C:/Program Files (x86)/Unreal Engine/4.13/Engine/Plugins/Online/OnlineFramework/OnlineFramework.uplugin
LogPluginManager: Loaded Plugin OnlineSubsystem, From C:/Program Files (x86)/Unreal Engine/4.13/Engine/Plugins/Online/OnlineSubsystem/OnlineSubsystem.uplugin
LogPluginManager: Loaded Plugin OnlineSubsystemAmazon, From C:/Program Files (x86)/Unreal Engine/4.13/Engine/Plugins/Online/OnlineSubsystemAmazon/OnlineSubsystemAmazon.uplugin
LogPluginManager: Loaded Plugin OnlineSubsystemFacebook, From C:/Program Files (x86)/Unreal Engine/4.13/Engine/Plugins/Online/OnlineSubsystemFacebook/OnlineSubsystemFacebook.uplugin
LogPluginManager: Loaded Plugin OnlineSubsystemNull, From C:/Program Files (x86)/Unreal Engine/4.13/Engine/Plugins/Online/OnlineSubsystemNull/OnlineSubsystemNull.uplugin
LogPluginManager: Loaded Plugin OnlineSubsystemOculus, From C:/Program Files (x86)/Unreal Engine/4.13/Engine/Plugins/Online/OnlineSubsystemOculus/OnlineSubsystemOculus.uplugin
LogPluginManager: Loaded Plugin OnlineSubsystemSteam, From C:/Program Files (x86)/Unreal Engine/4.13/Engine/Plugins/Online/OnlineSubsystemSteam/OnlineSubsystemSteam.uplugin
LogPluginManager: Loaded Plugin OnlineSubsystemUtils, From C:/Program Files (x86)/Unreal Engine/4.13/Engine/Plugins/Online/OnlineSubsystemUtils/OnlineSubsystemUtils.uplugin
LogPluginManager: Loaded Plugin IOSTapJoy, From C:/Program Files (x86)/Unreal Engine/4.13/Engine/Plugins/Runtime/Advertising/IOSTapJoy/IOSTapJoy.uplugin
LogPluginManager: Loaded Plugin AnalyticsBlueprintLibrary, From C:/Program Files (x86)/Unreal Engine/4.13/Engine/Plugins/Runtime/Analytics/AnalyticsBlueprintLibrary/AnalyticsBlueprintLibrary.uplugin
LogPluginManager: Loaded Plugin AnalyticsMulticast, From C:/Program Files (x86)/Unreal Engine/4.13/Engine/Plugins/Runtime/Analytics/AnalyticsMulticast/AnalyticsMulticast.uplugin
LogPluginManager: Loaded Plugin Apsalar, From C:/Program Files (x86)/Unreal Engine/4.13/Engine/Plugins/Runtime/Analytics/Apsalar/Apsalar.uplugin
LogPluginManager: Loaded Plugin FileLogging, From C:/Program Files (x86)/Unreal Engine/4.13/Engine/Plugins/Runtime/Analytics/FileLogging/FileLogging.uplugin
LogPluginManager: Loaded Plugin Flurry, From C:/Program Files (x86)/Unreal Engine/4.13/Engine/Plugins/Runtime/Analytics/Flurry/Flurry.uplugin
LogPluginManager: Loaded Plugin AndroidDeviceProfileSelector, From C:/Program Files (x86)/Unreal Engine/4.13/Engine/Plugins/Runtime/AndroidDeviceProfileSelector/AndroidDeviceProfileSelector.uplugin
LogPluginManager: Loaded Plugin AndroidMoviePlayer, From C:/Program Files (x86)/Unreal Engine/4.13/Engine/Plugins/Runtime/AndroidMoviePlayer/AndroidMoviePlayer.uplugin
LogPluginManager: Loaded Plugin AppleMoviePlayer, From C:/Program Files (x86)/Unreal Engine/4.13/Engine/Plugins/Runtime/AppleMoviePlayer/AppleMoviePlayer.uplugin
LogPluginManager: Loaded Plugin ArchVisCharacter, From C:/Program Files (x86)/Unreal Engine/4.13/Engine/Plugins/Runtime/ArchVisCharacter/ArchVisCharacter.uplugin
LogPluginManager: Loaded Plugin CableComponent, From C:/Program Files (x86)/Unreal Engine/4.13/Engine/Plugins/Runtime/CableComponent/CableComponent.uplugin
LogPluginManager: Loaded Plugin CustomMeshComponent, From C:/Program Files (x86)/Unreal Engine/4.13/Engine/Plugins/Runtime/CustomMeshComponent/CustomMeshComponent.uplugin
LogPluginManager: Loaded Plugin ExampleDeviceProfileSelector, From C:/Program Files (x86)/Unreal Engine/4.13/Engine/Plugins/Runtime/ExampleDeviceProfileSelector/ExampleDeviceProfileSelector.uplugin
LogPluginManager: Loaded Plugin GearVR, From C:/Program Files (x86)/Unreal Engine/4.13/Engine/Plugins/Runtime/GearVR/GearVR.uplugin
LogPluginManager: Loaded Plugin GoogleVRController, From C:/Program Files (x86)/Unreal Engine/4.13/Engine/Plugins/Runtime/GoogleVR/GoogleVRController/GoogleVRController.uplugin
LogPluginManager: Loaded Plugin GoogleVRHMD, From C:/Program Files (x86)/Unreal Engine/4.13/Engine/Plugins/Runtime/GoogleVR/GoogleVRHMD/GoogleVRHMD.uplugin
LogPluginManager: Loaded Plugin IOSDeviceProfileSelector, From C:/Program Files (x86)/Unreal Engine/4.13/Engine/Plugins/Runtime/IOSDeviceProfileSelector/IOSDeviceProfileSelector.uplugin
LogPluginManager: Loaded Plugin LeapMotion, From C:/Program Files (x86)/Unreal Engine/4.13/Engine/Plugins/Runtime/LeapMotion/LeapMotion.uplugin
LogPluginManager: Loaded Plugin LinuxDeviceProfileSelector, From C:/Program Files (x86)/Unreal Engine/4.13/Engine/Plugins/Runtime/LinuxDeviceProfileSelector/LinuxDeviceProfileSelector.uplugin
LogPluginManager: Loaded Plugin LiveEditorListenServer, From C:/Program Files (x86)/Unreal Engine/4.13/Engine/Plugins/Runtime/LiveEditorListenServer/LiveEditorListenServer.uplugin
LogPluginManager: Loaded Plugin OculusAudio, From C:/Program Files (x86)/Unreal Engine/4.13/Engine/Plugins/Runtime/OculusAudio/OculusAudio.uplugin
LogPluginManager: Loaded Plugin OculusInput, From C:/Program Files (x86)/Unreal Engine/4.13/Engine/Plugins/Runtime/OculusInput/OculusInput.uplugin
LogPluginManager: Loaded Plugin OculusLibrary, From C:/Program Files (x86)/Unreal Engine/4.13/Engine/Plugins/Runtime/OculusLibrary/OculusLibrary.uplugin
LogPluginManager: Loaded Plugin OculusRift, From C:/Program Files (x86)/Unreal Engine/4.13/Engine/Plugins/Runtime/OculusRift/OculusRift.uplugin
LogPluginManager: Loaded Plugin Oodle, From C:/Program Files (x86)/Unreal Engine/4.13/Engine/Plugins/Runtime/PacketHandlers/CompressionComponents/Oodle/Oodle.uplugin
LogPluginManager: Loaded Plugin ProceduralMeshComponent, From C:/Program Files (x86)/Unreal Engine/4.13/Engine/Plugins/Runtime/ProceduralMeshComponent/ProceduralMeshComponent.uplugin
LogPluginManager: Loaded Plugin SoundMod, From C:/Program Files (x86)/Unreal Engine/4.13/Engine/Plugins/Runtime/SoundMod/SoundMod.uplugin
LogPluginManager: Loaded Plugin SoundVisualizations, From C:/Program Files (x86)/Unreal Engine/4.13/Engine/Plugins/Runtime/SoundVisualizations/SoundVisualizations.uplugin
LogPluginManager: Loaded Plugin SteamController, From C:/Program Files (x86)/Unreal Engine/4.13/Engine/Plugins/Runtime/Steam/SteamController/SteamController.uplugin
LogPluginManager: Loaded Plugin SteamVR, From C:/Program Files (x86)/Unreal Engine/4.13/Engine/Plugins/Runtime/Steam/SteamVR/SteamVR.uplugin
LogPluginManager: Loaded Plugin VictoryBPLibrary, From C:/Program Files (x86)/Unreal Engine/4.13/Engine/Plugins/Runtime/VictoryPlugin/VictoryBPLibrary.uplugin
LogPluginManager: Loaded Plugin WebBrowserWidget, From C:/Program Files (x86)/Unreal Engine/4.13/Engine/Plugins/Runtime/WebBrowserWidget/WebBrowserWidget.uplugin
LogPluginManager: Loaded Plugin WindowsDeviceProfileSelector, From C:/Program Files (x86)/Unreal Engine/4.13/Engine/Plugins/Runtime/WindowsDeviceProfileSelector/WindowsDeviceProfileSelector.uplugin
LogPluginManager: Loaded Plugin WindowsMoviePlayer, From C:/Program Files (x86)/Unreal Engine/4.13/Engine/Plugins/Runtime/WindowsMoviePlayer/WindowsMoviePlayer.uplugin
LogPluginManager: Loaded Plugin ScriptPlugin, From C:/Program Files (x86)/Unreal Engine/4.13/Engine/Plugins/ScriptPlugin/ScriptPlugin.uplugin
LogPluginManager: Loaded Plugin SlateRemote, From C:/Program Files (x86)/Unreal Engine/4.13/Engine/Plugins/Slate/SlateRemote/SlateRemote.uplugin
LogInit: Using libcurl 7.47.1
LogInit:  - built for x86_64-pc-win32
LogInit:  - supports SSL with WinSSL
LogInit:  - other features:
LogInit:      CURL_VERSION_SSL
LogInit:      CURL_VERSION_IPV6
LogInit:      CURL_VERSION_ASYNCHDNS
LogInit:      CURL_VERSION_LARGEFILE
LogInit:      CURL_VERSION_IDN
LogInit:  CurlRequestOptions (configurable via config and command line):
LogInit:  - bVerifyPeer = false  - Libcurl will NOT verify peer certificate
LogInit:  - bUseHttpProxy = false  - Libcurl will NOT use HTTP proxy
LogInit:  - bDontReuseConnections = false  - Libcurl will reuse connections
LogInit:  - CertBundlePath = nullptr  - Libcurl will use whatever was configured at build time.
LogInit: Build: ++UE4+Release-4.13-CL-3142249
LogInit: Engine Version: 4.13.1-3142249+++UE4+Release-4.13
LogInit: Compatible Engine Version: 4.13.0-3106830+++UE4+Release-4.13
LogInit: Net CL: 3142249
LogDevObjectVersion: Number of dev versions registered: 13
LogDevObjectVersion:   Dev-Blueprints (B0D832E4-1F89-4F0D-ACCF-7EB736FD4AA2): 5
LogDevObjectVersion:   Dev-Build (E1C64328-A22C-4D53-A36C-8E866417BD8C): 0
LogDevObjectVersion:   Dev-Core (375EC13C-06E4-48FB-B500-84F0262A717E): 1
LogDevObjectVersion:   Dev-Editor (E4B068ED-F494-42E9-A231-DA0B2E46BB41): 6
LogDevObjectVersion:   Dev-Framework (CFFC743F-43B0-4480-9391-14DF171D2073): 12
LogDevObjectVersion:   Dev-Mobile (B02B49B5-BB20-44E9-A304-32B752E40360): 0
LogDevObjectVersion:   Dev-Networking (A4E4105C-59A1-49B5-A7C5-40C4547EDFEE): 0
LogDevObjectVersion:   Dev-Online (39C831C9-5AE6-47DC-9A44-9C173E1C8E7C): 0
LogDevObjectVersion:   Dev-Physics (78F01B33-EBEA-4F98-B9B4-84EACCB95AA2): 0
LogDevObjectVersion:   Dev-Platform (6631380F-2D4D-43E0-8009-CF276956A95A): 0
LogDevObjectVersion:   Dev-Rendering (12F88B9F-8875-4AFC-A67C-D90C383ABD29): 4
LogDevObjectVersion:   Dev-Sequencer (7B5AE74C-D270-4C10-A958-57980B212A5A): 0
LogDevObjectVersion:   Dev-VR (D7296918-1DD6-4BDD-9DE2-64A83CC13884): 0
LogInit: Compiled (64-bit): Sep 28 2016 02:12:12
LogInit: Compiled with Visual C++: 19.00.23026.00
LogInit: Build Configuration: Development
LogInit: Branch Name: ++UE4+Release-4.13
LogInit: Command line:  
LogInit: Base directory: C:/Program Files (x86)/Unreal Engine/4.13/Engine/Binaries/Win64/
LogInit: Installed Engine Build: 1
LogInit: Presizing for max 8388607 objects, including 0 objects not considered by GC, pre-allocating 0 bytes for permanent pool.
LogInit: Object subsystem initialized
[2016.10.20-13.09.51:267][  0]LogInit: Selected Device Profile: [Windows]
[2016.10.20-13.09.51:267][  0]LogInit: Applying CVar settings loaded from the selected device profile: [Windows]
[2016.10.20-13.09.51:277][  0]LogInit: Computer: BLACKICEBOX
[2016.10.20-13.09.51:277][  0]LogInit: User: BlackIce
[2016.10.20-13.09.51:277][  0]LogInit: CPU Page size=65536, Cores=4
[2016.10.20-13.09.51:277][  0]LogInit: High frequency timer resolution =2.338334 MHz
[2016.10.20-13.09.51:277][  0]LogMemory: Memory total: Physical=11.8GB (12GB approx)
[2016.10.20-13.09.51:277][  0]LogMemory: Platform Memory Stats for Windows
[2016.10.20-13.09.51:277][  0]LogMemory: Process Physical Memory: 256.17 MB used, 256.17 MB peak
[2016.10.20-13.09.51:277][  0]LogMemory: Process Virtual Memory: 260.04 MB used, 260.04 MB peak
[2016.10.20-13.09.51:277][  0]LogMemory: Physical Memory: 5119.13 MB used, 12082.27 MB total
[2016.10.20-13.09.51:277][  0]LogMemory: Virtual Memory: 608.77 MB used, 134217728.00 MB total
[2016.10.20-13.09.51:311][  0]LogTextLocalizationManager: No specific translations for ('en-US') exist, so ('en') translations will be used.
[2016.10.20-13.10.05:932][  0]LogD3D11RHI: D3D11 adapters:
[2016.10.20-13.10.05:965][  0]LogD3D11RHI:    0. 'NVIDIA GeForce GT 750M' (Feature Level 11_0)
[2016.10.20-13.10.05:965][  0]LogD3D11RHI:       2017/0/6041 MB DedicatedVideo/DedicatedSystem/SharedSystem, Outputs:1, VendorId:0x10de
[2016.10.20-13.10.05:993][  0]LogD3D11RHI:    1. 'NVIDIA GeForce GT 750M' (Feature Level 11_0)
[2016.10.20-13.10.05:993][  0]LogD3D11RHI:       2017/0/6041 MB DedicatedVideo/DedicatedSystem/SharedSystem, Outputs:0, VendorId:0x10de
[2016.10.20-13.10.05:995][  0]LogD3D11RHI:    2. 'Microsoft Basic Render Driver' (Feature Level 11_0)
[2016.10.20-13.10.05:995][  0]LogD3D11RHI:       0/0/6041 MB DedicatedVideo/DedicatedSystem/SharedSystem, Outputs:0, VendorId:0x1414
[2016.10.20-13.10.05:995][  0]LogD3D11RHI: Chosen D3D11 Adapter: 0
[2016.10.20-13.10.06:271][  0]LogD3D11RHI: Creating new Direct3DDevice
[2016.10.20-13.10.06:272][  0]LogD3D11RHI:     GPU DeviceId: 0xfe4 (for the marketing name, search the web for "GPU Device Id")
[2016.10.20-13.10.06:304][  0]LogWindows: EnumDisplayDevices:
[2016.10.20-13.10.06:304][  0]LogWindows:    0. 'NVIDIA GeForce GT 750M' (P:0 D:0)
[2016.10.20-13.10.06:304][  0]LogWindows:    1. 'NVIDIA GeForce GT 750M' (P:1 D:1)
[2016.10.20-13.10.06:304][  0]LogWindows:    2. 'NVIDIA GeForce GT 750M' (P:0 D:0)
[2016.10.20-13.10.06:304][  0]LogWindows:    3. 'NVIDIA GeForce GT 750M' (P:0 D:0)
[2016.10.20-13.10.06:304][  0]LogWindows:    4. 'NVIDIA GeForce GT 750M' (P:0 D:0)
[2016.10.20-13.10.06:305][  0]LogWindows:    5. 'NVIDIA GeForce GT 750M' (P:0 D:0)
[2016.10.20-13.10.06:305][  0]LogWindows: DebugString: FoundDriverCount:6 
[2016.10.20-13.10.06:305][  0]LogD3D11RHI:     Adapter Name: NVIDIA GeForce GT 750M
[2016.10.20-13.10.06:306][  0]LogD3D11RHI:   Driver Version: 369.09 (internal:21.21.13.6909, unified:369.09)
[2016.10.20-13.10.06:306][  0]LogD3D11RHI:      Driver Date: 8-1-2016
[2016.10.20-13.10.06:306][  0]LogRHI: Texture pool is 1361 MB (70% of 1945 MB)
[2016.10.20-13.10.06:321][  0]LogD3D11RHI: Async texture creation enabled
[2016.10.20-13.10.07:446][  0]LogD3D11RHI: GPU Timing Frequency: 1000.000000 (Debug: 2 5)
[2016.10.20-13.10.07:874][  0]LogShaderCompilers: Guid format shader working directory is -25 characters bigger than the processId version (../../../../../../Users/BlackIce/Documents/Unreal Projects/MidtermStarter/Intermediate/Shaders/WorkingDirectory/10776/).
[2016.10.20-13.10.07:874][  0]LogShaderCompilers: Cleaned the shader compiler working directory 'C:/Users/BlackIce/AppData/Local/Temp/UnrealShaderWorkingDir/0FF3AA4B4FE1372AC8861598D2FDE1EC/'.
[2016.10.20-13.10.07:931][  0]LogShaderCompilers:Display: Using Local Shader Compiler.
[2016.10.20-13.10.22:770][  0]LogTemp:Display: Loaded TP AllDesktopTargetPlatform
[2016.10.20-13.10.22:804][  0]LogTemp:Display: Loaded TP WindowsClientTargetPlatform
[2016.10.20-13.10.22:966][  0]LogTemp:Display: Loaded TP WindowsNoEditorTargetPlatform
[2016.10.20-13.10.22:994][  0]LogTemp:Display: Loaded TP WindowsServerTargetPlatform
[2016.10.20-13.10.23:156][  0]LogTemp:Display: Loaded TP WindowsTargetPlatform
[2016.10.20-13.10.23:234][  0]LogTemp:Display: Loaded TP AndroidTargetPlatform
[2016.10.20-13.10.23:289][  0]LogTemp:Display: Loaded TP Android_ASTCTargetPlatform
[2016.10.20-13.10.23:364][  0]LogTemp:Display: Loaded TP Android_ATCTargetPlatform
[2016.10.20-13.10.23:445][  0]LogTemp:Display: Loaded TP Android_DXTTargetPlatform
[2016.10.20-13.10.23:526][  0]LogTemp:Display: Loaded TP Android_ETC1TargetPlatform
[2016.10.20-13.10.23:679][  0]LogTemp:Display: Loaded TP Android_ETC2TargetPlatform
[2016.10.20-13.10.23:751][  0]LogTemp:Display: Loaded TP Android_MultiTargetPlatform
[2016.10.20-13.10.23:751][  0]LogTemp:Display: Loaded TP Android_PVRTCTargetPlatform
[2016.10.20-13.10.23:805][  0]LogTemp:Display: Loaded TP HTML5TargetPlatform
[2016.10.20-13.10.24:142][  0]LogTemp:Display: Loaded TP IOSTargetPlatform
[2016.10.20-13.10.24:148][  0]LogTemp:Display: Loaded TP TVOSTargetPlatform
[2016.10.20-13.10.24:244][  0]LogTemp:Display: Loaded TP LinuxClientTargetPlatform
[2016.10.20-13.10.24:278][  0]LogTemp:Display: Loaded TP LinuxNoEditorTargetPlatform
[2016.10.20-13.10.24:320][  0]LogTemp:Display: Loaded TP LinuxServerTargetPlatform
[2016.10.20-13.10.24:483][  0]LogTemp:Display: Loaded TP LinuxTargetPlatform
[2016.10.20-13.10.24:483][  0]LogTargetPlatformManager:Display: Building Assets For Windows
[2016.10.20-13.10.27:409][  0]LogDerivedDataCache:Display: Max Cache Size: 512 MB
[2016.10.20-13.10.42:340][  0]LogDerivedDataCache: Loaded boot cache 14.90s 62MB C:/Users/BlackIce/AppData/Local/UnrealEngine/4.13/DerivedDataCache/Boot.ddc.
[2016.10.20-13.10.42:340][  0]LogDerivedDataCache:Display: Loaded Boot cache: C:/Users/BlackIce/AppData/Local/UnrealEngine/4.13/DerivedDataCache/Boot.ddc
[2016.10.20-13.10.42:340][  0]LogDerivedDataCache: FDerivedDataBackendGraph:  Pak pak cache file ../../../../../../Users/BlackIce/Documents/Unreal Projects/MidtermStarter/DerivedDataCache/DDC.ddp not found, will not use a pak cache.
[2016.10.20-13.10.42:340][  0]LogDerivedDataCache: Unable to find inner node Pak for hierarchical cache Hierarchy.
[2016.10.20-13.10.42:340][  0]LogDerivedDataCache: FDerivedDataBackendGraph:  CompressedPak pak cache file ../../../../../../Users/BlackIce/Documents/Unreal Projects/MidtermStarter/DerivedDataCache/Compressed.ddp not found, will not use a pak cache.
[2016.10.20-13.10.42:340][  0]LogDerivedDataCache: Unable to find inner node CompressedPak for hierarchical cache Hierarchy.
[2016.10.20-13.10.43:317][  0]LogDerivedDataCache:Display: Pak cache opened for reading ../../../Engine/DerivedDataCache/Compressed.ddp.
[2016.10.20-13.10.43:373][  0]LogDerivedDataCache: Using Local data cache path C:/Users/BlackIce/AppData/Local/UnrealEngine/Common/DerivedDataCache: Writable
[2016.10.20-13.11.13:190][  0]LogInit: Selected Device Profile: [Windows]
[2016.10.20-13.11.14:708][  0]LogContentStreaming: Texture pool size is 0.00 MB
[2016.10.20-13.11.16:270][  0]LogMeshUtilities: No automatic mesh reduction module available
[2016.10.20-13.11.16:270][  0]LogMeshUtilities: No automatic mesh merging module available
[2016.10.20-13.11.16:270][  0]LogMeshUtilities: No distributed automatic mesh merging module available
[2016.10.20-13.11.23:169][  0]LogMaterial: Uniform references updated for custom material expression Custom.
[2016.10.20-13.11.41:415][  0]LogNetVersion: GetLocalNetworkVersion: CL: 3106830, ProjectName: midtermstarter, ProjectVersion: , EngineNetworkVersion: 1, GameNetworkVersion: 0, NetworkChecksum: 4029104964
[2016.10.20-13.11.42:226][  0]LogAssetRegistry: FAssetRegistry took 0.1203 seconds to start up
[2016.10.20-13.11.42:786][  0]LogPackageLocalizationCache: Processed 3 localized package path(s) for 2 prioritized culture(s) in 0.311782 seconds
[2016.10.20-13.11.42:819][  0]LogUObjectArray: 29778 objects as part of root set at end of initial load.
[2016.10.20-13.11.42:819][  0]LogUObjectAllocator: 6125456 out of 0 bytes used by permanent object pool.
[2016.10.20-13.11.42:819][  0]LogUObjectArray: CloseDisregardForGC: 0/0 objects in disregard for GC pool
[2016.10.20-13.11.43:019][  0]LogInit: WinSock: version 1.1 (2.2), MaxSocks=32767, MaxUdp=65467
[2016.10.20-13.12.08:657][  0]LogSlate: SlateFontCache - WITH_FREETYPE: 1, WITH_HARFBUZZ: 1
[2016.10.20-13.12.08:657][  0]LogSlate: SlateFontCache - WITH_FREETYPE: 1, WITH_HARFBUZZ: 1
[2016.10.20-13.13.24:351][  0]LogSubstanceCoreModule: Substance CPU Engine Loaded, Max Texture Size 2048
[2016.10.20-13.13.24:518][  0]LogTcpMessaging: Initializing TcpMessaging bridge
[2016.10.20-13.13.24:932][  0]LogUdpMessaging: Initializing bridge on interface 0.0.0.0:0 to multicast group 230.0.0.1:6666.
[2016.10.20-13.13.30:369][  0]SourceControl: Info Source control is disabled
[2016.10.20-13.13.30:389][  0]SourceControl: Info Source control is disabled
[2016.10.20-13.13.30:718][  0]SourceControl: Info Source control is disabled
[2016.10.20-13.13.30:898][  0]SourceControl: Info Source control is disabled
[2016.10.20-13.13.39:567][  0]LogEngine: Initializing Engine...
[2016.10.20-13.13.39:598][  0]LogHMD: Failed to initialize OpenVR with code 110
[2016.10.20-13.13.43:037][  0]LogAIModule: Creating AISystem for world Untitled
[2016.10.20-13.13.43:273][  0]LogInit: XAudio2 using 'Extron HDMI-C (NVIDIA High Definition Audio)' : 2 channels at 48 kHz using 16 bits per sample (channel mask 0x3)
[2016.10.20-13.13.43:555][  0]LogInit: FAudioDevice initialized.
[2016.10.20-13.13.43:589][  0]LogDerivedDataCache: Saved boot cache 0.03s 62MB C:/Users/BlackIce/AppData/Local/UnrealEngine/4.13/DerivedDataCache/Boot.ddc.
[2016.10.20-13.13.43:595][  0]LogInit: Texture streaming: Enabled
[2016.10.20-13.13.45:241][  0]LogInit: Transaction tracking system initialized
[2016.10.20-13.13.45:970][  0]BlueprintLog: New page: Editor Load
[2016.10.20-13.13.48:410][  0]LocalizationService: Info Localization service is disabled
[2016.10.20-13.13.51:397][  0]LogConsoleResponse:Display: 
[2016.10.20-13.14.01:251][  0]LogFileCache: Scanning file cache for directory 'C:/Users/BlackIce/Documents/Unreal Projects/MidtermStarter/Content/' took 0.05s
[2016.10.20-13.14.01:251][  0]LogCook:Display: Max memory allowance for cook 16384mb min free memory 0mb
[2016.10.20-13.14.01:251][  0]LogCook:Display: Mobile HDR setting 1
[2016.10.20-13.14.05:789][  0]SourceControl: Info Source control is disabled
[2016.10.20-13.14.05:827][  0]Cmd: MAP LOAD FILE="../../../../../../Users/BlackIce/Documents/Unreal Projects/MidtermStarter/Content/ProceduralTower/StreamingLevels/TowerBase.umap" TEMPLATE=0 SHOWPROGRESS=1 FEATURELEVEL=3
[2016.10.20-13.14.05:914][  0]LightingResults: New page: Lighting Build
[2016.10.20-13.14.06:310][  0]MapCheck: New page: Map Check
[2016.10.20-13.14.06:310][  0]LightingResults: New page: Lighting Build
[2016.10.20-13.14.18:204][  0]LogAIModule: Creating AISystem for world TowerBase
[2016.10.20-13.14.20:139][  0]LogEditorServer: Finished looking for orphan Actors (0.000 secs)
[2016.10.20-13.14.20:140][  0]Cmd: MAP CHECKDEP NOCLEARLOG
[2016.10.20-13.14.20:185][  0]MapCheck: Info Map check complete: 0 Error(s), 0 Warning(s), took 45.612ms to complete.
[2016.10.20-13.14.20:185][  0]LogFileHelpers: Loading map 'TowerBase' took 14.386
[2016.10.20-13.14.20:905][  0]LogCollectionManager: Loaded 0 collections in 0.032360 seconds
[2016.10.20-13.14.20:947][  0]LogFileCache: Scanning file cache for directory 'C:/Users/BlackIce/Documents/Unreal Projects/MidtermStarter/Saved/Collections/' took 0.01s
[2016.10.20-13.14.20:947][  0]LogFileCache: Scanning file cache for directory 'C:/Users/BlackIce/Documents/Unreal Projects/MidtermStarter/Content/Developers/BlackIce/Collections/' took 0.01s
[2016.10.20-13.14.20:947][  0]LogFileCache: Scanning file cache for directory 'C:/Users/BlackIce/Documents/Unreal Projects/MidtermStarter/Content/Collections/' took 0.01s
[2016.10.20-13.14.20:947][  0]LogCollectionManager: Rebuilt the GUID cache for 0 collections in 0.000007 seconds
[2016.10.20-13.14.20:956][  0]LogContentBrowser: Native class hierarchy populated in 0.0085 seconds. Added 2162 classes and 424 folders.
[2016.10.20-13.14.20:959][  0]LogStats: UGameplayTagsManager::ConstructGameplayTagTree: Construct from data asset -  0.000 s
[2016.10.20-13.14.20:959][  0]LogStats: UGameplayTagsManager::ConstructGameplayTagTree: GameplayTagTreeChangedEvent.Broadcast -  0.000 s
[2016.10.20-13.14.20:960][  0]LogContentBrowser: Native class hierarchy updated for 'GameplayTags' in 0.0005 seconds. Added 12 classes and 0 folders.
[2016.10.20-13.14.20:963][  0]LogContentBrowser: Native class hierarchy updated for 'WidgetCarousel' in 0.0004 seconds. Added 0 classes and 0 folders.
[2016.10.20-13.14.25:185][  0]LogContentBrowser: Native class hierarchy updated for 'AddContentDialog' in 0.0005 seconds. Added 0 classes and 0 folders.
[2016.10.20-13.14.25:189][  0]LogContentBrowser: Native class hierarchy updated for 'SceneOutliner' in 0.0004 seconds. Added 1 classes and 2 folders.
[2016.10.20-13.14.25:237][  0]LogContentBrowser: Native class hierarchy updated for 'WorldBrowser' in 0.0005 seconds. Added 1 classes and 3 folders.
[2016.10.20-13.14.25:253][  0]LogCrashTracker: Crashtracker disabled due to settings.
[2016.10.20-13.14.25:259][  0]LogUObjectGlobals:Warning: Failed to find object 'Class None.'
[2016.10.20-13.14.25:390][  0]LogContentBrowser: Native class hierarchy updated for 'HierarchicalLODOutliner' in 0.0005 seconds. Added 1 classes and 2 folders.
[2016.10.20-13.14.25:391][  0]LogLoad: (Engine Initialization) Total time: 277.18 seconds
[2016.10.20-13.14.25:391][  0]LogLoad: (Engine Initialization) Total Blueprint compile time: 2.74 seconds
[2016.10.20-13.14.25:391][  0]LogExternalProfiler: No external profilers were discovered.  External profiling features will not be available.
[2016.10.20-13.14.25:416][  0]LogWindowsTextInputMethodSystem:Display: IME system now deactivated.
[2016.10.20-13.14.25:563][  0]LogOcInput: OculusInput pre-init called
[2016.10.20-13.14.25:722][  0]LogContentStreaming: Texture pool size now 800 MB
[2016.10.20-13.14.27:644][  0]LogRenderer: Reallocating scene render targets to support 1208x608 (Frame:2).
[2016.10.20-13.14.27:718][  1]LogAssetRegistry: Asset discovery search completed in 165.5148 seconds
[2016.10.20-13.14.27:718][  1]LogCollectionManager: Rebuilt the object cache for 0 collections in 0.000000 seconds (found 0 objects)
[2016.10.20-13.14.27:718][  1]LogCollectionManager: Fixed up redirectors for 0 collections in 0.000051 seconds (updated 0 objects)
[2016.10.20-13.23.42:910][154]LogEditorViewport: Clicking Background
[2016.10.20-13.23.43:005][154]LogEditorViewport: Clicking Background
[2016.10.20-13.24.15:719][ 12]LogBlueprintUserMessages: Early PlayInEditor Detection: Level '/Game/ProceduralTower/StreamingLevels/TowerBase.TowerBase:PersistentLevel' has LevelScriptBlueprint '/Game/ProceduralTower/StreamingLevels/TowerBase.TowerBase:PersistentLevel.TowerBase' with GeneratedClass '/Game/ProceduralTower/StreamingLevels/TowerBase.TowerBase_C' with ClassGeneratedBy '/Game/ProceduralTower/StreamingLevels/TowerBase.TowerBase:PersistentLevel.TowerBase'
[2016.10.20-13.24.15:719][ 12]LogBlueprintUserMessages: Early PlayInEditor Detection: Level '/Game/ProceduralTower/StreamingLevels/Floor1.Floor1:PersistentLevel' has LevelScriptBlueprint '/Game/ProceduralTower/StreamingLevels/Floor1.Floor1:PersistentLevel.Floor1' with GeneratedClass '/Game/ProceduralTower/StreamingLevels/Floor1.Floor1_C' with ClassGeneratedBy '/Game/ProceduralTower/StreamingLevels/Floor1.Floor1:PersistentLevel.Floor1'
[2016.10.20-13.24.15:816][ 12]LogPlayLevel: PlayLevel: No blueprints needed recompiling
[2016.10.20-13.24.16:025][ 12]PIE: New page: PIE session: TowerBase (Oct 20, 2016, 4:24:15 AM)
[2016.10.20-13.24.16:198][ 12]LogPlayLevel: Creating play world package: /Game/ProceduralTower/StreamingLevels/UEDPIE_0_TowerBase
[2016.10.20-13.24.16:699][ 12]LogPlayLevel: PIE: StaticDuplicateObject took: (0.500962s)
[2016.10.20-13.24.16:700][ 12]LogAIModule: Creating AISystem for world TowerBase
[2016.10.20-13.24.16:745][ 12]LogPlayLevel: PIE: World Init took: (0.046030s)
[2016.10.20-13.24.16:746][ 12]LogPlayLevel: PIE: Created PIE world by copying editor world from /Game/ProceduralTower/StreamingLevels/TowerBase.TowerBase to /Game/ProceduralTower/StreamingLevels/UEDPIE_0_TowerBase.TowerBase (0.547683s)
[2016.10.20-13.24.17:997][ 12]LogInit: XAudio2 using 'Extron HDMI-C (NVIDIA High Definition Audio)' : 2 channels at 48 kHz using 16 bits per sample (channel mask 0x3)
[2016.10.20-13.24.18:005][ 12]LogInit: FAudioDevice initialized.
[2016.10.20-13.24.18:574][ 12]LogWorld: Game class is 'TopDownGameMode_C'
[2016.10.20-13.24.19:682][ 12]LogWorld: Bringing World /Game/ProceduralTower/StreamingLevels/UEDPIE_0_TowerBase.TowerBase up for play (max tick rate 60) at 2016.10.20-09.24.19
[2016.10.20-13.24.20:949][ 12]LogWorld: Bringing up level for play took: 1.222832
[2016.10.20-13.24.23:544][ 12]LogContentBrowser: Native class hierarchy updated for 'MovieSceneCapture' in 0.0007 seconds. Added 11 classes and 0 folders.
[2016.10.20-13.24.23:622][ 12]LogGameMode:Display: Match State Changed from EnteringMap to WaitingToStart
[2016.10.20-13.24.23:655][ 12]LogGameState: Match State Changed from EnteringMap to WaitingToStart
[2016.10.20-13.24.23:655][ 12]LogGameMode:Display: Match State Changed from WaitingToStart to InProgress
[2016.10.20-13.24.27:322][ 12]LogBlueprintUserMessages: [TowerBase_C_0] TowerFloor0
[2016.10.20-13.24.27:742][ 12]LogGameState: Match State Changed from WaitingToStart to InProgress
[2016.10.20-13.24.27:876][ 12]PIE: Info Play in editor start time for /Game/ProceduralTower/StreamingLevels/UEDPIE_0_TowerBase 12.364
[2016.10.20-13.24.27:923][ 12]LogBlueprintUserMessages: Late PlayInEditor Detection: Level '/Game/ProceduralTower/StreamingLevels/TowerBase.TowerBase:PersistentLevel' has LevelScriptBlueprint '/Game/ProceduralTower/StreamingLevels/TowerBase.TowerBase:PersistentLevel.TowerBase' with GeneratedClass '/Game/ProceduralTower/StreamingLevels/TowerBase.TowerBase_C' with ClassGeneratedBy '/Game/ProceduralTower/StreamingLevels/TowerBase.TowerBase:PersistentLevel.TowerBase'
[2016.10.20-13.24.27:923][ 12]LogBlueprintUserMessages: Late PlayInEditor Detection: Level '/Game/ProceduralTower/StreamingLevels/Floor1.Floor1:PersistentLevel' has LevelScriptBlueprint '/Game/ProceduralTower/StreamingLevels/Floor1.Floor1:PersistentLevel.Floor1' with GeneratedClass '/Game/ProceduralTower/StreamingLevels/Floor1.Floor1_C' with ClassGeneratedBy '/Game/ProceduralTower/StreamingLevels/Floor1.Floor1:PersistentLevel.Floor1'
[2016.10.20-13.24.29:610][ 12]LogRenderer: Reallocating scene render targets to support 1208x656 (Frame:2384).
[2016.10.20-13.24.34:502][ 19]LogStreaming:Display: UWorld::AddToWorld: updating components for /Game/ProceduralTower/StreamingLevels/UEDPIE_0_TowerFloor0 took (less than) 82.99 ms
[2016.10.20-13.24.34:629][ 20]LogBlueprintUserMessages: [Floor1_C_0] TowerFloor1
[2016.10.20-13.24.34:669][ 20]LogStreaming:Display: UWorld::AddToWorld: routing Initialize on actors for /Game/ProceduralTower/StreamingLevels/UEDPIE_0_TowerFloor0 took (less than) 159.30 ms
[2016.10.20-13.24.35:449][ 25]LogBlueprintUserMessages: [Floor1_C_0] TowerFloor2
[2016.10.20-13.24.35:597][ 30]LogBlueprintUserMessages: [Floor1_C_0] TowerFloor3
[2016.10.20-13.24.35:744][ 35]LogBlueprintUserMessages: [Floor1_C_0] TowerFloor4
[2016.10.20-13.24.35:982][ 40]LogBlueprintUserMessages: [Floor1_C_0] Tower Complete
[2016.10.20-13.24.35:982][ 40]LogBlueprintUserMessages: [Floor1_C_0] Teleport Adjust: 200.0
[2016.10.20-13.24.35:982][ 40]LogStreaming:Display: UWorld::AddToWorld: routing Initialize on actors for /Game/ProceduralTower/StreamingLevels/UEDPIE_0_TowerFloor4 took (less than) 97.14 ms
[2016.10.20-13.24.58:281][194]LogBlueprintUserMessages: [TowerBase_C_0] Floor1
[2016.10.20-13.25.07:340][738]LogBlueprintUserMessages: [Floor1_C_0] 1
[2016.10.20-13.25.08:656][817]LogBlueprintUserMessages: [Floor1_C_0] 2
[2016.10.20-13.25.09:824][887]LogBlueprintUserMessages: [Floor1_C_0] 3
[2016.10.20-13.25.10:740][942]LogBlueprintUserMessages: [Floor1_C_0] 4
[2016.10.20-13.25.12:773][ 64]LogBlueprintUserMessages: [Floor1_C_0] 5
[2016.10.20-13.25.34:453][340]LogBlueprintUserMessages: Early EndPlayMap Detection: Level '/Game/ProceduralTower/StreamingLevels/TowerBase.TowerBase:PersistentLevel' has LevelScriptBlueprint '/Game/ProceduralTower/StreamingLevels/TowerBase.TowerBase:PersistentLevel.TowerBase' with GeneratedClass '/Game/ProceduralTower/StreamingLevels/TowerBase.TowerBase_C' with ClassGeneratedBy '/Game/ProceduralTower/StreamingLevels/TowerBase.TowerBase:PersistentLevel.TowerBase'
[2016.10.20-13.25.34:453][340]LogBlueprintUserMessages: Early EndPlayMap Detection: Level '/Game/ProceduralTower/StreamingLevels/Floor1.Floor1:PersistentLevel' has LevelScriptBlueprint '/Game/ProceduralTower/StreamingLevels/Floor1.Floor1:PersistentLevel.Floor1' with GeneratedClass '/Game/ProceduralTower/StreamingLevels/Floor1.Floor1_C' with ClassGeneratedBy '/Game/ProceduralTower/StreamingLevels/Floor1.Floor1:PersistentLevel.Floor1'
[2016.10.20-13.25.35:544][340]LogBlueprintUserMessages: Late EndPlayMap Detection: Level '/Game/ProceduralTower/StreamingLevels/TowerBase.TowerBase:PersistentLevel' has LevelScriptBlueprint '/Game/ProceduralTower/StreamingLevels/TowerBase.TowerBase:PersistentLevel.TowerBase' with GeneratedClass '/Game/ProceduralTower/StreamingLevels/TowerBase.TowerBase_C' with ClassGeneratedBy '/Game/ProceduralTower/StreamingLevels/TowerBase.TowerBase:PersistentLevel.TowerBase'
[2016.10.20-13.25.35:544][340]LogBlueprintUserMessages: Late EndPlayMap Detection: Level '/Game/ProceduralTower/StreamingLevels/Floor1.Floor1:PersistentLevel' has LevelScriptBlueprint '/Game/ProceduralTower/StreamingLevels/Floor1.Floor1:PersistentLevel.Floor1' with GeneratedClass '/Game/ProceduralTower/StreamingLevels/Floor1.Floor1_C' with ClassGeneratedBy '/Game/ProceduralTower/StreamingLevels/Floor1.Floor1:PersistentLevel.Floor1'
[2016.10.20-13.25.36:503][341]LogEditorViewport: Clicking on Actor (LMB): NavMeshBoundsVolume (NavMeshBoundsVolume)
[2016.10.20-13.25.41:585][341]LogEditorViewport: Clicking on Actor (LMB): NavMeshBoundsVolume (NavMeshBoundsVolume)
[2016.10.20-13.25.41:659][341]LogEditorViewport: Clicking on Actor (LMB): NavMeshBoundsVolume (NavMeshBoundsVolume)
[2016.10.20-13.25.43:259][342]LogEditorViewport: Clicking on Actor (LMB): NavMeshBoundsVolume (NavMeshBoundsVolume)
[2016.10.20-13.27.00:793][969]LogBlueprintUserMessages: Early PlayInEditor Detection: Level '/Game/ProceduralTower/StreamingLevels/TowerBase.TowerBase:PersistentLevel' has LevelScriptBlueprint '/Game/ProceduralTower/StreamingLevels/TowerBase.TowerBase:PersistentLevel.TowerBase' with GeneratedClass '/Game/ProceduralTower/StreamingLevels/TowerBase.TowerBase_C' with ClassGeneratedBy '/Game/ProceduralTower/StreamingLevels/TowerBase.TowerBase:PersistentLevel.TowerBase'
[2016.10.20-13.27.00:793][969]LogBlueprintUserMessages: Early PlayInEditor Detection: Level '/Game/ProceduralTower/StreamingLevels/Floor1.Floor1:PersistentLevel' has LevelScriptBlueprint '/Game/ProceduralTower/StreamingLevels/Floor1.Floor1:PersistentLevel.Floor1' with GeneratedClass '/Game/ProceduralTower/StreamingLevels/Floor1.Floor1_C' with ClassGeneratedBy '/Game/ProceduralTower/StreamingLevels/Floor1.Floor1:PersistentLevel.Floor1'
[2016.10.20-13.27.00:793][969]LogPlayLevel: PlayLevel: No blueprints needed recompiling
[2016.10.20-13.27.00:793][969]PIE: New page: SIE session: TowerBase (Oct 20, 2016, 4:27:00 AM)
[2016.10.20-13.27.00:793][969]LogPlayLevel: Creating play world package: /Game/ProceduralTower/StreamingLevels/UEDPIE_0_TowerBase
[2016.10.20-13.27.00:819][969]LogPlayLevel: PIE: StaticDuplicateObject took: (0.025266s)
[2016.10.20-13.27.00:819][969]LogAIModule: Creating AISystem for world TowerBase
[2016.10.20-13.27.00:820][969]LogPlayLevel: PIE: World Init took: (0.001053s)
[2016.10.20-13.27.00:820][969]LogPlayLevel: PIE: Created PIE world by copying editor world from /Game/ProceduralTower/StreamingLevels/TowerBase.TowerBase to /Game/ProceduralTower/StreamingLevels/UEDPIE_0_TowerBase.TowerBase (0.026582s)
[2016.10.20-13.27.00:911][969]LogInit: XAudio2 using 'Extron HDMI-C (NVIDIA High Definition Audio)' : 2 channels at 48 kHz using 16 bits per sample (channel mask 0x3)
[2016.10.20-13.27.00:917][969]LogInit: FAudioDevice initialized.
[2016.10.20-13.27.02:047][969]LogWorld: Game class is 'TopDownGameMode_C'
[2016.10.20-13.27.02:051][969]LogWorld: Bringing World /Game/ProceduralTower/StreamingLevels/UEDPIE_0_TowerBase.TowerBase up for play (max tick rate 60) at 2016.10.20-09.27.02
[2016.10.20-13.27.02:052][969]LogWorld: Bringing up level for play took: 0.003276
[2016.10.20-13.27.02:132][969]LogGameMode:Display: Match State Changed from EnteringMap to WaitingToStart
[2016.10.20-13.27.02:132][969]LogBlueprintUserMessages: [TowerBase_C_0] TowerFloor0
[2016.10.20-13.27.02:132][969]LogGameState: Match State Changed from EnteringMap to WaitingToStart
[2016.10.20-13.27.02:132][969]PIE: Info Play in editor start time for /Game/ProceduralTower/StreamingLevels/UEDPIE_0_TowerBase 0.621
[2016.10.20-13.27.02:471][969]LogBlueprintUserMessages: Late PlayInEditor Detection: Level '/Game/ProceduralTower/StreamingLevels/TowerBase.TowerBase:PersistentLevel' has LevelScriptBlueprint '/Game/ProceduralTower/StreamingLevels/TowerBase.TowerBase:PersistentLevel.TowerBase' with GeneratedClass '/Game/ProceduralTower/StreamingLevels/TowerBase.TowerBase_C' with ClassGeneratedBy '/Game/ProceduralTower/StreamingLevels/TowerBase.TowerBase:PersistentLevel.TowerBase'
[2016.10.20-13.27.02:471][969]LogBlueprintUserMessages: Late PlayInEditor Detection: Level '/Game/ProceduralTower/StreamingLevels/Floor1.Floor1:PersistentLevel' has LevelScriptBlueprint '/Game/ProceduralTower/StreamingLevels/Floor1.Floor1:PersistentLevel.Floor1' with GeneratedClass '/Game/ProceduralTower/StreamingLevels/Floor1.Floor1_C' with ClassGeneratedBy '/Game/ProceduralTower/StreamingLevels/Floor1.Floor1:PersistentLevel.Floor1'
[2016.10.20-13.27.03:289][975]LogBlueprintUserMessages: [Floor1_C_0] TowerFloor1
[2016.10.20-13.27.03:447][980]LogBlueprintUserMessages: [Floor1_C_0] TowerFloor2
[2016.10.20-13.27.03:600][985]LogBlueprintUserMessages: [Floor1_C_0] TowerFloor3
[2016.10.20-13.27.03:779][991]LogBlueprintUserMessages: [Floor1_C_0] TowerFloor4
[2016.10.20-13.27.03:957][996]LogBlueprintUserMessages: [Floor1_C_0] Tower Complete
[2016.10.20-13.27.03:958][996]LogBlueprintUserMessages: [Floor1_C_0] Teleport Adjust: 200.0
[2016.10.20-13.27.11:211][408]LogBlueprintUserMessages: Early EndPlayMap Detection: Level '/Game/ProceduralTower/StreamingLevels/TowerBase.TowerBase:PersistentLevel' has LevelScriptBlueprint '/Game/ProceduralTower/StreamingLevels/TowerBase.TowerBase:PersistentLevel.TowerBase' with GeneratedClass '/Game/ProceduralTower/StreamingLevels/TowerBase.TowerBase_C' with ClassGeneratedBy '/Game/ProceduralTower/StreamingLevels/TowerBase.TowerBase:PersistentLevel.TowerBase'
[2016.10.20-13.27.11:211][408]LogBlueprintUserMessages: Early EndPlayMap Detection: Level '/Game/ProceduralTower/StreamingLevels/Floor1.Floor1:PersistentLevel' has LevelScriptBlueprint '/Game/ProceduralTower/StreamingLevels/Floor1.Floor1:PersistentLevel.Floor1' with GeneratedClass '/Game/ProceduralTower/StreamingLevels/Floor1.Floor1_C' with ClassGeneratedBy '/Game/ProceduralTower/StreamingLevels/Floor1.Floor1:PersistentLevel.Floor1'
[2016.10.20-13.27.11:559][408]LogBlueprintUserMessages: Late EndPlayMap Detection: Level '/Game/ProceduralTower/StreamingLevels/TowerBase.TowerBase:PersistentLevel' has LevelScriptBlueprint '/Game/ProceduralTower/StreamingLevels/TowerBase.TowerBase:PersistentLevel.TowerBase' with GeneratedClass '/Game/ProceduralTower/StreamingLevels/TowerBase.TowerBase_C' with ClassGeneratedBy '/Game/ProceduralTower/StreamingLevels/TowerBase.TowerBase:PersistentLevel.TowerBase'
[2016.10.20-13.27.11:559][408]LogBlueprintUserMessages: Late EndPlayMap Detection: Level '/Game/ProceduralTower/StreamingLevels/Floor1.Floor1:PersistentLevel' has LevelScriptBlueprint '/Game/ProceduralTower/StreamingLevels/Floor1.Floor1:PersistentLevel.Floor1' with GeneratedClass '/Game/ProceduralTower/StreamingLevels/Floor1.Floor1_C' with ClassGeneratedBy '/Game/ProceduralTower/StreamingLevels/Floor1.Floor1:PersistentLevel.Floor1'
[2016.10.20-13.27.52:896][816]LogEditorViewport: Clicking on Actor (LMB): ConnectionPoint_C (ConnectionPoint)
[2016.10.20-13.28.06:504][156]LogContentBrowser: Native class hierarchy updated for 'BlueprintGraph' in 0.0012 seconds. Added 112 classes and 0 folders.
[2016.10.20-13.28.20:744][361]LogRenderer: Reallocating scene render targets to support 1208x900 (Frame:13995).
[2016.10.20-13.28.27:664][736]LogEditorViewport: Clicking on Actor (LMB): ConnectionPoint_C (ConnectionPoint)
[2016.10.20-13.28.28:367][778]LogEditorViewport: Clicking on Actor (LMB): StaticMeshActor (Wall_500x500)
[2016.10.20-13.30.24:526][420]LogBlueprintUserMessages: Early PlayInEditor Detection: Level '/Game/ProceduralTower/StreamingLevels/TowerBase.TowerBase:PersistentLevel' has LevelScriptBlueprint '/Game/ProceduralTower/StreamingLevels/TowerBase.TowerBase:PersistentLevel.TowerBase' with GeneratedClass '/Game/ProceduralTower/StreamingLevels/TowerBase.TowerBase_C' with ClassGeneratedBy '/Game/ProceduralTower/StreamingLevels/TowerBase.TowerBase:PersistentLevel.TowerBase'
[2016.10.20-13.30.24:526][420]LogBlueprintUserMessages: Early PlayInEditor Detection: Level '/Game/ProceduralTower/StreamingLevels/Floor1.Floor1:PersistentLevel' has LevelScriptBlueprint '/Game/ProceduralTower/StreamingLevels/Floor1.Floor1:PersistentLevel.Floor1' with GeneratedClass '/Game/ProceduralTower/StreamingLevels/Floor1.Floor1_C' with ClassGeneratedBy '/Game/ProceduralTower/StreamingLevels/Floor1.Floor1:PersistentLevel.Floor1'
[2016.10.20-13.30.24:544][420]LogPlayLevel: PlayLevel: No blueprints needed recompiling
[2016.10.20-13.30.24:544][420]PIE: New page: SIE session: TowerBase (Oct 20, 2016, 4:30:24 AM)
[2016.10.20-13.30.24:544][420]LogPlayLevel: Creating play world package: /Game/ProceduralTower/StreamingLevels/UEDPIE_0_TowerBase
[2016.10.20-13.30.24:549][420]LogPlayLevel: PIE: StaticDuplicateObject took: (0.004640s)
[2016.10.20-13.30.24:550][420]LogAIModule: Creating AISystem for world TowerBase
[2016.10.20-13.30.24:550][420]LogPlayLevel: PIE: World Init took: (0.001144s)
[2016.10.20-13.30.24:551][420]LogPlayLevel: PIE: Created PIE world by copying editor world from /Game/ProceduralTower/StreamingLevels/TowerBase.TowerBase to /Game/ProceduralTower/StreamingLevels/UEDPIE_0_TowerBase.TowerBase (0.006044s)
[2016.10.20-13.30.24:746][420]LogInit: XAudio2 using 'Extron HDMI-C (NVIDIA High Definition Audio)' : 2 channels at 48 kHz using 16 bits per sample (channel mask 0x3)
[2016.10.20-13.30.24:752][420]LogInit: FAudioDevice initialized.
[2016.10.20-13.30.24:873][420]LogWorld: Game class is 'TopDownGameMode_C'
[2016.10.20-13.30.24:876][420]LogWorld: Bringing World /Game/ProceduralTower/StreamingLevels/UEDPIE_0_TowerBase.TowerBase up for play (max tick rate 60) at 2016.10.20-09.30.24
[2016.10.20-13.30.24:877][420]LogWorld: Bringing up level for play took: 0.002970
[2016.10.20-13.30.24:878][420]LogGameMode:Display: Match State Changed from EnteringMap to WaitingToStart
[2016.10.20-13.30.24:878][420]LogBlueprintUserMessages: [TowerBase_C_0] TowerFloor0
[2016.10.20-13.30.24:878][420]LogGameState: Match State Changed from EnteringMap to WaitingToStart
[2016.10.20-13.30.24:879][420]PIE: Info Play in editor start time for /Game/ProceduralTower/StreamingLevels/UEDPIE_0_TowerBase -0.633
[2016.10.20-13.30.24:881][420]LogBlueprintUserMessages: Late PlayInEditor Detection: Level '/Game/ProceduralTower/StreamingLevels/TowerBase.TowerBase:PersistentLevel' has LevelScriptBlueprint '/Game/ProceduralTower/StreamingLevels/TowerBase.TowerBase:PersistentLevel.TowerBase' with GeneratedClass '/Game/ProceduralTower/StreamingLevels/TowerBase.TowerBase_C' with ClassGeneratedBy '/Game/ProceduralTower/StreamingLevels/TowerBase.TowerBase:PersistentLevel.TowerBase'
[2016.10.20-13.30.24:881][420]LogBlueprintUserMessages: Late PlayInEditor Detection: Level '/Game/ProceduralTower/StreamingLevels/Floor1.Floor1:PersistentLevel' has LevelScriptBlueprint '/Game/ProceduralTower/StreamingLevels/Floor1.Floor1:PersistentLevel.Floor1' with GeneratedClass '/Game/ProceduralTower/StreamingLevels/Floor1.Floor1_C' with ClassGeneratedBy '/Game/ProceduralTower/StreamingLevels/Floor1.Floor1:PersistentLevel.Floor1'
[2016.10.20-13.30.25:068][427]LogBlueprintUserMessages: [Floor1_C_0] TowerFloor1
[2016.10.20-13.30.25:216][432]LogBlueprintUserMessages: [Floor1_C_0] TowerFloor2
[2016.10.20-13.30.25:402][437]LogBlueprintUserMessages: [Floor1_C_0] TowerFloor3
[2016.10.20-13.30.25:582][442]LogBlueprintUserMessages: [Floor1_C_0] TowerFloor4
[2016.10.20-13.30.25:733][447]LogBlueprintUserMessages: [Floor1_C_0] Tower Complete
[2016.10.20-13.30.25:733][447]LogBlueprintUserMessages: [Floor1_C_0] Teleport Adjust: 200.0
[2016.10.20-13.30.46:498][692]LogBlueprintUserMessages: Early EndPlayMap Detection: Level '/Game/ProceduralTower/StreamingLevels/TowerBase.TowerBase:PersistentLevel' has LevelScriptBlueprint '/Game/ProceduralTower/StreamingLevels/TowerBase.TowerBase:PersistentLevel.TowerBase' with GeneratedClass '/Game/ProceduralTower/StreamingLevels/TowerBase.TowerBase_C' with ClassGeneratedBy '/Game/ProceduralTower/StreamingLevels/TowerBase.TowerBase:PersistentLevel.TowerBase'
[2016.10.20-13.30.46:498][692]LogBlueprintUserMessages: Early EndPlayMap Detection: Level '/Game/ProceduralTower/StreamingLevels/Floor1.Floor1:PersistentLevel' has LevelScriptBlueprint '/Game/ProceduralTower/StreamingLevels/Floor1.Floor1:PersistentLevel.Floor1' with GeneratedClass '/Game/ProceduralTower/StreamingLevels/Floor1.Floor1_C' with ClassGeneratedBy '/Game/ProceduralTower/StreamingLevels/Floor1.Floor1:PersistentLevel.Floor1'
[2016.10.20-13.30.46:592][692]LogBlueprintUserMessages: Late EndPlayMap Detection: Level '/Game/ProceduralTower/StreamingLevels/TowerBase.TowerBase:PersistentLevel' has LevelScriptBlueprint '/Game/ProceduralTower/StreamingLevels/TowerBase.TowerBase:PersistentLevel.TowerBase' with GeneratedClass '/Game/ProceduralTower/StreamingLevels/TowerBase.TowerBase_C' with ClassGeneratedBy '/Game/ProceduralTower/StreamingLevels/TowerBase.TowerBase:PersistentLevel.TowerBase'
[2016.10.20-13.30.46:592][692]LogBlueprintUserMessages: Late EndPlayMap Detection: Level '/Game/ProceduralTower/StreamingLevels/Floor1.Floor1:PersistentLevel' has LevelScriptBlueprint '/Game/ProceduralTower/StreamingLevels/Floor1.Floor1:PersistentLevel.Floor1' with GeneratedClass '/Game/ProceduralTower/StreamingLevels/Floor1.Floor1_C' with ClassGeneratedBy '/Game/ProceduralTower/StreamingLevels/Floor1.Floor1:PersistentLevel.Floor1'
[2016.10.20-13.31.42:603][835]LogEditorViewport: Clicking on Actor (LMB): DirectionalLight (DirectionalLight)
[2016.10.20-13.33.19:305][192]LogSavePackage: Save=1961.52ms
[2016.10.20-13.33.19:305][192]LogSavePackage: Moving '../../../../../../Users/BlackIce/Documents/Unreal Projects/MidtermStarter/Saved/TowerBase104D1D5D42B10737207BE5829CF2B144.tmp' to '../../../../../../Users/BlackIce/Documents/Unreal Projects/MidtermStarter/Content/ProceduralTower/StreamingLevels/TowerBase.umap'
[2016.10.20-13.33.19:470][192]LogSavePackage:Display: Finished SavePackage ../../../../../../Users/BlackIce/Documents/Unreal Projects/MidtermStarter/Content/ProceduralTower/StreamingLevels/TowerBase.umap
[2016.10.20-13.33.19:596][192]LogFileHelpers: Saving map 'TowerBase' took 3.573
[2016.10.20-13.37.01:952][314]LogBlueprintUserMessages: Early PlayInEditor Detection: Level '/Game/ProceduralTower/StreamingLevels/TowerBase.TowerBase:PersistentLevel' has LevelScriptBlueprint '/Game/ProceduralTower/StreamingLevels/TowerBase.TowerBase:PersistentLevel.TowerBase' with GeneratedClass '/Game/ProceduralTower/StreamingLevels/TowerBase.TowerBase_C' with ClassGeneratedBy '/Game/ProceduralTower/StreamingLevels/TowerBase.TowerBase:PersistentLevel.TowerBase'
[2016.10.20-13.37.01:952][314]LogBlueprintUserMessages: Early PlayInEditor Detection: Level '/Game/ProceduralTower/StreamingLevels/Floor1.Floor1:PersistentLevel' has LevelScriptBlueprint '/Game/ProceduralTower/StreamingLevels/Floor1.Floor1:PersistentLevel.Floor1' with GeneratedClass '/Game/ProceduralTower/StreamingLevels/Floor1.Floor1_C' with ClassGeneratedBy '/Game/ProceduralTower/StreamingLevels/Floor1.Floor1:PersistentLevel.Floor1'
[2016.10.20-13.37.01:952][314]LogPlayLevel: PlayLevel: No blueprints needed recompiling
[2016.10.20-13.37.01:953][314]PIE: New page: PIE session: TowerBase (Oct 20, 2016, 4:37:01 AM)
[2016.10.20-13.37.01:953][314]LogPlayLevel: Creating play world package: /Game/ProceduralTower/StreamingLevels/UEDPIE_0_TowerBase
[2016.10.20-13.37.01:958][314]LogPlayLevel: PIE: StaticDuplicateObject took: (0.005109s)
[2016.10.20-13.37.01:959][314]LogAIModule: Creating AISystem for world TowerBase
[2016.10.20-13.37.01:959][314]LogPlayLevel: PIE: World Init took: (0.000994s)
[2016.10.20-13.37.01:959][314]LogPlayLevel: PIE: Created PIE world by copying editor world from /Game/ProceduralTower/StreamingLevels/TowerBase.TowerBase to /Game/ProceduralTower/StreamingLevels/UEDPIE_0_TowerBase.TowerBase (0.006364s)
[2016.10.20-13.37.01:989][314]LogInit: XAudio2 using 'Extron HDMI-C (NVIDIA High Definition Audio)' : 2 channels at 48 kHz using 16 bits per sample (channel mask 0x3)
[2016.10.20-13.37.01:995][314]LogInit: FAudioDevice initialized.
[2016.10.20-13.37.02:044][314]LogWorld: Game class is 'TopDownGameMode_C'
[2016.10.20-13.37.02:048][314]LogWorld: Bringing World /Game/ProceduralTower/StreamingLevels/UEDPIE_0_TowerBase.TowerBase up for play (max tick rate 60) at 2016.10.20-09.37.02
[2016.10.20-13.37.02:048][314]LogWorld: Bringing up level for play took: 0.003295
[2016.10.20-13.37.02:050][314]LogGameMode:Display: Match State Changed from EnteringMap to WaitingToStart
[2016.10.20-13.37.02:050][314]LogGameState: Match State Changed from EnteringMap to WaitingToStart
[2016.10.20-13.37.02:050][314]LogGameMode:Display: Match State Changed from WaitingToStart to InProgress
[2016.10.20-13.37.02:052][314]LogBlueprintUserMessages: [TowerBase_C_1] TowerFloor0
[2016.10.20-13.37.02:052][314]LogGameState: Match State Changed from WaitingToStart to InProgress
[2016.10.20-13.37.02:056][314]PIE: Info Play in editor start time for /Game/ProceduralTower/StreamingLevels/UEDPIE_0_TowerBase 0.545
[2016.10.20-13.37.02:057][314]LogBlueprintUserMessages: Late PlayInEditor Detection: Level '/Game/ProceduralTower/StreamingLevels/TowerBase.TowerBase:PersistentLevel' has LevelScriptBlueprint '/Game/ProceduralTower/StreamingLevels/TowerBase.TowerBase:PersistentLevel.TowerBase' with GeneratedClass '/Game/ProceduralTower/StreamingLevels/TowerBase.TowerBase_C' with ClassGeneratedBy '/Game/ProceduralTower/StreamingLevels/TowerBase.TowerBase:PersistentLevel.TowerBase'
[2016.10.20-13.37.02:057][314]LogBlueprintUserMessages: Late PlayInEditor Detection: Level '/Game/ProceduralTower/StreamingLevels/Floor1.Floor1:PersistentLevel' has LevelScriptBlueprint '/Game/ProceduralTower/StreamingLevels/Floor1.Floor1:PersistentLevel.Floor1' with GeneratedClass '/Game/ProceduralTower/StreamingLevels/Floor1.Floor1_C' with ClassGeneratedBy '/Game/ProceduralTower/StreamingLevels/Floor1.Floor1:PersistentLevel.Floor1'
[2016.10.20-13.37.02:242][319]LogBlueprintUserMessages: [Floor1_C_0] TowerFloor1
[2016.10.20-13.37.02:407][324]LogBlueprintUserMessages: [Floor1_C_0] TowerFloor2
[2016.10.20-13.37.02:554][329]LogBlueprintUserMessages: [Floor1_C_0] TowerFloor3
[2016.10.20-13.37.02:727][334]LogBlueprintUserMessages: [Floor1_C_0] TowerFloor4
[2016.10.20-13.37.02:889][339]LogBlueprintUserMessages: [Floor1_C_0] Tower Complete
[2016.10.20-13.37.02:889][339]LogBlueprintUserMessages: [Floor1_C_0] Teleport Adjust: 200.0
[2016.10.20-13.37.04:810][452]LogBlueprintUserMessages: Early EndPlayMap Detection: Level '/Game/ProceduralTower/StreamingLevels/TowerBase.TowerBase:PersistentLevel' has LevelScriptBlueprint '/Game/ProceduralTower/StreamingLevels/TowerBase.TowerBase:PersistentLevel.TowerBase' with GeneratedClass '/Game/ProceduralTower/StreamingLevels/TowerBase.TowerBase_C' with ClassGeneratedBy '/Game/ProceduralTower/StreamingLevels/TowerBase.TowerBase:PersistentLevel.TowerBase'
[2016.10.20-13.37.04:810][452]LogBlueprintUserMessages: Early EndPlayMap Detection: Level '/Game/ProceduralTower/StreamingLevels/Floor1.Floor1:PersistentLevel' has LevelScriptBlueprint '/Game/ProceduralTower/StreamingLevels/Floor1.Floor1:PersistentLevel.Floor1' with GeneratedClass '/Game/ProceduralTower/StreamingLevels/Floor1.Floor1_C' with ClassGeneratedBy '/Game/ProceduralTower/StreamingLevels/Floor1.Floor1:PersistentLevel.Floor1'
[2016.10.20-13.37.04:855][452]LogBlueprintUserMessages: Late EndPlayMap Detection: Level '/Game/ProceduralTower/StreamingLevels/TowerBase.TowerBase:PersistentLevel' has LevelScriptBlueprint '/Game/ProceduralTower/StreamingLevels/TowerBase.TowerBase:PersistentLevel.TowerBase' with GeneratedClass '/Game/ProceduralTower/StreamingLevels/TowerBase.TowerBase_C' with ClassGeneratedBy '/Game/ProceduralTower/StreamingLevels/TowerBase.TowerBase:PersistentLevel.TowerBase'
[2016.10.20-13.37.04:855][452]LogBlueprintUserMessages: Late EndPlayMap Detection: Level '/Game/ProceduralTower/StreamingLevels/Floor1.Floor1:PersistentLevel' has LevelScriptBlueprint '/Game/ProceduralTower/StreamingLevels/Floor1.Floor1:PersistentLevel.Floor1' with GeneratedClass '/Game/ProceduralTower/StreamingLevels/Floor1.Floor1_C' with ClassGeneratedBy '/Game/ProceduralTower/StreamingLevels/Floor1.Floor1:PersistentLevel.Floor1'
[2016.10.20-13.37.10:339][779]LogBlueprintUserMessages: Early PlayInEditor Detection: Level '/Game/ProceduralTower/StreamingLevels/TowerBase.TowerBase:PersistentLevel' has LevelScriptBlueprint '/Game/ProceduralTower/StreamingLevels/TowerBase.TowerBase:PersistentLevel.TowerBase' with GeneratedClass '/Game/ProceduralTower/StreamingLevels/TowerBase.TowerBase_C' with ClassGeneratedBy '/Game/ProceduralTower/StreamingLevels/TowerBase.TowerBase:PersistentLevel.TowerBase'
[2016.10.20-13.37.10:339][779]LogBlueprintUserMessages: Early PlayInEditor Detection: Level '/Game/ProceduralTower/StreamingLevels/Floor1.Floor1:PersistentLevel' has LevelScriptBlueprint '/Game/ProceduralTower/StreamingLevels/Floor1.Floor1:PersistentLevel.Floor1' with GeneratedClass '/Game/ProceduralTower/StreamingLevels/Floor1.Floor1_C' with ClassGeneratedBy '/Game/ProceduralTower/StreamingLevels/Floor1.Floor1:PersistentLevel.Floor1'
[2016.10.20-13.37.10:339][779]LogPlayLevel: PlayLevel: No blueprints needed recompiling
[2016.10.20-13.37.10:339][779]PIE: New page: PIE session: TowerBase (Oct 20, 2016, 4:37:10 AM)
[2016.10.20-13.37.10:339][779]LogPlayLevel: Creating play world package: /Game/ProceduralTower/StreamingLevels/UEDPIE_0_TowerBase
[2016.10.20-13.37.10:342][779]LogPlayLevel: PIE: StaticDuplicateObject took: (0.003530s)
[2016.10.20-13.37.10:343][779]LogAIModule: Creating AISystem for world TowerBase
[2016.10.20-13.37.10:343][779]LogPlayLevel: PIE: World Init took: (0.000777s)
[2016.10.20-13.37.10:343][779]LogPlayLevel: PIE: Created PIE world by copying editor world from /Game/ProceduralTower/StreamingLevels/TowerBase.TowerBase to /Game/ProceduralTower/StreamingLevels/UEDPIE_0_TowerBase.TowerBase (0.004523s)
[2016.10.20-13.37.10:372][779]LogInit: XAudio2 using 'Extron HDMI-C (NVIDIA High Definition Audio)' : 2 channels at 48 kHz using 16 bits per sample (channel mask 0x3)
[2016.10.20-13.37.10:377][779]LogInit: FAudioDevice initialized.
[2016.10.20-13.37.10:423][779]LogWorld: Game class is 'TopDownGameMode_C'
[2016.10.20-13.37.10:427][779]LogWorld: Bringing World /Game/ProceduralTower/StreamingLevels/UEDPIE_0_TowerBase.TowerBase up for play (max tick rate 60) at 2016.10.20-09.37.10
[2016.10.20-13.37.10:427][779]LogWorld: Bringing up level for play took: 0.002984
[2016.10.20-13.37.10:429][779]LogGameMode:Display: Match State Changed from EnteringMap to WaitingToStart
[2016.10.20-13.37.10:429][779]LogGameState: Match State Changed from EnteringMap to WaitingToStart
[2016.10.20-13.37.10:429][779]LogGameMode:Display: Match State Changed from WaitingToStart to InProgress
[2016.10.20-13.37.10:430][779]LogBlueprintUserMessages: [TowerBase_C_1] TowerFloor0
[2016.10.20-13.37.10:431][779]LogGameState: Match State Changed from WaitingToStart to InProgress
[2016.10.20-13.37.10:435][779]PIE: Info Play in editor start time for /Game/ProceduralTower/StreamingLevels/UEDPIE_0_TowerBase 0.924
[2016.10.20-13.37.10:435][779]LogBlueprintUserMessages: Late PlayInEditor Detection: Level '/Game/ProceduralTower/StreamingLevels/TowerBase.TowerBase:PersistentLevel' has LevelScriptBlueprint '/Game/ProceduralTower/StreamingLevels/TowerBase.TowerBase:PersistentLevel.TowerBase' with GeneratedClass '/Game/ProceduralTower/StreamingLevels/TowerBase.TowerBase_C' with ClassGeneratedBy '/Game/ProceduralTower/StreamingLevels/TowerBase.TowerBase:PersistentLevel.TowerBase'
[2016.10.20-13.37.10:435][779]LogBlueprintUserMessages: Late PlayInEditor Detection: Level '/Game/ProceduralTower/StreamingLevels/Floor1.Floor1:PersistentLevel' has LevelScriptBlueprint '/Game/ProceduralTower/StreamingLevels/Floor1.Floor1:PersistentLevel.Floor1' with GeneratedClass '/Game/ProceduralTower/StreamingLevels/Floor1.Floor1_C' with ClassGeneratedBy '/Game/ProceduralTower/StreamingLevels/Floor1.Floor1:PersistentLevel.Floor1'
[2016.10.20-13.37.10:649][784]LogBlueprintUserMessages: [Floor1_C_0] TowerFloor1
[2016.10.20-13.37.10:804][789]LogBlueprintUserMessages: [Floor1_C_0] TowerFloor2
[2016.10.20-13.37.10:958][794]LogBlueprintUserMessages: [Floor1_C_0] TowerFloor3
[2016.10.20-13.37.11:117][800]LogBlueprintUserMessages: [Floor1_C_0] TowerFloor4
[2016.10.20-13.37.11:263][805]LogBlueprintUserMessages: [Floor1_C_0] Tower Complete
[2016.10.20-13.37.11:263][805]LogBlueprintUserMessages: [Floor1_C_0] Teleport Adjust: 200.0
[2016.10.20-13.37.13:310][928]LogBlueprintUserMessages: [TowerBase_C_1] Floor1
[2016.10.20-13.37.39:851][503]LogBlueprintUserMessages: Early EndPlayMap Detection: Level '/Game/ProceduralTower/StreamingLevels/TowerBase.TowerBase:PersistentLevel' has LevelScriptBlueprint '/Game/ProceduralTower/StreamingLevels/TowerBase.TowerBase:PersistentLevel.TowerBase' with GeneratedClass '/Game/ProceduralTower/StreamingLevels/TowerBase.TowerBase_C' with ClassGeneratedBy '/Game/ProceduralTower/StreamingLevels/TowerBase.TowerBase:PersistentLevel.TowerBase'
[2016.10.20-13.37.39:851][503]LogBlueprintUserMessages: Early EndPlayMap Detection: Level '/Game/ProceduralTower/StreamingLevels/Floor1.Floor1:PersistentLevel' has LevelScriptBlueprint '/Game/ProceduralTower/StreamingLevels/Floor1.Floor1:PersistentLevel.Floor1' with GeneratedClass '/Game/ProceduralTower/StreamingLevels/Floor1.Floor1_C' with ClassGeneratedBy '/Game/ProceduralTower/StreamingLevels/Floor1.Floor1:PersistentLevel.Floor1'
[2016.10.20-13.38.10:201][503]LogBlueprintUserMessages: Late EndPlayMap Detection: Level '/Game/ProceduralTower/StreamingLevels/TowerBase.TowerBase:PersistentLevel' has LevelScriptBlueprint '/Game/ProceduralTower/StreamingLevels/TowerBase.TowerBase:PersistentLevel.TowerBase' with GeneratedClass '/Game/ProceduralTower/StreamingLevels/TowerBase.TowerBase_C' with ClassGeneratedBy '/Game/ProceduralTower/StreamingLevels/TowerBase.TowerBase:PersistentLevel.TowerBase'
[2016.10.20-13.38.10:201][503]LogBlueprintUserMessages: Late EndPlayMap Detection: Level '/Game/ProceduralTower/StreamingLevels/Floor1.Floor1:PersistentLevel' has LevelScriptBlueprint '/Game/ProceduralTower/StreamingLevels/Floor1.Floor1:PersistentLevel.Floor1' with GeneratedClass '/Game/ProceduralTower/StreamingLevels/Floor1.Floor1_C' with ClassGeneratedBy '/Game/ProceduralTower/StreamingLevels/Floor1.Floor1:PersistentLevel.Floor1'
[2016.10.20-13.40.38:685][189]LogSavePackage: Save=195.54ms
[2016.10.20-13.40.38:685][189]LogSavePackage: Moving '../../../../../../Users/BlackIce/Documents/Unreal Projects/MidtermStarter/Saved/TowerBase1D3311484DC0E977C4E00CA7CB3CD157.tmp' to '../../../../../../Users/BlackIce/Documents/Unreal Projects/MidtermStarter/Content/ProceduralTower/StreamingLevels/TowerBase.umap'
[2016.10.20-13.40.38:690][189]LogSavePackage:Display: Finished SavePackage ../../../../../../Users/BlackIce/Documents/Unreal Projects/MidtermStarter/Content/ProceduralTower/StreamingLevels/TowerBase.umap
[2016.10.20-13.40.38:709][189]LogFileHelpers: Saving map 'TowerBase' took 0.348
[2016.10.20-13.59.54:655][152]LogActorComponent: UnregisterComponent: (/Engine/Transient.EditorFloorComp) Not registered. Aborting.
[2016.10.20-13.59.55:466][153]Cmd: QUIT_EDITOR
[2016.10.20-13.59.56:105][153]LogWindowsTextInputMethodSystem:Display: IME system now deactivated.
[2016.10.20-13.59.56:204][153]LogExit: Preparing to exit.
[2016.10.20-13.59.58:049][153]LogDirectoryWatcher: A directory notification for 'C:/Users/BlackIce/Documents/Unreal Projects/MidtermStarter/Content/' was aborted.
[2016.10.20-13.59.58:398][153]LogExit: Editor shut down
[2016.10.20-13.59.58:399][153]LogExit: Transaction tracking system shut down
[2016.10.20-14.00.00:766][153]LogObj: Freed 0b from 0 cluster array pools.
[2016.10.20-14.00.00:766][153]LogExit: Object subsystem successfully closed.
[2016.10.20-14.00.01:040][153]LogD3D11RHI: Shutdown
[2016.10.20-14.00.01:040][153]LogD3D11RHI: CleanupD3DDevice
[2016.10.20-14.00.01:268][153]LogD3D11RHI: ~FD3D11DynamicRHI
[2016.10.20-14.00.02:575][153]LogModuleManager: Shutting down and abandoning module BlueprintGraph (240)
[2016.10.20-14.00.02:575][153]LogModuleManager: Shutting down and abandoning module BlueprintProfiler (239)
[2016.10.20-14.00.02:586][153]LogModuleManager: Shutting down and abandoning module MovieSceneCapture (238)
[2016.10.20-14.00.02:586][153]LogModuleManager: Shutting down and abandoning module HierarchicalLODOutliner (237)
[2016.10.20-14.00.02:604][153]LogModuleManager: Shutting down and abandoning module CrashTracker (236)
[2016.10.20-14.00.02:613][153]LogModuleManager: Shutting down and abandoning module WorldBrowser (235)
[2016.10.20-14.00.02:614][153]LogModuleManager: Shutting down and abandoning module SceneOutliner (234)
[2016.10.20-14.00.02:614][153]LogModuleManager: Shutting down and abandoning module WidgetCarousel (233)
[2016.10.20-14.00.02:614][153]LogModuleManager: Shutting down and abandoning module AddContentDialog (232)
[2016.10.20-14.00.02:630][153]LogDirectoryWatcher: A directory notification for 'C:/Program Files (x86)/Unreal Engine/4.13/FeaturePacks/' was aborted.
[2016.10.20-14.00.02:636][153]LogModuleManager: Shutting down and abandoning module GameplayTags (231)
[2016.10.20-14.00.02:636][153]LogModuleManager: Shutting down and abandoning module EditorWidgets (230)
[2016.10.20-14.00.02:636][153]LogModuleManager: Shutting down and abandoning module CollectionManager (229)
[2016.10.20-14.00.02:649][153]LogDirectoryWatcher: A directory notification for 'C:/Users/BlackIce/Documents/Unreal Projects/MidtermStarter/Content/Collections/' was aborted.
[2016.10.20-14.00.02:649][153]LogDirectoryWatcher: A directory notification for 'C:/Users/BlackIce/Documents/Unreal Projects/MidtermStarter/Content/Developers/BlackIce/Collections/' was aborted.
[2016.10.20-14.00.02:649][153]LogDirectoryWatcher: A directory notification for 'C:/Users/BlackIce/Documents/Unreal Projects/MidtermStarter/Saved/Collections/' was aborted.
[2016.10.20-14.00.02:649][153]LogModuleManager: Shutting down and abandoning module StatsViewer (228)
[2016.10.20-14.00.02:665][153]LogModuleManager: Shutting down and abandoning module FoliageEdit (227)
[2016.10.20-14.00.02:666][153]LogModuleManager: Shutting down and abandoning module LandscapeEditor (226)
[2016.10.20-14.00.02:688][153]LogModuleManager: Shutting down and abandoning module SceneDepthPickerMode (225)
[2016.10.20-14.00.02:688][153]LogModuleManager: Shutting down and abandoning module ActorPickerMode (224)
[2016.10.20-14.00.02:688][153]LogModuleManager: Shutting down and abandoning module GeometryMode (223)
[2016.10.20-14.00.02:688][153]LogModuleManager: Shutting down and abandoning module TextureAlignMode (222)
[2016.10.20-14.00.02:688][153]LogModuleManager: Shutting down and abandoning module BspMode (221)
[2016.10.20-14.00.02:708][153]LogModuleManager: Shutting down and abandoning module HardwareSurvey (220)
[2016.10.20-14.00.02:725][153]LogModuleManager: Shutting down and abandoning module SequenceRecorderSections (219)
[2016.10.20-14.00.02:725][153]LogModuleManager: Shutting down and abandoning module SequenceRecorder (218)
[2016.10.20-14.00.02:725][153]LogModuleManager: Shutting down and abandoning module AutomationWorker (217)
[2016.10.20-14.00.02:819][153]LogModuleManager: Shutting down and abandoning module MatineeToLevelSequence (216)
[2016.10.20-14.00.02:824][153]LogModuleManager: Shutting down and abandoning module PlacementMode (215)
[2016.10.20-14.00.02:832][153]LogModuleManager: Shutting down and abandoning module LevelSequenceEditor (214)
[2016.10.20-14.00.02:933][153]LogModuleManager: Shutting down and abandoning module WmfMediaFactory (213)
[2016.10.20-14.00.02:933][153]LogModuleManager: Shutting down and abandoning module WmfMediaEditor (212)
[2016.10.20-14.00.02:933][153]LogModuleManager: Shutting down and abandoning module AvfMediaFactory (211)
[2016.10.20-14.00.02:933][153]LogModuleManager: Shutting down and abandoning module AvfMediaEditor (210)
[2016.10.20-14.00.02:933][153]LogModuleManager: Shutting down and abandoning module Media (209)
[2016.10.20-14.00.02:933][153]LogModuleManager: Shutting down and abandoning module AndroidMediaFactory (208)
[2016.10.20-14.00.02:933][153]LogModuleManager: Shutting down and abandoning module AndroidMediaEditor (207)
[2016.10.20-14.00.02:933][153]LogModuleManager: Shutting down and abandoning module CharacterAI (206)
[2016.10.20-14.00.02:933][153]LogModuleManager: Shutting down and abandoning module SmartSnapping (205)
[2016.10.20-14.00.02:933][153]LogModuleManager: Shutting down and abandoning module SessionServices (204)
[2016.10.20-14.00.02:933][153]LogModuleManager: Shutting down and abandoning module ViewportSnapping (203)
[2016.10.20-14.00.02:933][153]LogModuleManager: Shutting down and abandoning module ViewportInteraction (202)
[2016.10.20-14.00.02:933][153]LogModuleManager: Shutting down and abandoning module LogVisualizer (201)
[2016.10.20-14.00.02:996][153]LogModuleManager: Shutting down and abandoning module GameProjectGeneration (200)
[2016.10.20-14.00.03:079][153]LogModuleManager: Shutting down and abandoning module IntroTutorials (199)
[2016.10.20-14.00.03:103][153]LogModuleManager: Shutting down and abandoning module EditorLiveStreaming (198)
[2016.10.20-14.00.03:103][153]LogModuleManager: Shutting down and abandoning module IOSPlatformEditor (197)
[2016.10.20-14.00.03:203][153]LogModuleManager: Shutting down and abandoning module HTML5PlatformEditor (196)
[2016.10.20-14.00.03:203][153]LogModuleManager: Shutting down and abandoning module AndroidDeviceDetection (195)
[2016.10.20-14.00.03:547][153]LogModuleManager: Shutting down and abandoning module AndroidPlatformEditor (194)
[2016.10.20-14.00.03:598][153]LogModuleManager: Shutting down and abandoning module IOSRuntimeSettings (193)
[2016.10.20-14.00.03:598][153]LogModuleManager: Shutting down and abandoning module AndroidRuntimeSettings (192)
[2016.10.20-14.00.03:598][153]LogModuleManager: Shutting down and abandoning module NiagaraEditor (191)
[2016.10.20-14.00.03:687][153]LogModuleManager: Shutting down and abandoning module MergeActors (190)
[2016.10.20-14.00.03:732][153]LogModuleManager: Shutting down and abandoning module SizeMap (189)
[2016.10.20-14.00.03:751][153]LogModuleManager: Shutting down and abandoning module TreeMap (188)
[2016.10.20-14.00.03:766][153]LogModuleManager: Shutting down and abandoning module ReferenceViewer (187)
[2016.10.20-14.00.03:766][153]LogModuleManager: Shutting down and abandoning module LocalizationService (186)
[2016.10.20-14.00.03:782][153]LogModuleManager: Shutting down and abandoning module LocalizationDashboard (185)
[2016.10.20-14.00.03:837][153]LogModuleManager: Shutting down and abandoning module HardwareTargeting (184)
[2016.10.20-14.00.03:867][153]LogModuleManager: Shutting down and abandoning module DeviceProfileEditor (183)
[2016.10.20-14.00.03:895][153]LogModuleManager: Shutting down and abandoning module UndoHistory (182)
[2016.10.20-14.00.03:939][153]LogModuleManager: Shutting down and abandoning module UserFeedback (181)
[2016.10.20-14.00.03:939][153]LogModuleManager: Shutting down and abandoning module XmlParser (180)
[2016.10.20-14.00.03:976][153]LogModuleManager: Shutting down and abandoning module Blutility (179)
[2016.10.20-14.00.03:992][153]LogModuleManager: Shutting down and abandoning module ProjectTargetPlatformEditor (178)
[2016.10.20-14.00.04:026][153]LogModuleManager: Shutting down and abandoning module ProjectSettingsViewer (177)
[2016.10.20-14.00.04:026][153]LogModuleManager: Shutting down and abandoning module InputBindingEditor (176)
[2016.10.20-14.00.04:352][153]LogModuleManager: Shutting down and abandoning module EditorSettingsViewer (175)
[2016.10.20-14.00.04:352][153]LogModuleManager: Shutting down and abandoning module SettingsEditor (174)
[2016.10.20-14.00.04:494][153]LogModuleManager: Shutting down and abandoning module ProjectLauncher (173)
[2016.10.20-14.00.04:543][153]LogModuleManager: Shutting down and abandoning module SessionFrontend (172)
[2016.10.20-14.00.04:561][153]LogModuleManager: Shutting down and abandoning module ProfilerClient (171)
[2016.10.20-14.00.04:607][153]LogModuleManager: Shutting down and abandoning module TargetDeviceServices (170)
[2016.10.20-14.00.04:607][153]LogModuleManager: Shutting down and abandoning module DeviceManager (169)
[2016.10.20-14.00.04:715][153]LogModuleManager: Shutting down and abandoning module AutomationController (168)
[2016.10.20-14.00.04:750][153]LogModuleManager: Shutting down and abandoning module AutomationWindow (167)
[2016.10.20-14.00.04:785][153]LogModuleManager: Shutting down and abandoning module Layers (166)
[2016.10.20-14.00.04:896][153]LogModuleManager: Shutting down and abandoning module ComponentVisualizers (165)
[2016.10.20-14.00.04:896][153]LogModuleManager: Shutting down and abandoning module DetailCustomizations (164)
[2016.10.20-14.00.04:944][153]LogModuleManager: Shutting down and abandoning module PackagesDialog (163)
[2016.10.20-14.00.04:945][153]LogModuleManager: Shutting down and abandoning module AnimGraph (162)
[2016.10.20-14.00.04:945][153]LogModuleManager: Shutting down and abandoning module Persona (161)
[2016.10.20-14.00.05:040][153]LogModuleManager: Shutting down and abandoning module Kismet (160)
[2016.10.20-14.00.05:103][153]LogModuleManager: Shutting down and abandoning module GraphEditor (159)
[2016.10.20-14.00.05:103][153]LogModuleManager: Shutting down and abandoning module ClassViewer (158)
[2016.10.20-14.00.05:140][153]LogModuleManager: Shutting down and abandoning module Toolbox (157)
[2016.10.20-14.00.05:152][153]LogModuleManager: Shutting down and abandoning module ModuleUI (156)
[2016.10.20-14.00.05:168][153]LogModuleManager: Shutting down and abandoning module MovieSceneTools (155)
[2016.10.20-14.00.05:354][153]LogModuleManager: Shutting down and abandoning module OutputLog (154)
[2016.10.20-14.00.05:380][153]LogModuleManager: Shutting down and abandoning module GammaUI (153)
[2016.10.20-14.00.05:398][153]LogModuleManager: Shutting down and abandoning module Documentation (152)
[2016.10.20-14.00.05:398][153]LogModuleManager: Shutting down and abandoning module Niagara (151)
[2016.10.20-14.00.05:423][153]LogModuleManager: Shutting down and abandoning module StreamingPauseRendering (150)
[2016.10.20-14.00.05:423][153]LogModuleManager: Shutting down and abandoning module AnalyticsET (149)
[2016.10.20-14.00.05:423][153]LogModuleManager: Shutting down and abandoning module PortalServices (148)
[2016.10.20-14.00.05:423][153]LogModuleManager: Shutting down and abandoning module PortalRpc (147)
[2016.10.20-14.00.05:423][153]LogModuleManager: Shutting down and abandoning module MessagingRpc (146)
[2016.10.20-14.00.05:423][153]LogModuleManager: Shutting down and abandoning module GameplayDebugger (145)
[2016.10.20-14.00.05:423][153]LogModuleManager: Shutting down and abandoning module AITestSuite (144)
[2016.10.20-14.00.05:442][153]LogModuleManager: Shutting down and abandoning module AIModule (143)
[2016.10.20-14.00.05:495][153]LogModuleManager: Shutting down and abandoning module ProfilerService (142)
[2016.10.20-14.00.05:737][153]LogModuleManager: Shutting down and abandoning module TaskGraph (141)
[2016.10.20-14.00.05:775][153]LogModuleManager: Shutting down and abandoning module SubstanceEditor (140)
[2016.10.20-14.00.05:861][153]LogModuleManager: Shutting down and abandoning module SlateRemote (139)
[2016.10.20-14.00.05:861][153]LogModuleManager: Shutting down and abandoning module SteamVRController (138)
[2016.10.20-14.00.05:861][153]LogModuleManager: Shutting down and abandoning module SteamVR (137)
[2016.10.20-14.00.05:861][153]LogModuleManager: Shutting down and abandoning module ProceduralMeshComponentEditor (136)
[2016.10.20-14.00.05:870][153]LogModuleManager: Shutting down and abandoning module ProceduralMeshComponent (135)
[2016.10.20-14.00.05:870][153]LogModuleManager: Shutting down and abandoning module OculusLibrary (134)
[2016.10.20-14.00.05:881][153]LogModuleManager: Shutting down and abandoning module OculusInput (133)
[2016.10.20-14.00.05:881][153]LogModuleManager: Shutting down and abandoning module CustomMeshComponent (132)
[2016.10.20-14.00.05:881][153]LogModuleManager: Shutting down and abandoning module CableComponent (131)
[2016.10.20-14.00.05:881][153]LogModuleManager: Shutting down and abandoning module ArchVisCharacter (130)
[2016.10.20-14.00.05:881][153]LogModuleManager: Shutting down and abandoning module MediaPlayerEditor (128)
[2016.10.20-14.00.05:933][153]LogModuleManager: Shutting down and abandoning module HTML5Networking (127)
[2016.10.20-14.00.05:933][153]LogModuleManager: Shutting down and abandoning module GeometryCacheEd (126)
[2016.10.20-14.00.05:933][153]LogModuleManager: Shutting down and abandoning module GeometryCache (125)
[2016.10.20-14.00.05:933][153]LogModuleManager: Shutting down and abandoning module AlembicLibrary (124)
[2016.10.20-14.00.05:933][153]LogModuleManager: Shutting down and abandoning module AlembicImporter (123)
[2016.10.20-14.00.05:947][153]LogModuleManager: Shutting down and abandoning module SuperSearch (122)
[2016.10.20-14.00.05:947][153]LogModuleManager: Shutting down and abandoning module SuperSearchEditor (121)
[2016.10.20-14.00.05:947][153]LogModuleManager: Shutting down and abandoning module SpeedTreeImporter (120)
[2016.10.20-14.00.05:947][153]LogModuleManager: Shutting down and abandoning module PluginBrowser (119)
[2016.10.20-14.00.05:969][153]LogModuleManager: Shutting down and abandoning module MobileLauncherProfileWizard (118)
[2016.10.20-14.00.06:016][153]LogModuleManager: Shutting down and abandoning module EpicSurvey (117)
[2016.10.20-14.00.06:035][153]LogModuleManager: Shutting down and abandoning module DesktopPlatform (116)
[2016.10.20-14.00.06:062][153]LogModuleManager: Shutting down and abandoning module VisualStudioSourceCodeAccess (115)
[2016.10.20-14.00.06:089][153]LogModuleManager: Shutting down and abandoning module UObjectPlugin (114)
[2016.10.20-14.00.06:089][153]LogModuleManager: Shutting down and abandoning module SubversionSourceControl (113)
[2016.10.20-14.00.06:109][153]LogModuleManager: Shutting down and abandoning module PerforceSourceControl (112)
[2016.10.20-14.00.06:152][153]LogModuleManager: Shutting down and abandoning module SourceControl (111)
[2016.10.20-14.00.06:181][153]LogModuleManager: Shutting down and abandoning module GitSourceControl (110)
[2016.10.20-14.00.06:188][153]LogModuleManager: Shutting down and abandoning module LightPropagationVolumeEditor (109)
[2016.10.20-14.00.06:188][153]LogModuleManager: Shutting down and abandoning module PaperTiledImporter (108)
[2016.10.20-14.00.06:200][153]LogModuleManager: Shutting down and abandoning module PaperSpriteSheetImporter (107)
[2016.10.20-14.00.06:200][153]LogModuleManager: Shutting down and abandoning module MeshPaint (106)
[2016.10.20-14.00.06:200][153]LogModuleManager: Shutting down and abandoning module FbxAutomationBuilderModule (105)
[2016.10.20-14.00.06:211][153]LogModuleManager: Shutting down and abandoning module PixelInspectorModule (104)
[2016.10.20-14.00.06:237][153]LogModuleManager: Shutting down and abandoning module HotReload (103)
[2016.10.20-14.00.06:339][153]LogModuleManager: Shutting down and abandoning module MainFrame (102)
[2016.10.20-14.00.06:340][153]LogModuleManager: Shutting down and abandoning module LevelEditor (101)
[2016.10.20-14.00.06:341][153]LogModuleManager: Shutting down and abandoning module ContentBrowser (100)
[2016.10.20-14.00.06:342][153]LogModuleManager: Shutting down and abandoning module Paper2DEditor (99)
[2016.10.20-14.00.06:423][153]LogModuleManager: Shutting down and abandoning module VictoryBPLibrary (98)
[2016.10.20-14.00.06:423][153]LogModuleManager: Shutting down and abandoning module UdpMessaging (97)
[2016.10.20-14.00.06:524][153]LogModuleManager: Shutting down and abandoning module TcpMessaging (96)
[2016.10.20-14.00.06:641][153]LogModuleManager: Shutting down and abandoning module SubstanceCore (95)
[2016.10.20-14.00.06:705][153]LogModuleManager: Shutting down and abandoning module LightPropagationVolumeRuntime (94)
[2016.10.20-14.00.06:705][153]LogModuleManager: Shutting down and abandoning module Paper2D (93)
[2016.10.20-14.00.06:714][153]LogModuleManager: Shutting down and abandoning module WindowsMoviePlayer (92)
[2016.10.20-14.00.06:721][153]LogModuleManager: Shutting down and abandoning module WmfMedia (91)
[2016.10.20-14.00.06:745][153]LogModuleManager: Shutting down and abandoning module MediaAssets (90)
[2016.10.20-14.00.06:745][153]LogModuleManager: Shutting down and abandoning module GameLiveStreaming (89)
[2016.10.20-14.00.06:757][153]LogModuleManager: Shutting down and abandoning module GameplayTagsEditor (88)
[2016.10.20-14.00.06:798][153]LogModuleManager: Shutting down and abandoning module VREditor (87)
[2016.10.20-14.00.06:798][153]LogModuleManager: Shutting down and abandoning module GameplayTasksEditor (86)
[2016.10.20-14.00.06:798][153]LogModuleManager: Shutting down and abandoning module PropertyEditor (85)
[2016.10.20-14.00.06:798][153]LogModuleManager: Shutting down and abandoning module BehaviorTreeEditor (84)
[2016.10.20-14.00.06:868][153]LogModuleManager: Shutting down and abandoning module FunctionalTesting (83)
[2016.10.20-14.00.06:868][153]LogModuleManager: Shutting down and abandoning module CollisionAnalyzer (82)
[2016.10.20-14.00.06:898][153]LogModuleManager: Shutting down and abandoning module Sequencer (81)
[2016.10.20-14.00.07:165][153]LogModuleManager: Shutting down and abandoning module WorkspaceMenuStructure (80)
[2016.10.20-14.00.07:165][153]LogModuleManager: Shutting down and abandoning module MessageLog (79)
[2016.10.20-14.00.07:165][153]LogModuleManager: Shutting down and abandoning module AssetTools (78)
[2016.10.20-14.00.07:313][153]LogModuleManager: Shutting down and abandoning module UMGEditor (77)
[2016.10.20-14.00.07:470][153]LogModuleManager: Shutting down and abandoning module UMG (76)
[2016.10.20-14.00.07:518][153]LogModuleManager: Shutting down and abandoning module SlateReflector (75)
[2016.10.20-14.00.07:612][153]LogModuleManager: Shutting down and abandoning module Slate (74)
[2016.10.20-14.00.07:612][153]LogModuleManager: Shutting down and abandoning module EditorStyle (73)
[2016.10.20-14.00.07:676][153]LogModuleManager: Shutting down and abandoning module SourceCodeAccess (72)
[2016.10.20-14.00.07:676][153]LogModuleManager: Shutting down and abandoning module HeadMountedDisplay (71)
[2016.10.20-14.00.07:676][153]LogModuleManager: Shutting down and abandoning module XAudio2 (70)
[2016.10.20-14.00.07:676][153]LogModuleManager: Shutting down and abandoning module Networking (68)
[2016.10.20-14.00.07:676][153]LogModuleManager: Shutting down and abandoning module Core (67)
[2016.10.20-14.00.07:676][153]LogModuleManager: Shutting down and abandoning module DirectoryWatcher (66)
[2016.10.20-14.00.07:676][153]LogDirectoryWatcher: A directory notification for '../../../Engine/Content/' was aborted.
[2016.10.20-14.00.07:676][153]LogDirectoryWatcher: A directory notification for '../../../../../../Users/BlackIce/Documents/Unreal Projects/MidtermStarter/Content/' was aborted.
[2016.10.20-14.00.07:677][153]LogDirectoryWatcher: A directory notification for '../../../Engine/Plugins/2D/Paper2D/Content/' was aborted.
[2016.10.20-14.00.07:681][153]LogModuleManager: Shutting down and abandoning module AssetRegistry (65)
[2016.10.20-14.00.07:888][153]LogModuleManager: Shutting down and abandoning module KismetCompiler (64)
[2016.10.20-14.00.07:889][153]LogModuleManager: Shutting down and abandoning module PhysXFormats (63)
[2016.10.20-14.00.07:927][153]LogModuleManager: Shutting down and abandoning module MeshUtilities (62)
[2016.10.20-14.00.07:946][153]LogModuleManager: Shutting down and abandoning module DerivedDataCache (61)
[2016.10.20-14.00.08:012][153]LogDerivedDataCache: Shutdown
[2016.10.20-14.00.08:012][153]LogModuleManager: Shutting down and abandoning module VulkanShaderFormat (60)
[2016.10.20-14.00.08:046][153]LogModuleManager: Shutting down and abandoning module ShaderFormatOpenGL (59)
[2016.10.20-14.00.08:087][153]LogModuleManager: Shutting down and abandoning module ShaderFormatD3D (58)
[2016.10.20-14.00.08:107][153]LogModuleManager: Shutting down and abandoning module MetalShaderFormat (57)
[2016.10.20-14.00.08:176][153]LogModuleManager: Shutting down and abandoning module TextureFormatUncompressed (56)
[2016.10.20-14.00.08:176][153]LogModuleManager: Shutting down and abandoning module TextureFormatPVR (55)
[2016.10.20-14.00.08:223][153]LogModuleManager: Shutting down and abandoning module TextureFormatDXT (54)
[2016.10.20-14.00.08:224][153]LogModuleManager: Shutting down and abandoning module TextureFormatIntelISPCTexComp (53)
[2016.10.20-14.00.08:241][153]LogModuleManager: Shutting down and abandoning module ImageWrapper (52)
[2016.10.20-14.00.08:241][153]LogModuleManager: Shutting down and abandoning module TextureFormatASTC (51)
[2016.10.20-14.00.08:241][153]LogModuleManager: Shutting down and abandoning module TextureFormatAndroid (50)
[2016.10.20-14.00.08:241][153]LogModuleManager: Shutting down and abandoning module AudioFormatOpus (49)
[2016.10.20-14.00.08:290][153]LogModuleManager: Shutting down and abandoning module AudioFormatOgg (48)
[2016.10.20-14.00.08:360][153]LogModuleManager: Shutting down and abandoning module AudioFormatADPCM (47)
[2016.10.20-14.00.08:363][153]LogModuleManager: Shutting down and abandoning module LinuxTargetPlatform (46)
[2016.10.20-14.00.08:363][153]LogModuleManager: Shutting down and abandoning module LinuxServerTargetPlatform (45)
[2016.10.20-14.00.08:401][153]LogModuleManager: Shutting down and abandoning module LinuxNoEditorTargetPlatform (44)
[2016.10.20-14.00.08:414][153]LogModuleManager: Shutting down and abandoning module LinuxClientTargetPlatform (43)
[2016.10.20-14.00.08:424][153]LogModuleManager: Shutting down and abandoning module TVOSTargetPlatform (42)
[2016.10.20-14.00.08:424][153]LogModuleManager: Shutting down and abandoning module Messaging (41)
[2016.10.20-14.00.08:424][153]LogModuleManager: Shutting down and abandoning module IOSTargetPlatform (40)
[2016.10.20-14.00.08:424][153]LogModuleManager: Shutting down and abandoning module HTML5TargetPlatform (39)
[2016.10.20-14.00.08:424][153]LogModuleManager: Shutting down and abandoning module Android_PVRTCTargetPlatform (38)
[2016.10.20-14.00.08:424][153]LogModuleManager: Shutting down and abandoning module Android_MultiTargetPlatform (37)
[2016.10.20-14.00.08:424][153]LogModuleManager: Shutting down and abandoning module Android_ETC2TargetPlatform (36)
[2016.10.20-14.00.08:424][153]LogModuleManager: Shutting down and abandoning module Android_ETC1TargetPlatform (35)
[2016.10.20-14.00.08:424][153]LogModuleManager: Shutting down and abandoning module Android_DXTTargetPlatform (34)
[2016.10.20-14.00.08:424][153]LogModuleManager: Shutting down and abandoning module Android_ATCTargetPlatform (33)
[2016.10.20-14.00.08:424][153]LogModuleManager: Shutting down and abandoning module Android_ASTCTargetPlatform (32)
[2016.10.20-14.00.08:424][153]LogModuleManager: Shutting down and abandoning module AndroidTargetPlatform (31)
[2016.10.20-14.00.08:424][153]LogModuleManager: Shutting down and abandoning module WindowsTargetPlatform (30)
[2016.10.20-14.00.08:424][153]LogModuleManager: Shutting down and abandoning module WindowsServerTargetPlatform (29)
[2016.10.20-14.00.08:439][153]LogModuleManager: Shutting down and abandoning module WindowsNoEditorTargetPlatform (28)
[2016.10.20-14.00.08:446][153]LogModuleManager: Shutting down and abandoning module WindowsClientTargetPlatform (27)
[2016.10.20-14.00.08:452][153]LogModuleManager: Shutting down and abandoning module AllDesktopTargetPlatform (26)
[2016.10.20-14.00.08:452][153]LogModuleManager: Shutting down and abandoning module TargetPlatform (25)
[2016.10.20-14.00.08:452][153]LogModuleManager: Shutting down and abandoning module InputCore (24)
[2016.10.20-14.00.08:452][153]LogModuleManager: Shutting down and abandoning module Settings (23)
[2016.10.20-14.00.08:452][153]LogModuleManager: Shutting down and abandoning module OculusRift (22)
[2016.10.20-14.00.08:462][153]LogModuleManager: Shutting down and abandoning module GearVR (21)
[2016.10.20-14.00.08:462][153]LogModuleManager: Shutting down and abandoning module ExampleDeviceProfileSelector (20)
[2016.10.20-14.00.08:462][153]LogModuleManager: Shutting down and abandoning module OnlineBlueprintSupport (19)
[2016.10.20-14.00.08:462][153]LogModuleManager: Shutting down and abandoning module OnlineSubsystem (17)
[2016.10.20-14.00.08:488][153]LogOnline:Display: Unloading online subsystem: NULL
[2016.10.20-14.00.08:538][153]LogModuleManager: Shutting down and abandoning module HTTP (16)
[2016.10.20-14.00.08:538][153]LogHttp:Display: Http module shutting down, but needs to wait on 1 outstanding Http requests:
[2016.10.20-14.00.08:538][153]LogHttp:Display: 	verb=[POST] url=[https://datarouter.ol.epicgames.com/datarouter/api/v1/public/data?SessionID=%7BEC3AFB7C-434F-F4A0-7752-9F82EEDE3512%7D&AppID=UEEditor.Rocket.Release&AppVersion=4.13.1-3142249%2B%2B%2BUE4%2BRelease-4.13&UserID=df714fab4be553c75a68de9cc3808802%7C17f21abb438a4c19b81711ce84a4f9ff%7C39047fea-8499-49c2-ade5-5e01ffb6b583&AppEnvironment=datacollector-binary&UploadType=eteventstream] status=Processing
[2016.10.20-14.00.08:558][153]LogModuleManager: Shutting down and abandoning module XMPP (15)
[2016.10.20-14.00.08:597][153]LogModuleManager: Shutting down and abandoning module TextureCompressor (14)
[2016.10.20-14.00.08:651][153]LogModuleManager: Shutting down and abandoning module ShaderCore (13)
[2016.10.20-14.00.08:651][153]LogModuleManager: Shutting down and abandoning module Landscape (12)
[2016.10.20-14.00.08:651][153]LogModuleManager: Shutting down and abandoning module SlateRHIRenderer (11)
[2016.10.20-14.00.08:673][153]LogModuleManager: Shutting down and abandoning module OpenGLDrv (10)
[2016.10.20-14.00.08:740][153]LogModuleManager: Shutting down and abandoning module D3D11RHI (9)
[2016.10.20-14.00.08:740][153]LogModuleManager: Shutting down and abandoning module AnimGraphRuntime (8)
[2016.10.20-14.00.08:740][153]LogModuleManager: Shutting down and abandoning module Renderer (7)
[2016.10.20-14.00.08:740][153]LogModuleManager: Shutting down and abandoning module Engine (6)
[2016.10.20-14.00.08:740][153]LogModuleManager: Shutting down and abandoning module CoreUObject (5)
[2016.10.20-14.00.08:740][153]LogModuleManager: Shutting down and abandoning module NetworkFile (4)
[2016.10.20-14.00.08:754][153]LogModuleManager: Shutting down and abandoning module StreamingFile (3)
[2016.10.20-14.00.08:769][153]LogModuleManager: Shutting down and abandoning module SandboxFile (2)
[2016.10.20-14.00.08:788][153]LogModuleManager: Shutting down and abandoning module PakFile (1)
[2016.10.20-14.00.08:874][153]LogExit: Exiting.
[2016.10.20-14.00.08:878][153]Log file closed, 10/20/16 10:00:08
